nohup: ignoring input
=== BẮT ĐẦU WORKER 3 ===
📊 Số lượng từ cần xử lý: 7920

[Worker 3] Lấy dữ liệu cho mẻ gồm 50 từ...

[Worker 3] Lấy dữ liệu cho mẻ gồm 50 từ...
⏳ [Worker 3] Phát hiện 47 từ khuyết ví dụ.
👉 [Worker 3] Đang xử lý nhóm tuần tự: [ ミッションインポッシブル, ラマン分光法, リン酸, ロイコトリエン, ワイヤゲージ ]...
   ✓ [Worker 3] Đã hoàn thành 5/5 từ [ ミッションインポッシブル, ラマン分光法, リン酸, ロイコトリエン, ワイヤゲージ ].
👉 [Worker 3] Đang xử lý nhóm tuần tự: [ 一冊(の本), 一時的リンクパック領域, 一泊行軍, 一笑千金, 一荷 ]...
   ✓ [Worker 3] Đã hoàn thành 5/5 từ [ 一冊(の本), 一時的リンクパック領域, 一泊行軍, 一笑千金, 一荷 ].
👉 [Worker 3] Đang xử lý nhóm tuần tự: [ 一騎討, 七衆, 万能包丁, 三叉, 一貫 ]...
   ✓ [Worker 3] Đã hoàn thành 5/5 từ [ 一騎討, 七衆, 万能包丁, 三叉, 一貫 ].
👉 [Worker 3] Đang xử lý nhóm tuần tự: [ 丁合い, 万々, 万霊祭, 三嘆, 三杯 ]...
   ✓ [Worker 3] Đã hoàn thành 5/5 từ [ 丁合い, 万々, 万霊祭, 三嘆, 三杯 ].
👉 [Worker 3] Đang xử lý nhóm tuần tự: [ 三角コーナー, 上げ石, 上家, 上略, 下がり松 ]...
   ✓ [Worker 3] Đã hoàn thành 5/5 từ [ 三角コーナー, 上げ石, 上家, 上略, 下がり松 ].
👉 [Worker 3] Đang xử lý nhóm tuần tự: [ 下婢, 下級生, 不具合, 不安定, 不揮発性化 ]...
   ✓ [Worker 3] Đã hoàn thành 5/5 từ [ 下婢, 下級生, 不具合, 不安定, 不揮発性化 ].
👉 [Worker 3] Đang xử lý nhóm tuần tự: [ 不生産的, 不足データ, 世帯を張る, 両刀遣い, 並み居る ]...
   ✓ [Worker 3] Đã hoàn thành 5/5 từ [ 不生産的, 不足データ, 世帯を張る, 両刀遣い, 並み居る ].
👉 [Worker 3] Đang xử lý nhóm tuần tự: [ 中啓, 中押し, 中脳蓋, 中高音部, 丹碧 ]...
   ✓ [Worker 3] Đã hoàn thành 5/5 từ [ 中啓, 中押し, 中脳蓋, 中高音部, 丹碧 ].
👉 [Worker 3] Đang xử lý nhóm tuần tự: [ 主権者, 乗り上げる, 九十路, 乱開発, 乾場 ]...

   ⚠ [Worker 3] Chạm giới hạn Rate Limit của mô hình zai-glm-4.7.
   ⏳ Tự động tạm dừng trong 57 giây để phục hồi tài nguyên...
   🔄 Đang tự động gọi đệ quy thử lại mẻ từ vựng này...
   ✓ [Worker 3] Đã hoàn thành 5/5 từ [ 主権者, 乗り上げる, 九十路, 乱開発, 乾場 ].
👉 [Worker 3] Đang xử lý nhóm tuần tự: [ 予備選手, 争奪 ]...
   ✓ [Worker 3] Đã hoàn thành 2/2 từ [ 予備選手, 争奪 ].
[33m▲ [43;33m[[43;30mWARNING[43;33m][0m [1m⚠️ This process may take some time, during which your D1 database will be unavailable to serve queries.[0m


📦 [Worker 3] Đã đồng bộ thành công thêm 47 từ.

[Worker 3] Lấy dữ liệu cho mẻ gồm 50 từ...
⏳ [Worker 3] Phát hiện 50 từ khuyết ví dụ.
👉 [Worker 3] Đang xử lý nhóm tuần tự: [ 事有り顔, 二分, 二度づけ, 二泊三日, 二言 ]...
   ✓ [Worker 3] Đã hoàn thành 5/5 từ [ 事有り顔, 二分, 二度づけ, 二泊三日, 二言 ].
👉 [Worker 3] Đang xử lý nhóm tuần tự: [ 二重接続局, 互恵貿易, 五島鯨, 五色の賤, 亜ジチオン酸ナトリウム ]...
   ✓ [Worker 3] Đã hoàn thành 5/5 từ [ 二重接続局, 互恵貿易, 五島鯨, 五色の賤, 亜ジチオン酸ナトリウム ].
👉 [Worker 3] Đang xử lý nhóm tuần tự: [ 亜鉛版, 交声曲, 交渉ページ, 京成, 人の気に障る ]...
   ✓ [Worker 3] Đã hoàn thành 5/5 từ [ 亜鉛版, 交声曲, 交渉ページ, 京成, 人の気に障る ].
👉 [Worker 3] Đang xử lý nhóm tuần tự: [ 人刺, 人工物, 人慣れる, 人波を泳ぐ, 人種関係 ]...
   ✓ [Worker 3] Đã hoàn thành 5/5 từ [ 人刺, 人工物, 人慣れる, 人波を泳ぐ, 人種関係 ].
👉 [Worker 3] Đang xử lý nhóm tuần tự: [ 人間学, 仁王門, 今吾, 介護士, 仏教思想 ]...
   ✓ [Worker 3] Đã hoàn thành 5/5 từ [ 人間学, 仁王門, 今吾, 介護士, 仏教思想 ].
👉 [Worker 3] Đang xử lý nhóm tuần tự: [ 仕上がり, 仕合わせ, 他に累を及ぼす, 他社製品, 付け焼き刃 ]...

   ⚠ [Worker 3] Chạm giới hạn Rate Limit của mô hình zai-glm-4.7.
   ⏳ Tự động tạm dừng trong 51 giây để phục hồi tài nguyên...
   🔄 Đang tự động gọi đệ quy thử lại mẻ từ vựng này...
   ✓ [Worker 3] Đã hoàn thành 5/5 từ [ 仕上がり, 仕合わせ, 他に累を及ぼす, 他社製品, 付け焼き刃 ].
👉 [Worker 3] Đang xử lý nhóm tuần tự: [ 仙, 代引き, 代表する, 以ての外, 仮寝 ]...
   ✓ [Worker 3] Đã hoàn thành 5/5 từ [ 仙, 代引き, 代表する, 以ての外, 仮寝 ].
👉 [Worker 3] Đang xử lý nhóm tuần tự: [ 仮痘, 仰反る, 任命, 企業統治, 伏せ屋 ]...
   ✓ [Worker 3] Đã hoàn thành 5/5 từ [ 仮痘, 仰反る, 任命, 企業統治, 伏せ屋 ].
👉 [Worker 3] Đang xử lý nhóm tuần tự: [ 休肝日, 会計学院, 伝法, 伯家神道, 似たり寄ったり ]...
   ✓ [Worker 3] Đã hoàn thành 5/5 từ [ 休肝日, 会計学院, 伝法, 伯家神道, 似たり寄ったり ].
👉 [Worker 3] Đang xử lý nhóm tuần tự: [ 位相符号化, 低利金融, 低血糖, 住宅着工件数（米国）, 体で覚える ]...
   ✓ [Worker 3] Đã hoàn thành 5/5 từ [ 位相符号化, 低利金融, 低血糖, 住宅着工件数（米国）, 体で覚える ].
[33m▲ [43;33m[[43;30mWARNING[43;33m][0m [1m⚠️ This process may take some time, during which your D1 database will be unavailable to serve queries.[0m


📦 [Worker 3] Đã đồng bộ thành công thêm 50 từ.

[Worker 3] Lấy dữ liệu cho mẻ gồm 50 từ...
⏳ [Worker 3] Phát hiện 42 từ khuyết ví dụ.
👉 [Worker 3] Đang xử lý nhóm tuần tự: [ 体細胞分裂, 何がな, 何方, 余る, 余類 ]...
⚠️ [Worker 3] API báo thời gian reset quá lâu (86402s). Để tận dụng cơ chế cuộn của cửa sổ trượt (Rolling Window), luồng tuần tự chỉ tạm ngủ 60 giây rồi sẽ thử lại...

   ⚠ [Worker 3] Chạm giới hạn Rate Limit của mô hình zai-glm-4.7.
   ⏳ Tự động tạm dừng trong 60 giây để phục hồi tài nguyên...
   🔄 Đang tự động gọi đệ quy thử lại mẻ từ vựng này...
⚠️ [Worker 3] API báo thời gian reset quá lâu (86402s). Để tận dụng cơ chế cuộn của cửa sổ trượt (Rolling Window), luồng tuần tự chỉ tạm ngủ 60 giây rồi sẽ thử lại...

   ⚠ [Worker 3] Chạm giới hạn Rate Limit của mô hình zai-glm-4.7.
   ⏳ Tự động tạm dừng trong 60 giây để phục hồi tài nguyên...
   🔄 Đang tự động gọi đệ quy thử lại mẻ từ vựng này...
   ✓ [Worker 3] Đã hoàn thành 5/5 từ [ 体細胞分裂, 何がな, 何方, 余る, 余類 ].
👉 [Worker 3] Đang xử lý nhóm tuần tự: [ 作業分解図, 使む, 例規, 供託者, 侮り ]...
⚠️ [Worker 3] API báo thời gian reset quá lâu (86402s). Để tận dụng cơ chế cuộn của cửa sổ trượt (Rolling Window), luồng tuần tự chỉ tạm ngủ 60 giây rồi sẽ thử lại...

   ⚠ [Worker 3] Chạm giới hạn Rate Limit của mô hình zai-glm-4.7.
   ⏳ Tự động tạm dừng trong 60 giây để phục hồi tài nguyên...
   🔄 Đang tự động gọi đệ quy thử lại mẻ từ vựng này...
⚠️ [Worker 3] API báo thời gian reset quá lâu (86402s). Để tận dụng cơ chế cuộn của cửa sổ trượt (Rolling Window), luồng tuần tự chỉ tạm ngủ 60 giây rồi sẽ thử lại...

   ⚠ [Worker 3] Chạm giới hạn Rate Limit của mô hình zai-glm-4.7.
   ⏳ Tự động tạm dừng trong 60 giây để phục hồi tài nguyên...
   🔄 Đang tự động gọi đệ quy thử lại mẻ từ vựng này...
⚠️ [Worker 3] API báo thời gian reset quá lâu (86402s). Để tận dụng cơ chế cuộn của cửa sổ trượt (Rolling Window), luồng tuần tự chỉ tạm ngủ 60 giây rồi sẽ thử lại...

   ⚠ [Worker 3] Chạm giới hạn Rate Limit của mô hình zai-glm-4.7.
   ⏳ Tự động tạm dừng trong 60 giây để phục hồi tài nguyên...
   🔄 Đang tự động gọi đệ quy thử lại mẻ từ vựng này...
   ✓ [Worker 3] Đã hoàn thành 5/5 từ [ 作業分解図, 使む, 例規, 供託者, 侮り ].
👉 [Worker 3] Đang xử lý nhóm tuần tự: [ 俗塵, 保健医療施設閉鎖, 保管施設, 保険価格, 信用金庫 ]...
⚠️ [Worker 3] API báo thời gian reset quá lâu (86402s). Để tận dụng cơ chế cuộn của cửa sổ trượt (Rolling Window), luồng tuần tự chỉ tạm ngủ 60 giây rồi sẽ thử lại...

   ⚠ [Worker 3] Chạm giới hạn Rate Limit của mô hình zai-glm-4.7.
   ⏳ Tự động tạm dừng trong 60 giây để phục hồi tài nguyên...
   🔄 Đang tự động gọi đệ quy thử lại mẻ từ vựng này...
⚠️ [Worker 3] API báo thời gian reset quá lâu (86402s). Để tận dụng cơ chế cuộn của cửa sổ trượt (Rolling Window), luồng tuần tự chỉ tạm ngủ 60 giây rồi sẽ thử lại...

   ⚠ [Worker 3] Chạm giới hạn Rate Limit của mô hình zai-glm-4.7.
   ⏳ Tự động tạm dừng trong 60 giây để phục hồi tài nguyên...
   🔄 Đang tự động gọi đệ quy thử lại mẻ từ vựng này...
⚠️ [Worker 3] API báo thời gian reset quá lâu (86402s). Để tận dụng cơ chế cuộn của cửa sổ trượt (Rolling Window), luồng tuần tự chỉ tạm ngủ 60 giây rồi sẽ thử lại...

   ⚠ [Worker 3] Chạm giới hạn Rate Limit của mô hình zai-glm-4.7.
   ⏳ Tự động tạm dừng trong 60 giây để phục hồi tài nguyên...
   🔄 Đang tự động gọi đệ quy thử lại mẻ từ vựng này...
⚠️ [Worker 3] API báo thời gian reset quá lâu (86402s). Để tận dụng cơ chế cuộn của cửa sổ trượt (Rolling Window), luồng tuần tự chỉ tạm ngủ 60 giây rồi sẽ thử lại...

   ⚠ [Worker 3] Chạm giới hạn Rate Limit của mô hình zai-glm-4.7.
   ⏳ Tự động tạm dừng trong 60 giây để phục hồi tài nguyên...
   🔄 Đang tự động gọi đệ quy thử lại mẻ từ vựng này...
   ✓ [Worker 3] Đã hoàn thành 5/5 từ [ 俗塵, 保健医療施設閉鎖, 保管施設, 保険価格, 信用金庫 ].
👉 [Worker 3] Đang xử lý nhóm tuần tự: [ 修復インストール, 修院長, 倉庫利用契約, 倒ける, 借り入れる ]...
⚠️ [Worker 3] API báo thời gian reset quá lâu (86402s). Để tận dụng cơ chế cuộn của cửa sổ trượt (Rolling Window), luồng tuần tự chỉ tạm ngủ 60 giây rồi sẽ thử lại...

   ⚠ [Worker 3] Chạm giới hạn Rate Limit của mô hình zai-glm-4.7.
   ⏳ Tự động tạm dừng trong 60 giây để phục hồi tài nguyên...
   🔄 Đang tự động gọi đệ quy thử lại mẻ từ vựng này...
⚠️ [Worker 3] API báo thời gian reset quá lâu (86402s). Để tận dụng cơ chế cuộn của cửa sổ trượt (Rolling Window), luồng tuần tự chỉ tạm ngủ 60 giây rồi sẽ thử lại...

   ⚠ [Worker 3] Chạm giới hạn Rate Limit của mô hình zai-glm-4.7.
   ⏳ Tự động tạm dừng trong 60 giây để phục hồi tài nguyên...
   🔄 Đang tự động gọi đệ quy thử lại mẻ từ vựng này...
⚠️ [Worker 3] API báo thời gian reset quá lâu (86402s). Để tận dụng cơ chế cuộn của cửa sổ trượt (Rolling Window), luồng tuần tự chỉ tạm ngủ 60 giây rồi sẽ thử lại...

   ⚠ [Worker 3] Chạm giới hạn Rate Limit của mô hình zai-glm-4.7.
   ⏳ Tự động tạm dừng trong 60 giây để phục hồi tài nguyên...
   🔄 Đang tự động gọi đệ quy thử lại mẻ từ vựng này...
   ✓ [Worker 3] Đã hoàn thành 5/5 từ [ 修復インストール, 修院長, 倉庫利用契約, 倒ける, 借り入れる ].
👉 [Worker 3] Đang xử lý nhóm tuần tự: [ 借音, 倫理的宗教, 健勝, 側湾症, 偽似症 ]...
⚠️ [Worker 3] API báo thời gian reset quá lâu (86402s). Để tận dụng cơ chế cuộn của cửa sổ trượt (Rolling Window), luồng tuần tự chỉ tạm ngủ 60 giây rồi sẽ thử lại...

   ⚠ [Worker 3] Chạm giới hạn Rate Limit của mô hình zai-glm-4.7.
   ⏳ Tự động tạm dừng trong 60 giây để phục hồi tài nguyên...
   🔄 Đang tự động gọi đệ quy thử lại mẻ từ vựng này...
⚠️ [Worker 3] API báo thời gian reset quá lâu (86402s). Để tận dụng cơ chế cuộn của cửa sổ trượt (Rolling Window), luồng tuần tự chỉ tạm ngủ 60 giây rồi sẽ thử lại...

   ⚠ [Worker 3] Chạm giới hạn Rate Limit của mô hình zai-glm-4.7.
   ⏳ Tự động tạm dừng trong 60 giây để phục hồi tài nguyên...
   🔄 Đang tự động gọi đệ quy thử lại mẻ từ vựng này...
⚠️ [Worker 3] API báo thời gian reset quá lâu (86402s). Để tận dụng cơ chế cuộn của cửa sổ trượt (Rolling Window), luồng tuần tự chỉ tạm ngủ 60 giây rồi sẽ thử lại...

   ⚠ [Worker 3] Chạm giới hạn Rate Limit của mô hình zai-glm-4.7.
   ⏳ Tự động tạm dừng trong 60 giây để phục hồi tài nguyên...
   🔄 Đang tự động gọi đệ quy thử lại mẻ từ vựng này...
⚠️ [Worker 3] API báo thời gian reset quá lâu (86402s). Để tận dụng cơ chế cuộn của cửa sổ trượt (Rolling Window), luồng tuần tự chỉ tạm ngủ 60 giây rồi sẽ thử lại...

   ⚠ [Worker 3] Chạm giới hạn Rate Limit của mô hình zai-glm-4.7.
   ⏳ Tự động tạm dừng trong 60 giây để phục hồi tài nguyên...
   🔄 Đang tự động gọi đệ quy thử lại mẻ từ vựng này...
   ✓ [Worker 3] Đã hoàn thành 5/5 từ [ 借音, 倫理的宗教, 健勝, 側湾症, 偽似症 ].
👉 [Worker 3] Đang xử lý nhóm tuần tự: [ 傍線, 催涙弾, 傾ける, 僧家, 儘よ ]...
⚠️ [Worker 3] API báo thời gian reset quá lâu (86402s). Để tận dụng cơ chế cuộn của cửa sổ trượt (Rolling Window), luồng tuần tự chỉ tạm ngủ 60 giây rồi sẽ thử lại...

   ⚠ [Worker 3] Chạm giới hạn Rate Limit của mô hình zai-glm-4.7.
   ⏳ Tự động tạm dừng trong 60 giây để phục hồi tài nguyên...
   🔄 Đang tự động gọi đệ quy thử lại mẻ từ vựng này...
⚠️ [Worker 3] API báo thời gian reset quá lâu (86402s). Để tận dụng cơ chế cuộn của cửa sổ trượt (Rolling Window), luồng tuần tự chỉ tạm ngủ 60 giây rồi sẽ thử lại...

   ⚠ [Worker 3] Chạm giới hạn Rate Limit của mô hình zai-glm-4.7.
   ⏳ Tự động tạm dừng trong 60 giây để phục hồi tài nguyên...
   🔄 Đang tự động gọi đệ quy thử lại mẻ từ vựng này...
⚠️ [Worker 3] API báo thời gian reset quá lâu (86402s). Để tận dụng cơ chế cuộn của cửa sổ trượt (Rolling Window), luồng tuần tự chỉ tạm ngủ 60 giây rồi sẽ thử lại...

   ⚠ [Worker 3] Chạm giới hạn Rate Limit của mô hình zai-glm-4.7.
   ⏳ Tự động tạm dừng trong 60 giây để phục hồi tài nguyên...
   🔄 Đang tự động gọi đệ quy thử lại mẻ từ vựng này...
   ✓ [Worker 3] Đã hoàn thành 5/5 từ [ 傍線, 催涙弾, 傾ける, 僧家, 儘よ ].
👉 [Worker 3] Đang xử lý nhóm tuần tự: [ 優生, 兄い, 先が見える, 先投, 先覚者 ]...
⚠️ [Worker 3] API báo thời gian reset quá lâu (86402s). Để tận dụng cơ chế cuộn của cửa sổ trượt (Rolling Window), luồng tuần tự chỉ tạm ngủ 60 giây rồi sẽ thử lại...

   ⚠ [Worker 3] Chạm giới hạn Rate Limit của mô hình zai-glm-4.7.
   ⏳ Tự động tạm dừng trong 60 giây để phục hồi tài nguyên...
