nohup: ignoring input
=== BẮT ĐẦU WORKER 4 ===
📊 Số lượng từ cần xử lý: 17714

[Worker 4] Lấy dữ liệu cho mẻ gồm 50 từ...

[Worker 4] Lấy dữ liệu cho mẻ gồm 50 từ...
⏳ [Worker 4] Phát hiện 39 từ khuyết ví dụ.
👉 [Worker 4] Đang xử lý nhóm: [ オープンリールテープ, オーラルコミュニケーション, オールドボーイ, カイモグラフ, カウンターブロウ ]...
   ✓ [Worker 4] Đã hoàn thành 5/5 từ.
👉 [Worker 4] Đang xử lý nhóm: [ カグラザメ属, カシミール語, カスケード, カスタムアイシー, カスター ]...
   ✓ [Worker 4] Đã hoàn thành 5/5 từ.
👉 [Worker 4] Đang xử lý nhóm: [ カズノバ, カセロール, カタボシニシキベニハゼ, カタログセット, カチンと来る ]...
   ✓ [Worker 4] Đã hoàn thành 5/5 từ.
👉 [Worker 4] Đang xử lý nhóm: [ カッコ可愛い, カットオフ, カットバック, カッピング, カップル精神療法 ]...
   ✓ [Worker 4] Đã hoàn thành 5/5 từ.
👉 [Worker 4] Đang xử lý nhóm: [ カツ丼, カテゴリ, カテドラル, カトラリー, カドミウムレッド ]...
   ✓ [Worker 4] Đã hoàn thành 5/5 từ.
👉 [Worker 4] Đang xử lý nhóm: [ カナダ環境保護法, カナマイジン, カニクイキツネ属, カヌー, カノンほう ]...
   ✓ [Worker 4] Đã hoàn thành 5/5 từ.
👉 [Worker 4] Đang xử lý nhóm: [ カバーガール, カパリス属, カフ, カフェナポリターノ, カフドパンツ ]...
   ✓ [Worker 4] Đã hoàn thành 5/5 từ.
👉 [Worker 4] Đang xử lý nhóm: [ カプグラ症候群, カプノグラフィー, カプリンさん, カペリン ]...
   ✓ [Worker 4] Đã hoàn thành 4/4 từ.
[33m▲ [43;33m[[43;30mWARNING[43;33m][0m [1m⚠️ This process may take some time, during which your D1 database will be unavailable to serve queries.[0m


📦 [Worker 4] Đã đồng bộ thành công thêm 39 từ.

[Worker 4] Lấy dữ liệu cho mẻ gồm 50 từ...
⏳ [Worker 4] Phát hiện 50 từ khuyết ví dụ.
👉 [Worker 4] Đang xử lý nhóm: [ カポジ肉腫, カマサイト, カマーバンド, カムシャフト, カメムシ ]...
   ✓ [Worker 4] Đã hoàn thành 5/5 từ.
👉 [Worker 4] Đang xử lý nhóm: [ カメラルシダ, カメンベール, カモハシ竜, カヤック, カラクサケマン属 ]...
   ✓ [Worker 4] Đã hoàn thành 5/5 từ.
👉 [Worker 4] Đang xử lý nhóm: [ カラス科, カラムチャート, カラーしゃしん, カラーコーディネーション, カラーディスプレー ]...
   ✓ [Worker 4] Đã hoàn thành 5/5 từ.
👉 [Worker 4] Đang xử lý nhóm: [ カラープリント, カリアチード, カリグラフィー, カリフォルニア, カリブヘラザメ ]...
   ✓ [Worker 4] Đã hoàn thành 5/5 từ.
👉 [Worker 4] Đang xử lý nhóm: [ カリ岩塩, カルク, カルシューム, カルタ取り, カルティエ ]...
   ✓ [Worker 4] Đã hoàn thành 5/5 từ.
👉 [Worker 4] Đang xử lý nhóm: [ カルトゥーシュ, カルバペネム耐性腸内細菌, カルビ, カルボキシル酸, カルボン酸 ]...
   ✓ [Worker 4] Đã hoàn thành 5/5 từ.
👉 [Worker 4] Đang xử lý nhóm: [ カルモジュリン, カレドニアン, カレントディレクトリ, カレー, カロライナ ]...
   ✓ [Worker 4] Đã hoàn thành 5/5 từ.
👉 [Worker 4] Đang xử lý nhóm: [ カワスズメ科, カンガルー鼠, カンスト, カンディル, カントリーロック ]...
   ✓ [Worker 4] Đã hoàn thành 5/5 từ.
👉 [Worker 4] Đang xử lý nhóm: [ カンパニーユニオン, カンプトテシン, カンランハギ, カーカー, カーシェアリング ]...
   ✓ [Worker 4] Đã hoàn thành 5/5 từ.
👉 [Worker 4] Đang xử lý nhóm: [ カーソル, カーテンリング, カートリッジフォント, カードスロット, カード穿孔機構 ]...
   ✓ [Worker 4] Đã hoàn thành 5/5 từ.
[33m▲ [43;33m[[43;30mWARNING[43;33m][0m [1m⚠️ This process may take some time, during which your D1 database will be unavailable to serve queries.[0m


📦 [Worker 4] Đã đồng bộ thành công thêm 50 từ.

[Worker 4] Lấy dữ liệu cho mẻ gồm 50 từ...
⏳ [Worker 4] Phát hiện 50 từ khuyết ví dụ.
👉 [Worker 4] Đang xử lý nhóm: [ カーニー複合, カービン, カーブフォロア, カーボロイ, カーボンブラック ]...
   ✓ [Worker 4] Đã hoàn thành 5/5 từ.
👉 [Worker 4] Đang xử lý nhóm: [ カーマニア, カールケート, カ変, ガイアナバタフライフィッシュ, ガイドピン ]...
   ✓ [Worker 4] Đã hoàn thành 5/5 từ.
👉 [Worker 4] Đang xử lý nhóm: [ ガウス, ガウン, ガクリ, ガザ地区, ガスがま ]...
   ✓ [Worker 4] Đã hoàn thành 5/5 từ.
👉 [Worker 4] Đang xử lý nhóm: [ ガスとう, ガスクロマトグラフィー, ガストリン, ガスパイプライン, ガスランプ ]...
   ✓ [Worker 4] Đã hoàn thành 5/5 từ.
👉 [Worker 4] Đang xử lý nhóm: [ ガス壊疽, ガス漏れ, ガス管, ガソリンエンジン, ガタガタ ]...
   ✓ [Worker 4] Đã hoàn thành 5/5 từ.
👉 [Worker 4] Đang xử lý nhóm: [ ガッと, ガトリングガン, ガバメント, ガボット, ガムドロップ ]...
   ✓ [Worker 4] Đã hoàn thành 5/5 từ.
👉 [Worker 4] Đang xử lý nhóm: [ ガラクトシルセラミダーゼ, ガラスこうげい, ガラスショーケース, ガラス片, ガラス障子 ]...
   ✓ [Worker 4] Đã hoàn thành 5/5 từ.
👉 [Worker 4] Đang xử lý nhóm: [ ガラパゴス化, ガラ携, ガリオネラ科, ガリ専, ガレオン船 ]...
   ✓ [Worker 4] Đã hoàn thành 5/5 từ.
👉 [Worker 4] Đang xử lý nhóm: [ ガロア拡大, ガンクロ, ガンディー, ガンビア川, ガンボージの木 ]...
   ✓ [Worker 4] Đã hoàn thành 5/5 từ.
👉 [Worker 4] Đang xử lý nhóm: [ ガンマン, ガン見, ガーッと, ガードナーズバタフライフィッシュ, ガーパイク ]...
   ✓ [Worker 4] Đã hoàn thành 5/5 từ.
[33m▲ [43;33m[[43;30mWARNING[43;33m][0m [1m⚠️ This process may take some time, during which your D1 database will be unavailable to serve queries.[0m


📦 [Worker 4] Đã đồng bộ thành công thêm 50 từ.

[Worker 4] Lấy dữ liệu cho mẻ gồm 50 từ...
⏳ [Worker 4] Phát hiện 50 từ khuyết ví dụ.
👉 [Worker 4] Đang xử lý nhóm: [ ガーリー, ガ目, キイロマングース属, キケマン属, キシリトール ]...
   ✓ [Worker 4] Đã hoàn thành 5/5 từ.
👉 [Worker 4] Đang xử lý nhóm: [ キスカル酸, キタサマイシン, キック, キッサス属, キッチンドリンカー ]...
   ✓ [Worker 4] Đã hoàn thành 5/5 từ.
👉 [Worker 4] Đang xử lý nhóm: [ キツネタケ属, キトク, キニジン, キヌレン酸, キネマトグラフ ]...
   ✓ [Worker 4] Đã hoàn thành 5/5 từ.
👉 [Worker 4] Đang xử lý nhóm: [ キノボリジャコウネコ科, キビレボウズハギ, キマユペンギン, キモシン, キャスチング ]...
   ✓ [Worker 4] Đã hoàn thành 5/5 từ.
👉 [Worker 4] Đang xử lý nhóm: [ キャッサバ, キャッシュディスク, キャッシュメモリ機構, キャッシュ記憶装置, キャッチボール ]...
   ✓ [Worker 4] Đã hoàn thành 5/5 từ.
👉 [Worker 4] Đang xử lý nhóm: [ キャットタン, キャップレス, キャノン, キャパシティ, キャビネットアラーム ]...
   ✓ [Worker 4] Đã hoàn thành 5/5 từ.
👉 [Worker 4] Đang xử lý nhóm: [ キャビンアテンダント, キャピラリー電気クロマトグラフィー, キャプスロックキー, キャメル, キャラクタディスプレイ ]...
   ✓ [Worker 4] Đã hoàn thành 5/5 từ.
👉 [Worker 4] Đang xử lý nhóm: [ キャラクター商品, キャラバンシューズ, キャリアガール, キャリア検知, キャリングボール ]...
   ✓ [Worker 4] Đã hoàn thành 5/5 từ.
👉 [Worker 4] Đang xử lý nhóm: [ キャンサー, キャンディデート版, キャンバー, キャンプむら, キャンペーンモデル ]...
   ✓ [Worker 4] Đã hoàn thành 5/5 từ.
👉 [Worker 4] Đang xử lý nhóm: [ キュバン, キュレネ学派, キューイング理論, キューハチ, キュービット ]...
   ✓ [Worker 4] Đã hoàn thành 5/5 từ.
[33m▲ [43;33m[[43;30mWARNING[43;33m][0m [1m⚠️ This process may take some time, during which your D1 database will be unavailable to serve queries.[0m


📦 [Worker 4] Đã đồng bộ thành công thêm 50 từ.

[Worker 4] Lấy dữ liệu cho mẻ gồm 50 từ...
⏳ [Worker 4] Phát hiện 50 từ khuyết ví dụ.
👉 [Worker 4] Đang xử lý nhóm: [ キョドる, キラーパルス, キリストきょうと, キリルもじ, キルティング ]...
   ✓ [Worker 4] Đã hoàn thành 5/5 từ.
👉 [Worker 4] Đang xử lý nhóm: [ キレート剤, キログラムじゅう, キロヘルツ, キンカジュー, キングサーモン ]...
   ✓ [Worker 4] Đã hoàn thành 5/5 từ.
👉 [Worker 4] Đang xử lý nhóm: [ キンゲラ・キンゲ, キンバイザサ属, キンリンサザナミハギ, キーカレンシー, キーチェーン ]...
   ✓ [Worker 4] Đã hoàn thành 5/5 từ.
👉 [Worker 4] Đang xử lý nhóm: [ キーパフォーマンスインディケーター, キープアライブ, キーボードの配置, キーボードロック, キーマン ]...
   ✓ [Worker 4] Đã hoàn thành 5/5 từ.
👉 [Worker 4] Đang xử lý nhóm: [ キーワード, キー入力検証, ギアラ, ギガビット毎秒, ギスギス ]...
   ✓ [Worker 4] Đã hoàn thành 5/5 từ.
👉 [Worker 4] Đang xử lý nhóm: [ ギニアンエンジェルフィッシュ, ギフトショップ, ギプス, ギャグ, ギャッベ ]...
   ✓ [Worker 4] Đã hoàn thành 5/5 từ.
👉 [Worker 4] Đang xử lý nhóm: [ ギャル, ギャロップインフレ, ギャーザー, ギョロ目, ギリシアしんわ ]...
   ✓ [Worker 4] Đã hoàn thành 5/5 từ.
👉 [Worker 4] Đang xử lý nhóm: [ ギリシア文字, ギリシャ人, ギリシャ正教, ギリセーフ, ギンガム ]...
   ✓ [Worker 4] Đã hoàn thành 5/5 từ.
👉 [Worker 4] Đang xử lý nhóm: [ クアッガ, クイズマニア, クイックドロー, クイルター, クウォート ]...
   ✓ [Worker 4] Đã hoàn thành 5/5 từ.
👉 [Worker 4] Đang xử lý nhóm: [ クエリ毎秒, クォドルプル, クオリア, クオート, クサヨシ属 ]...
   ✓ [Worker 4] Đã hoàn thành 5/5 từ.
[33m▲ [43;33m[[43;30mWARNING[43;33m][0m [1m⚠️ This process may take some time, during which your D1 database will be unavailable to serve queries.[0m


📦 [Worker 4] Đã đồng bộ thành công thêm 50 từ.

[Worker 4] Lấy dữ liệu cho mẻ gồm 50 từ...
⏳ [Worker 4] Phát hiện 50 từ khuyết ví dụ.
👉 [Worker 4] Đang xử lý nhóm: [ クシャミをする, クスクス科, クズネッツ循環, クッキングカード, クッション言葉 ]...
   ✓ [Worker 4] Đã hoàn thành 5/5 từ.
👉 [Worker 4] Đang xử lý nhóm: [ クビボソゴミムシ科, クマル酸, クモガニ, クモ膜, クライアントアクセスライセンス ]...
   ✓ [Worker 4] Đã hoàn thành 5/5 từ.
👉 [Worker 4] Đang xử lý nhóm: [ クライアント側アプリケーション, クライト, クラウチ, クラウドソリューションプロバイダー, クラウンゴール ]...
   ✓ [Worker 4] Đã hoàn thành 5/5 từ.
👉 [Worker 4] Đang xử lý nhóm: [ クラゲ, クラシック音楽, クラスタアダプタ, クラスファクトリ, クラスリン被覆小胞 ]...
   ✓ [Worker 4] Đã hoàn thành 5/5 từ.
👉 [Worker 4] Đang xử lý nhóm: [ クラスＣＩＰアドレス, クラッシュ回復, クラドセラケ, クラフトマン, クラミジア・ムリダルム ]...
   ✓ [Worker 4] Đã hoàn thành 5/5 từ.
👉 [Worker 4] Đang xử lý nhóm: [ クララ属, クランクアップ, クランポン, クリアスクリーン, クリエ ]...
   ✓ [Worker 4] Đã hoàn thành 5/5 từ.
👉 [Worker 4] Đang xử lý nhóm: [ クリエート, クリスタル, クリスピー, クリソツ, クリック単価 ]...
   ✓ [Worker 4] Đã hoàn thành 5/5 từ.
👉 [Worker 4] Đang xử lý nhóm: [ クリップボード, クリティカルパス, クリニカルパス, クリプトコッカスしょう, クリボー ]...
   ✓ [Worker 4] Đã hoàn thành 5/5 từ.
👉 [Worker 4] Đang xử lý nhóm: [ クリンチ, クリーピングインフレ, クリームパン, クリーンビル, クルックス管 ]...
   ✓ [Worker 4] Đã hoàn thành 5/5 từ.
👉 [Worker 4] Đang xử lý nhóm: [ クルミ科, クルージング, クレアチニンクリアランス, クレイワン, クレジットコスト ]...
   ✓ [Worker 4] Đã hoàn thành 5/5 từ.
[33m▲ [43;33m[[43;30mWARNING[43;33m][0m [1m⚠️ This process may take some time, during which your D1 database will be unavailable to serve queries.[0m


📦 [Worker 4] Đã đồng bộ thành công thêm 50 từ.

[Worker 4] Lấy dữ liệu cho mẻ gồm 50 từ...
⏳ [Worker 4] Phát hiện 50 từ khuyết ví dụ.
👉 [Worker 4] Đang xử lý nhóm: [ クレスト症候群, クレバス, クレマ, クレン, クレード ]...
   ✓ [Worker 4] Đã hoàn thành 5/5 từ.
👉 [Worker 4] Đang xử lý nhóm: [ クレームトークン, クロイサザアミ, クロカンブーシュ, クロスアセンブラ, クロスゲーム ]...
   ✓ [Worker 4] Đã hoàn thành 5/5 từ.
👉 [Worker 4] Đang xử lý nhóm: [ クロスズメダイ, クロストリジウム・クライベリ, クロストリジウム・ブチリカム, クロスバーこうかんき, クロスベルト ]...
   ✓ [Worker 4] Đã hoàn thành 5/5 từ.
👉 [Worker 4] Đang xử lý nhóm: [ クロスランゲージ情報検索, クロス開発, クロックアップ, クロック周波数, クロテッドクリーム ]...
   ✓ [Worker 4] Đã hoàn thành 5/5 từ.
👉 [Worker 4] Đang xử lý nhóm: [ クロニジン, クロハラハムスター属, クロマクリア管, クロマニョン人, クロムみょうばん ]...
   ✓ [Worker 4] Đã hoàn thành 5/5 từ.
👉 [Worker 4] Đang xử lý nhóm: [ クロム酸カリウム, クロモンツキ, クロルタリドン, クロルメチアゾール, クロロトリアニセン ]...
   ✓ [Worker 4] Đã hoàn thành 5/5 từ.
👉 [Worker 4] Đang xử lý nhóm: [ クローク, クローズドアーキテクチャ, クローズボックス, クロームブック, クローンにんげん ]...
   ✓ [Worker 4] Đã hoàn thành 5/5 từ.
👉 [Worker 4] Đang xử lý nhóm: [ クローン除去, クワ科, クーシンサイ, クーポンレート, クーリングダウン ]...
   ✓ [Worker 4] Đã hoàn thành 5/5 từ.
👉 [Worker 4] Đang xử lý nhóm: [ クーロメーター, グアテマラ, グアノシン, グエノン, グッチ ]...
   ✓ [Worker 4] Đã hoàn thành 5/5 từ.
👉 [Worker 4] Đang xử lý nhóm: [ グッドラック, グネツム綱, グライダー, グラウンド, グラウンドルール ]...
   ✓ [Worker 4] Đã hoàn thành 5/5 từ.
[33m▲ [43;33m[[43;30mWARNING[43;33m][0m [1m⚠️ This process may take some time, during which your D1 database will be unavailable to serve queries.[0m


📦 [Worker 4] Đã đồng bộ thành công thêm 50 từ.

[Worker 4] Lấy dữ liệu cho mẻ gồm 50 từ...
⏳ [Worker 4] Phát hiện 50 từ khuyết ví dụ.
👉 [Worker 4] Đang xử lý nhóm: [ グラスゲージ, グラスフィッシュ, グラッシ, グラニュレーション, グラビア印刷 ]...
   ✓ [Worker 4] Đã hoàn thành 5/5 từ.
👉 [Worker 4] Đang xử lý nhóm: [ グラフィカルユーザーインターフェース, グラフィックス, グラフィックスプロセシングユニット, グラフィックフィルタ, グラブ ]...
   ✓ [Worker 4] Đã hoàn thành 5/5 từ.
👉 [Worker 4] Đang xử lý nhóm: [ グラミン, グラムイオン, グラム陰性嫌気性菌, グラム陽性細菌, グランドオペラ ]...
   ✓ [Worker 4] Đã hoàn thành 5/5 từ.
👉 [Worker 4] Đang xử lý nhóm: [ グランドホステス, グリオキシソーム, グリコーゲン, グリセオフルビン, グリチルリチン酸二カリウム ]...
   ✓ [Worker 4] Đã hoàn thành 5/5 từ.
👉 [Worker 4] Đang xử lý nhóm: [ グリッドプラン, グリフ, グリムの法則, グリンデーリア属, グリース添加剤 ]...
   ✓ [Worker 4] Đã hoàn thành 5/5 từ.
👉 [Worker 4] Đang xử lý nhóm: [ グリーンイグアナ, グリーンスクール, グリーンフィー, グリーンレボリューション, グルカゴノーマ ]...
   ✓ [Worker 4] Đã hoàn thành 5/5 từ.
👉 [Worker 4] Đang xử lý nhóm: [ グルコノバクター属, グルタチオン, グルタミン酸デヒドロゲナーゼ, グルメ, グループみだし ]...
   ✓ [Worker 4] Đã hoàn thành 5/5 từ.
👉 [Worker 4] Đang xử lý nhóm: [ グループディスカッション, グループ絶縁, グレア, グレシャムの法則, グレー ]...
   ✓ [Worker 4] Đã hoàn thành 5/5 từ.
👉 [Worker 4] Đang xử lý nhóm: [ グレーチング, グレービーボート, グロキシニア, グロッシー, グローカル ]...
   ✓ [Worker 4] Đã hoàn thành 5/5 từ.
👉 [Worker 4] Đang xử lý nhóm: [ グローバル, グローバルトランザクション, グローバル・インバランス, グローブボックス, グーイ / ジーユーアイ ]...
   ✓ [Worker 4] Đã hoàn thành 5/5 từ.
[33m▲ [43;33m[[43;30mWARNING[43;33m][0m [1m⚠️ This process may take some time, during which your D1 database will be unavailable to serve queries.[0m


📦 [Worker 4] Đã đồng bộ thành công thêm 50 từ.

[Worker 4] Lấy dữ liệu cho mẻ gồm 50 từ...
⏳ [Worker 4] Phát hiện 50 từ khuyết ví dụ.
👉 [Worker 4] Đang xử lý nhóm: [ グーグルクローム, グーテンモルゲン, ケアバンドル, ケイヒ末, ケイ素化合物 ]...
   ✓ [Worker 4] Đã hoàn thành 5/5 từ.
👉 [Worker 4] Đang xử lý nhóm: [ ケイ酸塩, ケソ・フレスコ, ケッタ, ケツ持ち, ケトチフェン ]...
   ✓ [Worker 4] Đã hoàn thành 5/5 từ.
👉 [Worker 4] Đang xử lý nhóm: [ ケトース, ケファリン, ケミカル, ケラチン10, ケラチン4 ]...
   ✓ [Worker 4] Đã hoàn thành 5/5 từ.
👉 [Worker 4] Đang xử lý nhóm: [ ケルト語派, ケロイド, ケント紙, ケークサレ, ケーススタディ ]...
   ✓ [Worker 4] Đã hoàn thành 5/5 từ.
👉 [Worker 4] Đang xử lý nhóm: [ ケーソンこうほう, ケーブル&amp;ワイヤレス, ケーブルテレビ, ケーブルＴＶ, ゲイリュサックの法則 ]...
   ✓ [Worker 4] Đã hoàn thành 5/5 từ.
👉 [Worker 4] Đang xử lý nhóm: [ ゲシュタルト学説, ゲストルーム, ゲットする, ゲノムサイズ, ゲバ ]...
   ✓ [Worker 4] Đã hoàn thành 5/5 từ.
👉 [Worker 4] Đang xử lý nhóm: [ ゲラダひひ, ゲリラ戦をやる, ゲルバー橋, ゲロを吐く, ゲーオタ ]...
   ✓ [Worker 4] Đã hoàn thành 5/5 từ.
👉 [Worker 4] Đang xử lý nhóm: [ ゲートかいろ, ゲート回路, ゲームスタート, ゲーム差, コアCPI ]...
   ✓ [Worker 4] Đã hoàn thành 5/5 từ.
👉 [Worker 4] Đang xử lý nhóm: [ コアセルベート, コアルータ, コイバ吠猿, コインランドリー, コウマクノウキン門 ]...
   ✓ [Worker 4] Đã hoàn thành 5/5 từ.
👉 [Worker 4] Đang xử lý nhóm: [ コオロギ科, コガネバナ, コクシジウム, コケ, ココアダムゼルフィッシュ ]...
   ✓ [Worker 4] Đã hoàn thành 5/5 từ.
[33m▲ [43;33m[[43;30mWARNING[43;33m][0m [1m⚠️ This process may take some time, during which your D1 database will be unavailable to serve queries.[0m


📦 [Worker 4] Đã đồng bộ thành công thêm 50 từ.

[Worker 4] Lấy dữ liệu cho mẻ gồm 50 từ...
⏳ [Worker 4] Phát hiện 50 từ khuyết ví dụ.
👉 [Worker 4] Đang xử lý nhóm: [ ココ椰子, コショウ科, コストこうりつ, コストパーサウザンド, コスト効率指数 ]...
   ✓ [Worker 4] Đã hoàn thành 5/5 từ.
👉 [Worker 4] Đang xử lý nhóm: [ コスモ, コソ花, コックス, コットンペーパー, コツを掴む ]...
   ✓ [Worker 4] Đã hoàn thành 5/5 từ.
👉 [Worker 4] Đang xử lý nhóm: [ コディアック羆, コナヒョウヒダニ, コネクショニストモデル, コネクション単位, コネクタポイント ]...
   ✓ [Worker 4] Đã hoàn thành 5/5 từ.
👉 [Worker 4] Đang xử lý nhóm: [ コハク酸, コバルトグリーン, コビシスタット, コピーコントロール, コピー機 ]...
   ✓ [Worker 4] Đã hoàn thành 5/5 từ.
👉 [Worker 4] Đang xử lý nhóm: [ コブラ科毒, コペック, コボル, コマンドウィンドウ, コマンドモジュール ]...
   ✓ [Worker 4] Đã hoàn thành 5/5 từ.
👉 [Worker 4] Đang xử lý nhóm: [ コマンド入力型インタフェース, コマーシャル, コマ回し, コミサリー, コミッティー ]...
   ✓ [Worker 4] Đã hoàn thành 5/5 từ.
👉 [Worker 4] Đang xử lý nhóm: [ コミュナリズム, コミュニケーション障壁, コミュニティヘルスワーカー, コミュニティー意識, コム ]...
   ✓ [Worker 4] Đã hoàn thành 5/5 từ.
👉 [Worker 4] Đang xử lý nhóm: [ コメツブイソハゼ, コメントする, コモドール, コモンセンス, コライダー ]...
   ✓ [Worker 4] Đã hoàn thành 5/5 từ.
👉 [Worker 4] Đang xử lý nhóm: [ コラムニスト, コリアご, コリジョン, コリュフェイ, コリント書 ]...
   ✓ [Worker 4] Đã hoàn thành 5/5 từ.
👉 [Worker 4] Đang xử lý nhóm: [ コルクそしき, コルダイト, コルニッシュボイラー, コルレスけいやく, コレクターズアイテム ]...
   ✓ [Worker 4] Đã hoàn thành 5/5 từ.
[33m▲ [43;33m[[43;30mWARNING[43;33m][0m [1m⚠️ This process may take some time, during which your D1 database will be unavailable to serve queries.[0m


📦 [Worker 4] Đã đồng bộ thành công thêm 50 từ.

[Worker 4] Lấy dữ liệu cho mẻ gồm 50 từ...
⏳ [Worker 4] Phát hiện 50 từ khuyết ví dụ.
👉 [Worker 4] Đang xử lý nhóm: [ コレステリン, コレラ病, コロケーション, コロッケパン, コロナウイルス感染症 ]...
   ✓ [Worker 4] Đã hoàn thành 5/5 từ.
👉 [Worker 4] Đang xử lý nhóm: [ コロニー形成ユニット検定, コロラドダニ熱ウイルス, コロンブス交換, コンキリエ, コンクリートミキサー ]...
   ✓ [Worker 4] Đã hoàn thành 5/5 từ.
👉 [Worker 4] Đang xử lý nhóm: [ コンコルド, コンゴ共和国, コンサルタントエンジニア, コンシダレーション, コンシューマーズリサーチ ]...
   ✓ [Worker 4] Đã hoàn thành 5/5 từ.
👉 [Worker 4] Đang xử lý nhóm: [ コンスタントビットレイト, コンスピキュオスエンジェルフィッシュ, コンセプトアート, コンソナント, コンソールポート ]...
   ✓ [Worker 4] Đã hoàn thành 5/5 từ.
👉 [Worker 4] Đang xử lý nhóm: [ コンダクタンス, コンチネンタルブレックファースト, コンテキストプロパティ, コンテナせん, コンテンション方式 ]...
   ✓ [Worker 4] Đã hoàn thành 5/5 từ.
👉 [Worker 4] Đang xử lý nhóm: [ コンテンツマネジメントシステム, コンディメント, コントラクトブリッジ, コントローラ保守診断バス, コントロールブレーク ]...
   ✓ [Worker 4] Đã hoàn thành 5/5 từ.
👉 [Worker 4] Đang xử lý nhóm: [ コンドライト, コンバイン, コンバージョン, コンパイラによる最適化, コンパイル単位 ]...
   ✓ [Worker 4] Đã hoàn thành 5/5 từ.
👉 [Worker 4] Đang xử lý nhóm: [ コンパクトディスク, コンパチブル, コンパレート, コンビニエンスフーズ, コンピュニケーション ]...
   ✓ [Worker 4] Đã hoàn thành 5/5 từ.
👉 [Worker 4] Đang xử lý nhóm: [ コンピュータグラフィックス, コンピュータマイクログラフィックス, コンピューターはんざい, コンピューターユーティリティー, コンピュータ媒介言語 ]...
   ✓ [Worker 4] Đã hoàn thành 5/5 từ.
👉 [Worker 4] Đang xử lý nhóm: [ コンピュータ端末, コンピレーション, コンフィデンス, コンフォーム, コンプライアンスプログラム ]...
   ✓ [Worker 4] Đã hoàn thành 5/5 từ.
[33m▲ [43;33m[[43;30mWARNING[43;33m][0m [1m⚠️ This process may take some time, during which your D1 database will be unavailable to serve queries.[0m


📦 [Worker 4] Đã đồng bộ thành công thêm 50 từ.

[Worker 4] Lấy dữ liệu cho mẻ gồm 50 từ...
⏳ [Worker 4] Phát hiện 50 từ khuyết ví dụ.
👉 [Worker 4] Đang xử lý nhóm: [ コンヘソル, コンベンション, コンボリューション, コンポラしゃしん, コンポーネント端子 ]...
   ✓ [Worker 4] Đã hoàn thành 5/5 từ.
👉 [Worker 4] Đang xử lý nhóm: [ コンロッド, コーキングカン, コージェネレーション, コースライン, コーティング ]...
   ✓ [Worker 4] Đã hoàn thành 5/5 từ.
👉 [Worker 4] Đang xử lý nhóm: [ コートし, コードコンバータ, コードビット, コードレスでんわ, コード化文字集合 ]...
   ✓ [Worker 4] Đã hoàn thành 5/5 từ.
👉 [Worker 4] Đang xử lý nhóm: [ コード要素, コーナーワーク, コーヒーを煎じる, コーヒーフロート, コーヒー色 ]...
   ✓ [Worker 4] Đã hoàn thành 5/5 từ.
👉 [Worker 4] Đang xử lý nhóm: [ コーポラティブハウス, コーマ, コール.ローン, コールセットアップ, コールドコーヒー ]...
   ✓ [Worker 4] Đã hoàn thành 5/5 từ.
👉 [Worker 4] Đang xử lý nhóm: [ コールドブート, コールブローカー, コーレス骨折, コーンフラワー, ゴキブリ類 ]...
   ✓ [Worker 4] Đã hoàn thành 5/5 từ.
👉 [Worker 4] Đang xử lý nhóm: [ ゴシック小説, ゴチ, ゴニオタラムス属, ゴマウツボ, ゴマ油 ]...
   ✓ [Worker 4] Đã hoàn thành 5/5 từ.
👉 [Worker 4] Đang xử lý nhóm: [ ゴミステーション, ゴミ箱, ゴムなが, ゴムパッキン, ゴム栓 ]...
   ✓ [Worker 4] Đã hoàn thành 5/5 từ.
👉 [Worker 4] Đang xử lý nhóm: [ ゴム草履, ゴリゴリ, ゴルフじょう, ゴロ, ゴーっ ]...
   ✓ [Worker 4] Đã hoàn thành 5/5 từ.
👉 [Worker 4] Đang xử lý nhóm: [ ゴージャス, ゴートスキン, ゴールイン, ゴールデングレゴリー, ゴールデンバット ]...
   ✓ [Worker 4] Đã hoàn thành 5/5 từ.
[33m▲ [43;33m[[43;30mWARNING[43;33m][0m [1m⚠️ This process may take some time, during which your D1 database will be unavailable to serve queries.[0m


📦 [Worker 4] Đã đồng bộ thành công thêm 50 từ.

[Worker 4] Lấy dữ liệu cho mẻ gồm 50 từ...
⏳ [Worker 4] Phát hiện 50 từ khuyết ví dụ.
👉 [Worker 4] Đang xử lý nhóm: [ ゴールドテールエンジェルフィッシュ, サイアベンダゾール, サイカチ属, サイクルアンドライド方式, サイクロイド（内） ]...
   ✓ [Worker 4] Đã hoàn thành 5/5 từ.
👉 [Worker 4] Đang xử lý nhóm: [ サイケデリックサウンド, サイコドラマ, サイジング, サイトゾル, サイド ]...
   ✓ [Worker 4] Đã hoàn thành 5/5 từ.
👉 [Worker 4] Đang xử lý nhóm: [ サイドスロー, サイドベンツ, サイナスせん, サイバーカフェ, サイバー探偵 ]...
   ✓ [Worker 4] Đã hoàn thành 5/5 từ.
👉 [Worker 4] Đang xử lý nhóm: [ サイリウム, サイレントチェーン, サイン, サインブック, サウザンアイランド ]...
   ✓ [Worker 4] Đã hoàn thành 5/5 từ.
👉 [Worker 4] Đang xử lý nhóm: [ サウロポセイドン, サウンドトラック, サエラ, サクシニビブリオ科, サクラソウ属 ]...
   ✓ [Worker 4] Đã hoàn thành 5/5 từ.
👉 [Worker 4] Đang xử lý nhóm: [ サケ科, サザナミトサカハギ, サシガメ属, サスティナブル成長率, サスペンダースカート ]...
   ✓ [Worker 4] Đã hoàn thành 5/5 từ.
👉 [Worker 4] Đang xử lý nhóm: [ サタデー, サッカーチーム, サックマシーン, サテライト, サトイモ科 ]...
   ✓ [Worker 4] Đã hoàn thành 5/5 từ.
👉 [Worker 4] Đang xử lý nhóm: [ サドルバックバタフライフィッシュ, サニーレタス, サバイバルゲーム, サバラン, サビイロネコ ]...
   ✓ [Worker 4] Đã hoàn thành 5/5 từ.
👉 [Worker 4] Đang xử lý nhóm: [ サファリコート, サフラワーゆ, サブウーファー, サブコンパクトカー, サブスクライブ ]...
   ✓ [Worker 4] Đã hoàn thành 5/5 từ.
👉 [Worker 4] Đang xử lý nhóm: [ サブダクションゾーン, サブネットマスク, サブパターン, サブヘッディング, サブリナパンツ ]...
   ✓ [Worker 4] Đã hoàn thành 5/5 từ.
[33m▲ [43;33m[[43;30mWARNING[43;33m][0m [1m⚠️ This process may take some time, during which your D1 database will be unavailable to serve queries.[0m


📦 [Worker 4] Đã đồng bộ thành công thêm 50 từ.

[Worker 4] Lấy dữ liệu cho mẻ gồm 50 từ...
⏳ [Worker 4] Phát hiện 50 từ khuyết ví dụ.
👉 [Worker 4] Đang xử lý nhóm: [ サブレット, サプライチェーンマネジメント, サボり, サポセン, サマリウム ]...
   ✓ [Worker 4] Đã hoàn thành 5/5 từ.
👉 [Worker 4] Đang xử lý nhóm: [ サマーラリー, サムチェック, サモア, サラサ馬蹄螺, サラダゆ ]...
   ✓ [Worker 4] Đã hoàn thành 5/5 từ.
👉 [Worker 4] Đang xử lý nhóm: [ サラブレッド, サランラップ, サリチル酸メチル, サルコウジャンプ, サルダーナ ]...
   ✓ [Worker 4] Đã hoàn thành 5/5 từ.
👉 [Worker 4] Đang xử lý nhóm: [ サルファダイアジン, サルモネラ, サル痘ウイルス, サロンミュージック, サンキュー事故 ]...
   ✓ [Worker 4] Đã hoàn thành 5/5 từ.
👉 [Worker 4] Đang xử lý nhóm: [ サングリア, サンシモニズム, サンスーシ, サンタフェ, サンチュール ]...
   ✓ [Worker 4] Đã hoàn thành 5/5 từ.
👉 [Worker 4] Đang xử lý nhóm: [ サントリソウ属, サンドバーシャーク, サンバーン, サンプリングしゅうはすう, サンプル集団 ]...
   ✓ [Worker 4] Đã hoàn thành 5/5 từ.
👉 [Worker 4] Đang xử lý nhóm: [ サンリ, サーキットエミュレーション, サークル活動, サージャントメイジャーダムゼルフィッシュ, サーチエンジンポジショニング ]...
   ✓ [Worker 4] Đã hoàn thành 5/5 từ.
👉 [Worker 4] Đang xử lý nhóm: [ サーチ時間, サードパーティデータ, サーバブレード, サービスとしてのソフトウェア, サービスエンドポイント ]...
   ✓ [Worker 4] Đã hoàn thành 5/5 từ.
👉 [Worker 4] Đang xử lý nhóm: [ サービスタイプ, サービスマン, サービス付き, サービス妨害攻撃, サービス種別 ]...
   ✓ [Worker 4] Đã hoàn thành 5/5 từ.
👉 [Worker 4] Đang xử lý nhóm: [ サーフキャスティング, サーブポイント, サーボモータ, サーメット, サーモメーター ]...
   ✓ [Worker 4] Đã hoàn thành 5/5 từ.
[33m▲ [43;33m[[43;30mWARNING[43;33m][0m [1m⚠️ This process may take some time, during which your D1 database will be unavailable to serve queries.[0m


📦 [Worker 4] Đã đồng bộ thành công thêm 50 từ.

[Worker 4] Lấy dữ liệu cho mẻ gồm 50 từ...
⏳ [Worker 4] Phát hiện 50 từ khuyết ví dụ.
👉 [Worker 4] Đang xử lý nhóm: [ サ行, ザクソンインターネット, ザトウクジラ, ザラ場引け, ザーザー ]...
   ✓ [Worker 4] Đã hoàn thành 5/5 từ.
👉 [Worker 4] Đang xử lý nhóm: [ シアノフォラ属, シアンかカリウム, シイン, シェアードサービス, シェダ ]...
   ✓ [Worker 4] Đã hoàn thành 5/5 từ.
👉 [Worker 4] Đang xử lý nhóm: [ シェリフ, シェルピンスキーのギャスケット, シェークダラー, シェービングフォーム, シオデ属 ]...
   ✓ [Worker 4] Đã hoàn thành 5/5 từ.
👉 [Worker 4] Đang xử lý nhóm: [ シカゴ商品取引所, シガレットケース, シキミモドキ科, シクリジン, シクロヘキサノン ]...
   ✓ [Worker 4] Đã hoàn thành 5/5 từ.
👉 [Worker 4] Đang xử lý nhóm: [ シク活用, シグナルレッド, シケメン, シシウド属, シスチンノットモチーフ ]...
   ✓ [Worker 4] Đã hoàn thành 5/5 từ.
👉 [Worker 4] Đang xử lý nhóm: [ システムLSI, システムアーキテクチャ, システムオンチップ, システムコール, システムデザイン ]...
   ✓ [Worker 4] Đã hoàn thành 5/5 từ.
👉 [Worker 4] Đang xử lý nhóm: [ システムパラメター, システムプロンプト, システム共通領域, システム文字集合, システム立ち上げ ]...
   ✓ [Worker 4] Đã hoàn thành 5/5 từ.
👉 [Worker 4] Đang xử lý nhóm: [ システム管理者, システム負荷レベル, シストリック, シソマイシン（シソミシン）, シタロプラム ]...
   ✓ [Worker 4] Đã hoàn thành 5/5 từ.
👉 [Worker 4] Đang xử lý nhóm: [ シチズン, シックスシグマＤＭＡＩＣサイクル, シックハウス症候群, シップアメリカン, シティーホール ]...
   ✓ [Worker 4] Đã hoàn thành 5/5 từ.
👉 [Worker 4] Đang xử lý nhóm: [ シトシン, シトロバクター・ローデンチウム, シナチベット語族, シナプス伝達, シナプス間隙 ]...
   ✓ [Worker 4] Đã hoàn thành 5/5 từ.
[33m▲ [43;33m[[43;30mWARNING[43;33m][0m [1m⚠️ This process may take some time, during which your D1 database will be unavailable to serve queries.[0m


📦 [Worker 4] Đã đồng bộ thành công thêm 50 từ.

[Worker 4] Lấy dữ liệu cho mẻ gồm 50 từ...
⏳ [Worker 4] Phát hiện 50 từ khuyết ví dụ.
👉 [Worker 4] Đang xử lý nhóm: [ シニア債, シネココッカス属, シネマテーク, シノワズリー, シビルミニマム ]...
   ✓ [Worker 4] Đã hoàn thành 5/5 từ.
👉 [Worker 4] Đang xử lý nhóm: [ シフトイン, シフトＪＩＳ, シベリアンハスキー, シマキツネベラ, シミコンマ ]...
   ✓ [Worker 4] Đã hoàn thành 5/5 từ.
👉 [Worker 4] Đang xử lý nhóm: [ シミ目, シモツケソウ属, シャギーカーペット, シャッセ, シャッフル ]...
   ✓ [Worker 4] Đã hoàn thành 5/5 từ.
👉 [Worker 4] Đang xử lý nhóm: [ シャトル, シャドウマップ, シャドーワーク, シャボテン, シャモ ]...
   ✓ [Worker 4] Đã hoàn thành 5/5 từ.
👉 [Worker 4] Đang xử lý nhóm: [ シャルピー衝撃試験, シャワールーム, シャンツェ, シャンプーハット, シャープ ]...
   ✓ [Worker 4] Đã hoàn thành 5/5 từ.
👉 [Worker 4] Đang xử lý nhóm: [ シャーレ, シュガーカット, シュタージ, シュニッツェル, シュミットオオトカゲ ]...
   ✓ [Worker 4] Đã hoàn thành 5/5 từ.
👉 [Worker 4] Đang xử lý nhóm: [ シュリンク, シュロソウ属, シューシャイン, シュートボール, ショイエルマン病 ]...
   ✓ [Worker 4] Đã hoàn thành 5/5 từ.
👉 [Worker 4] Đang xử lý nhóm: [ ショコラ, ショックセオリー, ショットキーダイオード, ショッピングバッグレディー, ショボショボする ]...
   ✓ [Worker 4] Đã hoàn thành 5/5 từ.
👉 [Worker 4] Đang xử lý nhóm: [ ショートオーダー, ショートスクイズ, ショートニング, ショートホール, ショービジネス ]...
   ✓ [Worker 4] Đã hoàn thành 5/5 từ.
👉 [Worker 4] Đang xử lý nhóm: [ ショールーミング, シラバス, シリアライズ, シリアルインターフェース, シリアルマウス ]...
   ✓ [Worker 4] Đã hoàn thành 5/5 từ.
[33m▲ [43;33m[[43;30mWARNING[43;33m][0m [1m⚠️ This process may take some time, during which your D1 database will be unavailable to serve queries.[0m


📦 [Worker 4] Đã đồng bộ thành công thêm 50 từ.

[Worker 4] Lấy dữ liệu cho mẻ gồm 50 từ...
⏳ [Worker 4] Phát hiện 50 từ khuyết ví dụ.
👉 [Worker 4] Đang xử lý nhóm: [ シリウス, シリコンオイル, シリコーンゆ, シリーズ, シルクロード ]...
   ✓ [Worker 4] Đã hoàn thành 5/5 từ.
👉 [Worker 4] Đang xử lý nhóm: [ シルバーオンライン, シルバーマーケット, シルヴァンシャー, シロオマングース, シロップ剤 ]...
   ✓ [Worker 4] Đã hoàn thành 5/5 từ.
👉 [Worker 4] Đang xử lý nhóm: [ シンカー, シンクタンク, シンクロトロン放射(SR)光装置, シンクロミズム, シングルコアプロセッサ ]...
   ✓ [Worker 4] Đã hoàn thành 5/5 từ.
👉 [Worker 4] Đang xử lý nhóm: [ シングルセッション, シングルページアプリケーション, シングルユーザーシステム, シングルＩＴハブ, シンセポップ ]...
   ✓ [Worker 4] Đã hoàn thành 5/5 từ.
👉 [Worker 4] Đang xử lý nhóm: [ シンチレーションカメラ, シンナー, シンフェインとう, シンブル, シンボリスト ]...
   ✓ [Worker 4] Đã hoàn thành 5/5 từ.
👉 [Worker 4] Đang xử lý nhóm: [ シンポジウム, シーアイシーエス, シーア派, シーエスジェイ, シーエルオービー ]...
   ✓ [Worker 4] Đã hoàn thành 5/5 từ.
👉 [Worker 4] Đang xử lý nhóm: [ シーク, シーケンシャル, シーサイドリゾート, シーシーアール, シース ]...
   ✓ [Worker 4] Đã hoàn thành 5/5 từ.
👉 [Worker 4] Đang xử lý nhóm: [ シーズナリティ, シーズンパス, シーチング, シーディーエムエーにせん, シートカバー ]...
   ✓ [Worker 4] Đã hoàn thành 5/5 từ.
👉 [Worker 4] Đang xử lý nhóm: [ シードスパイス, シービーティー, シーピーオー, シープドッグ, シーム溶接 ]...
   ✓ [Worker 4] Đã hoàn thành 5/5 từ.
👉 [Worker 4] Đang xử lý nhóm: [ シーリングしょうめいきぐ, シールテープ, シーロメータ, ジアゼパム, ジアミン ]...
   ✓ [Worker 4] Đã hoàn thành 5/5 từ.
[33m▲ [43;33m[[43;30mWARNING[43;33m][0m [1m⚠️ This process may take some time, during which your D1 database will be unavailable to serve queries.[0m


📦 [Worker 4] Đã đồng bộ thành công thêm 50 từ.

[Worker 4] Lấy dữ liệu cho mẻ gồm 50 từ...
⏳ [Worker 4] Phát hiện 50 từ khuyết ví dụ.
👉 [Worker 4] Đang xử lý nhóm: [ ジェイデービーシー, ジェット, ジェットバス, ジェトロ, ジェネリックトップレベルドメイン ]...
   ✓ [Worker 4] Đã hoàn thành 5/5 từ.
👉 [Worker 4] Đang xử lý nhóm: [ ジェパエックス, ジェリカン, ジェンダーフリー, ジエチルエーテル, ジオタグ ]...
   ✓ [Worker 4] Đã hoàn thành 5/5 từ.
👉 [Worker 4] Đang xử lý nhóm: [ ジオレフィン, ジクロルボス, ジゴレット, ジスマーク, ジップジス ]...
   ✓ [Worker 4] Đã hoàn thành 5/5 từ.
👉 [Worker 4] Đang xử lý nhóm: [ ジバンシー, ジフィリス, ジブ, ジベルばら色粃糠疹, ジムカーナ ]...
   ✓ [Worker 4] Đã hoàn thành 5/5 từ.
👉 [Worker 4] Đang xử lý nhóm: [ ジメチルスルホキシド, ジャイアントパンダ, ジャイロパイロット, ジャガタラ芋, ジャグ ]...
   ✓ [Worker 4] Đã hoàn thành 5/5 từ.
👉 [Worker 4] Đang xử lý nhóm: [ ジャコウネコ科, ジャストウィンドウ, ジャスミン茶, ジャダー, ジャッグル ]...
   ✓ [Worker 4] Đã hoàn thành 5/5 từ.
👉 [Worker 4] Đang xử lý nhóm: [ ジャバイーイー, ジャバー, ジャパノロジー, ジャポニカ, ジャメヴュ ]...
   ✓ [Worker 4] Đã hoàn thành 5/5 từ.
👉 [Worker 4] Đang xử lý nhóm: [ ジャンク, ジャングル, ジャンバー, ジャンパ・ブロック, ジャンプブルース ]...
   ✓ [Worker 4] Đã hoàn thành 5/5 từ.
👉 [Worker 4] Đang xử lý nhóm: [ ジャー, ジャータカ, ジャーマン, ジュニア, ジュニアフェザー級 ]...
   ✓ [Worker 4] Đã hoàn thành 5/5 từ.
👉 [Worker 4] Đang xử lý nhóm: [ ジュニアライトきゅう, ジュボジュボ, ジュータン, ジョイン, ジョセフソンそし ]...
   ✓ [Worker 4] Đã hoàn thành 5/5 từ.
[33m▲ [43;33m[[43;30mWARNING[43;33m][0m [1m⚠️ This process may take some time, during which your D1 database will be unavailable to serve queries.[0m


📦 [Worker 4] Đã đồng bộ thành công thêm 50 từ.

[Worker 4] Lấy dữ liệu cho mẻ gồm 50 từ...
⏳ [Worker 4] Phát hiện 50 từ khuyết ví dụ.
👉 [Worker 4] Đang xử lý nhóm: [ ジョブ, ジョブホッパー, ジョンブル, ジラフ, ジルベール症候群 ]...
   ✓ [Worker 4] Đã hoàn thành 5/5 từ.
👉 [Worker 4] Đang xử lý nhóm: [ ジンギスカン鍋, ジンジャーケーキ, ジンベエザメ属, ジーシーピー, ジーパン ]...
   ✓ [Worker 4] Đã hoàn thành 5/5 từ.
👉 [Worker 4] Đang xử lý nhóm: [ ジープニー, ス-ケト, スイスチャード, スイッチベンダ, スイッチング関数 ]...
   ✓ [Worker 4] Đã hoàn thành 5/5 từ.
👉 [Worker 4] Đang xử lý nhóm: [ スイミングクラブ, スイング, スイートスポット, スウィフトギツネ, スウェーデン ]...
   ✓ [Worker 4] Đã hoàn thành 5/5 từ.
👉 [Worker 4] Đang xử lý nhóm: [ スエヒロタケ属, スカイジャック, スカイライティング, スカジーツー, スカラップハンマーヘッド ]...
   ✓ [Worker 4] Đã hoàn thành 5/5 từ.
👉 [Worker 4] Đang xử lý nhóm: [ スカリフィケーション, スカートロング, スキッドロー, スキャッティ, スキャンエンジン ]...
   ✓ [Worker 4] Đã hoàn thành 5/5 từ.
👉 [Worker 4] Đang xử lý nhóm: [ スキャンロン方式, スキレット, スキンローション, スキートしゃげき, スキーン腺 ]...
   ✓ [Worker 4] Đã hoàn thành 5/5 từ.
👉 [Worker 4] Đang xử lý nhóm: [ スクアレンモノオキシゲナーゼ, スクエアネック, スクラッチヒット, スクラップ＆ビルド, スクランブル ]...
   ✓ [Worker 4] Đã hoàn thành 5/5 từ.
👉 [Worker 4] Đang xử lý nhóm: [ スクリプトコマンド, スクリュープロペラせん, スクリーンショット, スクリーンモード, スクロールバースライダ ]...
   ✓ [Worker 4] Đã hoàn thành 5/5 từ.
👉 [Worker 4] Đang xử lý nhóm: [ スクーリング, スグリ属, スケバン, スケーティング, スケーラブル ]...
   ✓ [Worker 4] Đã hoàn thành 5/5 từ.
[33m▲ [43;33m[[43;30mWARNING[43;33m][0m [1m⚠️ This process may take some time, during which your D1 database will be unavailable to serve queries.[0m


📦 [Worker 4] Đã đồng bộ thành công thêm 50 từ.

[Worker 4] Lấy dữ liệu cho mẻ gồm 50 từ...
⏳ [Worker 4] Phát hiện 50 từ khuyết ví dụ.
👉 [Worker 4] Đang xử lý nhóm: [ スゲ属, スコッチエッグ, スコボフィリア, スコーピング, スジメヒメオオトカゲ ]...
   ✓ [Worker 4] Đã hoàn thành 5/5 từ.
👉 [Worker 4] Đang xử lý nhóm: [ スズメダイ科, スタイミー, スタグネーション, スタックオブジェクト, スタッド ]...
   ✓ [Worker 4] Đã hoàn thành 5/5 từ.
👉 [Worker 4] Đang xử lý nhóm: [ スタティスティックス, スタテル, スタフィロコッカス・ヒカス, スタン, スタンダードライブラリー ]...
   ✓ [Worker 4] Đã hoàn thành 5/5 từ.
👉 [Worker 4] Đang xử lý nhóm: [ スタントマン, スタンドレスリング, スタンプミル, スターターキット, スタートする ]...
   ✓ [Worker 4] Đã hoàn thành 5/5 từ.
👉 [Worker 4] Đang xử lý nhóm: [ スタート信号, スターリングエンジン, スチグマステロール, スチルブ, スチームバス ]...
   ✓ [Worker 4] Đã hoàn thành 5/5 từ.
👉 [Worker 4] Đang xử lý nhóm: [ スチールサッシュ, スッキリ, ステアリン酸, スティングレイ, ステガノグラフィー ]...
   ✓ [Worker 4] Đã hoàn thành 5/5 từ.
👉 [Worker 4] Đang xử lý nhóm: [ ステッパー, ステップスカルプチャ, ステノグラファー, ステラジアン, ステルス爆撃機 ]...
   ✓ [Worker 4] Đã hoàn thành 5/5 từ.
👉 [Worker 4] Đang xử lý nhóm: [ ステレオレコード, ステント, ステークス, ステータスコード, ステートフル ]...
   ✓ [Worker 4] Đã hoàn thành 5/5 từ.
👉 [Worker 4] Đang xử lý nhóm: [ ストアアンドフォワード, ストイチズム, ストックガイド（材料案内）, ストップオーダー, ストップ高 ]...
   ✓ [Worker 4] Đã hoàn thành 5/5 từ.
👉 [Worker 4] Đang xử lý nhóm: [ ストライク, ストラッグル, ストリキニーネ, ストリング, ストリートカー ]...
   ✓ [Worker 4] Đã hoàn thành 5/5 từ.
[33m▲ [43;33m[[43;30mWARNING[43;33m][0m [1m⚠️ This process may take some time, during which your D1 database will be unavailable to serve queries.[0m


📦 [Worker 4] Đã đồng bộ thành công thêm 50 từ.

[Worker 4] Lấy dữ liệu cho mẻ gồm 50 từ...
⏳ [Worker 4] Phát hiện 50 từ khuyết ví dụ.
👉 [Worker 4] Đang xử lý nhóm: [ ストリーミング, ストリームライン, ストレス解消, ストレプトグラミン, ストレプトバリシン ]...
   ✓ [Worker 4] Đã hoàn thành 5/5 từ.
👉 [Worker 4] Đang xử lý nhóm: [ ストレリチア, ストレートアイロン, ストロップ, ストロンチウム, ストロープワッフル ]...
   ✓ [Worker 4] Đã hoàn thành 5/5 từ.
👉 [Worker 4] Đang xử lý nhóm: [ ストーマゲージ, ストーマ狭窄, ストーリボード, ストーヴ, スナッチ ]...
   ✓ [Worker 4] Đã hoàn thành 5/5 từ.
👉 [Worker 4] Đang xử lý nhóm: [ スナップ写真, スニーダー, スネークウッド, スノースポーツ, スノーボート ]...
   ✓ [Worker 4] Đã hoàn thành 5/5 từ.
👉 [Worker 4] Đang xử lý nhóm: [ スパイウエア, スパイダーウェブ, スパイ衛星, スパズム, スパニッシュフライ ]...
   ✓ [Worker 4] Đã hoàn thành 5/5 từ.
👉 [Worker 4] Đang xử lý nhóm: [ スパム・ブロック, スパンレーヨン, スパーラ, スピットボール, スピリチュアリズム ]...
   ✓ [Worker 4] Đã hoàn thành 5/5 từ.
👉 [Worker 4] Đang xử lý nhóm: [ スピルリナ, スピンオフ, スピーチコンテスト, スピードスプレーヤー, スピード線 ]...
   ✓ [Worker 4] Đã hoàn thành 5/5 từ.
👉 [Worker 4] Đang xử lý nhóm: [ スフェロプラスト, スプライト, スプラッター, スプリットランテスト, スプリント ]...
   ✓ [Worker 4] Đã hoàn thành 5/5 từ.
👉 [Worker 4] Đang xử lý nhóm: [ スプレードラヤー, スプール, スペアタイヤ, スペイン継承戦争, スペクタクルえいが ]...
   ✓ [Worker 4] Đã hoàn thành 5/5 từ.
👉 [Worker 4] Đang xử lý nhóm: [ スペクトルぶんせき, スペシエーション, スペックルかんしょうけい, スペルミジン, スペースガン ]...
   ✓ [Worker 4] Đã hoàn thành 5/5 từ.
[33m▲ [43;33m[[43;30mWARNING[43;33m][0m [1m⚠️ This process may take some time, during which your D1 database will be unavailable to serve queries.[0m


📦 [Worker 4] Đã đồng bộ thành công thêm 50 từ.

[Worker 4] Lấy dữ liệu cho mẻ gồm 50 từ...
⏳ [Worker 4] Phát hiện 50 từ khuyết ví dụ.
👉 [Worker 4] Đang xử lý nhóm: [ スペースマン, スポッテッドスキャット, スポットチェック, スポット広告, スポンジケーキ ]...
   ✓ [Worker 4] Đã hoàn thành 5/5 từ.
👉 [Worker 4] Đang xử lý nhóm: [ スポーツの季節, スポーツテスト, スポーツ万能, スポーツ障害, スマトラオランウータン ]...
   ✓ [Worker 4] Đã hoàn thành 5/5 từ.
👉 [Worker 4] Đang xử lý nhóm: [ スマートな, スマートメディアフォーラム, スミソニアン, スムーズ, スモック ]...
   ✓ [Worker 4] Đã hoàn thành 5/5 từ.
👉 [Worker 4] Đang xử lý nhóm: [ スモークチーズ, スライジングルール, スライド, スライバー, スラッシャーフィルム ]...
   ✓ [Worker 4] Đã hoàn thành 5/5 từ.
👉 [Worker 4] Đang xử lý nhóm: [ スラプスティック喜劇, スリッカー, スリップ事故, スリラーえいが, スリークォーターバックス ]...
   ✓ [Worker 4] Đã hoàn thành 5/5 từ.
👉 [Worker 4] Đang xử lý nhóm: [ スリーピース, スルファキノキサリン, スルファニル酸, スルフォロブス目, スルホン酸 ]...
   ✓ [Worker 4] Đã hoàn thành 5/5 từ.
👉 [Worker 4] Đang xử lý nhóm: [ スルー接続, スレッドフィンスキャット, スレ違い, スロット時間, スローウイルス感染症 ]...
   ✓ [Worker 4] Đã hoàn thành 5/5 từ.
👉 [Worker 4] Đang xử lý nhóm: [ スローフード, スワジランド, スワップ協定, スンナ派, スーティマンガベイ ]...
   ✓ [Worker 4] Đã hoàn thành 5/5 từ.
👉 [Worker 4] Đang xử lý nhóm: [ スーパーアロイ, スーパーコンピューター, スーパースプレッダー, スーパーハイウェー, スーパーボウル ]...
   ✓ [Worker 4] Đã hoàn thành 5/5 từ.
👉 [Worker 4] Đang xử lý nhóm: [ スーパーリアリズム, スーフィ, スープ鉢, ズッコケ, ズボンした ]...
   ✓ [Worker 4] Đã hoàn thành 5/5 từ.
[33m▲ [43;33m[[43;30mWARNING[43;33m][0m [1m⚠️ This process may take some time, during which your D1 database will be unavailable to serve queries.[0m


📦 [Worker 4] Đã đồng bộ thành công thêm 50 từ.

[Worker 4] Lấy dữ liệu cho mẻ gồm 50 từ...
⏳ [Worker 4] Phát hiện 50 từ khuyết ví dụ.
👉 [Worker 4] Đang xử lý nhóm: [ ズリ山, ズーノーシス, ズー・キーパー, セイボリー, セイルフィンモーリー ]...
   ✓ [Worker 4] Đã hoàn thành 5/5 từ.
👉 [Worker 4] Đang xử lý nhóm: [ セカンダリオファリング, セカンドスクール, セカンドルック手術, セキュアブート, セキュリティファイル ]...
   ✓ [Worker 4] Đã hoàn thành 5/5 từ.
👉 [Worker 4] Đang xử lý nhóm: [ セキュリティーホール, セクシュアル, セクタ, セクロピア属, セグロオオトカゲ ]...
   ✓ [Worker 4] Đã hoàn thành 5/5 từ.
👉 [Worker 4] Đang xử lý nhóm: [ セサミン, セス, セック, セックスワーカー, セッション層 ]...
   ✓ [Worker 4] Đã hoàn thành 5/5 từ.
👉 [Worker 4] Đang xử lý nhóm: [ セットアップ時間, セットローション, セニョール, セパレートリーマネージドアカウント, セファレキシン ]...
   ✓ [Worker 4] Đã hoàn thành 5/5 từ.
👉 [Worker 4] Đang xử lý nhóm: [ セブン, セマンティック, セミコンダクター, セミファイナル, セメンテーション ]...
   ✓ [Worker 4] Đã hoàn thành 5/5 từ.
👉 [Worker 4] Đang xử lý nhóm: [ セラ, セラミック, セリアック病, セリーグ, セルシンモーター ]...
   ✓ [Worker 4] Đã hoàn thành 5/5 từ.
👉 [Worker 4] Đang xử lý nhóm: [ セルトリ細胞遺残症候群, セルフイメージ, セルフネグレクト, セルラーゼ, セルレートアルゴリズム ]...
   ✓ [Worker 4] Đã hoàn thành 5/5 từ.
👉 [Worker 4] Đang xử lý nhóm: [ セル化, セル生産方式, セレクタチャネル, セレノシステイン, セレン ]...
   ✓ [Worker 4] Đã hoàn thành 5/5 từ.
👉 [Worker 4] Đang xử lý nhóm: [ セロマトリックス, センシトメトリー, センタリング, センターフォールド, センダン科 ]...
   ✓ [Worker 4] Đã hoàn thành 5/5 từ.
[33m▲ [43;33m[[43;30mWARNING[43;33m][0m [1m⚠️ This process may take some time, during which your D1 database will be unavailable to serve queries.[0m


📦 [Worker 4] Đã đồng bộ thành công thêm 50 từ.

[Worker 4] Lấy dữ liệu cho mẻ gồm 50 từ...
⏳ [Worker 4] Phát hiện 50 từ khuyết ví dụ.
👉 [Worker 4] Đang xử lý nhóm: [ センチュラ, セントラルサイト, セントロニクス仕様, セヴンティーン, セーフティボックス ]...
   ✓ [Worker 4] Đã hoàn thành 5/5 từ.
👉 [Worker 4] Đang xử lý nhóm: [ セーフライト, セーラー服, セールスフォース・ドットコム, ゼスチュア, ゼツェッション ]...
   ✓ [Worker 4] Đã hoàn thành 5/5 từ.
👉 [Worker 4] Đang xử lý nhóm: [ ゼネラルユニオン, ゼブラソマ属, ゼラチン, ゼロエミッション, ゼロサム社会 ]...
   ✓ [Worker 4] Đã hoàn thành 5/5 từ.
👉 [Worker 4] Đang xử lý nhóm: [ ゼロメートル, ゼロ復帰記録, ゼンサーバ, ソれん, ソウルジャズ ]...
   ✓ [Worker 4] Đã hoàn thành 5/5 từ.
👉 [Worker 4] Đang xử lý nhóm: [ ソシアルワーカー, ソックパペット, ソトワール, ソノグラフ, ソフィスティケーション ]...
   ✓ [Worker 4] Đã hoàn thành 5/5 từ.
👉 [Worker 4] Đang xử lý nhóm: [ ソフトウェアキーボード, ソフトウェアライフサイクルプロセス, ソフトウェア工学, ソフトエネルギーパス, ソフトスキル ]...
   ✓ [Worker 4] Đã hoàn thành 5/5 từ.
👉 [Worker 4] Đang xử lý nhóm: [ ソフトパン粉, ソフト行末, ソプラノ記号, ソラスじょうやく, ソリチャ属 ]...
   ✓ [Worker 4] Đã hoàn thành 5/5 từ.
👉 [Worker 4] Đang xử lý nhóm: [ ソリューション, ソルビット, ソレイユ, ソワレ, ソーキング ]...
   ✓ [Worker 4] Đã hoàn thành 5/5 từ.
👉 [Worker 4] Đang xử lý nhóm: [ ソーシャルグラフ, ソーシャルダンピング, ソーシャル・ネットワーキング・サービス, ソースファイル, ソーダすい ]...
   ✓ [Worker 4] Đã hoàn thành 5/5 từ.
👉 [Worker 4] Đang xử lý nhóm: [ ソーダ灰, ソーナー, ソーラーカー, ソール, ゾウ類 ]...
   ✓ [Worker 4] Đã hoàn thành 5/5 từ.
[33m▲ [43;33m[[43;30mWARNING[43;33m][0m [1m⚠️ This process may take some time, during which your D1 database will be unavailable to serve queries.[0m


📦 [Worker 4] Đã đồng bộ thành công thêm 50 từ.

[Worker 4] Lấy dữ liệu cho mẻ gồm 50 từ...
⏳ [Worker 4] Phát hiện 50 từ khuyết ví dụ.
👉 [Worker 4] Đang xử lý nhóm: [ ゾンデ, ゾーンファイル, タイアップ番組, タイセイ属, タイトル ]...
   ✓ [Worker 4] Đã hoàn thành 5/5 từ.
👉 [Worker 4] Đang xử lý nhóm: [ タイド, タイブレーク, タイプ練習, タイムアップ, タイムシフト ]...
   ✓ [Worker 4] Đã hoàn thành 5/5 từ.
👉 [Worker 4] Đang xử lý nhóm: [ タイムテーブル, タイムライン, タイムワープ, タイレリア症, タイ土竜 ]...
   ✓ [Worker 4] Đã hoàn thành 5/5 từ.
👉 [Worker 4] Đang xử lý nhóm: [ タウロコール酸, タオル掛け, タガログ族, タキメーター, タクティカル・アセット・アロケーション ]...
   ✓ [Worker 4] Đã hoàn thành 5/5 từ.
👉 [Worker 4] Đang xử lý nhóm: [ タグボート, タコ, タジキスタン, タスクフォース, タス通信 ]...
   ✓ [Worker 4] Đã hoàn thành 5/5 từ.
👉 [Worker 4] Đang xử lý nhóm: [ タダ飯はない, タックスヘイブン, タッチアップ, タッチライン, タツナミソウ属 ]...
   ✓ [Worker 4] Đã hoàn thành 5/5 từ.
👉 [Worker 4] Đang xử lý nhóm: [ タニシ, タバコモザイク病, タヒチバタフライフィッシュ, タフィー, タブブラウズ ]...
   ✓ [Worker 4] Đã hoàn thành 5/5 từ.
👉 [Worker 4] Đang xử lý nhóm: [ タブロイド紙, タベオカ, タマホコリカビ目, タムタム, タランテラ ]...
   ✓ [Worker 4] Đã hoàn thành 5/5 từ.
👉 [Worker 4] Đang xử lý nhóm: [ タリフ, タルト, タレース, タワリシチ, タンクブリージング ]...
   ✓ [Worker 4] Đã hoàn thành 5/5 từ.
👉 [Worker 4] Đang xử lý nhóm: [ タンジェント, タンデムスプリント, タンパク同化ステロイド, タンパク質サブユニット, タンパク質分解酵素 ]...
   ✓ [Worker 4] Đã hoàn thành 5/5 từ.
[33m▲ [43;33m[[43;30mWARNING[43;33m][0m [1m⚠️ This process may take some time, during which your D1 database will be unavailable to serve queries.[0m


📦 [Worker 4] Đã đồng bộ thành công thêm 50 từ.

[Worker 4] Lấy dữ liệu cho mẻ gồm 50 từ...
⏳ [Worker 4] Phát hiện 50 từ khuyết ví dụ.
👉 [Worker 4] Đang xử lý nhóm: [ タンパク質相互作用地図, タンポ, ターゲットゾーン, タートラジン, タービンエンジン ]...
   ✓ [Worker 4] Đã hoàn thành 5/5 từ.
👉 [Worker 4] Đang xử lý nhóm: [ ターボブースト, ターミネータ, ターンアラウンドタイム, タ行, ダイアトニック ]...
   ✓ [Worker 4] Đã hoàn thành 5/5 từ.
👉 [Worker 4] Đang xử lý nhóm: [ ダイアログボックスを閉じる, ダイオキシン法施行規則, ダイコン, ダイス回し, ダイナミック ディスク ]...
   ✓ [Worker 4] Đã hoàn thành 5/5 từ.
👉 [Worker 4] Đang xử lý nhóm: [ ダイナミックリロケーション, ダイナモメーター, ダイバーシティ, ダイブ, ダイヤモンドダスト ]...
   ✓ [Worker 4] Đã hoàn thành 5/5 từ.
👉 [Worker 4] Đang xử lý nhóm: [ ダイヤルアップIP接続, ダイヤルプラン, ダイレクト, ダイレクトプリント, ダイヴィング ]...
   ✓ [Worker 4] Đã hoàn thành 5/5 từ.
👉 [Worker 4] Đang xử lý nhóm: [ ダウングレード, ダウンライト, ダウ式平均株価, ダクマダクマ, ダサ男 ]...
   ✓ [Worker 4] Đã hoàn thành 5/5 từ.
👉 [Worker 4] Đang xử lý nhóm: [ ダスド, ダッチェスポテト, ダニアレルギー, ダビング, ダブリュティーエックス ]...
   ✓ [Worker 4] Đã hoàn thành 5/5 từ.
👉 [Worker 4] Đang xử lý nhóm: [ ダブリューエムブイ, ダブリューパン, ダブリング, ダブルクォーテーション, ダブルスコート ]...
   ✓ [Worker 4] Đã hoàn thành 5/5 từ.
👉 [Worker 4] Đang xử lý nhóm: [ ダブルデート, ダブルバッファリング, ダブルベッド, ダブル・ノータッチ・オプション, ダボダボ ]...
   ✓ [Worker 4] Đã hoàn thành 5/5 từ.
👉 [Worker 4] Đang xử lý nhóm: [ ダムダムだん, ダメージコントロール, ダモクレスの剣, ダリア属, ダンクショット ]...
   ✓ [Worker 4] Đã hoàn thành 5/5 từ.
[33m▲ [43;33m[[43;30mWARNING[43;33m][0m [1m⚠️ This process may take some time, during which your D1 database will be unavailable to serve queries.[0m


📦 [Worker 4] Đã đồng bộ thành công thêm 50 từ.

[Worker 4] Lấy dữ liệu cho mẻ gồm 50 từ...
⏳ [Worker 4] Phát hiện 50 từ khuyết ví dụ.
👉 [Worker 4] Đang xử lý nhóm: [ ダンスホール, ダンピングかんぜい, ダンベル, ダークエネルギー, ダークモード ]...
   ✓ [Worker 4] Đã hoàn thành 5/5 từ.
👉 [Worker 4] Đang xử lý nhóm: [ ダートコース, チア, チアミンピロホスファターゼ, チェイン, チェスのこま ]...
   ✓ [Worker 4] Đã hoàn thành 5/5 từ.
👉 [Worker 4] Đang xử lý nhóm: [ チェチェン, チェックオフ, チェックマーク, チェリスト, チェレンコフ放射 ]...
   ✓ [Worker 4] Đã hoàn thành 5/5 từ.
👉 [Worker 4] Đang xử lý nhóm: [ チェンバロ, チェーンソー, チエーンソー, チオシアン酸塩, チオリダジン ]...
   ✓ [Worker 4] Đã hoàn thành 5/5 từ.
👉 [Worker 4] Đang xử lý nhóm: [ チキンカツレツ, チクソ性, チケットフィー, チタンてっこう, チチュウカイミバエ ]...
   ✓ [Worker 4] Đã hoàn thành 5/5 từ.
👉 [Worker 4] Đang xử lý nhóm: [ チップ抵抗, チビオマングース, チベット語, チミンDNAグルコシラーゼ（チミジンDNAグリコシラーゼ）, チャイナシンドローム ]...
   ✓ [Worker 4] Đã hoàn thành 5/5 từ.
👉 [Worker 4] Đang xử lý nhóm: [ チャイルド・リサーチ・ネット, チャコ, チャッカー, チャド, チャネル状態語 ]...
   ✓ [Worker 4] Đã hoàn thành 5/5 từ.
👉 [Worker 4] Đang xử lý nhóm: [ チャプター, チャランケ, チャルダッシュ, チャンキング, チャンネル登録 ]...
   ✓ [Worker 4] Đã hoàn thành 5/5 từ.
👉 [Worker 4] Đang xử lý nhóm: [ チャーがた, チャーチ, チャールストン, チュンチュン, チューバ ]...
   ✓ [Worker 4] Đã hoàn thành 5/5 từ.
👉 [Worker 4] Đang xử lý nhóm: [ チューリングテスト, チョウジ油, チョウ目, チョコレートファウンテン, チョベリグ ]...
   ✓ [Worker 4] Đã hoàn thành 5/5 từ.
[33m▲ [43;33m[[43;30mWARNING[43;33m][0m [1m⚠️ This process may take some time, during which your D1 database will be unavailable to serve queries.[0m


📦 [Worker 4] Đã đồng bộ thành công thêm 50 từ.

[Worker 4] Lấy dữ liệu cho mẻ gồm 50 từ...
⏳ [Worker 4] Phát hiện 50 từ khuyết ví dụ.
👉 [Worker 4] Đang xử lý nhóm: [ チョーキング, チラ見, チリメンジャコ, チルドロール, チンキ剤 ]...
   ✓ [Worker 4] Đã hoàn thành 5/5 từ.
👉 [Worker 4] Đang xử lý nhóm: [ チーク, チーゼル, チープガバメント, チーム医療, ツイスター ]...
   ✓ [Worker 4] Đã hoàn thành 5/5 từ.
👉 [Worker 4] Đang xử lý nhóm: [ ツインドライブプレス, ツェツェバエ, ツゲ科, ツツガムシ病, ツナマヨネーズ ]...
   ✓ [Worker 4] Đã hoàn thành 5/5 từ.
👉 [Worker 4] Đang xử lý nhóm: [ ツノダシ科, ツバメウオ属, ツボクサ, ツユクサ科, ツルナ科 ]...
   ✓ [Worker 4] Đã hoàn thành 5/5 từ.
👉 [Worker 4] Đang xử lý nhóm: [ ツンと来る, ツーウエー, ツートンカラー, ツーペア, ツールチップ ]...
   ✓ [Worker 4] Đã hoàn thành 5/5 từ.
👉 [Worker 4] Đang xử lý nhóm: [ テアトル, ティッカーバー, ティラノサウルスレックス, ティーエスアール, ティーキップ ]...
   ✓ [Worker 4] Đã hoàn thành 5/5 từ.
👉 [Worker 4] Đang xử lý nhóm: [ ティースリー, ティーディーエム, ティーピーシーシー, テイクアウト, テイラーズシャープノーズトビー ]...
   ✓ [Worker 4] Đã hoàn thành 5/5 từ.
👉 [Worker 4] Đang xử lý nhóm: [ テカる, テキストかいし, テキストブラウザ, テキスト区域, テキパキ ]...
   ✓ [Worker 4] Đã hoàn thành 5/5 từ.
👉 [Worker 4] Đang xử lý nhóm: [ テクトニクス, テクニカルメリット, テクノインダストリアル, テクノパーク, テクノロジーギャップ ]...
   ✓ [Worker 4] Đã hoàn thành 5/5 từ.
👉 [Worker 4] Đang xử lý nhóm: [ テコ入れ, テストキャンペーン, テストモード, テスラ, テッポウ ]...
   ✓ [Worker 4] Đã hoàn thành 5/5 từ.
[33m▲ [43;33m[[43;30mWARNING[43;33m][0m [1m⚠️ This process may take some time, during which your D1 database will be unavailable to serve queries.[0m


📦 [Worker 4] Đã đồng bộ thành công thêm 50 từ.

[Worker 4] Lấy dữ liệu cho mẻ gồm 50 từ...
⏳ [Worker 4] Phát hiện 50 từ khuyết ví dụ.
👉 [Worker 4] Đang xử lý nhóm: [ テトラサイクリン, テト攻勢, テニスクラブ, テノホビル（テノフォビル）, テモテへの手紙一 ]...
   ✓ [Worker 4] Đã hoàn thành 5/5 từ.
👉 [Worker 4] Đang xử lý nhóm: [ テラバイト, テリア, テルペン, テルル化物, テレグラフ ]...
   ✓ [Worker 4] Đã hoàn thành 5/5 từ.
👉 [Worker 4] Đang xử lý nhóm: [ テレゴニー, テレテキスト, テレビほうそう, テレビショー, テレビファクシミリ ]...
   ✓ [Worker 4] Đã hoàn thành 5/5 từ.
👉 [Worker 4] Đang xử lý nhóm: [ テレビ塔, テレフィーチャー, テレホンショッピング, テレマーケティング, テロ ]...
   ✓ [Worker 4] Đã hoàn thành 5/5 từ.
👉 [Worker 4] Đang xử lý nhóm: [ テロメラーゼ, テンイバラザメ, テングハギモドキ, テンジクスズメダイ, テンツキチョウチョウウオ ]...
   ✓ [Worker 4] Đã hoàn thành 5/5 từ.
👉 [Worker 4] Đang xử lý nhóm: [ テンプル, テンポラリ, テースト, テーブルかけ, テーブルテニス ]...
   ✓ [Worker 4] Đã hoàn thành 5/5 từ.
👉 [Worker 4] Đang xử lý nhóm: [ テープカット, テープライブラリ, テープ起こし, テーラー, テール ]...
   ✓ [Worker 4] Đã hoàn thành 5/5 từ.
👉 [Worker 4] Đang xử lý nhóm: [ ディアスポラ, ディクショナリ, ディザ法, ディジタルデータ, ディジボル ]...
   ✓ [Worker 4] Đã hoàn thành 5/5 từ.
👉 [Worker 4] Đang xử lý nhóm: [ ディスカウントキャッシュフロー, ディスカバー, ディスクキャッシング, ディスクブレーキ, ディスクレス ]...
   ✓ [Worker 4] Đã hoàn thành 5/5 từ.
👉 [Worker 4] Đang xử lý nhóm: [ ディスク断片化, ディスコミュニケーション, ディストラクタ, ディスプレイポストスクリプト, ディスポーザー ]...
   ✓ [Worker 4] Đã hoàn thành 5/5 từ.
[33m▲ [43;33m[[43;30mWARNING[43;33m][0m [1m⚠️ This process may take some time, during which your D1 database will be unavailable to serve queries.[0m


📦 [Worker 4] Đã đồng bộ thành công thêm 50 từ.

[Worker 4] Lấy dữ liệu cho mẻ gồm 50 từ...
⏳ [Worker 4] Phát hiện 50 từ khuyết ví dụ.
👉 [Worker 4] Đang xử lý nhóm: [ ディップスイッチ, ディナーセット, ディフ, ディフェンディングチャンピオン, ディボット ]...
   ✓ [Worker 4] Đã hoàn thành 5/5 từ.
👉 [Worker 4] Đang xử lý nhóm: [ ディメンションメンバプロパティ, ディレイ, ディレクトリストア, ディレッタンティズム, ディーイーエス ]...
   ✓ [Worker 4] Đã hoàn thành 5/5 từ.
👉 [Worker 4] Đang xử lý nhóm: [ ディーシーアイ, ディーゼル電気車, ディーピーイー, ディープリーフクロミス, デイケアセンター ]...
   ✓ [Worker 4] Đã hoàn thành 5/5 từ.
👉 [Worker 4] Đang xử lý nhóm: [ デイノニクス, デオキシコール酸, デカダン, デカルト, デカ目 ]...
   ✓ [Worker 4] Đã hoàn thành 5/5 từ.
👉 [Worker 4] Đang xử lý nhóm: [ デキストロチロキシン, デクラッセ, デコチャリ, デコンパイラ, デザイナーズ家具 ]...
   ✓ [Worker 4] Đã hoàn thành 5/5 từ.
👉 [Worker 4] Đang xử lý nhóm: [ デシ, デシュート, デジタルしゃしん, デジタルオーディオラジオサービス, デジタルズーム ]...
   ✓ [Worker 4] Đã hoàn thành 5/5 từ.
👉 [Worker 4] Đang xử lý nhóm: [ デジタルブック, デジタル・デバイド, デジタル化, デジタル衛星放送, デジタルＲＧＢ ]...
   ✓ [Worker 4] Đã hoàn thành 5/5 từ.
👉 [Worker 4] Đang xử lý nhóm: [ デスカレート, デスクトップ・プレゼンテーション, デスクプラン, デストロイヤー, デスルフォビブリオ属 ]...
   ✓ [Worker 4] Đã hoàn thành 5/5 từ.
👉 [Worker 4] Đang xử lý nhóm: [ デタント, デットサービスレシオ, デッドヒート, デデキント, デノテーション ]...
   ✓ [Worker 4] Đã hoàn thành 5/5 từ.
👉 [Worker 4] Đang xử lý nhóm: [ デバイス・ドライバ, デバッグ行, デヒドロコール酸, デビルイヤー, デフォルトち ]...
   ✓ [Worker 4] Đã hoàn thành 5/5 từ.
[33m▲ [43;33m[[43;30mWARNING[43;33m][0m [1m⚠️ This process may take some time, during which your D1 database will be unavailable to serve queries.[0m


📦 [Worker 4] Đã đồng bộ thành công thêm 50 từ.

[Worker 4] Lấy dữ liệu cho mẻ gồm 50 từ...
⏳ [Worker 4] Phát hiện 50 từ khuyết ví dụ.
👉 [Worker 4] Đang xử lý nhóm: [ デフォールトち, デフロスター, デベロップメント, デマゴギー, デミ ]...
   ✓ [Worker 4] Đã hoàn thành 5/5 từ.
👉 [Worker 4] Đang xử lý nhóm: [ デモイセル, デモンストレーション, デュアルインラインパッケージ, デュアルバンド, デュエット ]...
   ✓ [Worker 4] Đã hoàn thành 5/5 từ.
👉 [Worker 4] Đang xử lý nhóm: [ デュラムこむぎ, デューティサイクルひずみジッタ, デラウェア, デリゲート, デリヘル ]...
   ✓ [Worker 4] Đã hoàn thành 5/5 từ.
👉 [Worker 4] Đang xử lý nhóm: [ デルタレトロウイルス, デルフトやき, デングワクチン, デントコーン, データこうかん ]...
   ✓ [Worker 4] Đã hoàn thành 5/5 từ.
👉 [Worker 4] Đang xử lý nhóm: [ データの要素, データオブジェクト, データストア, データチェック, データファイル ]...
   ✓ [Worker 4] Đã hoàn thành 5/5 từ.
👉 [Worker 4] Đang xử lý nhóm: [ データベースサーバ, データマイグレーション, データリンクコネクション識別子, データ付き出力基本要素, データ入力 ]...
   ✓ [Worker 4] Đã hoàn thành 5/5 từ.
👉 [Worker 4] Đang xử lý nhóm: [ データ処理機械, データ回線終端装置, データ完全性, データ投入, トーン ]...
   ✓ [Worker 4] Đã hoàn thành 5/5 từ.
👉 [Worker 4] Đang xử lý nhóm: [ ドが付く, ドアップ, ドアーズ, ドイツ民主共和国, ドゥーチェ ]...
   ✓ [Worker 4] Đã hoàn thành 5/5 từ.
👉 [Worker 4] Đang xử lý nhóm: [ ドキドキ, ドキュメントスキャナ, ドクイトグモ, ドクダミ科, ドコンム ]...
   ✓ [Worker 4] Đã hoàn thành 5/5 từ.
👉 [Worker 4] Đang xử lý nhóm: [ ドスン, ドッキングする, ドッグレース, ドットバイドット, ドット印字装置 ]...
   ✓ [Worker 4] Đã hoàn thành 5/5 từ.
[33m▲ [43;33m[[43;30mWARNING[43;33m][0m [1m⚠️ This process may take some time, during which your D1 database will be unavailable to serve queries.[0m


📦 [Worker 4] Đã đồng bộ thành công thêm 50 từ.

[Worker 4] Lấy dữ liệu cho mẻ gồm 50 từ...
⏳ [Worker 4] Phát hiện 50 từ khuyết ví dụ.
👉 [Worker 4] Đang xử lý nhóm: [ ドドーン, ドブニウム, ドベ, ドミンゴ, ドメイン固有言語 ]...
   ✓ [Worker 4] Đã hoàn thành 5/5 từ.
👉 [Worker 4] Đang xử lý nhóm: [ ドライアイス, ドライスーツ, ドライフルーツ, ドライブバイインストール, ドライペイント ]...
   ✓ [Worker 4] Đã hoàn thành 5/5 từ.
👉 [Worker 4] Đang xử lý nhóm: [ ドラコン, ドラックストア, ドラテク, ドラマＣＤ, ドラムマシーン ]...
   ✓ [Worker 4] Đã hoàn thành 5/5 từ.
👉 [Worker 4] Đang xử lý nhóm: [ ドラヴィダ語族, ドリフト, ドリルビット, ドルかい, ドルカスガゼル ]...
   ✓ [Worker 4] Đã hoàn thành 5/5 từ.
👉 [Worker 4] Đang xử lý nhóm: [ ドルビーサラウンド, ドル外交, ドレスコード, ドレッシング材固着, ドレンチェリー ]...
   ✓ [Worker 4] Đã hoàn thành 5/5 từ.
👉 [Worker 4] Đang xử lý nhóm: [ ドロップアウトカラー, ドロップダウンリストボックス, ドロンを決める, ドローボール, ドングリ ]...
   ✓ [Worker 4] Đã hoàn thành 5/5 từ.
👉 [Worker 4] Đang xử lý nhóm: [ ドーク, ドーナツ状, ドーベルマンピンシェル, ドール, ドＭ ]...
   ✓ [Worker 4] Đã hoàn thành 5/5 từ.
👉 [Worker 4] Đang xử lý nhóm: [ ナイシン, ナイセリア・シッカ, ナイトガウン, ナイトマーケット, ナイフエッジ ]...
   ✓ [Worker 4] Đã hoàn thành 5/5 từ.
👉 [Worker 4] Đang xử lý nhóm: [ ナイルパーチ, ナイーブ, ナガテングハギモドキ, ナシゴレン, ナショナルコスチューム ]...
   ✓ [Worker 4] Đã hoàn thành 5/5 từ.
👉 [Worker 4] Đang xử lý nhóm: [ ナショナルブランド, ナスティグラム, ナタールトビー, ナチュラルグリップ, ナックルパート ]...
   ✓ [Worker 4] Đã hoàn thành 5/5 từ.
[33m▲ [43;33m[[43;30mWARNING[43;33m][0m [1m⚠️ This process may take some time, during which your D1 database will be unavailable to serve queries.[0m


📦 [Worker 4] Đã đồng bộ thành công thêm 50 từ.

[Worker 4] Lấy dữ liệu cho mẻ gồm 50 từ...
⏳ [Worker 4] Phát hiện 50 từ khuyết ví dụ.
👉 [Worker 4] Đang xử lý nhóm: [ ナットランナー, ナトリウム, ナノウイルス, ナノバイオ, ナノ複合体 ]...
   ✓ [Worker 4] Đã hoàn thành 5/5 từ.
👉 [Worker 4] Đang xử lý nhóm: [ ナビゲーション, ナフテン, ナポリを見て死ね, ナミハリネズミ, ナリッシュ ]...
   ✓ [Worker 4] Đã hoàn thành 5/5 từ.
👉 [Worker 4] Đang xử lý nhóm: [ ナルドスタキス属, ナロウバンド, ナンクロ, ナンバークロス, ナンパ師 ]...
   ✓ [Worker 4] Đã hoàn thành 5/5 từ.
👉 [Worker 4] Đang xử lý nhóm: [ データ確認, データ記述レコード, データ通信装置, デービー, デーリーサテライトフィード ]...
   ✓ [Worker 4] Đã hoàn thành 5/5 từ.
👉 [Worker 4] Đang xử lý nhóm: [ トイピアノ, トゥエルブ, トゥルータイプ, トウダイグサ属, トカイニド ]...
   ✓ [Worker 4] Đã hoàn thành 5/5 từ.
👉 [Worker 4] Đang xử lý nhóm: [ トガリザメ属, トキシコゲノミクス, トグルスイッチ, トゴトウイルス, トチノキ科 ]...
   ✓ [Worker 4] Đã hoàn thành 5/5 từ.
👉 [Worker 4] Đang xử lý nhóm: [ トッフィー, トップス, トップノート, トップランナー, トニック ]...
   ✓ [Worker 4] Đã hoàn thành 5/5 từ.
👉 [Worker 4] Đang xử lý nhóm: [ トピ, トポグラフィー, トミニサージョンフィッシュ, トライアウト, トライシクル ]...
   ✓ [Worker 4] Đã hoàn thành 5/5 từ.
👉 [Worker 4] Đang xử lý nhóm: [ トラウトサーモン, トラクト, トラスきょう, トラックとフィルド, トラックファーム ]...
   ✓ [Worker 4] Đã hoàn thành 5/5 từ.
👉 [Worker 4] Đang xử lý nhóm: [ トラップ, トラバーサル順序, トラヒックパラメータ, トラフィックパラメータ, トラフザメ科 ]...
   ✓ [Worker 4] Đã hoàn thành 5/5 từ.
[33m▲ [43;33m[[43;30mWARNING[43;33m][0m [1m⚠️ This process may take some time, during which your D1 database will be unavailable to serve queries.[0m


📦 [Worker 4] Đã đồng bộ thành công thêm 50 từ.

[Worker 4] Lấy dữ liệu cho mẻ gồm 50 từ...
⏳ [Worker 4] Phát hiện 50 từ khuyết ví dụ.
👉 [Worker 4] Đang xử lý nhóm: [ トラペン, トランクルーム, トランザクションロールバック, トランザクション終了フェーズ, トランジスタ ]...
   ✓ [Worker 4] Đã hoàn thành 5/5 từ.
👉 [Worker 4] Đang xử lý nhóm: [ トランスケトラーゼ, トランスパーソナル心理学, トランスフォーマー, トランスポートサービス利用者, トランスレーションルックアサイドバッファ ]...
   ✓ [Worker 4] Đã hoàn thành 5/5 từ.
👉 [Worker 4] Đang xử lý nhóm: [ トランプ狂, トリアゾラム, トリカルボンさんかいろ, トリクロロ酢酸, トリゴニア ]...
   ✓ [Worker 4] Đã hoàn thành 5/5 từ.
👉 [Worker 4] Đang xử lý nhóm: [ トリッピー, トリニトロベンゼン, トリプシン, トリプルボギー, トリメトプリム耐性 ]...
   ✓ [Worker 4] Đã hoàn thành 5/5 từ.
👉 [Worker 4] Đang xử lý nhóm: [ トリ骨髄芽球症ウイルス, トルコブルー, トルストイアン, トルメティン, トレオニン ]...
   ✓ [Worker 4] Đã hoàn thành 5/5 từ.
👉 [Worker 4] Đang xử lý nhóm: [ トレッキング, トレペ, トレンチ工法, トレーサー, トレーディングカード ]...
   ✓ [Worker 4] Đã hoàn thành 5/5 từ.
👉 [Worker 4] Đang xử lý nhóm: [ トレーニングウェア, トロイ, トロイ衡, トロピカルドリンク, トロロアオイ属 ]...
   ✓ [Worker 4] Đã hoàn thành 5/5 từ.
👉 [Worker 4] Đang xử lý nhóm: [ トロール, トワレット, トントン, トンネルダイオード, トンレサップこ ]...
   ✓ [Worker 4] Đã hoàn thành 5/5 từ.
👉 [Worker 4] Đang xử lý nhóm: [ トーク, トークンパッシング, トースター, トータルルック, トートロジー ]...
   ✓ [Worker 4] Đã hoàn thành 5/5 từ.
👉 [Worker 4] Đang xử lý nhóm: [ トーブ, ノベルズ, ノミネーション, ノモグラム, ノリが良い ]...
   ✓ [Worker 4] Đã hoàn thành 5/5 từ.
[33m▲ [43;33m[[43;30mWARNING[43;33m][0m [1m⚠️ This process may take some time, during which your D1 database will be unavailable to serve queries.[0m


📦 [Worker 4] Đã đồng bộ thành công thêm 50 từ.

[Worker 4] Lấy dữ liệu cho mẻ gồm 50 từ...
⏳ [Worker 4] Phát hiện 50 từ khuyết ví dụ.
👉 [Worker 4] Đang xử lý nhóm: [ ノルエピネフリン, ノルマン人, ノンインパクトプリンタ, ノンストップ自動料金収受システム, ノンバーバル ]...
   ✓ [Worker 4] Đã hoàn thành 5/5 từ.
👉 [Worker 4] Đang xử lý nhóm: [ ノンプロ, ノヴェライゼーション, ノーキャリア, ノーゴール, ノースカロライナ ]...
   ✓ [Worker 4] Đã hoàn thành 5/5 từ.
👉 [Worker 4] Đang xử lý nhóm: [ ノータイム, ノートワープロ, ノーハウ, ノーブラ, ノーベルしょう ]...
   ✓ [Worker 4] Đã hoàn thành 5/5 từ.
👉 [Worker 4] Đang xử lý nhóm: [ ノーマライズ, ノーモア, ノ木偏, ハイアラーキー, ハイエンド ]...
   ✓ [Worker 4] Đã hoàn thành 5/5 từ.
👉 [Worker 4] Đang xử lý nhóm: [ ハイカラー, ハイクリヤー, ハイジャック防止法, ハイセンス, ハイツ ]...
   ✓ [Worker 4] Đã hoàn thành 5/5 từ.
👉 [Worker 4] Đang xử lý nhóm: [ ハイデッカー, ハイドロサルファイト, ハイネック, ハイパボリック(双曲線)サイン, ハイパーウェイズ ]...
   ✓ [Worker 4] Đã hoàn thành 5/5 từ.
👉 [Worker 4] Đang xử lý nhóm: [ ハイパーテキスト転送プロトコル, ハイビスカス, ハイブ, ハイブリッドハードディスク, ハイペロン ]...
   ✓ [Worker 4] Đã hoàn thành 5/5 từ.
👉 [Worker 4] Đang xử lý nhóm: [ ハイムリック法, ハイリスク, ハウサ語, ハウスビル, ハウツー本 ]...
   ✓ [Worker 4] Đã hoàn thành 5/5 từ.
👉 [Worker 4] Đang xử lý nhóm: [ ハカマカズラ属, ハゲブダイ, ハザード, ハシバミの実, ハスラー ]...
   ✓ [Worker 4] Đã hoàn thành 5/5 từ.
👉 [Worker 4] Đang xử lý nhóm: [ ハタタテダイ, ハチミツ, ハッカ属, ハッシュドビーフ, ハッスル ]...
   ✓ [Worker 4] Đã hoàn thành 5/5 từ.
[33m▲ [43;33m[[43;30mWARNING[43;33m][0m [1m⚠️ This process may take some time, during which your D1 database will be unavailable to serve queries.[0m


📦 [Worker 4] Đã đồng bộ thành công thêm 50 từ.

[Worker 4] Lấy dữ liệu cho mẻ gồm 50 từ...
⏳ [Worker 4] Phát hiện 50 từ khuyết ví dụ.
👉 [Worker 4] Đang xử lý nhóm: [ ハッテン場, ハッブルのほうそく, ハト派, ハナエチゼン, ハナミョウガ属 ]...
   ✓ [Worker 4] Đã hoàn thành 5/5 từ.
👉 [Worker 4] Đang xử lý nhóm: [ ハノイで, ハビリテーション, ハブリング, ハプロ不全, ハマダラカ属 ]...
   ✓ [Worker 4] Đã hoàn thành 5/5 từ.
👉 [Worker 4] Đang xử lý nhóm: [ ハミング符号, ハム語族, ハヤシ, ハラペーニョ, ハリエンジュ属 ]...
   ✓ [Worker 4] Đã hoàn thành 5/5 từ.
👉 [Worker 4] Đang xử lý nhóm: [ ハリネズミ科, ハルジー朝, ハルーミ, ハロゲンぞくげんそ, ハロチオバチルス属 ]...
   ✓ [Worker 4] Đã hoàn thành 5/5 từ.
👉 [Worker 4] Đang xử lý nhóm: [ ハワイアン, ハワイ蜜吸, ハンガー, ハングライダー, ハンセン中国レッドチップス指数 ]...
   ✓ [Worker 4] Đã hoàn thành 5/5 từ.
👉 [Worker 4] Đang xử lý nhóm: [ ハンチング帽, ハンディフォン, ナーサリーテール, ナール, ニアービデオオンデマンド ]...
   ✓ [Worker 4] Đã hoàn thành 5/5 từ.
👉 [Worker 4] Đang xử lý nhóm: [ ニガイグチ, ニクロサミド, ニコチンアミダーゼ, ニコニコ動画, ニシジェントルキツネザル ]...
   ✓ [Worker 4] Đã hoàn thành 5/5 từ.
👉 [Worker 4] Đang xử lý nhóm: [ ニセフウライチョウチョウウオ, ニッカドバッテリ, ニッケルカドミウムバッテリ, ニッケル鍍金, ニッパー ]...
   ✓ [Worker 4] Đã hoàn thành 5/5 từ.
👉 [Worker 4] Đang xử lý nhóm: [ ニトロセルロース, ニパウイルス, ニホンヘラザメ, ニュルタム, ニューエコノミー ]...
   ✓ [Worker 4] Đã hoàn thành 5/5 từ.
👉 [Worker 4] Đang xử lý nhóm: [ ニューゲット, ニュージーランドオオウナギ, ニュースエージェント, ニュースソース, ニュースルーム ]...
   ✓ [Worker 4] Đã hoàn thành 5/5 từ.
[33m▲ [43;33m[[43;30mWARNING[43;33m][0m [1m⚠️ This process may take some time, during which your D1 database will be unavailable to serve queries.[0m


📦 [Worker 4] Đã đồng bộ thành công thêm 50 từ.

[Worker 4] Lấy dữ liệu cho mẻ gồm 50 từ...
⏳ [Worker 4] Phát hiện 50 từ khuyết ví dụ.
👉 [Worker 4] Đang xử lý nhóm: [ ニュータウン, ニュートリゲノミクス, ニュートン環, ニューフェース, ニューマチックハンマー ]...
   ✓ [Worker 4] Đã hoàn thành 5/5 từ.
👉 [Worker 4] Đang xử lý nhóm: [ ニューヨークしゅう, ニュールック, ニューロレプト無痛法, ニレ科, ニンヒドリン ]...
   ✓ [Worker 4] Đã hoàn thành 5/5 từ.
👉 [Worker 4] Đang xử lý nhóm: [ ニーズ, ニーパン, ニ等分線（角の…）, ヌクレオソーム, ヌママングース属 ]...
   ✓ [Worker 4] Đã hoàn thành 5/5 từ.
👉 [Worker 4] Đang xử lý nhóm: [ ヌルリスト, ヌーディーカラー, ヌーナン症候群, ネィティブ, ネイティブアメリカン ]...
   ✓ [Worker 4] Đã hoàn thành 5/5 từ.
👉 [Worker 4] Đang xử lý nhóm: [ ネイリスト, ネオインプレッショニズム, ネオダーウィニズム, ネオラマルキズム, ネオン ]...
   ✓ [Worker 4] Đã hoàn thành 5/5 từ.
👉 [Worker 4] Đang xử lý nhóm: [ ネガカラー, ネギ, ネクトン, ネゲット, ネコ汎白血球減少症ウイルス ]...
   ✓ [Worker 4] Đã hoàn thành 5/5 từ.
👉 [Worker 4] Đang xử lý nhóm: [ ネジゲージ, ネズミイルカ属, ネズミーシー, ネタバレ, ネックチェーン ]...
   ✓ [Worker 4] Đã hoàn thành 5/5 từ.
👉 [Worker 4] Đang xử lý nhóm: [ ネットオーエルティピー, ネットスケープ, ネットバブル, ネットユーザ, ネットワークアドレス ]...
   ✓ [Worker 4] Đã hoàn thành 5/5 từ.
👉 [Worker 4] Đang xử lý nhóm: [ ネットワークエンジニア, ネットワークストレージ, ネットワークマネージャ, ネットワーク型IDS, ネットワーク管理システム ]...
   ✓ [Worker 4] Đã hoàn thành 5/5 từ.
👉 [Worker 4] Đang xử lý nhóm: [ ネット犯罪, ネナシカズラ属, ネフロン, ネポウイルス, ネモフィラ ]...
   ✓ [Worker 4] Đã hoàn thành 5/5 từ.
[33m▲ [43;33m[[43;30mWARNING[43;33m][0m [1m⚠️ This process may take some time, during which your D1 database will be unavailable to serve queries.[0m


📦 [Worker 4] Đã đồng bộ thành công thêm 50 từ.

[Worker 4] Lấy dữ liệu cho mẻ gồm 50 từ...
⏳ [Worker 4] Phát hiện 50 từ khuyết ví dụ.
👉 [Worker 4] Đang xử lý nhóm: [ ネーデルランド, ネームバリュー, ノイズ, ノイロン, ノクターン ]...
   ✓ [Worker 4] Đã hoàn thành 5/5 từ.
👉 [Worker 4] Đang xử lý nhóm: [ ノストロ・アカウント, ノックアウト価格, ノッチバック, ノバ, バブルメモリ ]...
   ✓ [Worker 4] Đã hoàn thành 5/5 từ.
👉 [Worker 4] Đang xử lý nhóm: [ バベシア属, バラエティーショー, バラスト, バラモン教, バランチジウム属 ]...
   ✓ [Worker 4] Đã hoàn thành 5/5 từ.
👉 [Worker 4] Đang xử lý nhóm: [ バラ肉, バリアフリー, バリオレートテンジクザメ, バリデーション, バリューアプローチ ]...
   ✓ [Worker 4] Đã hoàn thành 5/5 từ.
👉 [Worker 4] Đang xử lý nhóm: [ バルカンファイバー, バルクライン, バルサム樅, バルトネラ属, バルビツルさん ]...
   ✓ [Worker 4] Đã hoàn thành 5/5 từ.
👉 [Worker 4] Đang xử lý nhóm: [ バルボル, バルーン表示, バレバレ, バロックおんがく, バンカー ]...
   ✓ [Worker 4] Đã hoàn thành 5/5 từ.
👉 [Worker 4] Đang xử lý nhóm: [ バングラデシュ, バンジョー, バンチ症候群, バンデージ, バンドスコア ]...
   ✓ [Worker 4] Đã hoàn thành 5/5 từ.
👉 [Worker 4] Đang xử lý nhóm: [ バンドワゴン効果, バンプマッピング, バーク, バーゲンハンティング, バージョンロールバック攻撃 ]...
   ✓ [Worker 4] Đã hoàn thành 5/5 từ.
👉 [Worker 4] Đang xử lý nhóm: [ バースデーカード, バースト的, バーター, バーチャル ピー シー, バーチャルプライベートサーバ ]...
   ✓ [Worker 4] Đã hoàn thành 5/5 từ.
👉 [Worker 4] Đang xử lý nhóm: [ バーテックスシェーダ, バードウオッチャー, バーニシング, バーベキュー, バーミューダトライアングル ]...
   ✓ [Worker 4] Đã hoàn thành 5/5 từ.
[33m▲ [43;33m[[43;30mWARNING[43;33m][0m [1m⚠️ This process may take some time, during which your D1 database will be unavailable to serve queries.[0m


📦 [Worker 4] Đã đồng bộ thành công thêm 50 từ.

[Worker 4] Lấy dữ liệu cho mẻ gồm 50 từ...
⏳ [Worker 4] Phát hiện 50 từ khuyết ví dụ.
👉 [Worker 4] Đang xử lý nhóm: [ バーンイン, パイオツ, パイナップ, パイプス, パイプライン処理機構 ]...
   ✓ [Worker 4] Đã hoàn thành 5/5 từ.
👉 [Worker 4] Đang xử lý nhóm: [ パイル地, パイロットテスト, パイロン, パウダー, パウロの書簡 ]...
   ✓ [Worker 4] Đã hoàn thành 5/5 từ.
👉 [Worker 4] Đang xử lý nhóm: [ パギャル, パケットこうかん, パケット形態端末, パシる, パジャマ ]...
   ✓ [Worker 4] Đã hoàn thành 5/5 từ.
👉 [Worker 4] Đang xử lý nhóm: [ パスカルの三角形, パスツレラ, パストラル, パスワード失効, パソコンつうしん ]...
   ✓ [Worker 4] Đã hoàn thành 5/5 từ.
👉 [Worker 4] Đang xử lý nhóm: [ パタン, パターン一致, パチルス, パッカー, パック１０進表記法 ]...
   ✓ [Worker 4] Đã hoàn thành 5/5 từ.
👉 [Worker 4] Đang xử lý nhóm: [ パッケージ図, パッシブホーミング, パッセンジャー, パッチリ, パップ ]...
   ✓ [Worker 4] Đã hoàn thành 5/5 từ.
👉 [Worker 4] Đang xử lý nhóm: [ パテナイフ, パトロールカー, パナマ帽, パニーノ, パネル構造建築 ]...
   ✓ [Worker 4] Đã hoàn thành 5/5 từ.
👉 [Worker 4] Đang xử lý nhóm: [ パパベリン, パピローマウイルス科, パブジーン, ハンドアックス, ハンドセット ]...
   ✓ [Worker 4] Đã hoàn thành 5/5 từ.
👉 [Worker 4] Đang xử lý nhóm: [ ハンドヘルド, ハンドラ, ハンドワーク, ハンマービーム, ハン国 ]...
   ✓ [Worker 4] Đã hoàn thành 5/5 từ.
👉 [Worker 4] Đang xử lý nhóm: [ ハートナップ病, ハード, ハードウェア構成, ハードコート, ハードディスクパスワード ]...
   ✓ [Worker 4] Đã hoàn thành 5/5 từ.
[33m▲ [43;33m[[43;30mWARNING[43;33m][0m [1m⚠️ This process may take some time, during which your D1 database will be unavailable to serve queries.[0m


📦 [Worker 4] Đã đồng bộ thành công thêm 50 từ.

[Worker 4] Lấy dữ liệu cho mẻ gồm 50 từ...
⏳ [Worker 4] Phát hiện 50 từ khuyết ví dụ.
👉 [Worker 4] Đang xử lý nhóm: [ ハードパンチャー, ハードワイアリング, ハーバーボッシュ法, ハーフウェーライン, ハーフバック ]...
   ✓ [Worker 4] Đã hoàn thành 5/5 từ.
👉 [Worker 4] Đang xử lý nhóm: [ ハーブスパイス, ハーモニクス, ハ調, バイアス(疫学), バイオエシックス ]...
   ✓ [Worker 4] Đã hoàn thành 5/5 từ.
👉 [Worker 4] Đang xử lý nhóm: [ バイオジーゼル燃料, バイオトイレ, バイオプリンティング, バイオメトリクス認証, バイオリン虫 ]...
   ✓ [Worker 4] Đã hoàn thành 5/5 từ.
👉 [Worker 4] Đang xử lý nhóm: [ バイカラーダムゼルフィッシュ, バイクパッキング, バイソン, バイト・オーダー・マーク, バイナリフォーマット ]...
   ✓ [Worker 4] Đã hoàn thành 5/5 từ.
👉 [Worker 4] Đang xử lý nhóm: [ バイパス, バイプレーヤー, バイヤーほう, バインセオ, バウ ]...
   ✓ [Worker 4] Đã hoàn thành 5/5 từ.
👉 [Worker 4] Đang xử lý nhóm: [ バウンド, バカ受け, バカ騒ぎ, バキュームクリーナー, バクテリオシン ]...
   ✓ [Worker 4] Đã hoàn thành 5/5 từ.
👉 [Worker 4] Đang xử lý nhóm: [ バクテリオファージPRD1, バクテロイデス科, バグ, バケットハット, バシクルモン属 ]...
   ✓ [Worker 4] Đã hoàn thành 5/5 từ.
👉 [Worker 4] Đang xử lý nhóm: [ バジリコ, バスクラリネット, バスストップ, バストライン, バスマット ]...
   ✓ [Worker 4] Đã hoàn thành 5/5 từ.
👉 [Worker 4] Đang xử lý nhóm: [ バス発着場, バセドウ病, バタフライバルブ, バタークリーム, バター炒め ]...
   ✓ [Worker 4] Đã hoàn thành 5/5 từ.
👉 [Worker 4] Đang xử lý nhóm: [ バチャンガチャン, バッカス記法, バックアップ, バックアップ電源, バックグラウンドサウンド ]...
   ✓ [Worker 4] Đã hoàn thành 5/5 từ.
[33m▲ [43;33m[[43;30mWARNING[43;33m][0m [1m⚠️ This process may take some time, during which your D1 database will be unavailable to serve queries.[0m


📦 [Worker 4] Đã đồng bộ thành công thêm 50 từ.

[Worker 4] Lấy dữ liệu cho mẻ gồm 50 từ...
⏳ [Worker 4] Phát hiện 50 từ khuyết ví dụ.
👉 [Worker 4] Đang xử lý nhóm: [ バックスクリーン, バックチャージ, バックバッファ, バックペイ, バックヤード ]...
   ✓ [Worker 4] Đã hoàn thành 5/5 từ.
👉 [Worker 4] Đang xử lý nhóm: [ バック・テスト, バッタモン, バッタ目, バッチリ, バッテリバックアップ ]...
   ✓ [Worker 4] Đã hoàn thành 5/5 từ.
👉 [Worker 4] Đang xử lý nhóm: [ バッドキアリー症候群, バッファリング, バッファ記憶, バトミントン, バトントワラー ]...
   ✓ [Worker 4] Đã hoàn thành 5/5 từ.
👉 [Worker 4] Đang xử lý nhóm: [ バナナのかわ, バナーチェック, バニラ属, ババロア, バフ ]...
   ✓ [Worker 4] Đã hoàn thành 5/5 từ.
👉 [Worker 4] Đang xử lý nhóm: [ ビキューナ, ビグアニド, ビザンチン美術, ビジニスマン, ビジネスカレッジ ]...
   ✓ [Worker 4] Đã hoàn thành 5/5 từ.
👉 [Worker 4] Đang xử lý nhóm: [ ビジネススクール入学共通試験, ビジネスプロセス・リエンジニアリング, ビジネスローン, ビジュアルコミュニケーション, ビジュアルランゲージ ]...
   ✓ [Worker 4] Đã hoàn thành 5/5 từ.
👉 [Worker 4] Đang xử lý nhóm: [ ビスコース人絹, ビズテック, ビタミンE欠乏症, ビタミンＢ１２, ビタミンＰ ]...
   ✓ [Worker 4] Đã hoàn thành 5/5 từ.
👉 [Worker 4] Đang xử lý nhóm: [ ビッグエンディアン式, ビッグバンテスト, ビッチ, ビットパリティ, ビット列 ]...
   ✓ [Worker 4] Đã hoàn thành 5/5 từ.
👉 [Worker 4] Đang xử lý nhóm: [ ビット組合せ, ビデオオンデマンド, ビデオショップ, ビデオデッキ, ビデオリサーチ ]...
   ✓ [Worker 4] Đã hoàn thành 5/5 từ.
👉 [Worker 4] Đang xử lý nhóm: [ ビデオＢＩＯＳ, ビニル基, ビニール製, ビヒズス, ビフォアサービス ]...
   ✓ [Worker 4] Đã hoàn thành 5/5 từ.
[33m▲ [43;33m[[43;30mWARNING[43;33m][0m [1m⚠️ This process may take some time, during which your D1 database will be unavailable to serve queries.[0m


📦 [Worker 4] Đã đồng bộ thành công thêm 50 từ.

[Worker 4] Lấy dữ liệu cho mẻ gồm 50 từ...
⏳ [Worker 4] Phát hiện 50 từ khuyết ví dụ.
👉 [Worker 4] Đang xử lý nhóm: [ ビヘイビア法, ビュイーン, ビューグレゴリー, ビュートロン, ビュー上方向定義ベクトル ]...
   ✓ [Worker 4] Đã hoàn thành 5/5 từ.
👉 [Worker 4] Đang xử lý nhóm: [ ビヨンドミート, ビリダンスがたれんさきゅうきん, ビルダー, ビルハルツ住血吸虫症, ビレッジ ]...
   ✓ [Worker 4] Đã hoàn thành 5/5 từ.
👉 [Worker 4] Đang xử lý nhóm: [ ビンテージ, ビーだま, ビーカ, ビーチウエア, ビーツ ]...
   ✓ [Worker 4] Đã hoàn thành 5/5 từ.
👉 [Worker 4] Đang xử lý nhóm: [ ビート族, ビーフイーター, ビープ音, ビールけん, ビー・エヌ・エフ ]...
   ✓ [Worker 4] Đã hoàn thành 5/5 từ.
👉 [Worker 4] Đang xử lý nhóm: [ ピアジェ, ピアノプレーヤー, ピカ, ピギーバック輸送, ピクチャーレール ]...
   ✓ [Worker 4] Đã hoàn thành 5/5 từ.
👉 [Worker 4] Đang xử lý nhóm: [ ピクロリザ属, ピコ, ピザパイ, ピスタチオ, ピタゴラス ]...
   ✓ [Worker 4] Đã hoàn thành 5/5 từ.
👉 [Worker 4] Đang xử lý nhóm: [ ピチピチ, ピックオフプレー, ピッケル, ピッチャーマウンド, ピテカントロプスエレクトゥス ]...
   ✓ [Worker 4] Đã hoàn thành 5/5 từ.
👉 [Worker 4] Đang xử lý nhóm: [ ピピンアットマーク, ピメント, ピューリタン革命, ピラティス, ピリオド ]...
   ✓ [Worker 4] Đã hoàn thành 5/5 từ.
👉 [Worker 4] Đang xử lý nhóm: [ ピリ辛, ピルビン酸シンターゼ, ピロガロール, ピロン, ピンと ]...
   ✓ [Worker 4] Đã hoàn thành 5/5 từ.
👉 [Worker 4] Đang xử lý nhóm: [ ピンキー, ピンク散し, ピンタック, ピントリング, ピンポイント ]...
   ✓ [Worker 4] Đã hoàn thành 5/5 từ.
[33m▲ [43;33m[[43;30mWARNING[43;33m][0m [1m⚠️ This process may take some time, during which your D1 database will be unavailable to serve queries.[0m


📦 [Worker 4] Đã đồng bộ thành công thêm 50 từ.

[Worker 4] Lấy dữ liệu cho mẻ gồm 50 từ...
⏳ [Worker 4] Phát hiện 50 từ khuyết ví dụ.
👉 [Worker 4] Đang xử lý nhóm: [ ピン芸人, パブリックフォルダ, パミール, パラグライダー, パラシュートスカート ]...
   ✓ [Worker 4] Đã hoàn thành 5/5 từ.
👉 [Worker 4] Đang xử lý nhóm: [ パラチオン, パラパラ, パラプレーン, パラミクソウイルス科, パラメトリック ]...
   ✓ [Worker 4] Đã hoàn thành 5/5 từ.
👉 [Worker 4] Đang xử lý nhóm: [ パラレルインターフェース, パラレル通信, パリサイ人, パリティーチェック, パリ国立銀行 ]...
   ✓ [Worker 4] Đã hoàn thành 5/5 từ.
👉 [Worker 4] Đang xử lý nhóm: [ パルスダイアル, パルス高周波療法, パルボウイルス科, パレコウイルス, パレート最適 ]...
   ✓ [Worker 4] Đã hoàn thành 5/5 từ.
👉 [Worker 4] Đang xử lý nhóm: [ パワーアップ, パワーサプライ, パワーハウス, パワーリード, パンアメリカニズム ]...
   ✓ [Worker 4] Đã hoàn thành 5/5 từ.
👉 [Worker 4] Đang xử lý nhóm: [ パンケーキ, パンスポロブラスト亜目, パンチドランカー, パンチ（オス型）, パント ]...
   ✓ [Worker 4] Đã hoàn thành 5/5 từ.
👉 [Worker 4] Đang xử lý nhóm: [ パンニング, パンピング, パン・ド・カンパーニュ, パン酵母, パーキングドライバー ]...
   ✓ [Worker 4] Đã hoàn thành 5/5 từ.
👉 [Worker 4] Đang xử lý nhóm: [ パーゴラ, パース, パーソナライズ, パーソナルコール, パーソンコール ]...
   ✓ [Worker 4] Đã hoàn thành 5/5 từ.
👉 [Worker 4] Đang xử lý nhóm: [ パーティクルシステム, パーティードレス, パーフェクトゲーム, パーマネントウエーブ, パームサイズＰＣ ]...
   ✓ [Worker 4] Đã hoàn thành 5/5 từ.
👉 [Worker 4] Đang xử lý nhóm: [ パーリーゴートフィッシュ, パー璧, ヒエラティック, ヒガンバナ属, ヒジュラ ]...
   ✓ [Worker 4] Đã hoàn thành 5/5 từ.
[33m▲ [43;33m[[43;30mWARNING[43;33m][0m [1m⚠️ This process may take some time, during which your D1 database will be unavailable to serve queries.[0m


📦 [Worker 4] Đã đồng bộ thành công thêm 50 từ.

[Worker 4] Lấy dữ liệu cho mẻ gồm 50 từ...
⏳ [Worker 4] Phát hiện 50 từ khuyết ví dụ.
👉 [Worker 4] Đang xử lý nhóm: [ ヒステリー, ヒストン, ヒッグス粒子, ヒットソング, ヒップアップガードル ]...
   ✓ [Worker 4] Đã hoàn thành 5/5 từ.
👉 [Worker 4] Đang xử lý nhóm: [ ヒツジグサ属, ヒトゲノム解析計画, ヒトラー, ヒト疾患モデル, ヒドラジン ]...
   ✓ [Worker 4] Đã hoàn thành 5/5 từ.
👉 [Worker 4] Đang xử lý nhóm: [ ヒドロキシルアミン, ヒドロニウムイオン, ヒノキ目, ヒプノセラピスト, ヒマラヤン ]...
   ✓ [Worker 4] Đã hoàn thành 5/5 từ.
👉 [Worker 4] Đang xử lý nhóm: [ ヒメアマガエル科, ヒメフウライチョウチョウウオ, ヒュレー, ヒューマン, ヒューマンライク ]...
   ✓ [Worker 4] Đã hoàn thành 5/5 từ.
👉 [Worker 4] Đang xử lý nhóm: [ ヒューレットパッカード, ヒヨス属, ヒラメ類, ヒルジン治療, ヒレアザミ属 ]...
   ✓ [Worker 4] Đã hoàn thành 5/5 từ.
👉 [Worker 4] Đang xử lý nhóm: [ ヒロイン, ヒンヂ, ヒート, ヒーフ, ヒールアウト ]...
   ✓ [Worker 4] Đã hoàn thành 5/5 từ.
👉 [Worker 4] Đang xử lý nhóm: [ ヒ酸, ビエラ, フェースカード, フェードボール, フェーン現象 ]...
   ✓ [Worker 4] Đã hoàn thành 5/5 từ.
👉 [Worker 4] Đang xử lý nhóm: [ フォアマン, フォックス, フォトカプラー, フォトジェニー, フォトフェレーシス ]...
   ✓ [Worker 4] Đã hoàn thành 5/5 từ.
👉 [Worker 4] Đang xử lý nhóm: [ フォトレジスト, フォノライト, フォルティシモ, フォローパン, フォンタン手術 ]...
   ✓ [Worker 4] Đã hoàn thành 5/5 từ.
👉 [Worker 4] Đang xử lý nhóm: [ フォント名, フォーカルアドヒージョン, フォークランドオオカミ属, フォージーエル, フォーバンディッドバタフライフィッシュ ]...
   ✓ [Worker 4] Đã hoàn thành 5/5 từ.
[33m▲ [43;33m[[43;30mWARNING[43;33m][0m [1m⚠️ This process may take some time, during which your D1 database will be unavailable to serve queries.[0m


📦 [Worker 4] Đã đồng bộ thành công thêm 50 từ.

[Worker 4] Lấy dữ liệu cho mẻ gồm 50 từ...
⏳ [Worker 4] Phát hiện 50 từ khuyết ví dụ.
👉 [Worker 4] Đang xử lý nhóm: [ フォーミュラ, フォーム・ファクタ, フォールスアイサージャント, フォーン, フクロタケ ]...
   ✓ [Worker 4] Đã hoàn thành 5/5 từ.
👉 [Worker 4] Đang xử lý nhóm: [ フコイダン, フジツボ上目, フゾバクテリウム感染症, フタル酸ジブチル, フックの法則 ]...
   ✓ [Worker 4] Đã hoàn thành 5/5 từ.
👉 [Worker 4] Đang xử lý nhóm: [ フットバール選手, フットレスト, フッ化物, フツ, フマル酸 ]...
   ✓ [Worker 4] Đã hoàn thành 5/5 từ.
👉 [Worker 4] Đang xử lý nhóm: [ フューナラルマーチ, フライス, フライトデータレコーダー, フライホイール, フラウ ]...
   ✓ [Worker 4] Đã hoàn thành 5/5 từ.
👉 [Worker 4] Đang xử lý nhóm: [ フラグ, フラストレーション, フラッシュバルブ, フラッタ, フラットニング（ならし矯正） ]...
   ✓ [Worker 4] Đã hoàn thành 5/5 từ.
👉 [Worker 4] Đang xử lý nhóm: [ フラットレース, フラビウイルス, フラボキサート, フラメンコ, フランクフルト国民議会 ]...
   ✓ [Worker 4] Đã hoàn thành 5/5 từ.
👉 [Worker 4] Đang xử lý nhóm: [ フランスししゅう, フランス料理, フランセ, フラー, フリジア語 ]...
   ✓ [Worker 4] Đã hoàn thành 5/5 từ.
👉 [Worker 4] Đang xử lý nhóm: [ フリッター, フリューゲルホルン, フリーUNIX, フリーキャッシュフローバリエーション, フリージャーナリスト ]...
   ✓ [Worker 4] Đã hoàn thành 5/5 từ.
👉 [Worker 4] Đang xử lý nhóm: [ フリーソフト, フリートーク, フリーブッキング, フリーランサー, フルオコルトロン ]...
   ✓ [Worker 4] Đã hoàn thành 5/5 từ.
👉 [Worker 4] Đang xử lý nhóm: [ フルカラープリンター, フルコース, フルスクリーンエディタ, フルタイム従業員, フルヌード ]...
   ✓ [Worker 4] Đã hoàn thành 5/5 từ.
[33m▲ [43;33m[[43;30mWARNING[43;33m][0m [1m⚠️ This process may take some time, during which your D1 database will be unavailable to serve queries.[0m


📦 [Worker 4] Đã đồng bộ thành công thêm 50 từ.

[Worker 4] Lấy dữ liệu cho mẻ gồm 50 từ...
⏳ [Worker 4] Phát hiện 50 từ khuyết ví dụ.
👉 [Worker 4] Đang xử lý nhóm: [ フルファッション, フルマ鴎, フルーツジュース, フルート, フレアースカート ]...
   ✓ [Worker 4] Đã hoàn thành 5/5 từ.
👉 [Worker 4] Đang xử lý nhóm: [ フレキシブル, フレックス, フレッツＩＳＤＮ, フレンチエンゼルフィッシュ, フレンチフライドポテト ]...
   ✓ [Worker 4] Đã hoàn thành 5/5 từ.
👉 [Worker 4] Đang xử lý nhóm: [ フレーバー, フレームベース, フレーム間タイムフィル, フロアプライス, ピーエイチピーマイアドミン ]...
   ✓ [Worker 4] Đã hoàn thành 5/5 từ.
👉 [Worker 4] Đang xử lý nhóm: [ ピーエルエム, ピーク, ピークロードプライシング, ピーゴ, ピーシードス ]...
   ✓ [Worker 4] Đã hoàn thành 5/5 từ.
👉 [Worker 4] Đang xử lý nhóm: [ ピーターパンシンドローム, ピーディーピーシー, ピーナナ, ピーブイシー, ピーユーイー ]...
   ✓ [Worker 4] Đã hoàn thành 5/5 từ.
👉 [Worker 4] Đang xử lý nhóm: [ ファイアインシュアランス, ファイアーフォックス, ファイナンス, ファイバーツーザホーム, ファイルの保守 ]...
   ✓ [Worker 4] Đã hoàn thành 5/5 từ.
👉 [Worker 4] Đang xử lý nhóm: [ ファイルアクセス構造, ファイルサーバ, ファイルバックアップ, ファイル作成時, ファイル名の完結 ]...
   ✓ [Worker 4] Đã hoàn thành 5/5 từ.
👉 [Worker 4] Đang xử lý nhóm: [ ファイル拡張子, ファイル記述, ファインセラミックス, ファウル, ファカルティディべロップメント ]...
   ✓ [Worker 4] Đã hoàn thành 5/5 từ.
👉 [Worker 4] Đang xử lý nhóm: [ ファクトデータベース, ファシスト, ファジー, ファストイーサチャネル, ファセット分類体系 ]...
   ✓ [Worker 4] Đã hoàn thành 5/5 từ.
👉 [Worker 4] Đang xử lý nhóm: [ ファッションざっし, ファッションモデル, ファニチャー, ファブリー病, ファミリーバイク ]...
   ✓ [Worker 4] Đã hoàn thành 5/5 từ.
[33m▲ [43;33m[[43;30mWARNING[43;33m][0m [1m⚠️ This process may take some time, during which your D1 database will be unavailable to serve queries.[0m


📦 [Worker 4] Đã đồng bộ thành công thêm 50 từ.

[Worker 4] Lấy dữ liệu cho mẻ gồm 50 từ...
⏳ [Worker 4] Phát hiện 50 từ khuyết ví dụ.
👉 [Worker 4] Đang xử lý nhóm: [ ファラッド, ファリサイ派, ファンアウト, ファンサブ, ファンタジック ]...
   ✓ [Worker 4] Đã hoàn thành 5/5 từ.
👉 [Worker 4] Đang xử lý nhóm: [ ファンデルワールス力, ファンドマネージャー, ファーイースト, ファーストコンタクト, ファーストレディー ]...
   ✓ [Worker 4] Đã hoàn thành 5/5 từ.
👉 [Worker 4] Đang xử lý nhóm: [ ファームウェアアップデート, フィギュアヘッド, フィジオロジー, フィストファック, フィッシュアイレンズ ]...
   ✓ [Worker 4] Đã hoàn thành 5/5 từ.
👉 [Worker 4] Đang xử lý nhóm: [ フィット, フィド, フィフティーズ, フィヨルド, フィラー文字 ]...
   ✓ [Worker 4] Đã hoàn thành 5/5 từ.
👉 [Worker 4] Đang xử lý nhóm: [ フィリピン総合指数, フィルタ項目, フィルムスピード, フィレモンへの手紙, フィンウゴル語派 ]...
   ✓ [Worker 4] Đã hoàn thành 5/5 từ.
👉 [Worker 4] Đang xử lý nhóm: [ フィージビリティスタディ, フィート, フィールズ, フィールドスタディー, フウスイ ]...
   ✓ [Worker 4] Đã hoàn thành 5/5 từ.
👉 [Worker 4] Đang xử lý nhóm: [ フェアコピー, フェイスタオル, フェイルソフト, フェス, フェティシズム ]...
   ✓ [Worker 4] Đã hoàn thành 5/5 từ.
👉 [Worker 4] Đang xử lý nhóm: [ フェニキア, フェネック, フェノール樹脂, フェミニン, フェラチオ ]...
   ✓ [Worker 4] Đã hoàn thành 5/5 từ.
👉 [Worker 4] Đang xử lý nhóm: [ フェルト, フェルマーのもんだい, フェルミりゅうし, フェロシアン化カリウム, フェンチオン ]...
   ✓ [Worker 4] Đã hoàn thành 5/5 từ.
👉 [Worker 4] Đang xử lý nhóm: [ プアーホワイト, プシロフィトン, プチプライス, プッシュプル, プッシング ]...
   ✓ [Worker 4] Đã hoàn thành 5/5 từ.
[33m▲ [43;33m[[43;30mWARNING[43;33m][0m [1m⚠️ This process may take some time, during which your D1 database will be unavailable to serve queries.[0m


📦 [Worker 4] Đã đồng bộ thành công thêm 50 từ.

[Worker 4] Lấy dữ liệu cho mẻ gồm 50 từ...
⏳ [Worker 4] Phát hiện 50 từ khuyết ví dụ.
👉 [Worker 4] Đang xử lý nhóm: [ プトレマイオス朝, プライスリーダー, プライバシーマーク, プライベートブランド, プライマリパーティション ]...
   ✓ [Worker 4] Đã hoàn thành 5/5 từ.
👉 [Worker 4] Đang xử lý nhóm: [ プライマル, プラカード, プラグ互換, プラスアルファ部分, プラスチック爆弾 ]...
   ✓ [Worker 4] Đã hoàn thành 5/5 từ.
👉 [Worker 4] Đang xử lý nhóm: [ プラスマイナス, プラズマガス, プラズモン共鳴, プラッタ, プラトン主義 ]...
   ✓ [Worker 4] Đã hoàn thành 5/5 từ.
👉 [Worker 4] Đang xử lý nhóm: [ プラハン, プランクの法則, プラントリノベーション, プラージュ, プリオン病 ]...
   ✓ [Worker 4] Đã hoàn thành 5/5 từ.
👉 [Worker 4] Đang xử lý nhóm: [ プリセット値, プリプリ怒る, プリマドンナ, プリンシパル, プリンタセッション ]...
   ✓ [Worker 4] Đã hoàn thành 5/5 từ.
👉 [Worker 4] Đang xử lý nhóm: [ プリント, プリントプレビュー, プリン体, プルオーバー, プルタブ ]...
   ✓ [Worker 4] Đã hoàn thành 5/5 từ.
👉 [Worker 4] Đang xử lý nhóm: [ プルマンカー, プルーフ, プレアデス星団, プレインキュベーション, プレコンパクト ]...
   ✓ [Worker 4] Đã hoàn thành 5/5 từ.
👉 [Worker 4] Đang xử lý nhóm: [ プレスカード, プレスト, プレゼンテーション する, プレッシャパッド, プレハブじゅうたく ]...
   ✓ [Worker 4] Đã hoàn thành 5/5 từ.
👉 [Worker 4] Đang xử lý nhóm: [ プレファブ, プレミアムフライデー, プレーオフ, プレートアンパイア, プレーンオムレツ ]...
   ✓ [Worker 4] Đã hoàn thành 5/5 từ.
👉 [Worker 4] Đang xử lý nhóm: [ プロアクティブキャッシュ, プログラマブルロジックデバイス, プログラムI/O, プログラムディレクター, プログラム化 ]...
   ✓ [Worker 4] Đã hoàn thành 5/5 từ.
[33m▲ [43;33m[[43;30mWARNING[43;33m][0m [1m⚠️ This process may take some time, during which your D1 database will be unavailable to serve queries.[0m


📦 [Worker 4] Đã đồng bộ thành công thêm 50 từ.

[Worker 4] Lấy dữ liệu cho mẻ gồm 50 từ...
⏳ [Worker 4] Phát hiện 50 từ khuyết ví dụ.
👉 [Worker 4] Đang xử lý nhóm: [ プログラム細胞死, プログレッシブJPEG, プロショップ, プロジェクトファイル, プロジェクト憲章 ]...
   ✓ [Worker 4] Đã hoàn thành 5/5 từ.
👉 [Worker 4] Đang xử lý nhóm: [ プロスティチュート, プロセスイノベーション, プロセス印刷, プロセニアムアーチ, プロダクトイノベーション ]...
   ✓ [Worker 4] Đã hoàn thành 5/5 từ.
👉 [Worker 4] Đang xử lý nhóm: [ プロッタフォント, プロテインC欠損症, プロテクトメモリー, プロディジー, プロトコルアナライザ ]...
   ✓ [Worker 4] Đã hoàn thành 5/5 từ.
👉 [Worker 4] Đang xử lý nhóm: [ プロトコル適合性試験報告書, プロトンじりょくけい, プロバブル, プロパンガス, プロファイリング ]...
   ✓ [Worker 4] Đã hoàn thành 5/5 từ.
👉 [Worker 4] Đang xử lý nhóm: [ プロフェッション, プロペラポンプ, プロポーショナルフォント, プロムナードデッキ, プロリン ]...
   ✓ [Worker 4] Đã hoàn thành 5/5 từ.
👉 [Worker 4] Đang xử lý nhóm: [ プロレタリア文学, フロアレディー, フロックコート, フロップス, フロンガス ]...
   ✓ [Worker 4] Đã hoàn thành 5/5 từ.
👉 [Worker 4] Đang xử lý nhóm: [ フロントエンド通信プロセッサ, フロー, フローターサーブ, フローリン, フーガ ]...
   ✓ [Worker 4] Đã hoàn thành 5/5 từ.
👉 [Worker 4] Đang xử lý nhóm: [ フート, フーリエ変換, ブおとこ, ブイエイチディー, ブイオーアイピー ]...
   ✓ [Worker 4] Đã hoàn thành 5/5 từ.
👉 [Worker 4] Đang xử lý nhóm: [ ブイティーヒャク, ブイピーエス, ブイ・ビー・スクリプト, ブサメン, ブズーキ ]...
   ✓ [Worker 4] Đã hoàn thành 5/5 từ.
👉 [Worker 4] Đang xử lý nhóm: [ ブタ呼吸器コロナウイルス, ブチアイゴ, ブチロフェノン, ブチ壊す, ブックケース ]...
   ✓ [Worker 4] Đã hoàn thành 5/5 từ.
[33m▲ [43;33m[[43;30mWARNING[43;33m][0m [1m⚠️ This process may take some time, during which your D1 database will be unavailable to serve queries.[0m


📦 [Worker 4] Đã đồng bộ thành công thêm 50 từ.

[Worker 4] Lấy dữ liệu cho mẻ gồm 50 từ...
⏳ [Worker 4] Phát hiện 50 từ khuyết ví dụ.
👉 [Worker 4] Đang xử lý nhóm: [ ブックモビル, ブッチャー, ブドウ属, ブドウ種子抽出物, ブナシメジ ]...
   ✓ [Worker 4] Đã hoàn thành 5/5 từ.
👉 [Worker 4] Đang xử lý nhóm: [ ブフナー漏斗, ブライダル産業, ブラインドテスト, ブラウズ, ブラウントラウト ]...
   ✓ [Worker 4] Đã hoàn thành 5/5 từ.
👉 [Worker 4] Đang xử lý nhóm: [ ブラコン, ブラジルサッカー協会, ブラストミセス症, ブラックコンテンポラリー, ブラックスワン ]...
   ✓ [Worker 4] Đã hoàn thành 5/5 từ.
👉 [Worker 4] Đang xử lý nhóm: [ ブラックバンディッドホッグフィッシュ, ブラックペッパー, ブラックマーケット, ブラッシー, ブラディリゾビウム科 ]...
   ✓ [Worker 4] Đã hoàn thành 5/5 từ.
👉 [Worker 4] Đang xử lý nhóm: [ ブランクの展開, ブランディング, ブランド品, ブリキ, ブリックス ]...
   ✓ [Worker 4] Đã hoàn thành 5/5 từ.
👉 [Worker 4] Đang xử lý nhóm: [ ブリッジ入力回路, ブリュッセル, ブリーダー, ブルガダ症候群, ブルジョワ ]...
   ✓ [Worker 4] Đã hoàn thành 5/5 từ.
👉 [Worker 4] Đang xử lý nhóm: [ ブルセラ症, ブルナンイルカ, ブルーアクシルクロミス, ブルースクリーン, ブルーチーズ ]...
   ✓ [Worker 4] Đã hoàn thành 5/5 từ.
👉 [Worker 4] Đang xử lý nhóm: [ ブルーバックス, ブルーマンデー, ブルーレイドライブ, ブレザー, ブレトンウッズ体制 ]...
   ✓ [Worker 4] Đã hoàn thành 5/5 từ.
👉 [Worker 4] Đang xử lý nhóm: [ ブレンド する, ブレーキドラム, ブレーク信号, ブレーントラスト, ブロッカー ]...
   ✓ [Worker 4] Đã hoàn thành 5/5 từ.
👉 [Worker 4] Đang xử lý nhóm: [ ブロックソフト, ブロックポイント, ブロック符号, ブロッチドフォックスフェイス, ブロモベンゼン ]...
   ✓ [Worker 4] Đã hoàn thành 5/5 từ.
[33m▲ [43;33m[[43;30mWARNING[43;33m][0m [1m⚠️ This process may take some time, during which your D1 database will be unavailable to serve queries.[0m


📦 [Worker 4] Đã đồng bộ thành công thêm 50 từ.

[Worker 4] Lấy dữ liệu cho mẻ gồm 50 từ...
⏳ [Worker 4] Phát hiện 50 từ khuyết ví dụ.
👉 [Worker 4] Đang xử lý nhóm: [ ブローカー業務, ブロードキャスティング, ブローニング, ブーイング, ブータブルCD ]...
   ✓ [Worker 4] Đã hoàn thành 5/5 từ.
👉 [Worker 4] Đang xử lý nhóm: [ ブートドライブ, ブードゥー教, ブーリアン関数, ブール関数, ボサボサ ]...
   ✓ [Worker 4] Đã hoàn thành 5/5 từ.
👉 [Worker 4] Đang xử lý nhóm: [ ボスニア･ヘルツェゴビナ, ボタンインコ属, ボタ山, ボックスプリーツ, ボツリヌス ]...
   ✓ [Worker 4] Đã hoàn thành 5/5 từ.
👉 [Worker 4] Đang xử lý nhóm: [ ボディイメージ, ボディーアーマー, ボディーピアシング, ボトムアップ・アプローチ, ボトルシップ ]...
   ✓ [Worker 4] Đã hoàn thành 5/5 từ.
👉 [Worker 4] Đang xử lý nhóm: [ ボビナム, ボラン, ボリジ, ボリュームマネージャ, ボルサ指数 ]...
   ✓ [Worker 4] Đã hoàn thành 5/5 từ.
👉 [Worker 4] Đang xử lý nhóm: [ ボルツマン定数, ボルナウイルス科, ボレロ, ボロ勝ち, ボンタイル ]...
   ✓ [Worker 4] Đã hoàn thành 5/5 từ.
👉 [Worker 4] Đang xử lý nhóm: [ ボンネット撞木鮫, ボンボン, ボーイズラブ, ボーク, ボーダーゲートウェイプロトコル ]...
   ✓ [Worker 4] Đã hoàn thành 5/5 từ.
👉 [Worker 4] Đang xử lý nhóm: [ ボーディング, ボートマン, ボーフラ, ボールばん, ボールペン ]...
   ✓ [Worker 4] Đã hoàn thành 5/5 từ.
👉 [Worker 4] Đang xử lý nhóm: [ ボーロ, ポイズ, ポインティングデバイス, ポイントサイズ, ポエット ]...
   ✓ [Worker 4] Đã hoàn thành 5/5 từ.
👉 [Worker 4] Đang xử lý nhóm: [ ポキッと, ポケットベル, ポシェット, ポジティビズム, ポスタ ]...
   ✓ [Worker 4] Đã hoàn thành 5/5 từ.
[33m▲ [43;33m[[43;30mWARNING[43;33m][0m [1m⚠️ This process may take some time, during which your D1 database will be unavailable to serve queries.[0m


📦 [Worker 4] Đã đồng bộ thành công thêm 50 từ.

[Worker 4] Lấy dữ liệu cho mẻ gồm 50 từ...
⏳ [Worker 4] Phát hiện 50 từ khuyết ví dụ.
👉 [Worker 4] Đang xử lý nhóm: [ ポストオフィス, ポストバック, ポストモダニズム, ポタージュ, ポッターズエンジェルフィッシュ ]...
   ✓ [Worker 4] Đã hoàn thành 5/5 từ.
👉 [Worker 4] Đang xử lý nhóm: [ ポップアップメニュー, ポップヒント, ポツンと, ポテンシャル流れ, ポニテ ]...
   ✓ [Worker 4] Đã hoàn thành 5/5 từ.
👉 [Worker 4] Đang xử lý nhóm: [ ポピー, ポライトネス, ポリりんさん, ポリアルティア属, ポリエン ]...
   ✓ [Worker 4] Đã hoàn thành 5/5 từ.
👉 [Worker 4] Đang xử lý nhóm: [ ポリオ後症候群, ポリシング, ポリスルホン, ポリティシャン, ポリビニルアルコール ]...
   ✓ [Worker 4] Đã hoàn thành 5/5 từ.
👉 [Worker 4] Đang xử lý nhóm: [ ポリマーアロイ, ポリロギスム, ポリ酸, ポルトガルPSI-20指数, ポロ ]...
   ✓ [Worker 4] Đã hoàn thành 5/5 từ.
👉 [Worker 4] Đang xử lý nhóm: [ ポワレ, ポンツーン, ポンポン, ポン酢, ポーションサイズ ]...
   ✓ [Worker 4] Đã hoàn thành 5/5 từ.
👉 [Worker 4] Đang xử lý nhóm: [ ポータルサイト, ポートスキャナ, ポートマントー, ポート輻輳, ポーラー ]...
   ✓ [Worker 4] Đã hoàn thành 5/5 từ.
👉 [Worker 4] Đang xử lý nhóm: [ ポーンショップ, マイクロX線CT, マイクロエーティーエックス, マイクロコッカス科, ペスト ]...
   ✓ [Worker 4] Đã hoàn thành 5/5 từ.
👉 [Worker 4] Đang xử lý nhóm: [ ペダル, ペック, ペットボットル, ペディメント, ペトロフード ]...
   ✓ [Worker 4] Đã hoàn thành 5/5 từ.
👉 [Worker 4] Đang xử lý nhóm: [ ペナルティースロー, ペニバン, ペプシ, ペプトン, ペラグラ ]...
   ✓ [Worker 4] Đã hoàn thành 5/5 từ.
[33m▲ [43;33m[[43;30mWARNING[43;33m][0m [1m⚠️ This process may take some time, during which your D1 database will be unavailable to serve queries.[0m


📦 [Worker 4] Đã đồng bộ thành công thêm 50 từ.

[Worker 4] Lấy dữ liệu cho mẻ gồm 50 từ...
⏳ [Worker 4] Phát hiện 50 từ khuyết ví dụ.
👉 [Worker 4] Đang xử lý nhóm: [ ペリプラズム結合タンパク質, ペルオキシド, ペルシュロンしゅ, ペルー天竺鼠, ペロペロ ]...
   ✓ [Worker 4] Đã hoàn thành 5/5 từ.
👉 [Worker 4] Đang xử lý nhóm: [ ペンギン, ペンステモン, ペンダントトップ, ペントースリン酸経路, ペンマンシップ ]...
   ✓ [Worker 4] Đã hoàn thành 5/5 từ.
👉 [Worker 4] Đang xử lý nhóm: [ ペン画, ページェント, ページミル, ページ・フォルト, ページ組み ]...
   ✓ [Worker 4] Đã hoàn thành 5/5 từ.
👉 [Worker 4] Đang xử lý nhóm: [ ペーソス, ペーパータオル, ペーブメント, ホアチン, ホイヘンスのげんり ]...
   ✓ [Worker 4] Đã hoàn thành 5/5 từ.
👉 [Worker 4] Đang xử lý nhóm: [ ホイールアライメント, ホウライタケ属, ホウ酸だんご, ホカ弁, ホシバナモグラ属 ]...
   ✓ [Worker 4] Đã hoàn thành 5/5 từ.
👉 [Worker 4] Đang xử lý nhóm: [ ホスティング・サービス, ホストコンピュータ, ホスト計算機, ホスフィン, ホタル ]...
   ✓ [Worker 4] Đã hoàn thành 5/5 từ.
👉 [Worker 4] Đang xử lý nhóm: [ ホッチキス玉, ホットウオー, ホットジャバ, ホットニュース, ホットライン ]...
   ✓ [Worker 4] Đã hoàn thành 5/5 từ.
👉 [Worker 4] Đang xử lý nhóm: [ ホッパー, ホテヘル, ホバー, ホホジロザメ, ホメオーシス ]...
   ✓ [Worker 4] Đã hoàn thành 5/5 từ.
👉 [Worker 4] Đang xử lý nhóm: [ ホモシスチン尿症, ホモトピック, ホモルーデンス, ホラヘルナ属, ホリデー ]...
   ✓ [Worker 4] Đã hoàn thành 5/5 từ.
👉 [Worker 4] Đang xử lý nhóm: [ ホルド, ホルモン屋, ホログラフィー, ホロ苦い, ホワイトシャツ ]...
   ✓ [Worker 4] Đã hoàn thành 5/5 từ.
[33m▲ [43;33m[[43;30mWARNING[43;33m][0m [1m⚠️ This process may take some time, during which your D1 database will be unavailable to serve queries.[0m


📦 [Worker 4] Đã đồng bộ thành công thêm 50 từ.

[Worker 4] Lấy dữ liệu cho mẻ gồm 50 từ...
⏳ [Worker 4] Phát hiện 50 từ khuyết ví dụ.
👉 [Worker 4] Đang xử lý nhóm: [ ホワイトテールメージャー, ホワイトフェイスバタフライフィッシュ, ホワイトラベルホスティングリセラー, ホンダ, ホースフェイスユニコーンフィッシュ ]...
   ✓ [Worker 4] Đã hoàn thành 5/5 từ.
👉 [Worker 4] Đang xử lý nhóm: [ ホーバークラフト, ホームイン, ホームゲートウェイ, ホームスパン, ホームトレード ]...
   ✓ [Worker 4] Đã hoàn thành 5/5 từ.
👉 [Worker 4] Đang xử lý nhóm: [ ホームマシン, ホーリズム, ホールド, ホ短調, ボイスオーバー ]...
   ✓ [Worker 4] Đã hoàn thành 5/5 từ.
👉 [Worker 4] Đang xử lý nhóm: [ ボイップ, ボイルの法則, ボウフラキン, ボキボキ, ボクサーブリーフ ]...
   ✓ [Worker 4] Đã hoàn thành 5/5 từ.
👉 [Worker 4] Đang xử lý nhóm: [ プローブ, プロ野球チーム, プーラ, プー太郎, ヘアオイル ]...
   ✓ [Worker 4] Đã hoàn thành 5/5 từ.
👉 [Worker 4] Đang xử lý nhóm: [ ヘアトニック, ヘアマニキュアー, ヘイズＡＴコマンド, ヘキサンジオール, ヘクト　（100） ]...
   ✓ [Worker 4] Đã hoàn thành 5/5 từ.
👉 [Worker 4] Đang xử lý nhóm: [ ヘタクン, ヘッダレコード, ヘッドギア, ヘッドハンティング, ヘッドライト ]...
   ✓ [Worker 4] Đã hoàn thành 5/5 từ.
👉 [Worker 4] Đang xử lý nhóm: [ ヘッド回し, ヘテロセクシュアル, ヘトヘト, ヘパリンリアーゼ, ヘビーメタル ]...
   ✓ [Worker 4] Đã hoàn thành 5/5 từ.
👉 [Worker 4] Đang xử lý nhóm: [ ヘブライご, ヘペウイルス, ヘミングダイ（縁曲げ型）, ヘモグロビンSC症, ヘラクレス大兜 ]...
   ✓ [Worker 4] Đã hoàn thành 5/5 từ.
👉 [Worker 4] Đang xử lý nhóm: [ ヘリオックス, ヘリコバクター・フェリス, ヘル, ヘルスチェック, ヘルニア ]...
   ✓ [Worker 4] Đã hoàn thành 5/5 từ.
[33m▲ [43;33m[[43;30mWARNING[43;33m][0m [1m⚠️ This process may take some time, during which your D1 database will be unavailable to serve queries.[0m


📦 [Worker 4] Đã đồng bộ thành công thêm 50 từ.

[Worker 4] Lấy dữ liệu cho mẻ gồm 50 từ...
⏳ [Worker 4] Phát hiện 50 từ khuyết ví dụ.
👉 [Worker 4] Đang xử lý nhóm: [ ヘルファイア, ヘルベチア, ヘレニズム, ヘンパーティー, ベア ]...
   ✓ [Worker 4] Đã hoàn thành 5/5 từ.
👉 [Worker 4] Đang xử lý nhóm: [ ベイウインドー, ベイズ因子, ベオグラード, ベクトル, ベクトルを合わせる ]...
   ✓ [Worker 4] Đã hoàn thành 5/5 từ.
👉 [Worker 4] Đang xử lý nhóm: [ ベクトル方程式, ベゴモウイルス, ベストショット, ベストレート, ベタニジン ]...
   ✓ [Worker 4] Đã hoàn thành 5/5 từ.
👉 [Worker 4] Đang xử lý nhóm: [ ベッコウタケ, ベッドテクニック, ベトナムつうしんしゃ, ベトナム放送局, ベニオチョウチョウウオ ]...
   ✓ [Worker 4] Đã hoàn thành 5/5 từ.
👉 [Worker 4] Đang xử lý nhóm: [ ベネズエラ, ベビーオール, ベビーブーマー, ベラルーシ, ベリリウム中毒 ]...
   ✓ [Worker 4] Đã hoàn thành 5/5 từ.
👉 [Worker 4] Đang xử lý nhóm: [ ベルアトランティック, ベルティッドラス, ベルト車, ベルモット, ベレー ]...
   ✓ [Worker 4] Đã hoàn thành 5/5 từ.
👉 [Worker 4] Đang xử lý nhóm: [ ベロリ, ベンガル虎, ベンジルアミンオキシダーゼ, ベンゼン, ベンゾオキサゾール ]...
   ✓ [Worker 4] Đã hoàn thành 5/5 từ.
👉 [Worker 4] Đang xử lý nhóm: [ ベンダ, ベンチマーキング, ベンチュリー管, ベンドロフルメチアジド, ベークトアラスカ ]...
   ✓ [Worker 4] Đã hoàn thành 5/5 từ.
👉 [Worker 4] Đang xử lý nhóm: [ ベーシックサービス, ベースアドレスレジスタ, ベースボール, ベース６４, ベータレトロウイルス ]...
   ✓ [Worker 4] Đã hoàn thành 5/5 từ.
👉 [Worker 4] Đang xử lý nhóm: [ ベールスペース, ペアリフト, ペイオフレシオ, ペイパーユーズ, ペインティング ]...
   ✓ [Worker 4] Đã hoàn thành 5/5 từ.
[33m▲ [43;33m[[43;30mWARNING[43;33m][0m [1m⚠️ This process may take some time, during which your D1 database will be unavailable to serve queries.[0m


📦 [Worker 4] Đã đồng bộ thành công thêm 50 từ.

[Worker 4] Lấy dữ liệu cho mẻ gồm 50 từ...
⏳ [Worker 4] Phát hiện 50 từ khuyết ví dụ.
👉 [Worker 4] Đang xử lý nhóm: [ ペカン属, ペグマタイト, マイクロサービス, マイクロセル, マイクロソフトプロダクトアクティベーション ]...
   ✓ [Worker 4] Đã hoàn thành 5/5 từ.
👉 [Worker 4] Đang xử lý nhóm: [ マイクロソフト・パワーポイント, マイクロバス, マイクロフロッピー, マイクロマウス, マイクロ波加熱 ]...
   ✓ [Worker 4] Đã hoàn thành 5/5 từ.
👉 [Worker 4] Đang xử lý nhóm: [ マイコバクテリウム・スクロフラセウム, マイコプラズマ・シノビエ, マイコプラズマ肺炎, マイトトキシン, マイナス成長 ]...
   ✓ [Worker 4] Đã hoàn thành 5/5 từ.
👉 [Worker 4] Đang xử lý nhóm: [ マイナー・バージョンアップ, マイページ, マイルカ属, マインドセット, マウスクリック ]...
   ✓ [Worker 4] Đã hoàn thành 5/5 từ.
👉 [Worker 4] Đang xử lý nhóm: [ マウリヤ朝, マウンド, マカダミア属, マガキ, マキャベリズム ]...
   ✓ [Worker 4] Đã hoàn thành 5/5 từ.
👉 [Worker 4] Đang xử lý nhóm: [ マクラメ, マクロシソーラス, マクロプロジェクト, マクロ定義, マグナカルタ ]...
   ✓ [Worker 4] Đã hoàn thành 5/5 từ.
👉 [Worker 4] Đang xử lý nhóm: [ マグネチックインク, マグマだまり, マサチューセッツ, マザーテープ, マシンサイクル ]...
   ✓ [Worker 4] Đã hoàn thành 5/5 từ.
👉 [Worker 4] Đang xử lý nhóm: [ マジェラン鮎並, マジックペン, マジレス, マスカルチャー, マスクロム ]...
   ✓ [Worker 4] Đã hoàn thành 5/5 từ.
👉 [Worker 4] Đang xử lý nhóm: [ マスジド, マスタ・ブート・レコード, マスターデータ, マスターページ, マストアイテム ]...
   ✓ [Worker 4] Đã hoàn thành 5/5 từ.
👉 [Worker 4] Đang xử lý nhóm: [ マス・メディア, マゼラン雲, マタドール, マダガスカル語, マチズモ ]...
   ✓ [Worker 4] Đã hoàn thành 5/5 từ.
[33m▲ [43;33m[[43;30mWARNING[43;33m][0m [1m⚠️ This process may take some time, during which your D1 database will be unavailable to serve queries.[0m


📦 [Worker 4] Đã đồng bộ thành công thêm 50 từ.

[Worker 4] Lấy dữ liệu cho mẻ gồm 50 từ...
⏳ [Worker 4] Phát hiện 50 từ khuyết ví dụ.
👉 [Worker 4] Đang xử lý nhóm: [ マックジョブ, マッサージする, マッシュルーム, マットに沈む, マッハジェット ]...
   ✓ [Worker 4] Đã hoàn thành 5/5 từ.
👉 [Worker 4] Đang xử lý nhóm: [ マツバスズメダイ, マテハン, マトリクス, マトリョーシカ, マドロス ]...
   ✓ [Worker 4] Đã hoàn thành 5/5 từ.
👉 [Worker 4] Đang xử lý nhóm: [ マニキュア, マニュアル, マニラあさ, マネキンガール, マネタイゼーション ]...
   ✓ [Worker 4] Đã hoàn thành 5/5 từ.
👉 [Worker 4] Đang xử lý nhóm: [ マネージドサービスプロバイダ, マネーフロー分析, マハラージャ, ママストロウイルス, マメ目 ]...
   ✓ [Worker 4] Đã hoàn thành 5/5 từ.
👉 [Worker 4] Đang xử lý nhóm: [ マラガシ語, マラリア療法, マリアナ, マリッジブルー, マリンビスト ]...
   ✓ [Worker 4] Đã hoàn thành 5/5 từ.
👉 [Worker 4] Đang xử lý nhóm: [ マルカ, マルクスレーニンしゅぎ, マルコフかてい, マルサスしゅぎ, マルタ語 ]...
   ✓ [Worker 4] Đã hoàn thành 5/5 từ.
👉 [Worker 4] Đang xử lý nhóm: [ マルチキャストアドレス, マルチシステムネットワーク, マルチタスキング, メーンフレーム, モイライ ]...
   ✓ [Worker 4] Đã hoàn thành 5/5 từ.
👉 [Worker 4] Đang xử lý nhóm: [ モクレン科, モザイクびょう, モザンビーク共和国, モジュラー式コンセント, モジュール手続 ]...
   ✓ [Worker 4] Đã hoàn thành 5/5 từ.
👉 [Worker 4] Đang xử lý nhóm: [ モスコミュール, モダンアート, モチゴメ酒, モッツァレラ, モテット ]...
   ✓ [Worker 4] Đã hoàn thành 5/5 từ.
👉 [Worker 4] Đang xử lý nhóm: [ モデム, モデリング変換, モデルルーム, モトローラ, モナーキー ]...
   ✓ [Worker 4] Đã hoàn thành 5/5 từ.
[33m▲ [43;33m[[43;30mWARNING[43;33m][0m [1m⚠️ This process may take some time, during which your D1 database will be unavailable to serve queries.[0m


📦 [Worker 4] Đã đồng bộ thành công thêm 50 từ.

[Worker 4] Lấy dữ liệu cho mẻ gồm 50 từ...
⏳ [Worker 4] Phát hiện 50 từ khuyết ví dụ.
👉 [Worker 4] Đang xử lý nhóm: [ モニミア科, モノアミン酸化酵素, モノクローナル, モノチス, モノポライズ ]...
   ✓ [Worker 4] Đã hoàn thành 5/5 từ.
👉 [Worker 4] Đang xử lý nhóm: [ モノリシックカーネル, モバイルAthlon 4, モバイルギア, モバイルフォン, モビリティ ]...
   ✓ [Worker 4] Đã hoàn thành 5/5 từ.
👉 [Worker 4] Đang xử lý nhóm: [ モホロビチッチ不連続面, モラクセラ属, モラルハザード, モリブデン, モルガヌコドン目 ]...
   ✓ [Worker 4] Đã hoàn thành 5/5 từ.
👉 [Worker 4] Đang xử lý nhóm: [ モルトウイスキー, モルモンきょう, モレーン, モンキキンチャクフグ, モンゴリアン ]...
   ✓ [Worker 4] Đã hoàn thành 5/5 từ.
👉 [Worker 4] Đang xử lý nhóm: [ モンスター, モンタージュ, モンテカルロ法, モンモリロナイト, モーゲージバック証券 ]...
   ✓ [Worker 4] Đã hoàn thành 5/5 từ.
👉 [Worker 4] Đang xử lý nhóm: [ モーションＪＰＥＧ, モーターイン, モーターホーム, モード方式, モーニングドレス ]...
   ✓ [Worker 4] Đã hoàn thành 5/5 từ.
👉 [Worker 4] Đang xử lý nhóm: [ モーメント項, モールディング, ヤギ亜科, ヤシの実, ヤスジニセモチノウオ ]...
   ✓ [Worker 4] Đã hoàn thành 5/5 từ.
👉 [Worker 4] Đang xử lý nhóm: [ ヤツメウナギ類, ヤナギ科, ヤボランジ属, ヤマハ, ヤム ]...
   ✓ [Worker 4] Đã hoàn thành 5/5 từ.
👉 [Worker 4] Đang xử lý nhóm: [ ヤラメスゲ, ヤルタ秘密協定, ヤングタウン, ヤンデレ, ヤーヌスキナーゼ2（ヤヌスキナーゼ2） ]...
   ✓ [Worker 4] Đã hoàn thành 5/5 từ.
👉 [Worker 4] Đang xử lý nhóm: [ ユウレイイカ科, ユダヤきょう, ユッカ, ユニコード技術委員会, ユニタリ行列 ]...
   ✓ [Worker 4] Đã hoàn thành 5/5 từ.
[33m▲ [43;33m[[43;30mWARNING[43;33m][0m [1m⚠️ This process may take some time, during which your D1 database will be unavailable to serve queries.[0m


📦 [Worker 4] Đã đồng bộ thành công thêm 50 từ.

[Worker 4] Lấy dữ liệu cho mẻ gồm 50 từ...
⏳ [Worker 4] Phát hiện 50 từ khuyết ví dụ.
👉 [Worker 4] Đang xử lý nhóm: [ ユニットストックコントロール, ユニバーサル, ユニバーシアード, ユニフォームリソースロケータ, ユビキタス環境 ]...
   ✓ [Worker 4] Đã hoàn thành 5/5 từ.
👉 [Worker 4] Đang xử lý nhóm: [ ユリウスれき, ユーアールエル, ユーエーティー, ユークリッド幾何, ユーゴスラビア ]...
   ✓ [Worker 4] Đã hoàn thành 5/5 từ.
👉 [Worker 4] Đang xử lý nhóm: [ ユーザンス金利, ユーザーサポート, ユーザーライク, ユーザー認証, ユースカルチャー ]...
   ✓ [Worker 4] Đã hoàn thành 5/5 từ.
👉 [Worker 4] Đang xử lý nhóm: [ ムカムカ, ムコ多糖症, ムジャーヒディーン, ムゾリミン, ムナグロギンザメ ]...
   ✓ [Worker 4] Đã hoàn thành 5/5 từ.
👉 [Worker 4] Đang xử lý nhóm: [ ムラサキギンザメ, ムラート, ムンプスワクチン, ムード一色, ムーンウォーク ]...
   ✓ [Worker 4] Đã hoàn thành 5/5 từ.
👉 [Worker 4] Đang xử lý nhóm: [ メイキャップ, メイス, メイヨー, メインキー, メインディレクトリ ]...
   ✓ [Worker 4] Đã hoàn thành 5/5 từ.
👉 [Worker 4] Đang xử lý nhóm: [ メイヴェン, メカニック, メガドライブ, メガバイト毎秒, メガマウスザメ ]...
   ✓ [Worker 4] Đã hoàn thành 5/5 từ.
👉 [Worker 4] Đang xử lý nhóm: [ メキシコし, メキシコ革命, メクロレタミン, メサンギウム細胞, メジャー ]...
   ✓ [Worker 4] Đã hoàn thành 5/5 từ.
👉 [Worker 4] Đang xử lý nhóm: [ メジャー・バージョン番号, メスティーソ, メソッド, メゾスコピック, メタアナリシス ]...
   ✓ [Worker 4] Đã hoàn thành 5/5 từ.
👉 [Worker 4] Đang xử lý nhóm: [ メタセコイア, メタノサルシナ・バルケリ（メタノサルキナ・バルケリ）, メタフィクション, メタボロミクス, メタリック回線 ]...
   ✓ [Worker 4] Đã hoàn thành 5/5 từ.
[33m▲ [43;33m[[43;30mWARNING[43;33m][0m [1m⚠️ This process may take some time, during which your D1 database will be unavailable to serve queries.[0m


📦 [Worker 4] Đã đồng bộ thành công thêm 50 từ.

[Worker 4] Lấy dữ liệu cho mẻ gồm 50 từ...
⏳ [Worker 4] Phát hiện 50 từ khuyết ví dụ.
👉 [Worker 4] Đang xử lý nhóm: [ メタルラス, メタン生成菌, メダカ, メチシリン耐性, メチルアミン ]...
   ✓ [Worker 4] Đã hoàn thành 5/5 từ.
👉 [Worker 4] Đang xử lý nhóm: [ メチルフェデート, メチロコッカス属, メッキ, メッセ, メッセージタイトル ]...
   ✓ [Worker 4] Đã hoàn thành 5/5 từ.
👉 [Worker 4] Đang xử lý nhóm: [ メッセージ流れ機密性, メッセージ通信処理サービス, メテオ, メディアスクラム, メディアレップ ]...
   ✓ [Worker 4] Đã hoàn thành 5/5 từ.
👉 [Worker 4] Đang xử lý nhóm: [ メディカルテクノロジスト, メトヘモグロビン, メトロポリス・ヘイスティングス法, メニエール病, メニーコアプロセッサ ]...
   ✓ [Worker 4] Đã hoàn thành 5/5 từ.
👉 [Worker 4] Đang xử lý nhóm: [ メビウス, メプロバメート, メモリアドレシング, メモリスワップ, メモリリーク ]...
   ✓ [Worker 4] Đã hoàn thành 5/5 từ.
👉 [Worker 4] Đang xử lý nhóm: [ メモリー管理, メモリ管理ユニット, メラニン細胞, メランコリア, メリッサ ]...
   ✓ [Worker 4] Đã hoàn thành 5/5 từ.
👉 [Worker 4] Đang xử lý nhóm: [ メリハリを利かせた, メリーランド, メルセデスベンツ, メルマ, メロドラマ ]...
   ✓ [Worker 4] Đã hoàn thành 5/5 từ.
👉 [Worker 4] Đang xử lý nhóm: [ メンシェヴィキ, メンタル, メンテ, メンバプロパティ, メンブレンキーボード ]...
   ✓ [Worker 4] Đã hoàn thành 5/5 từ.
👉 [Worker 4] Đang xử lý nhóm: [ メーク, メータースタンプ, メートル馬力, メーリング, メールシュート ]...
   ✓ [Worker 4] Đã hoàn thành 5/5 từ.
👉 [Worker 4] Đang xử lý nhóm: [ メール交換, マルチチャネルアンプ, マルチバンドバタフライフィッシュ, マルチフラッシュ, マルチプルプライベートオファリング ]...
   ✓ [Worker 4] Đã hoàn thành 5/5 từ.
[33m▲ [43;33m[[43;30mWARNING[43;33m][0m [1m⚠️ This process may take some time, during which your D1 database will be unavailable to serve queries.[0m


📦 [Worker 4] Đã đồng bộ thành công thêm 50 từ.

[Worker 4] Lấy dữ liệu cho mẻ gồm 50 từ...
⏳ [Worker 4] Phát hiện 50 từ khuyết ví dụ.
👉 [Worker 4] Đang xử lý nhóm: [ マルチプロセッサ, マルチホーミング, マルチメディアデータベース, マルチユーザー, マルチレベルセル ]...
   ✓ [Worker 4] Đã hoàn thành 5/5 từ.
👉 [Worker 4] Đang xử lý nhóm: [ マルツノハジラミ亜目, マルヒゲオオセ, マル暴, マレインさん, マレー山猫 ]...
   ✓ [Worker 4] Đã hoàn thành 5/5 từ.
👉 [Worker 4] Đang xử lý nhóm: [ マロン, マンガか, マンガン団塊, マンゴスチン, マンジュウダイ科 ]...
   ✓ [Worker 4] Đã hoàn thành 5/5 từ.
👉 [Worker 4] Đang xử lý nhóm: [ マンチェゴ, マンデー, マント狒狒, マンネリに陥る, マンファ ]...
   ✓ [Worker 4] Đã hoàn thành 5/5 từ.
👉 [Worker 4] Đang xử lý nhóm: [ マンモン, マーカ列, マークアップ, マーク区間開始, マーケットガーデン ]...
   ✓ [Worker 4] Đã hoàn thành 5/5 từ.
👉 [Worker 4] Đang xử lý nhóm: [ マーケティング, マーケティング戦略, マージ, マージン取引, マーチングバンド ]...
   ✓ [Worker 4] Đã hoàn thành 5/5 từ.
👉 [Worker 4] Đang xử lý nhóm: [ マーメイド, マ行, ミエローマ, ミカン状果, ミクスト ]...
   ✓ [Worker 4] Đã hoàn thành 5/5 từ.
👉 [Worker 4] Đang xử lý nhóm: [ ミクロウイルス科, ミクロファイナンス, ミグ, ミサイル攻撃, ミシミシ ]...
   ✓ [Worker 4] Đã hoàn thành 5/5 từ.
👉 [Worker 4] Đang xử lý nhóm: [ ミスク, ミスティシズム, ミストラル, ミスマッチ塩基対, ミズワニ属 ]...
   ✓ [Worker 4] Đã hoàn thành 5/5 từ.
👉 [Worker 4] Đang xử lý nhóm: [ ミソジニー, ミッキー, ミッションスクール, ミッドフィールダー, ミツスイ科 ]...
   ✓ [Worker 4] Đã hoàn thành 5/5 từ.
[33m▲ [43;33m[[43;30mWARNING[43;33m][0m [1m⚠️ This process may take some time, during which your D1 database will be unavailable to serve queries.[0m


📦 [Worker 4] Đã đồng bộ thành công thêm 50 từ.

[Worker 4] Lấy dữ liệu cho mẻ gồm 50 từ...
⏳ [Worker 4] Phát hiện 50 từ khuyết ví dụ.
👉 [Worker 4] Đang xử lý nhóm: [ ミディアム, ミトコンドリアサイズ, ミトコンドリアＤＮＡハプログループ, ミドル, ミドルタワー型ＰＣ ]...
   ✓ [Worker 4] Đã hoàn thành 5/5 từ.
👉 [Worker 4] Đang xử lý nhóm: [ ミナミナガサキトラザメ, ミニコンピュータ, ミニタワー型コンピュータ, ミニバスチーム, ミニマリストプログラム ]...
   ✓ [Worker 4] Đã hoàn thành 5/5 từ.
👉 [Worker 4] Đang xử lý nhóm: [ ミネソタ多面人格目録検査, ミバエ科, ミムソプス属, ミヤコテングハギ, ミュージカル ]...
   ✓ [Worker 4] Đã hoàn thành 5/5 từ.
👉 [Worker 4] Đang xử lý nhóm: [ ミュージックボックス, ミョウガ, ミラーニューロン, ミリアンペア計, ミリタリーオタク ]...
   ✓ [Worker 4] Đã hoàn thành 5/5 từ.
👉 [Worker 4] Đang xử lý nhóm: [ ミリングマシン, ミルクセーキ, ミルティーユ, ミンクくじら, ミンス ]...
   ✓ [Worker 4] Đã hoàn thành 5/5 từ.
👉 [Worker 4] Đang xử lý nhóm: [ ミントソース, ミートパイ, ユーズド, ユーティリティー, ユーディーエフ ]...
   ✓ [Worker 4] Đã hoàn thành 5/5 từ.
👉 [Worker 4] Đang xử lý nhóm: [ ユーモリスト, ユーレイルパス, ユーロビジョン, ユー・シー・エス, ヨウ化水素 ]...
   ✓ [Worker 4] Đã hoàn thành 5/5 từ.
👉 [Worker 4] Đang xử lý nhóm: [ ヨウ素化, ヨエル書, ヨシュア記, ヨツユビハリネズミ, ヨブ症候群 ]...
   ✓ [Worker 4] Đã hoàn thành 5/5 từ.
👉 [Worker 4] Đang xử lý nhóm: [ ヨンサンマルブイエックス, ヨードベンゼン, ヨーロッパぐり, ヨーロッパバイソン, ヨーロッパ大陸系統人種 ]...
   ✓ [Worker 4] Đã hoàn thành 5/5 từ.
👉 [Worker 4] Đang xử lý nhóm: [ ヨーロッパ平鯛, ヨーロッパ樅, ヨーロッパ連合, ヨーロピアンカジュアル, ライオンタマリン ]...
   ✓ [Worker 4] Đã hoàn thành 5/5 từ.
[33m▲ [43;33m[[43;30mWARNING[43;33m][0m [1m⚠️ This process may take some time, during which your D1 database will be unavailable to serve queries.[0m


📦 [Worker 4] Đã đồng bộ thành công thêm 50 từ.

[Worker 4] Lấy dữ liệu cho mẻ gồm 50 từ...
⏳ [Worker 4] Phát hiện 50 từ khuyết ví dụ.
👉 [Worker 4] Đang xử lý nhóm: [ ライジングスター, ライセンスオーナー, ライター, ライティングビューロー, ライトウェイトディレクトリアクセスプロトコル ]...
   ✓ [Worker 4] Đã hoàn thành 5/5 từ.
👉 [Worker 4] Đang xử lý nhóm: [ ライトダウン, ライトバン, ライトペン検出, ライナーノーツ, ライフエッジ ]...
   ✓ [Worker 4] Đã hoàn thành 5/5 từ.
👉 [Worker 4] Đang xử lý nhóm: [ ライフスタイルファンド, ライフル, ライブドア, ライブレコーディング, ライム病 ]...
   ✓ [Worker 4] Đã hoàn thành 5/5 từ.
👉 [Worker 4] Đang xử lý nhóm: [ ラインアンドスタッフ, ラインダール, ライン川, ラウジネス, ラウンドステーキ ]...
   ✓ [Worker 4] Đã hoàn thành 5/5 từ.
👉 [Worker 4] Đang xử lý nhóm: [ ラオコオン, ラクターゼ, ラクトバチルス・カゼイ, ラクトン, ラグい ]...
   ✓ [Worker 4] Đã hoàn thành 5/5 từ.
👉 [Worker 4] Đang xử lý nhóm: [ ラグランジュ乗数, ラサール, ラジウムりょうほう, ラジオカーボン, ラジオビーコン ]...
   ✓ [Worker 4] Đã hoàn thành 5/5 từ.
👉 [Worker 4] Đang xử lý nhóm: [ ラジカル, ラスタフォント, ラスタ化, ラストラップ, ラセミぶんかつ ]...
   ✓ [Worker 4] Đã hoàn thành 5/5 từ.
👉 [Worker 4] Đang xử lý nhóm: [ ラタトゥイユ, ラッカースプレー, ラッゲージ, ラッセル車, ラッパー ]...
   ✓ [Worker 4] Đã hoàn thành 5/5 từ.
👉 [Worker 4] Đang xử lý nhóm: [ ラップ, ラップトップＰＣ, ラテックスアレルギー, ラテン・アメリカ自由貿易連合, ラディッシュ ]...
   ✓ [Worker 4] Đã hoàn thành 5/5 từ.
👉 [Worker 4] Đang xử lý nhóm: [ ラハール, ラバーブ, ラビリンスパッキン, ラフィア椰子, ラブばな ]...
   ✓ [Worker 4] Đã hoàn thành 5/5 từ.
[33m▲ [43;33m[[43;30mWARNING[43;33m][0m [1m⚠️ This process may take some time, during which your D1 database will be unavailable to serve queries.[0m


📦 [Worker 4] Đã đồng bộ thành công thêm 50 từ.

[Worker 4] Lấy dữ liệu cho mẻ gồm 50 từ...
⏳ [Worker 4] Phát hiện 50 từ khuyết ví dụ.
👉 [Worker 4] Đang xử lý nhóm: [ ラブジュース, ラブラブ, ラプラス展開, ラベル付け, ラポート ]...
   ✓ [Worker 4] Đã hoàn thành 5/5 từ.
👉 [Worker 4] Đang xử lý nhóm: [ ラミブジン, ラムダファージ, ラメラ, ラワン, ラングドシャ ]...
   ✓ [Worker 4] Đã hoàn thành 5/5 từ.
👉 [Worker 4] Đang xử lý nhóm: [ ランサット, ランタイムエラー, ランダマイズルーチン, ランダムファイル, ランチョン ]...
   ✓ [Worker 4] Đã hoàn thành 5/5 từ.
👉 [Worker 4] Đang xử lý nhóm: [ ランドサット, ランニングコスト, ランニングマシン, ランブル鞭毛虫症, ランマネージャー ]...
   ✓ [Worker 4] Đã hoàn thành 5/5 từ.
👉 [Worker 4] Đang xử lý nhóm: [ ラーゲ, ラード, ラー油, リアサス, リアリティー ]...
   ✓ [Worker 4] Đã hoàn thành 5/5 từ.
👉 [Worker 4] Đang xử lý nhóm: [ リアルタイムブロックリスト, リア充, リウマトイド血管炎, リカバリーディスク, リガーゼ ]...
   ✓ [Worker 4] Đã hoàn thành 5/5 từ.
👉 [Worker 4] Đang xử lý nhóm: [ リクルーター, リグリスト, リケッチア科感染症, リコール, リサンプリング ]...
   ✓ [Worker 4] Đã hoàn thành 5/5 từ.
👉 [Worker 4] Đang xử lý nhóm: [ リザードマン, リスクアセスメント, リスクヘッジ, リスク資産, リステリア・モノサイトゲネス ]...
   ✓ [Worker 4] Đã hoàn thành 5/5 từ.
👉 [Worker 4] Đang xử lý nhóm: [ リストプローカー, リスニングルーム, リズムうんどう, リセットスイッチ, リソソーム蓄積症 ]...
   ✓ [Worker 4] Đã hoàn thành 5/5 từ.
👉 [Worker 4] Đang xử lý nhóm: [ リゾチーム, リゾート, リターン, リダクション, リチウム爆弾 ]...
   ✓ [Worker 4] Đã hoàn thành 5/5 từ.
[33m▲ [43;33m[[43;30mWARNING[43;33m][0m [1m⚠️ This process may take some time, during which your D1 database will be unavailable to serve queries.[0m


📦 [Worker 4] Đã đồng bộ thành công thêm 50 từ.

[Worker 4] Lấy dữ liệu cho mẻ gồm 50 từ...
⏳ [Worker 4] Phát hiện 50 từ khuyết ví dụ.
👉 [Worker 4] Đang xử lý nhóm: [ リッチクライアント, リップグロス, リテラシー, リトアニア語, リトルトーキョー ]...
   ✓ [Worker 4] Đã hoàn thành 5/5 từ.
👉 [Worker 4] Đang xử lý nhóm: [ リニアPCMレコーダー, リニューアル, リノリウム版画, リハビリテーション施設, リバプールサウンド ]...
   ✓ [Worker 4] Đã hoàn thành 5/5 từ.
👉 [Worker 4] Đang xử lý nhóm: [ リバース, リバースＰｒｏｘｙ, リヒテンシュタイン, リビルド, リピータ ]...
   ✓ [Worker 4] Đã hoàn thành 5/5 từ.
👉 [Worker 4] Đang xử lý nhóm: [ リファブチン, リフィーディング症候群, リフト, リフレクター, リフローはんだ付 ]...
   ✓ [Worker 4] Đã hoàn thành 5/5 từ.
👉 [Worker 4] Đang xử lý nhóm: [ リプリケーション, リプロダクティブライツ, リベリアマングース, リボばらい, リボヌクレアーゼH ]...
   ✓ [Worker 4] Đã hoàn thành 5/5 từ.
👉 [Worker 4] Đang xử lý nhóm: [ リボングラス, リポキシゲナーゼ, リポ蛋白質, リミットサイクル, リムド鋼 ]...
   ✓ [Worker 4] Đã hoàn thành 5/5 từ.
👉 [Worker 4] Đang xử lý nhóm: [ リムーバー, リモートコン, リモートデスクトップサービス, リモート操作, リュウマチ ]...
   ✓ [Worker 4] Đã hoàn thành 5/5 từ.
👉 [Worker 4] Đang xử lý nhóm: [ リューマチ熱, リラクサー, リリース, リレーエージェント, リレーレース ]...
   ✓ [Worker 4] Đã hoàn thành 5/5 từ.
👉 [Worker 4] Đang xử lý nhóm: [ リワインド, リンクグループ, リンクリダイレクト, リンク暗号化, リングテニス ]...
   ✓ [Worker 4] Đã hoàn thành 5/5 từ.
👉 [Worker 4] Đang xử lý nhóm: [ リンケージエディタ, リンゴ酸, リンデンバウム, リンパせつ, リンパ液 ]...
   ✓ [Worker 4] Đã hoàn thành 5/5 từ.
[33m▲ [43;33m[[43;30mWARNING[43;33m][0m [1m⚠️ This process may take some time, during which your D1 database will be unavailable to serve queries.[0m


📦 [Worker 4] Đã đồng bộ thành công thêm 50 từ.

[Worker 4] Lấy dữ liệu cho mẻ gồm 50 từ...
⏳ [Worker 4] Phát hiện 50 từ khuyết ví dụ.
👉 [Worker 4] Đang xử lý nhóm: [ リンパ球活性化, リンパ管腫瘍, リンパ系前駆細胞, リンパ腺, リン化水素 ]...
   ✓ [Worker 4] Đã hoàn thành 5/5 từ.
👉 [Worker 4] Đang xử lý nhóm: [ リン酸カルシウム, リン酸肥料, リーキー, リージョナリズム, リース産業 ]...
   ✓ [Worker 4] Đã hoàn thành 5/5 từ.
👉 [Worker 4] Đang xử lý nhóm: [ リーダーせい, リーディングインダストリー, リードイン, リードビリティー, リーフ ]...
   ✓ [Worker 4] Đã hoàn thành 5/5 từ.
👉 [Worker 4] Đang xử lý nhóm: [ リーマンきかがく, ルイベ, ルクスメーター, ルックアットミー, ルテイン ]...
   ✓ [Worker 4] Đã hoàn thành 5/5 từ.
👉 [Worker 4] Đang xử lý nhóm: [ ルビウイルス, ルフトハンザ, ルポルタージュ, ルリメイシガキスズメダイ, ルンルン気分 ]...
   ✓ [Worker 4] Đã hoàn thành 5/5 từ.
👉 [Worker 4] Đang xử lý nhóm: [ ルーズ, ルーチング情報, ルーティングループ, ルートキット, ルート要素 ]...
   ✓ [Worker 4] Đã hoàn thành 5/5 từ.
👉 [Worker 4] Đang xử lý nhóm: [ ルーフキャリア, ループカーペット, ループ抵抗, ルームシェア, ルーラル地域 ]...
   ✓ [Worker 4] Đã hoàn thành 5/5 từ.
👉 [Worker 4] Đang xử lý nhóm: [ ルーン文字, レアル, レイシャリズム, レイニー, レイヤードルック ]...
   ✓ [Worker 4] Đã hoàn thành 5/5 từ.
👉 [Worker 4] Đang xử lý nhóm: [ レインボー, レガシー, レキシコン, レギュロン, レクリェーション ]...
   ✓ [Worker 4] Đã hoàn thành 5/5 từ.
👉 [Worker 4] Đang xử lý nhóm: [ レコーディング, レコードキーピング, レコード屋, レコード領域, レザーペーパー ]...
   ✓ [Worker 4] Đã hoàn thành 5/5 từ.
