nohup: ignoring input
=== BẮT ĐẦU WORKER 2 ===
📊 Số lượng từ cần xử lý: 7920

[Worker 2] Lấy dữ liệu cho mẻ gồm 50 từ...

[Worker 2] Lấy dữ liệu cho mẻ gồm 50 từ...
⏳ [Worker 2] Phát hiện 47 từ khuyết ví dụ.
👉 [Worker 2] Đang xử lý nhóm tuần tự: [ マークダウン, ラックマウント, リンガラ, レントゲン検査, ロールサンド ]...
   ✓ [Worker 2] Đã hoàn thành 5/5 từ [ マークダウン, ラックマウント, リンガラ, レントゲン検査, ロールサンド ].
👉 [Worker 2] Đang xử lý nhóm tuần tự: [ 一人子, 一日一夜, 一歳, 一笑に付す, 一般研修 ]...
   ✓ [Worker 2] Đã hoàn thành 5/5 từ [ 一人子, 一日一夜, 一歳, 一笑に付す, 一般研修 ].
👉 [Worker 2] Đang xử lý nhóm tuần tự: [ 一音節, 七草の節句, 万有引力, 三十八度線, 一説 ]...
   ✓ [Worker 2] Đã hoàn thành 5/5 từ [ 一音節, 七草の節句, 万有引力, 三十八度線, 一説 ].
👉 [Worker 2] Đang xử lý nhóm tuần tự: [ 一騎当千の兵, 七絃琴, 万能ナイフ, 三叉神経節, 三日夜の餅 ]...
   ✓ [Worker 2] Đã hoàn thành 5/5 từ [ 一騎当千の兵, 七絃琴, 万能ナイフ, 三叉神経節, 三日夜の餅 ].
👉 [Worker 2] Đang xử lý nhóm tuần tự: [ 三色菫, 上がり端, 上大静脈症候群, 上水, 下々 ]...
   ✓ [Worker 2] Đã hoàn thành 5/5 từ [ 三色菫, 上がり端, 上大静脈症候群, 上水, 下々 ].
👉 [Worker 2] Đang xử lý nhóm tuần tự: [ 下女中, 下級, 不作為, 不如帰, 不才 ]...
   ✓ [Worker 2] Đã hoàn thành 5/5 từ [ 下女中, 下級, 不作為, 不如帰, 不才 ].
👉 [Worker 2] Đang xử lý nhóm tuần tự: [ 不活性ガスナルコーシス, 不覚の一投, 世務, 丘上, 並び換える ]...
   ✓ [Worker 2] Đã hoàn thành 5/5 từ [ 不活性ガスナルコーシス, 不覚の一投, 世務, 丘上, 並び換える ].
👉 [Worker 2] Đang xử lý nhóm tuần tự: [ 中咽頭腫瘍, 中性紙, 中継ぎ機能, 中間階調応答速度, 丸見え ]...

   ⚠ [Worker 2] Chạm giới hạn Rate Limit của mô hình zai-glm-4.7.
   ⏳ Tự động tạm dừng trong 55 giây để phục hồi tài nguyên...
   🔄 Đang tự động gọi đệ quy thử lại mẻ từ vựng này...
   ✓ [Worker 2] Đã hoàn thành 5/5 từ [ 中咽頭腫瘍, 中性紙, 中継ぎ機能, 中間階調応答速度, 丸見え ].
👉 [Worker 2] Đang xử lý nhóm tuần tự: [ 主日, 乍らも, 乙卯, 乱獲, 乳離れ ]...
   ✓ [Worker 2] Đã hoàn thành 5/5 từ [ 主日, 乍らも, 乙卯, 乱獲, 乳離れ ].
👉 [Worker 2] Đang xử lý nhóm tuần tự: [ 了解済み, 争われない ]...
   ✓ [Worker 2] Đã hoàn thành 2/2 từ [ 了解済み, 争われない ].
[33m▲ [43;33m[[43;30mWARNING[43;33m][0m [1m⚠️ This process may take some time, during which your D1 database will be unavailable to serve queries.[0m


📦 [Worker 2] Đã đồng bộ thành công thêm 47 từ.

[Worker 2] Lấy dữ liệu cho mẻ gồm 50 từ...
⏳ [Worker 2] Phát hiện 50 từ khuyết ví dụ.
👉 [Worker 2] Đang xử lý nhóm tuần tự: [ 事寄せて, 二六時中, 二年草, 二次形式, 二葉葵 ]...
   ✓ [Worker 2] Đã hoàn thành 5/5 từ [ 事寄せて, 二六時中, 二年草, 二次形式, 二葉葵 ].
👉 [Worker 2] Đang xử lý nhóm tuần tự: [ 二重三重, 互先, 五十音順, 五百万, 些細 ]...
   ✓ [Worker 2] Đã hoàn thành 5/5 từ [ 二重三重, 互先, 五十音順, 五百万, 些細 ].
👉 [Worker 2] Đang xử lý nhóm tuần tự: [ 亜鉛塗鉄板, 交喙, 交流分析, 交響楽団, 人の成功を祝う ]...
   ✓ [Worker 2] Đã hoàn thành 5/5 từ [ 亜鉛塗鉄板, 交喙, 交流分析, 交響楽団, 人の成功を祝う ].
👉 [Worker 2] Đang xử lý nhóm tuần tự: [ 人別, 人工湖, 人情風俗, 人民代表, 人種差別 ]...
   ✓ [Worker 2] Đã hoàn thành 5/5 từ [ 人別, 人工湖, 人情風俗, 人民代表, 人種差別 ].
👉 [Worker 2] Đang xử lý nhóm tuần tự: [ 人間の肉, 仁王経, 今上天皇, 介入を匂わせる, 仏教家 ]...

   ⚠ [Worker 2] Chạm giới hạn Rate Limit của mô hình zai-glm-4.7.
   ⏳ Tự động tạm dừng trong 57 giây để phục hồi tài nguyên...
   🔄 Đang tự động gọi đệ quy thử lại mẻ từ vựng này...
   ✓ [Worker 2] Đã hoàn thành 5/5 từ [ 人間の肉, 仁王経, 今上天皇, 介入を匂わせる, 仏教家 ].
👉 [Worker 2] Đang xử lý nhóm tuần tự: [ 仔猫, 仕勝ち, 仕舞い, 他愛無い, 付け汁 ]...
   ✓ [Worker 2] Đã hoàn thành 5/5 từ [ 仔猫, 仕勝ち, 仕舞い, 他愛無い, 付け汁 ].
👉 [Worker 2] Đang xử lý nhóm tuần tự: [ 付馬, 代名動詞, 代用漢字, 令状, 仮定形 ]...
   ✓ [Worker 2] Đã hoàn thành 5/5 từ [ 付馬, 代名動詞, 代用漢字, 令状, 仮定形 ].
👉 [Worker 2] Đang xử lý nhóm tuần tự: [ 仮病, 仰る通りです, 仲間入り, 企業競争力, 伍 ]...
   ✓ [Worker 2] Đã hoàn thành 5/5 từ [ 仮病, 仰る通りです, 仲間入り, 企業競争力, 伍 ].
👉 [Worker 2] Đang xử lý nhóm tuần tự: [ 休祥, 会社葬, 伝播する, 伯備線, 似せる ]...
   ✓ [Worker 2] Đã hoàn thành 5/5 từ [ 休祥, 会社葬, 伝播する, 伯備線, 似せる ].
👉 [Worker 2] Đang xử lý nhóm tuần tự: [ 位相変調記録, 低位, 低熱膨張材料, 住宅ローン債権担保証券, 体つき ]...
⚠️ [Worker 2] API báo thời gian reset quá lâu (86402s). Để tận dụng cơ chế cuộn của cửa sổ trượt (Rolling Window), luồng tuần tự chỉ tạm ngủ 60 giây rồi sẽ thử lại...

   ⚠ [Worker 2] Chạm giới hạn Rate Limit của mô hình zai-glm-4.7.
   ⏳ Tự động tạm dừng trong 60 giây để phục hồi tài nguyên...
   🔄 Đang tự động gọi đệ quy thử lại mẻ từ vựng này...
   ✓ [Worker 2] Đã hoàn thành 5/5 từ [ 位相変調記録, 低位, 低熱膨張材料, 住宅ローン債権担保証券, 体つき ].
[33m▲ [43;33m[[43;30mWARNING[43;33m][0m [1m⚠️ This process may take some time, during which your D1 database will be unavailable to serve queries.[0m


📦 [Worker 2] Đã đồng bộ thành công thêm 50 từ.

[Worker 2] Lấy dữ liệu cho mẻ gồm 50 từ...
⏳ [Worker 2] Phát hiện 42 từ khuyết ví dụ.
👉 [Worker 2] Đang xử lý nhóm tuần tự: [ 何か彼にか, 何の位, 何方, 余す, 作業ディレクトリ ]...
⚠️ [Worker 2] API báo thời gian reset quá lâu (86402s). Để tận dụng cơ chế cuộn của cửa sổ trượt (Rolling Window), luồng tuần tự chỉ tạm ngủ 60 giây rồi sẽ thử lại...

   ⚠ [Worker 2] Chạm giới hạn Rate Limit của mô hình zai-glm-4.7.
   ⏳ Tự động tạm dừng trong 60 giây để phục hồi tài nguyên...
   🔄 Đang tự động gọi đệ quy thử lại mẻ từ vựng này...
⚠️ [Worker 2] API báo thời gian reset quá lâu (86402s). Để tận dụng cơ chế cuộn của cửa sổ trượt (Rolling Window), luồng tuần tự chỉ tạm ngủ 60 giây rồi sẽ thử lại...

   ⚠ [Worker 2] Chạm giới hạn Rate Limit của mô hình zai-glm-4.7.
   ⏳ Tự động tạm dừng trong 60 giây để phục hồi tài nguyên...
   🔄 Đang tự động gọi đệ quy thử lại mẻ từ vựng này...
   ✓ [Worker 2] Đã hoàn thành 5/5 từ [ 何か彼にか, 何の位, 何方, 余す, 作業ディレクトリ ].
👉 [Worker 2] Đang xử lý nhóm tuần tự: [ 佩く, 使ってみる, 例によって例の如し, 価格効果, 便座 ]...
⚠️ [Worker 2] API báo thời gian reset quá lâu (86402s). Để tận dụng cơ chế cuộn của cửa sổ trượt (Rolling Window), luồng tuần tự chỉ tạm ngủ 60 giây rồi sẽ thử lại...

   ⚠ [Worker 2] Chạm giới hạn Rate Limit của mô hình zai-glm-4.7.
   ⏳ Tự động tạm dừng trong 60 giây để phục hồi tài nguyên...
   🔄 Đang tự động gọi đệ quy thử lại mẻ từ vựng này...
⚠️ [Worker 2] API báo thời gian reset quá lâu (86402s). Để tận dụng cơ chế cuộn của cửa sổ trượt (Rolling Window), luồng tuần tự chỉ tạm ngủ 60 giây rồi sẽ thử lại...

   ⚠ [Worker 2] Chạm giới hạn Rate Limit của mô hình zai-glm-4.7.
   ⏳ Tự động tạm dừng trong 60 giây để phục hồi tài nguyên...
   🔄 Đang tự động gọi đệ quy thử lại mẻ từ vựng này...
⚠️ [Worker 2] API báo thời gian reset quá lâu (86402s). Để tận dụng cơ chế cuộn của cửa sổ trượt (Rolling Window), luồng tuần tự chỉ tạm ngủ 60 giây rồi sẽ thử lại...

   ⚠ [Worker 2] Chạm giới hạn Rate Limit của mô hình zai-glm-4.7.
   ⏳ Tự động tạm dừng trong 60 giây để phục hồi tài nguyên...
   🔄 Đang tự động gọi đệ quy thử lại mẻ từ vựng này...
⚠️ [Worker 2] API báo thời gian reset quá lâu (86402s). Để tận dụng cơ chế cuộn của cửa sổ trượt (Rolling Window), luồng tuần tự chỉ tạm ngủ 60 giây rồi sẽ thử lại...

   ⚠ [Worker 2] Chạm giới hạn Rate Limit của mô hình zai-glm-4.7.
   ⏳ Tự động tạm dừng trong 60 giây để phục hồi tài nguyên...
   🔄 Đang tự động gọi đệ quy thử lại mẻ từ vựng này...
⚠️ [Worker 2] API báo thời gian reset quá lâu (86402s). Để tận dụng cơ chế cuộn của cửa sổ trượt (Rolling Window), luồng tuần tự chỉ tạm ngủ 60 giây rồi sẽ thử lại...

   ⚠ [Worker 2] Chạm giới hạn Rate Limit của mô hình zai-glm-4.7.
   ⏳ Tự động tạm dừng trong 60 giây để phục hồi tài nguyên...
   🔄 Đang tự động gọi đệ quy thử lại mẻ từ vựng này...
⚠️ [Worker 2] API báo thời gian reset quá lâu (86402s). Để tận dụng cơ chế cuộn của cửa sổ trượt (Rolling Window), luồng tuần tự chỉ tạm ngủ 60 giây rồi sẽ thử lại...

   ⚠ [Worker 2] Chạm giới hạn Rate Limit của mô hình zai-glm-4.7.
   ⏳ Tự động tạm dừng trong 60 giây để phục hồi tài nguyên...
   🔄 Đang tự động gọi đệ quy thử lại mẻ từ vựng này...
⚠️ [Worker 2] API báo thời gian reset quá lâu (86402s). Để tận dụng cơ chế cuộn của cửa sổ trượt (Rolling Window), luồng tuần tự chỉ tạm ngủ 60 giây rồi sẽ thử lại...

   ⚠ [Worker 2] Chạm giới hạn Rate Limit của mô hình zai-glm-4.7.
   ⏳ Tự động tạm dừng trong 60 giây để phục hồi tài nguyên...
   🔄 Đang tự động gọi đệ quy thử lại mẻ từ vựng này...
   ✓ [Worker 2] Đã hoàn thành 5/5 từ [ 佩く, 使ってみる, 例によって例の如し, 価格効果, 便座 ].
👉 [Worker 2] Đang xử lý nhóm tuần tự: [ 俎板, 保健医療政策, 保険付き, 信号局コード, 信用費用 ]...
⚠️ [Worker 2] API báo thời gian reset quá lâu (86402s). Để tận dụng cơ chế cuộn của cửa sổ trượt (Rolling Window), luồng tuần tự chỉ tạm ngủ 60 giây rồi sẽ thử lại...

   ⚠ [Worker 2] Chạm giới hạn Rate Limit của mô hình zai-glm-4.7.
   ⏳ Tự động tạm dừng trong 60 giây để phục hồi tài nguyên...
   🔄 Đang tự động gọi đệ quy thử lại mẻ từ vựng này...
⚠️ [Worker 2] API báo thời gian reset quá lâu (86402s). Để tận dụng cơ chế cuộn của cửa sổ trượt (Rolling Window), luồng tuần tự chỉ tạm ngủ 60 giây rồi sẽ thử lại...

   ⚠ [Worker 2] Chạm giới hạn Rate Limit của mô hình zai-glm-4.7.
   ⏳ Tự động tạm dừng trong 60 giây để phục hồi tài nguyên...
   🔄 Đang tự động gọi đệ quy thử lại mẻ từ vựng này...
⚠️ [Worker 2] API báo thời gian reset quá lâu (86402s). Để tận dụng cơ chế cuộn của cửa sổ trượt (Rolling Window), luồng tuần tự chỉ tạm ngủ 60 giây rồi sẽ thử lại...

   ⚠ [Worker 2] Chạm giới hạn Rate Limit của mô hình zai-glm-4.7.
   ⏳ Tự động tạm dừng trong 60 giây để phục hồi tài nguyên...
   🔄 Đang tự động gọi đệ quy thử lại mẻ từ vựng này...
   ✓ [Worker 2] Đã hoàn thành 5/5 từ [ 俎板, 保健医療政策, 保険付き, 信号局コード, 信用費用 ].
👉 [Worker 2] Đang xử lý nhóm tuần tự: [ 修好, 倉入れ, 個人持株比率, 倍満, 借り倒す ]...
⚠️ [Worker 2] API báo thời gian reset quá lâu (86402s). Để tận dụng cơ chế cuộn của cửa sổ trượt (Rolling Window), luồng tuần tự chỉ tạm ngủ 60 giây rồi sẽ thử lại...

   ⚠ [Worker 2] Chạm giới hạn Rate Limit của mô hình zai-glm-4.7.
   ⏳ Tự động tạm dừng trong 60 giây để phục hồi tài nguyên...
   🔄 Đang tự động gọi đệ quy thử lại mẻ từ vựng này...
⚠️ [Worker 2] API báo thời gian reset quá lâu (86402s). Để tận dụng cơ chế cuộn của cửa sổ trượt (Rolling Window), luồng tuần tự chỉ tạm ngủ 60 giây rồi sẽ thử lại...

   ⚠ [Worker 2] Chạm giới hạn Rate Limit của mô hình zai-glm-4.7.
   ⏳ Tự động tạm dừng trong 60 giây để phục hồi tài nguyên...
   🔄 Đang tự động gọi đệ quy thử lại mẻ từ vựng này...
⚠️ [Worker 2] API báo thời gian reset quá lâu (86402s). Để tận dụng cơ chế cuộn của cửa sổ trượt (Rolling Window), luồng tuần tự chỉ tạm ngủ 60 giây rồi sẽ thử lại...

   ⚠ [Worker 2] Chạm giới hạn Rate Limit của mô hình zai-glm-4.7.
   ⏳ Tự động tạm dừng trong 60 giây để phục hồi tài nguyên...
   🔄 Đang tự động gọi đệ quy thử lại mẻ từ vựng này...
   ✓ [Worker 2] Đã hoàn thành 5/5 từ [ 修好, 倉入れ, 個人持株比率, 倍満, 借り倒す ].
👉 [Worker 2] Đang xử lý nhóm tuần tự: [ 倫理的, 偏る, 健かに, 側の者, 偽リンパ腫 ]...
⚠️ [Worker 2] API báo thời gian reset quá lâu (86402s). Để tận dụng cơ chế cuộn của cửa sổ trượt (Rolling Window), luồng tuần tự chỉ tạm ngủ 60 giây rồi sẽ thử lại...

   ⚠ [Worker 2] Chạm giới hạn Rate Limit của mô hình zai-glm-4.7.
   ⏳ Tự động tạm dừng trong 60 giây để phục hồi tài nguyên...
   🔄 Đang tự động gọi đệ quy thử lại mẻ từ vựng này...
⚠️ [Worker 2] API báo thời gian reset quá lâu (86402s). Để tận dụng cơ chế cuộn của cửa sổ trượt (Rolling Window), luồng tuần tự chỉ tạm ngủ 60 giây rồi sẽ thử lại...

   ⚠ [Worker 2] Chạm giới hạn Rate Limit của mô hình zai-glm-4.7.
   ⏳ Tự động tạm dừng trong 60 giây để phục hồi tài nguyên...
   🔄 Đang tự động gọi đệ quy thử lại mẻ từ vựng này...
⚠️ [Worker 2] API báo thời gian reset quá lâu (86402s). Để tận dụng cơ chế cuộn của cửa sổ trượt (Rolling Window), luồng tuần tự chỉ tạm ngủ 60 giây rồi sẽ thử lại...

   ⚠ [Worker 2] Chạm giới hạn Rate Limit của mô hình zai-glm-4.7.
   ⏳ Tự động tạm dừng trong 60 giây để phục hồi tài nguyên...
   🔄 Đang tự động gọi đệ quy thử lại mẻ từ vựng này...
   ✓ [Worker 2] Đã hoàn thành 5/5 từ [ 倫理的, 偏る, 健かに, 側の者, 偽リンパ腫 ].
👉 [Worker 2] Đang xử lý nhóm tuần tự: [ 傅く, 催し物, 傷害罪, 僧と尼僧, 優弧 ]...
⚠️ [Worker 2] API báo thời gian reset quá lâu (86402s). Để tận dụng cơ chế cuộn của cửa sổ trượt (Rolling Window), luồng tuần tự chỉ tạm ngủ 60 giây rồi sẽ thử lại...

   ⚠ [Worker 2] Chạm giới hạn Rate Limit của mô hình zai-glm-4.7.
   ⏳ Tự động tạm dừng trong 60 giây để phục hồi tài nguyên...
