nohup: ignoring input
=== BẮT ĐẦU WORKER 0 ===
📊 Số lượng từ cần xử lý: 58162

[Worker 0] Lấy dữ liệu cho mẻ gồm 50 từ...

[Worker 0] Lấy dữ liệu cho mẻ gồm 50 từ...
⏳ [Worker 0] Phát hiện 2 từ khuyết ví dụ.
👉 [Worker 0] Đang xử lý nhóm: [ じがため, ただ乗り ]...
   ✓ [Worker 0] Đã hoàn thành 2/2 từ.
[33m▲ [43;33m[[43;30mWARNING[43;33m][0m [1m⚠️ This process may take some time, during which your D1 database will be unavailable to serve queries.[0m


📦 [Worker 0] Đã đồng bộ thành công thêm 2 từ.

[Worker 0] Lấy dữ liệu cho mẻ gồm 50 từ...
⏳ [Worker 0] Phát hiện 17 từ khuyết ví dụ.
👉 [Worker 0] Đang xử lý nhóm: [ ちゃくしんメロディー, ちゃっこう, ちゃほや, ちゅういじんぶつ, ちゅうおうせいふ ]...
   ✓ [Worker 0] Đã hoàn thành 5/5 từ.
👉 [Worker 0] Đang xử lý nhóm: [ ちゅうかんけいき, ちゅうきぼ, ちゅうけんしゅ, ちゅうごくちほう, ちゅうしゃくしゃ ]...
   ✓ [Worker 0] Đã hoàn thành 5/5 từ.
👉 [Worker 0] Đang xử lý nhóm: [ ちゅうじつなしもべ, ちゅうなる, ちゅうやをおかず, ちょいちょい, どうちょう ]...
   ✓ [Worker 0] Đã hoàn thành 5/5 từ.
👉 [Worker 0] Đang xử lý nhóm: [ ねずみをたやす, ねつきゅう ]...
   ✓ [Worker 0] Đã hoàn thành 2/2 từ.
[33m▲ [43;33m[[43;30mWARNING[43;33m][0m [1m⚠️ This process may take some time, during which your D1 database will be unavailable to serve queries.[0m


📦 [Worker 0] Đã đồng bộ thành công thêm 17 từ.

[Worker 0] Lấy dữ liệu cho mẻ gồm 50 từ...
⏳ [Worker 0] Phát hiện 41 từ khuyết ví dụ.
👉 [Worker 0] Đang xử lý nhóm: [ ふるぎつね, ふるなじみ, ふろだい, ふんしつとどけ, ふんになおす ]...

   ⚠ [Worker 0] Chạm giới hạn TPM. Tạm nghỉ 16.342399999999998 giây...
   ✓ [Worker 0] Đã hoàn thành 5/5 từ.
👉 [Worker 0] Đang xử lý nhóm: [ ふんらん, ぶかんさんちん, ぶきようもの, ぶげいしゃ, ぶざつ ]...

   ⚠ [Worker 0] Chạm giới hạn TPM. Tạm nghỉ 25 giây...

   ⚠ [Worker 0] Chạm giới hạn TPM. Tạm nghỉ 25 giây...

   ⚠ [Worker 0] Chạm giới hạn TPM. Tạm nghỉ 25 giây...

   ⚠ [Worker 0] Chạm giới hạn TPM. Tạm nghỉ 25 giây...

   ⚠ [Worker 0] Chạm giới hạn TPM. Tạm nghỉ 25 giây...

   ⚠ [Worker 0] Chạm giới hạn TPM. Tạm nghỉ 25 giây...

   ⚠ [Worker 0] Chạm giới hạn TPM. Tạm nghỉ 25 giây...

   ⚠ [Worker 0] Chạm giới hạn TPM. Tạm nghỉ 25 giây...

   ⚠ [Worker 0] Chạm giới hạn TPM. Tạm nghỉ 32.5856 giây...

   ⚠ [Worker 0] Chạm giới hạn TPM. Tạm nghỉ 26.7104 giây...
   ✓ [Worker 0] Đã hoàn thành 5/5 từ.
👉 [Worker 0] Đang xử lý nhóm: [ ぶしのかがみ, ぶぜい, ぶたいくぶん, ぶたいにかける, ぶたくさ ]...

   ⚠ [Worker 0] Chạm giới hạn TPM. Tạm nghỉ 25 giây...

   ⚠ [Worker 0] Chạm giới hạn TPM. Tạm nghỉ 25 giây...

   ⚠ [Worker 0] Chạm giới hạn TPM. Tạm nghỉ 25 giây...
   ✓ [Worker 0] Đã hoàn thành 5/5 từ.
👉 [Worker 0] Đang xử lý nhóm: [ ぶちょうえつ, ぶっかく, ぶっかすいじゅん, ぶっけ, ぶっさん ]...

   ⚠ [Worker 0] Chạm giới hạn TPM. Tạm nghỉ 57.4688 giây...
   ✓ [Worker 0] Đã hoàn thành 5/5 từ.
👉 [Worker 0] Đang xử lý nhóm: [ ぶっしつめいし, ぶっせき, ぶっちゃけ, ぶっつけ, ぶっとい ]...

   ⚠ [Worker 0] Chạm giới hạn TPM. Tạm nghỉ 25 giây...

   ⚠ [Worker 0] Chạm giới hạn TPM. Tạm nghỉ 25 giây...

   ⚠ [Worker 0] Chạm giới hạn TPM. Tạm nghỉ 25 giây...

   ⚠ [Worker 0] Chạm giới hạn TPM. Tạm nghỉ 25 giây...

   ⚠ [Worker 0] Chạm giới hạn TPM. Tạm nghỉ 25 giây...

   ⚠ [Worker 0] Chạm giới hạn TPM. Tạm nghỉ 25 giây...

   ⚠ [Worker 0] Chạm giới hạn TPM. Tạm nghỉ 25 giây...
   ✓ [Worker 0] Đã hoàn thành 5/5 từ.
👉 [Worker 0] Đang xử lý nhóm: [ ぶっぴんぜい, ぶっ切れる, ぶっ放す, ぶっ通し, ぶつえ ]...

   ⚠ [Worker 0] Chạm giới hạn TPM. Tạm nghỉ 25 giây...

   ⚠ [Worker 0] Chạm giới hạn TPM. Tạm nghỉ 25 giây...

   ⚠ [Worker 0] Chạm giới hạn TPM. Tạm nghỉ 25 giây...

   ⚠ [Worker 0] Chạm giới hạn TPM. Tạm nghỉ 25 giây...

   ⚠ [Worker 0] Chạm giới hạn TPM. Tạm nghỉ 25 giây...

   ⚠ [Worker 0] Chạm giới hạn TPM. Tạm nghỉ 25 giây...

   ⚠ [Worker 0] Chạm giới hạn TPM. Tạm nghỉ 25 giây...

   ⚠ [Worker 0] Chạm giới hạn TPM. Tạm nghỉ 39.6704 giây...
   ✓ [Worker 0] Đã hoàn thành 5/5 từ.
👉 [Worker 0] Đang xử lý nhóm: [ ぶつかり合う, ぶつぎをかもす, ぶつじょう, ぶつぞうにたい, ぶつのうぜい ]...

   ⚠ [Worker 0] Chạm giới hạn TPM. Tạm nghỉ 44.1632 giây...
   ✓ [Worker 0] Đã hoàn thành 5/5 từ.
👉 [Worker 0] Đang xử lý nhóm: [ ぶつりゅう, ぶつ切りにする, ぶどういろ, ぶどう園, ぶどまり ]...

   ⚠ [Worker 0] Chạm giới hạn TPM. Tạm nghỉ 25 giây...

   ⚠ [Worker 0] Chạm giới hạn TPM. Tạm nghỉ 25 giây...

   ⚠ [Worker 0] Chạm giới hạn TPM. Tạm nghỉ 25 giây...
   ✓ [Worker 0] Đã hoàn thành 5/5 từ.
👉 [Worker 0] Đang xử lý nhóm: [ ぶばる ]...

   ⚠ [Worker 0] Chạm giới hạn TPM. Tạm nghỉ 25 giây...

   ⚠ [Worker 0] Chạm giới hạn TPM. Tạm nghỉ 25 giây...

   ⚠ [Worker 0] Chạm giới hạn TPM. Tạm nghỉ 25 giây...

   ⚠ [Worker 0] Chạm giới hạn TPM. Tạm nghỉ 25 giây...

   ⚠ [Worker 0] Chạm giới hạn TPM. Tạm nghỉ 25 giây...

   ⚠ [Worker 0] Chạm giới hạn TPM. Tạm nghỉ 60.9248 giây...
   ✓ [Worker 0] Đã hoàn thành 1/1 từ.
[33m▲ [43;33m[[43;30mWARNING[43;33m][0m [1m⚠️ This process may take some time, during which your D1 database will be unavailable to serve queries.[0m


📦 [Worker 0] Đã đồng bộ thành công thêm 41 từ.

[Worker 0] Lấy dữ liệu cho mẻ gồm 50 từ...
⏳ [Worker 0] Phát hiện 50 từ khuyết ví dụ.
👉 [Worker 0] Đang xử lý nhóm: [ ぶぶんてき, ぶべん, ぶようか, ぶらいのと, ぶらつく ]...

   ⚠ [Worker 0] Chạm giới hạn TPM. Tạm nghỉ 25 giây...

   ⚠ [Worker 0] Chạm giới hạn TPM. Tạm nghỉ 25 giây...

   ⚠ [Worker 0] Chạm giới hạn TPM. Tạm nghỉ 25 giây...
   ✓ [Worker 0] Đã hoàn thành 5/5 từ.
👉 [Worker 0] Đang xử lý nhóm: [ ぶらり, ぶら下げる, ぶりっ子, ぶりょくしょうとつ, ぶるん ]...

   ⚠ [Worker 0] Chạm giới hạn TPM. Tạm nghỉ 25 giây...

   ⚠ [Worker 0] Chạm giới hạn TPM. Tạm nghỉ 25 giây...

   ⚠ [Worker 0] Chạm giới hạn TPM. Tạm nghỉ 25 giây...

   ⚠ [Worker 0] Chạm giới hạn TPM. Tạm nghỉ 25 giây...

   ⚠ [Worker 0] Chạm giới hạn TPM. Tạm nghỉ 25 giây...

   ⚠ [Worker 0] Chạm giới hạn TPM. Tạm nghỉ 25 giây...

   ⚠ [Worker 0] Chạm giới hạn TPM. Tạm nghỉ 25 giây...

   ⚠ [Worker 0] Chạm giới hạn TPM. Tạm nghỉ 31.7216 giây...
   ✓ [Worker 0] Đã hoàn thành 5/5 từ.
👉 [Worker 0] Đang xử lý nhóm: [ ぶれつ, ぶんうん, ぶんかいせん, ぶんかかい, ぶんかし ]...

   ⚠ [Worker 0] Chạm giới hạn TPM. Tạm nghỉ 25 giây...

   ⚠ [Worker 0] Chạm giới hạn TPM. Tạm nghỉ 25 giây...

   ⚠ [Worker 0] Chạm giới hạn TPM. Tạm nghỉ 25 giây...

   ⚠ [Worker 0] Chạm giới hạn TPM. Tạm nghỉ 25 giây...
   ✓ [Worker 0] Đã hoàn thành 5/5 từ.
👉 [Worker 0] Đang xử lý nhóm: [ ぶんかのひ, ぶんがくかい, ぶんがくろん, ぶんきょうちく, ぶんぎ ]...

   ⚠ [Worker 0] Chạm giới hạn TPM. Tạm nghỉ 25 giây...

   ⚠ [Worker 0] Chạm giới hạn TPM. Tạm nghỉ 25 giây...

   ⚠ [Worker 0] Chạm giới hạn TPM. Tạm nghỉ 25 giây...

   ⚠ [Worker 0] Chạm giới hạn TPM. Tạm nghỉ 25 giây...

   ⚠ [Worker 0] Chạm giới hạn TPM. Tạm nghỉ 25 giây...

   ⚠ [Worker 0] Chạm giới hạn TPM. Tạm nghỉ 25 giây...

   ⚠ [Worker 0] Chạm giới hạn TPM. Tạm nghỉ 25 giây...

   ⚠ [Worker 0] Chạm giới hạn TPM. Tạm nghỉ 25 giây...

   ⚠ [Worker 0] Chạm giới hạn TPM. Tạm nghỉ 25 giây...
   ✓ [Worker 0] Đã hoàn thành 5/5 từ.
👉 [Worker 0] Đang xử lý nhóm: [ ぶんげいがく, ぶんこうじょう, ぶんごたい, ぶんざい, ぶんしゅうかいろ ]...

   ⚠ [Worker 0] Chạm giới hạn TPM. Tạm nghỉ 40.7072 giây...

   ⚠ [Worker 0] Chạm giới hạn TPM. Tạm nghỉ 25 giây...

   ⚠ [Worker 0] Chạm giới hạn TPM. Tạm nghỉ 25 giây...

   ⚠ [Worker 0] Chạm giới hạn TPM. Tạm nghỉ 25 giây...
   ✓ [Worker 0] Đã hoàn thành 5/5 từ.
👉 [Worker 0] Đang xử lý nhóm: [ ぶんしょうろん, ぶんじゃく, ぶんすいせん, ぶんせきがく, ぶんそう ]...

   ⚠ [Worker 0] Chạm giới hạn TPM. Tạm nghỉ 25 giây...

   ⚠ [Worker 0] Chạm giới hạn TPM. Tạm nghỉ 38.8064 giây...
   ✓ [Worker 0] Đã hoàn thành 5/5 từ.
👉 [Worker 0] Đang xử lý nhóm: [ ぶんち, ぶんてん, ぶんばい, ぶんぴつぎょう, ぶんぶりょうどう ]...

   ⚠ [Worker 0] Chạm giới hạn TPM. Tạm nghỉ 25 giây...

   ⚠ [Worker 0] Chạm giới hạn TPM. Tạm nghỉ 25 giây...

   ⚠ [Worker 0] Chạm giới hạn TPM. Tạm nghỉ 25 giây...

   ⚠ [Worker 0] Chạm giới hạn TPM. Tạm nghỉ 25 giây...

   ⚠ [Worker 0] Chạm giới hạn TPM. Tạm nghỉ 25 giây...
   ✓ [Worker 0] Đã hoàn thành 5/5 từ.
👉 [Worker 0] Đang xử lý nhóm: [ ぶんべんさよう, ぶんみょう, ぶんめいかん, ぶんらん, ぶんるいきじゅん ]...

   ⚠ [Worker 0] Chạm giới hạn TPM. Tạm nghỉ 25 giây...

   ⚠ [Worker 0] Chạm giới hạn TPM. Tạm nghỉ 25 giây...

   ⚠ [Worker 0] Chạm giới hạn TPM. Tạm nghỉ 25 giây...

   ⚠ [Worker 0] Chạm giới hạn TPM. Tạm nghỉ 25 giây...

   ⚠ [Worker 0] Chạm giới hạn TPM. Tạm nghỉ 25 giây...

   ⚠ [Worker 0] Chạm giới hạn TPM. Tạm nghỉ 25 giây...

   ⚠ [Worker 0] Chạm giới hạn TPM. Tạm nghỉ 25 giây...

   ⚠ [Worker 0] Chạm giới hạn TPM. Tạm nghỉ 25 giây...

   ⚠ [Worker 0] Chạm giới hạn TPM. Tạm nghỉ 41.9168 giây...
   ✓ [Worker 0] Đã hoàn thành 5/5 từ.
👉 [Worker 0] Đang xử lý nhóm: [ ぶんれい, ぶん殴る, ぷっくり, ぷにぷに, ぷりぷりして ]...

   ⚠ [Worker 0] Chạm giới hạn TPM. Tạm nghỉ 25 giây...

   ⚠ [Worker 0] Chạm giới hạn TPM. Tạm nghỉ 31.376 giây...

   ⚠ [Worker 0] Chạm giới hạn TPM. Tạm nghỉ 25 giây...
   ✓ [Worker 0] Đã hoàn thành 5/5 từ.
👉 [Worker 0] Đang xử lý nhóm: [ ぷんぷん, へいあんきょう, へいかいかで〔つうか〕, へいがくしゃ, へいきこう ]...

   ⚠ [Worker 0] Chạm giới hạn TPM. Tạm nghỉ 25 giây...

   ⚠ [Worker 0] Chạm giới hạn TPM. Tạm nghỉ 25 giây...

   ⚠ [Worker 0] Chạm giới hạn TPM. Tạm nghỉ 25 giây...
   ✓ [Worker 0] Đã hoàn thành 5/5 từ.
[33m▲ [43;33m[[43;30mWARNING[43;33m][0m [1m⚠️ This process may take some time, during which your D1 database will be unavailable to serve queries.[0m


📦 [Worker 0] Đã đồng bộ thành công thêm 50 từ.

[Worker 0] Lấy dữ liệu cho mẻ gồm 50 từ...
⏳ [Worker 0] Phát hiện 48 từ khuyết ví dụ.
👉 [Worker 0] Đang xử lý nhóm: [ へいきんち, へいけいご, へいけものがたり, へいこうゆにゅう, へいしゅう ]...

   ⚠ [Worker 0] Chạm giới hạn TPM. Tạm nghỉ 25 giây...

   ⚠ [Worker 0] Chạm giới hạn TPM. Tạm nghỉ 25 giây...

   ⚠ [Worker 0] Chạm giới hạn TPM. Tạm nghỉ 25 giây...

   ⚠ [Worker 0] Chạm giới hạn TPM. Tạm nghỉ 25 giây...

   ⚠ [Worker 0] Chạm giới hạn TPM. Tạm nghỉ 25 giây...

   ⚠ [Worker 0] Chạm giới hạn TPM. Tạm nghỉ 25 giây...
   ✓ [Worker 0] Đã hoàn thành 5/5 từ.
👉 [Worker 0] Đang xử lý nhóm: [ へいしょく, へいじょきょうふしょう, へいせき, へいぜいぎ, へいそん ]...

   ⚠ [Worker 0] Chạm giới hạn TPM. Tạm nghỉ 25 giây...

   ⚠ [Worker 0] Chạm giới hạn TPM. Tạm nghỉ 25 giây...

   ⚠ [Worker 0] Chạm giới hạn TPM. Tạm nghỉ 25 giây...
   ✓ [Worker 0] Đã hoàn thành 5/5 từ.
👉 [Worker 0] Đang xử lý nhóm: [ へいちょう, へいどん, へいばん, へいへいぼんぼん, へいほうか ]...

   ⚠ [Worker 0] Chạm giới hạn TPM. Tạm nghỉ 25 giây...

   ⚠ [Worker 0] Chạm giới hạn TPM. Tạm nghỉ 25 giây...

   ⚠ [Worker 0] Chạm giới hạn TPM. Tạm nghỉ 25 giây...

   ⚠ [Worker 0] Chạm giới hạn TPM. Tạm nghỉ 25 giây...

   ⚠ [Worker 0] Chạm giới hạn TPM. Tạm nghỉ 5.2832 giây...

   ⚠ [Worker 0] Chạm giới hạn TPM. Tạm nghỉ 25 giây...
   ✓ [Worker 0] Đã hoàn thành 5/5 từ.
👉 [Worker 0] Đang xử lý nhóm: [ へいまくとなる, へいめんず, へいもん, へいろほう, へいわきょうてい ]...

   ⚠ [Worker 0] Chạm giới hạn TPM. Tạm nghỉ 60.9248 giây...
   ✓ [Worker 0] Đã hoàn thành 5/5 từ.
👉 [Worker 0] Đang xử lý nhóm: [ へいわこっか, へいわとふんそうしりょうけんきゅうせんたー, へきかい, へきざん, へきめん ]...

   ⚠ [Worker 0] Chạm giới hạn TPM. Tạm nghỉ 25 giây...

   ⚠ [Worker 0] Chạm giới hạn TPM. Tạm nghỉ 38.1152 giây...

   ⚠ [Worker 0] Chạm giới hạn TPM. Tạm nghỉ 25 giây...
   ✓ [Worker 0] Đã hoàn thành 5/5 từ.
👉 [Worker 0] Đang xử lý nhóm: [ へき地医療, へこませる, へずる, へそのゴマ, へたのよこずき ]...

   ⚠ [Worker 0] Chạm giới hạn TPM. Tạm nghỉ 25 giây...

   ⚠ [Worker 0] Chạm giới hạn TPM. Tạm nghỉ 25 giây...

   ⚠ [Worker 0] Chạm giới hạn TPM. Tạm nghỉ 25 giây...

   ⚠ [Worker 0] Chạm giới hạn TPM. Tạm nghỉ 25 giây...

   ⚠ [Worker 0] Chạm giới hạn TPM. Tạm nghỉ 25 giây...

   ⚠ [Worker 0] Chạm giới hạn TPM. Tạm nghỉ 25 giây...

   ⚠ [Worker 0] Chạm giới hạn TPM. Tạm nghỉ 25 giây...

   ⚠ [Worker 0] Chạm giới hạn TPM. Tạm nghỉ 25 giây...

   ⚠ [Worker 0] Chạm giới hạn TPM. Tạm nghỉ 25 giây...

   ⚠ [Worker 0] Chạm giới hạn TPM. Tạm nghỉ 25 giây...
   ✓ [Worker 0] Đã hoàn thành 5/5 từ.
👉 [Worker 0] Đang xử lý nhóm: [ へちま, へっぽこ, へなへな, へのへのもへじ, へびどく ]...

   ⚠ [Worker 0] Chạm giới hạn TPM. Tạm nghỉ 25 giây...

   ⚠ [Worker 0] Chạm giới hạn TPM. Tạm nghỉ 25 giây...

   ⚠ [Worker 0] Chạm giới hạn TPM. Tạm nghỉ 25 giây...

   ⚠ [Worker 0] Chạm giới hạn TPM. Tạm nghỉ 25 giây...
   ✓ [Worker 0] Đã hoàn thành 5/5 từ.
👉 [Worker 0] Đang xử lý nhóm: [ へやずみ, へらへら, へんあい, へんいたい, へんかんし ]...

   ⚠ [Worker 0] Chạm giới hạn TPM. Tạm nghỉ 25 giây...

   ⚠ [Worker 0] Chạm giới hạn TPM. Tạm nghỉ 25 giây...

   ⚠ [Worker 0] Chạm giới hạn TPM. Tạm nghỉ 29.1296 giây...

   ⚠ [Worker 0] Chạm giới hạn TPM. Tạm nghỉ 25 giây...

   ⚠ [Worker 0] Chạm giới hạn TPM. Tạm nghỉ 25 giây...

   ⚠ [Worker 0] Chạm giới hạn TPM. Tạm nghỉ 25 giây...
   ✓ [Worker 0] Đã hoàn thành 5/5 từ.
👉 [Worker 0] Đang xử lý nhóm: [ へんきょくてん, へんけいせいせいとうごろん, へんげんせっく, へんし, へんしつしょうかんじゃ ]...

   ⚠ [Worker 0] Chạm giới hạn TPM. Tạm nghỉ 25 giây...

   ⚠ [Worker 0] Chạm giới hạn TPM. Tạm nghỉ 25 giây...

   ⚠ [Worker 0] Chạm giới hạn TPM. Tạm nghỉ 25 giây...

   ⚠ [Worker 0] Chạm giới hạn TPM. Tạm nghỉ 25 giây...

   ⚠ [Worker 0] Chạm giới hạn TPM. Tạm nghỉ 25 giây...

   ⚠ [Worker 0] Chạm giới hạn TPM. Tạm nghỉ 25 giây...

   ⚠ [Worker 0] Chạm giới hạn TPM. Tạm nghỉ 25 giây...
   ✓ [Worker 0] Đã hoàn thành 5/5 từ.
👉 [Worker 0] Đang xử lý nhóm: [ へんしょ, へんじゃ, へんじをのばす ]...

   ⚠ [Worker 0] Chạm giới hạn TPM. Tạm nghỉ 25 giây...

   ⚠ [Worker 0] Chạm giới hạn TPM. Tạm nghỉ 25 giây...

   ⚠ [Worker 0] Chạm giới hạn TPM. Tạm nghỉ 25 giây...

   ⚠ [Worker 0] Chạm giới hạn TPM. Tạm nghỉ 25 giây...
   ✓ [Worker 0] Đã hoàn thành 3/3 từ.
[33m▲ [43;33m[[43;30mWARNING[43;33m][0m [1m⚠️ This process may take some time, during which your D1 database will be unavailable to serve queries.[0m


📦 [Worker 0] Đã đồng bộ thành công thêm 48 từ.

[Worker 0] Lấy dữ liệu cho mẻ gồm 50 từ...
⏳ [Worker 0] Phát hiện 47 từ khuyết ví dụ.
👉 [Worker 0] Đang xử lý nhóm: [ へんせいふう, へんたいしんりがく, へんちょうき, へんでり, へんに ]...

   ⚠ [Worker 0] Chạm giới hạn TPM. Tạm nghỉ 25 giây...

   ⚠ [Worker 0] Chạm giới hạn TPM. Tạm nghỉ 25 giây...

   ⚠ [Worker 0] Chạm giới hạn TPM. Tạm nghỉ 25 giây...

   ⚠ [Worker 0] Chạm giới hạn TPM. Tạm nghỉ 25 giây...

   ⚠ [Worker 0] Chạm giới hạn TPM. Tạm nghỉ 25 giây...

   ⚠ [Worker 0] Chạm giới hạn TPM. Tạm nghỉ 25 giây...
   ✓ [Worker 0] Đã hoàn thành 5/5 từ.
👉 [Worker 0] Đang xử lý nhóm: [ へんのう, へんぴん, へんぺん, へんぽん, へんりょう ]...

   ⚠ [Worker 0] Chạm giới hạn TPM. Tạm nghỉ 25 giây...

   ⚠ [Worker 0] Chạm giới hạn TPM. Tạm nghỉ 25 giây...

   ⚠ [Worker 0] Chạm giới hạn TPM. Tạm nghỉ 25 giây...
   ✓ [Worker 0] Đã hoàn thành 5/5 từ.
👉 [Worker 0] Đang xử lý nhóm: [ べいえん, べいこうくううちゅうきょく, べいこくろうどうそうどうめい・さんべつかいぎ, べいさん, べいじん ]...

   ⚠ [Worker 0] Chạm giới hạn TPM. Tạm nghỉ 25 giây...

   ⚠ [Worker 0] Chạm giới hạn TPM. Tạm nghỉ 25 giây...

   ⚠ [Worker 0] Chạm giới hạn TPM. Tạm nghỉ 25 giây...

   ⚠ [Worker 0] Chạm giới hạn TPM. Tạm nghỉ 25 giây...

   ⚠ [Worker 0] Chạm giới hạn TPM. Tạm nghỉ 25 giây...
   ✓ [Worker 0] Đã hoàn thành 5/5 từ.
👉 [Worker 0] Đang xử lý nhóm: [ べいどく, べいふつ, べいソ, べき乗, べき関数 ]...

   ⚠ [Worker 0] Chạm giới hạn TPM. Tạm nghỉ 25 giây...

   ⚠ [Worker 0] Chạm giới hạn TPM. Tạm nghỉ 25 giây...

   ⚠ [Worker 0] Chạm giới hạn TPM. Tạm nghỉ 25 giây...

   ⚠ [Worker 0] Chạm giới hạn TPM. Tạm nghỉ 25 giây...

   ⚠ [Worker 0] Chạm giới hạn TPM. Tạm nghỉ 25 giây...

   ⚠ [Worker 0] Chạm giới hạn TPM. Tạm nghỉ 25 giây...

   ⚠ [Worker 0] Chạm giới hạn TPM. Tạm nghỉ 25 giây...

   ⚠ [Worker 0] Chạm giới hạn TPM. Tạm nghỉ 40.016 giây...

   ⚠ [Worker 0] Chạm giới hạn TPM. Tạm nghỉ 22.2176 giây...
   ✓ [Worker 0] Đã hoàn thành 5/5 từ.
👉 [Worker 0] Đang xử lý nhóm: [ べた焼き, べちゃんこ, べっけ, べっしつ, べったく ]...

   ⚠ [Worker 0] Chạm giới hạn TPM. Tạm nghỉ 25 giây...

   ⚠ [Worker 0] Chạm giới hạn TPM. Tạm nghỉ 34.1408 giây...
   ✓ [Worker 0] Đã hoàn thành 5/5 từ.
👉 [Worker 0] Đang xử lý nhóm: [ べっと, べっとよきん, べっぴょう, べっぽう, べつえん ]...

   ⚠ [Worker 0] Chạm giới hạn TPM. Tạm nghỉ 25 giây...

   ⚠ [Worker 0] Chạm giới hạn TPM. Tạm nghỉ 25 giây...

   ⚠ [Worker 0] Chạm giới hạn TPM. Tạm nghỉ 23.9456 giây...
   ✓ [Worker 0] Đã hoàn thành 5/5 từ.
👉 [Worker 0] Đang xử lý nhóm: [ べつくち, べつごう, べつじょけん, べつだん, べつにん ]...

   ⚠ [Worker 0] Chạm giới hạn TPM. Tạm nghỉ 25 giây...

   ⚠ [Worker 0] Chạm giới hạn TPM. Tạm nghỉ 25 giây...

   ⚠ [Worker 0] Chạm giới hạn TPM. Tạm nghỉ 25 giây...

   ⚠ [Worker 0] Chạm giới hạn TPM. Tạm nghỉ 25 giây...

   ⚠ [Worker 0] Chạm giới hạn TPM. Tạm nghỉ 25 giây...

   ⚠ [Worker 0] Chạm giới hạn TPM. Tạm nghỉ 25 giây...

   ⚠ [Worker 0] Chạm giới hạn TPM. Tạm nghỉ 36.9056 giây...
   ✓ [Worker 0] Đã hoàn thành 5/5 từ.
👉 [Worker 0] Đang xử lý nhóm: [ べつのまにひかえる, べつべつに, べつら, べと病, べにがら ]...

   ⚠ [Worker 0] Chạm giới hạn TPM. Tạm nghỉ 25 giây...

   ⚠ [Worker 0] Chạm giới hạn TPM. Tạm nghỉ 25 giây...

   ⚠ [Worker 0] Chạm giới hạn TPM. Tạm nghỉ 25 giây...

   ⚠ [Worker 0] Chạm giới hạn TPM. Tạm nghỉ 25 giây...
   ✓ [Worker 0] Đã hoàn thành 5/5 từ.
👉 [Worker 0] Đang xử lý nhóm: [ べにしょうが, べにます, べらぼう, べろべろ嘗める, べんい ]...

   ⚠ [Worker 0] Chạm giới hạn TPM. Tạm nghỉ 25 giây...

   ⚠ [Worker 0] Chạm giới hạn TPM. Tạm nghỉ 25 giây...

   ⚠ [Worker 0] Chạm giới hạn TPM. Tạm nghỉ 25 giây...
   ✓ [Worker 0] Đã hoàn thành 5/5 từ.
👉 [Worker 0] Đang xử lý nhóm: [ べんきょうずくえ, べんぎをはかる ]...

   ⚠ [Worker 0] Chạm giới hạn TPM. Tạm nghỉ 25 giây...

   ⚠ [Worker 0] Chạm giới hạn TPM. Tạm nghỉ 25 giây...

   ⚠ [Worker 0] Chạm giới hạn TPM. Tạm nghỉ 25 giây...

   ⚠ [Worker 0] Chạm giới hạn TPM. Tạm nghỉ 25 giây...

   ⚠ [Worker 0] Chạm giới hạn TPM. Tạm nghỉ 25 giây...

   ⚠ [Worker 0] Chạm giới hạn TPM. Tạm nghỉ 25 giây...

   ⚠ [Worker 0] Chạm giới hạn TPM. Tạm nghỉ 25 giây...

   ⚠ [Worker 0] Chạm giới hạn TPM. Tạm nghỉ 47.4464 giây...
   ✓ [Worker 0] Đã hoàn thành 2/2 từ.
[33m▲ [43;33m[[43;30mWARNING[43;33m][0m [1m⚠️ This process may take some time, during which your D1 database will be unavailable to serve queries.[0m


📦 [Worker 0] Đã đồng bộ thành công thêm 47 từ.

[Worker 0] Lấy dữ liệu cho mẻ gồm 50 từ...
⏳ [Worker 0] Phát hiện 49 từ khuyết ví dụ.
👉 [Worker 0] Đang xử lý nhóm: [ べんけいじま, べんごしゃ, べんしゃ, べんしょうろん, べんでん ]...

   ⚠ [Worker 0] Chạm giới hạn TPM. Tạm nghỉ 25 giây...

   ⚠ [Worker 0] Chạm giới hạn TPM. Tạm nghỉ 22.2176 giây...

   ⚠ [Worker 0] Chạm giới hạn TPM. Tạm nghỉ 25 giây...

   ⚠ [Worker 0] Chạm giới hạn TPM. Tạm nghỉ 25 giây...
   ✓ [Worker 0] Đã hoàn thành 5/5 từ.
👉 [Worker 0] Đang xử lý nhóm: [ べんぱく, べんべら, べんりさ, べーっだ, ぺいじ ]...

   ⚠ [Worker 0] Chạm giới hạn TPM. Tạm nghỉ 25 giây...

   ⚠ [Worker 0] Chạm giới hạn TPM. Tạm nghỉ 25 giây...

   ⚠ [Worker 0] Chạm giới hạn TPM. Tạm nghỉ 25 giây...

   ⚠ [Worker 0] Chạm giới hạn TPM. Tạm nghỉ 35.0048 giây...
   ✓ [Worker 0] Đã hoàn thành 5/5 từ.
👉 [Worker 0] Đang xử lý nhóm: [ ぺたり, ぺったんこ尻, ぺてん師, ぺんぺん草, ほあんじょうれい ]...

   ⚠ [Worker 0] Chạm giới hạn TPM. Tạm nghỉ 25 giây...

   ⚠ [Worker 0] Chạm giới hạn TPM. Tạm nghỉ 25 giây...

   ⚠ [Worker 0] Chạm giới hạn TPM. Tạm nghỉ 25 giây...
   ✓ [Worker 0] Đã hoàn thành 5/5 từ.
👉 [Worker 0] Đang xử lý nhóm: [ ほいほい, ほういん, ほうえん, ほうかご, ほうかま ]...

   ⚠ [Worker 0] Chạm giới hạn TPM. Tạm nghỉ 25 giây...

   ⚠ [Worker 0] Chạm giới hạn TPM. Tạm nghỉ 25 giây...

   ⚠ [Worker 0] Chạm giới hạn TPM. Tạm nghỉ 25 giây...

   ⚠ [Worker 0] Chạm giới hạn TPM. Tạm nghỉ 25 giây...

   ⚠ [Worker 0] Chạm giới hạn TPM. Tạm nghỉ 25 giây...

   ⚠ [Worker 0] Chạm giới hạn TPM. Tạm nghỉ 25 giây...

   ⚠ [Worker 0] Chạm giới hạn TPM. Tạm nghỉ 25 giây...

   ⚠ [Worker 0] Chạm giới hạn TPM. Tạm nghỉ 25 giây...

   ⚠ [Worker 0] Chạm giới hạn TPM. Tạm nghỉ 52.2848 giây...
   ✓ [Worker 0] Đã hoàn thành 5/5 từ.
👉 [Worker 0] Đang xử lý nhóm: [ ほうがくけいだいがくいんきょうつうにゅうがくしけん, ほうがんし, ほうきぼし, ほうきょう, ほうけい ]...

   ⚠ [Worker 0] Chạm giới hạn TPM. Tạm nghỉ 51.248 giây...
   ✓ [Worker 0] Đã hoàn thành 5/5 từ.
👉 [Worker 0] Đang xử lý nhóm: [ ほうけんしょう, ほうげい, ほうこうぐち, ほうこうたんちき, ほうこうりょうほう ]...

   ⚠ [Worker 0] Chạm giới hạn TPM. Tạm nghỉ 25 giây...

   ⚠ [Worker 0] Chạm giới hạn TPM. Tạm nghỉ 25 giây...

   ⚠ [Worker 0] Chạm giới hạn TPM. Tạm nghỉ 25 giây...

   ⚠ [Worker 0] Chạm giới hạn TPM. Tạm nghỉ 25 giây...
   ✓ [Worker 0] Đã hoàn thành 5/5 từ.
👉 [Worker 0] Đang xử lý nhóm: [ ほうこん, ほうざ, ほうしひん, ほうしゃかいがく, ほうしゃせいはいきぶつ ]...

   ⚠ [Worker 0] Chạm giới hạn TPM. Tạm nghỉ 25 giây...

   ⚠ [Worker 0] Chạm giới hạn TPM. Tạm nghỉ 25 giây...

   ⚠ [Worker 0] Chạm giới hạn TPM. Tạm nghỉ 25 giây...

   ⚠ [Worker 0] Chạm giới hạn TPM. Tạm nghỉ 25 giây...

   ⚠ [Worker 0] Chạm giới hạn TPM. Tạm nghỉ 25 giây...

   ⚠ [Worker 0] Chạm giới hạn TPM. Tạm nghỉ 25 giây...

   ⚠ [Worker 0] Chạm giới hạn TPM. Tạm nghỉ 25 giây...

   ⚠ [Worker 0] Chạm giới hạn TPM. Tạm nghỉ 25 giây...

   ⚠ [Worker 0] Chạm giới hạn TPM. Tạm nghỉ 59.1968 giây...
   ✓ [Worker 0] Đã hoàn thành 5/5 từ.
👉 [Worker 0] Đang xử lý nhóm: [ ほうしゃせんかい, ほうしゃせんちりょう, ほうしゃのうおせん, ほうしゅく, ほうしょうきん ]...

   ⚠ [Worker 0] Chạm giới hạn TPM. Tạm nghỉ 46.236799999 giây...
   ✓ [Worker 0] Đã hoàn thành 5/5 từ.
👉 [Worker 0] Đang xử lý nhóm: [ ほうじたように, ほうじゅん, ほうじんしょとく, ほうすいかん, ほうすいろ ]...

   ⚠ [Worker 0] Chạm giới hạn TPM. Tạm nghỉ 25 giây...

   ⚠ [Worker 0] Chạm giới hạn TPM. Tạm nghỉ 25 giây...

   ⚠ [Worker 0] Chạm giới hạn TPM. Tạm nghỉ 44.1632 giây...

   ⚠ [Worker 0] Chạm giới hạn TPM. Tạm nghỉ 25 giây...
   ✓ [Worker 0] Đã hoàn thành 5/5 từ.
👉 [Worker 0] Đang xử lý nhóm: [ ほうせいしがく, ほうせつ, ほうぜん, ほうそうげき ]...

   ⚠ [Worker 0] Chạm giới hạn TPM. Tạm nghỉ 59.715199999 giây...

   ⚠ [Worker 0] Chạm giới hạn TPM. Tạm nghỉ 25 giây...

   ⚠ [Worker 0] Chạm giới hạn TPM. Tạm nghỉ 25 giây...

   ⚠ [Worker 0] Chạm giới hạn TPM. Tạm nghỉ 25 giây...
   ✓ [Worker 0] Đã hoàn thành 4/4 từ.
[33m▲ [43;33m[[43;30mWARNING[43;33m][0m [1m⚠️ This process may take some time, during which your D1 database will be unavailable to serve queries.[0m


📦 [Worker 0] Đã đồng bộ thành công thêm 49 từ.

[Worker 0] Lấy dữ liệu cho mẻ gồm 50 từ...
⏳ [Worker 0] Phát hiện 49 từ khuyết ví dụ.
👉 [Worker 0] Đang xử lý nhóm: [ ほうそうばんぐみ, ほうぞう, ほうちこく, ほうちゃく, ほうていかへい ]...

   ⚠ [Worker 0] Chạm giới hạn TPM. Tạm nghỉ 25 giây...

   ⚠ [Worker 0] Chạm giới hạn TPM. Tạm nghỉ 25 giây...

   ⚠ [Worker 0] Chạm giới hạn TPM. Tạm nghỉ 25 giây...

   ⚠ [Worker 0] Chạm giới hạn TPM. Tạm nghỉ 25 giây...

   ⚠ [Worker 0] Chạm giới hạn TPM. Tạm nghỉ 4.5920000000000005 giây...
   ✓ [Worker 0] Đã hoàn thành 5/5 từ.
👉 [Worker 0] Đang xử lý nhóm: [ ほうていでんせんびょう, ほうてきこうい, ほうでん, ほうとく, ほうど ]...

   ⚠ [Worker 0] Chạm giới hạn TPM. Tạm nghỉ 25 giây...

   ⚠ [Worker 0] Chạm giới hạn TPM. Tạm nghỉ 25 giây...

   ⚠ [Worker 0] Chạm giới hạn TPM. Tạm nghỉ 25 giây...

   ⚠ [Worker 0] Chạm giới hạn TPM. Tạm nghỉ 25 giây...

   ⚠ [Worker 0] Chạm giới hạn TPM. Tạm nghỉ 25 giây...

   ⚠ [Worker 0] Chạm giới hạn TPM. Tạm nghỉ 43.1264 giây...
   ✓ [Worker 0] Đã hoàn thành 5/5 từ.
👉 [Worker 0] Đang xử lý nhóm: [ ほうどうばんぐみ, ほうにふれる, ほうねつき, ほうはい, ほうひせつだん ]...

   ⚠ [Worker 0] Chạm giới hạn TPM. Tạm nghỉ 25 giây...

   ⚠ [Worker 0] Chạm giới hạn TPM. Tạm nghỉ 44.5088 giây...

   ⚠ [Worker 0] Chạm giới hạn TPM. Tạm nghỉ 25 giây...
   ✓ [Worker 0] Đã hoàn thành 5/5 từ.
👉 [Worker 0] Đang xử lý nhóm: [ ほうふつ, ほうへいし, ほうほうろん, ほうまつこうほ, ほうむきょく ]...

   ⚠ [Worker 0] Chạm giới hạn TPM. Tạm nghỉ 25 giây...

   ⚠ [Worker 0] Chạm giới hạn TPM. Tạm nghỉ 25 giây...

   ⚠ [Worker 0] Chạm giới hạn TPM. Tạm nghỉ 25 giây...

   ⚠ [Worker 0] Chạm giới hạn TPM. Tạm nghỉ 25 giây...
   ✓ [Worker 0] Đã hoàn thành 5/5 từ.
👉 [Worker 0] Đang xử lý nhóm: [ ほうもう, ほうもんしゃ, ほうよく, ほうり, ほうりこむ ]...

   ⚠ [Worker 0] Chạm giới hạn TPM. Tạm nghỉ 25 giây...

   ⚠ [Worker 0] Chạm giới hạn TPM. Tạm nghỉ 25 giây...

   ⚠ [Worker 0] Chạm giới hạn TPM. Tạm nghỉ 25 giây...

   ⚠ [Worker 0] Chạm giới hạn TPM. Tạm nghỉ 25 giây...

   ⚠ [Worker 0] Chạm giới hạn TPM. Tạm nghỉ 25 giây...

   ⚠ [Worker 0] Chạm giới hạn TPM. Tạm nghỉ 25 giây...

   ⚠ [Worker 0] Chạm giới hạn TPM. Tạm nghỉ 25 giây...

   ⚠ [Worker 0] Chạm giới hạn TPM. Tạm nghỉ 54.704 giây...

   ⚠ [Worker 0] Chạm giới hạn TPM. Tạm nghỉ 23.7728 giây...
   ✓ [Worker 0] Đã hoàn thành 5/5 từ.
👉 [Worker 0] Đang xử lý nhóm: [ ほうりつこうい, ほうりつもんだい, ほうりゅう, ほうれん, ほうろうしゃ ]...

   ⚠ [Worker 0] Chạm giới hạn TPM. Tạm nghỉ 25 giây...

   ⚠ [Worker 0] Chạm giới hạn TPM. Tạm nghỉ 25 giây...

   ⚠ [Worker 0] Chạm giới hạn TPM. Tạm nghỉ 20.4896 giây...

   ⚠ [Worker 0] Chạm giới hạn TPM. Tạm nghỉ 25 giây...
   ✓ [Worker 0] Đã hoàn thành 5/5 từ.
👉 [Worker 0] Đang xử lý nhóm: [ ほうろん, ほうわじょうたい, ほうをおかす, ほえごえ, ほおかむり ]...

   ⚠ [Worker 0] Chạm giới hạn TPM. Tạm nghỉ 25 giây...

   ⚠ [Worker 0] Chạm giới hạn TPM. Tạm nghỉ 25 giây...

   ⚠ [Worker 0] Chạm giới hạn TPM. Tạm nghỉ 61.9616 giây...

   ⚠ [Worker 0] Chạm giới hạn TPM. Tạm nghỉ 25 giây...
   ✓ [Worker 0] Đã hoàn thành 5/5 từ.
👉 [Worker 0] Đang xử lý nhóm: [ ほおずり, ほおばる, ほおをそめる, ほかけぶね, ほかになにか ]...

   ⚠ [Worker 0] Chạm giới hạn TPM. Tạm nghỉ 25 giây...

   ⚠ [Worker 0] Chạm giới hạn TPM. Tạm nghỉ 25 giây...

   ⚠ [Worker 0] Chạm giới hạn TPM. Tạm nghỉ 25 giây...

   ⚠ [Worker 0] Chạm giới hạn TPM. Tạm nghỉ 25 giây...

   ⚠ [Worker 0] Chạm giới hạn TPM. Tạm nghỉ 25 giây...

   ⚠ [Worker 0] Chạm giới hạn TPM. Tạm nghỉ 25 giây...
   ✓ [Worker 0] Đã hoàn thành 5/5 từ.
👉 [Worker 0] Đang xử lý nhóm: [ ほかをさがす, ほかんしょう, ほがらかにわらう, ほきゅうろ, ほくがん ]...

   ⚠ [Worker 0] Chạm giới hạn TPM. Tạm nghỉ 60.060799999 giây...

   ⚠ [Worker 0] Chạm giới hạn TPM. Tạm nghỉ 25 giây...

   ⚠ [Worker 0] Chạm giới hạn TPM. Tạm nghỉ 25 giây...
   ✓ [Worker 0] Đã hoàn thành 5/5 từ.
👉 [Worker 0] Đang xử lý nhóm: [ ほくしじへん, ほくせいこうろ, ほくたん, ほくはん ]...

   ⚠ [Worker 0] Chạm giới hạn TPM. Tạm nghỉ 25 giây...

   ⚠ [Worker 0] Chạm giới hạn TPM. Tạm nghỉ 25 giây...

   ⚠ [Worker 0] Chạm giới hạn TPM. Tạm nghỉ 25 giây...

   ⚠ [Worker 0] Chạm giới hạn TPM. Tạm nghỉ 25 giây...

   ⚠ [Worker 0] Chạm giới hạn TPM. Tạm nghỉ 25 giây...
   ✓ [Worker 0] Đã hoàn thành 4/4 từ.
[33m▲ [43;33m[[43;30mWARNING[43;33m][0m [1m⚠️ This process may take some time, during which your D1 database will be unavailable to serve queries.[0m


📦 [Worker 0] Đã đồng bộ thành công thêm 49 từ.

[Worker 0] Lấy dữ liệu cho mẻ gồm 50 từ...
⏳ [Worker 0] Phát hiện 49 từ khuyết ví dụ.
👉 [Worker 0] Đang xử lý nhóm: [ ほくへん, ほくほく, ほくよう, ほくれい, ほぐし水 ]...

   ⚠ [Worker 0] Chạm giới hạn TPM. Tạm nghỉ 25 giây...

   ⚠ [Worker 0] Chạm giới hạn TPM. Tạm nghỉ 25 giây...

   ⚠ [Worker 0] Chạm giới hạn TPM. Tạm nghỉ 25 giây...

   ⚠ [Worker 0] Chạm giới hạn TPM. Tạm nghỉ 25 giây...
   ✓ [Worker 0] Đã hoàn thành 5/5 từ.
👉 [Worker 0] Đang xử lý nhóm: [ ほけつせんきょ, ほけんきんうけとりにん, ほけんせいど, ほけんぶつりがく, ほげた ]...

   ⚠ [Worker 0] Chạm giới hạn TPM. Tạm nghỉ 25 giây...

   ⚠ [Worker 0] Chạm giới hạn TPM. Tạm nghỉ 25 giây...

   ⚠ [Worker 0] Chạm giới hạn TPM. Tạm nghỉ 25 giây...

   ⚠ [Worker 0] Chạm giới hạn TPM. Tạm nghỉ 25 giây...
   ✓ [Worker 0] Đã hoàn thành 5/5 từ.
👉 [Worker 0] Đang xử lý nhóm: [ ほこら, ほこりを払う, ほごいいん, ほごく, ほごしょく ]...

   ⚠ [Worker 0] Chạm giới hạn TPM. Tạm nghỉ 25 giây...

   ⚠ [Worker 0] Chạm giới hạn TPM. Tạm nghỉ 25 giây...

   ⚠ [Worker 0] Chạm giới hạn TPM. Tạm nghỉ 25 giây...

   ⚠ [Worker 0] Chạm giới hạn TPM. Tạm nghỉ 25 giây...

   ⚠ [Worker 0] Chạm giới hạn TPM. Tạm nghỉ 25 giây...

   ⚠ [Worker 0] Chạm giới hạn TPM. Tạm nghỉ 25 giây...
   ✓ [Worker 0] Đã hoàn thành 5/5 từ.
👉 [Worker 0] Đang xử lý nhóm: [ ほごたいさく, ほごのせいじん, ほごりょう, ほさにん, ほしいい ]...

   ⚠ [Worker 0] Chạm giới hạn TPM. Tạm nghỉ 25 giây...

   ⚠ [Worker 0] Chạm giới hạn TPM. Tạm nghỉ 25 giây...

   ⚠ [Worker 0] Chạm giới hạn TPM. Tạm nghỉ 25 giây...

   ⚠ [Worker 0] Chạm giới hạn TPM. Tạm nghỉ 25 giây...

   ⚠ [Worker 0] Chạm giới hạn TPM. Tạm nghỉ 25 giây...
   ✓ [Worker 0] Đã hoàn thành 5/5 từ.
👉 [Worker 0] Đang xử lý nhóm: [ ほしがき, ほしくず, ほしにく, ほしゅうごう, ほしゅせい ]...

   ⚠ [Worker 0] Chạm giới hạn TPM. Tạm nghỉ 25 giây...

   ⚠ [Worker 0] Chạm giới hạn TPM. Tạm nghỉ 25 giây...

   ⚠ [Worker 0] Chạm giới hạn TPM. Tạm nghỉ 13.5776 giây...
   ✓ [Worker 0] Đã hoàn thành 5/5 từ.
👉 [Worker 0] Đang xử lý nhóm: [ ほしん, ほじょきおくそうち, ほじょどうし, ほせんく, ほそうで ]...

   ⚠ [Worker 0] Chạm giới hạn TPM. Tạm nghỉ 25 giây...

   ⚠ [Worker 0] Chạm giới hạn TPM. Tạm nghỉ 25 giây...

   ⚠ [Worker 0] Chạm giới hạn TPM. Tạm nghỉ 25 giây...

   ⚠ [Worker 0] Chạm giới hạn TPM. Tạm nghỉ 25 giây...

   ⚠ [Worker 0] Chạm giới hạn TPM. Tạm nghỉ 25 giây...

   ⚠ [Worker 0] Chạm giới hạn TPM. Tạm nghỉ 25 giây...

   ⚠ [Worker 0] Chạm giới hạn TPM. Tạm nghỉ 25 giây...

   ⚠ [Worker 0] Chạm giới hạn TPM. Tạm nghỉ 7.529599999 giây...
   ✓ [Worker 0] Đã hoàn thành 5/5 từ.
👉 [Worker 0] Đang xử lý nhóm: [ ほそがき, ほそぼそ話す, ほぞ穴, ほたるいか, ほちゅうあみ ]...

   ⚠ [Worker 0] Chạm giới hạn TPM. Tạm nghỉ 25 giây...

   ⚠ [Worker 0] Chạm giới hạn TPM. Tạm nghỉ 25 giây...

   ⚠ [Worker 0] Chạm giới hạn TPM. Tạm nghỉ 25 giây...
   ✓ [Worker 0] Đã hoàn thành 5/5 từ.
👉 [Worker 0] Đang xử lý nhóm: [ ほっきょくこう, ほっけしゅう, ほっす, ほっとうにん, ほっほっほっ ]...

   ⚠ [Worker 0] Chạm giới hạn TPM. Tạm nghỉ 25 giây...

   ⚠ [Worker 0] Chạm giới hạn TPM. Tạm nghỉ 25 giây...

   ⚠ [Worker 0] Chạm giới hạn TPM. Tạm nghỉ 20.4896 giây...

   ⚠ [Worker 0] Chạm giới hạn TPM. Tạm nghỉ 25 giây...

   ⚠ [Worker 0] Chạm giới hạn TPM. Tạm nghỉ 25 giây...

   ⚠ [Worker 0] Chạm giới hạn TPM. Tạm nghỉ 25 giây...
   ✓ [Worker 0] Đã hoàn thành 5/5 từ.
👉 [Worker 0] Đang xử lý nhóm: [ ほつれ髪, ほとけがお, ほとけしょう, ほとんど確実に収束, ほどほど ]...

   ⚠ [Worker 0] Chạm giới hạn TPM. Tạm nghỉ 25 giây...

   ⚠ [Worker 0] Chạm giới hạn TPM. Tạm nghỉ 25 giây...

   ⚠ [Worker 0] Chạm giới hạn TPM. Tạm nghỉ 25 giây...

   ⚠ [Worker 0] Chạm giới hạn TPM. Tạm nghỉ 25 giây...

   ⚠ [Worker 0] Chạm giới hạn TPM. Tạm nghỉ 25 giây...
   ✓ [Worker 0] Đã hoàn thành 5/5 từ.
👉 [Worker 0] Đang xử lý nhóm: [ ほねがおれる, ほねばる, ほねをうずめる, ほのめく ]...

   ⚠ [Worker 0] Chạm giới hạn TPM. Tạm nghỉ 25 giây...

   ⚠ [Worker 0] Chạm giới hạn TPM. Tạm nghỉ 25 giây...

   ⚠ [Worker 0] Chạm giới hạn TPM. Tạm nghỉ 25 giây...

   ⚠ [Worker 0] Chạm giới hạn TPM. Tạm nghỉ 25 giây...

   ⚠ [Worker 0] Chạm giới hạn TPM. Tạm nghỉ 25 giây...

   ⚠ [Worker 0] Chạm giới hạn TPM. Tạm nghỉ 25 giây...
   ✓ [Worker 0] Đã hoàn thành 4/4 từ.
[33m▲ [43;33m[[43;30mWARNING[43;33m][0m [1m⚠️ This process may take some time, during which your D1 database will be unavailable to serve queries.[0m


📦 [Worker 0] Đã đồng bộ thành công thêm 49 từ.

[Worker 0] Lấy dữ liệu cho mẻ gồm 50 từ...
⏳ [Worker 0] Phát hiện 48 từ khuyết ví dụ.
👉 [Worker 0] Đang xử lý nhóm: [ ほふる, ほほえましい, ほほじろ, ほめごろし, ほめちぎる ]...

   ⚠ [Worker 0] Chạm giới hạn TPM. Tạm nghỉ 25 giây...

   ⚠ [Worker 0] Chạm giới hạn TPM. Tạm nghỉ 25 giây...

   ⚠ [Worker 0] Chạm giới hạn TPM. Tạm nghỉ 25 giây...

   ⚠ [Worker 0] Chạm giới hạn TPM. Tạm nghỉ 25 giây...

   ⚠ [Worker 0] Chạm giới hạn TPM. Tạm nghỉ 25 giây...

   ⚠ [Worker 0] Chạm giới hạn TPM. Tạm nghỉ 25 giây...

   ⚠ [Worker 0] Chạm giới hạn TPM. Tạm nghỉ 25 giây...
   ✓ [Worker 0] Đã hoàn thành 5/5 từ.
👉 [Worker 0] Đang xử lý nhóm: [ ほゆう, ほようじょ, ほらあな, ほらを吹く, ほら貝 ]...

   ⚠ [Worker 0] Chạm giới hạn TPM. Tạm nghỉ 25 giây...

   ⚠ [Worker 0] Chạm giới hạn TPM. Tạm nghỉ 25 giây...

   ⚠ [Worker 0] Chạm giới hạn TPM. Tạm nghỉ 25 giây...

   ⚠ [Worker 0] Chạm giới hạn TPM. Tạm nghỉ 25 giây...
   ✓ [Worker 0] Đã hoàn thành 5/5 từ.
👉 [Worker 0] Đang xử lý nhóm: [ ほら貝を吹く, ほりあてる, ほりきざむ, ほりつける, ほりばた ]...

   ⚠ [Worker 0] Chạm giới hạn TPM. Tạm nghỉ 25 giây...

   ⚠ [Worker 0] Chạm giới hạn TPM. Tạm nghỉ 25 giây...

   ⚠ [Worker 0] Chạm giới hạn TPM. Tạm nghỉ 25 giây...

   ⚠ [Worker 0] Chạm giới hạn TPM. Tạm nghỉ 25 giây...

   ⚠ [Worker 0] Chạm giới hạn TPM. Tạm nghỉ 56.7776 giây...

   ⚠ [Worker 0] Chạm giới hạn TPM. Tạm nghỉ 25 giây...
   ✓ [Worker 0] Đã hoàn thành 5/5 từ.
👉 [Worker 0] Đang xử lý nhóm: [ ほりょこうかん, ほれこむ, ほろう, ほろり, ほろ酔い ]...

   ⚠ [Worker 0] Chạm giới hạn TPM. Tạm nghỉ 25 giây...

   ⚠ [Worker 0] Chạm giới hạn TPM. Tạm nghỉ 25 giây...

   ⚠ [Worker 0] Chạm giới hạn TPM. Tạm nghỉ 25 giây...

   ⚠ [Worker 0] Chạm giới hạn TPM. Tạm nghỉ 16.515199999 giây...

   ⚠ [Worker 0] Chạm giới hạn TPM. Tạm nghỉ 25 giây...
   ✓ [Worker 0] Đã hoàn thành 5/5 từ.
👉 [Worker 0] Đang xử lý nhóm: [ ほをすすめる, ほんいんぼう, ほんかい, ほんかくか, ほんきゅう ]...

   ⚠ [Worker 0] Chạm giới hạn TPM. Tạm nghỉ 25 giây...

   ⚠ [Worker 0] Chạm giới hạn TPM. Tạm nghỉ 25 giây...

   ⚠ [Worker 0] Chạm giới hạn TPM. Tạm nghỉ 25 giây...

   ⚠ [Worker 0] Chạm giới hạn TPM. Tạm nghỉ 25 giây...

   ⚠ [Worker 0] Chạm giới hạn TPM. Tạm nghỉ 25 giây...

   ⚠ [Worker 0] Chạm giới hạn TPM. Tạm nghỉ 25 giây...

   ⚠ [Worker 0] Chạm giới hạn TPM. Tạm nghỉ 25 giây...

   ⚠ [Worker 0] Chạm giới hạn TPM. Tạm nghỉ 25 giây...

   ⚠ [Worker 0] Chạm giới hạn TPM. Tạm nghỉ 48.656 giây...
   ✓ [Worker 0] Đã hoàn thành 5/5 từ.
👉 [Worker 0] Đang xử lý nhóm: [ ほんぎ, ほんくじ, ほんけいやく, ほんけんちく, ほんこんへんかん ]...

   ⚠ [Worker 0] Chạm giới hạn TPM. Tạm nghỉ 25 giây...

   ⚠ [Worker 0] Chạm giới hạn TPM. Tạm nghỉ 25 giây...

   ⚠ [Worker 0] Chạm giới hạn TPM. Tạm nghỉ 25 giây...

   ⚠ [Worker 0] Chạm giới hạn TPM. Tạm nghỉ 25 giây...
   ✓ [Worker 0] Đã hoàn thành 5/5 từ.
👉 [Worker 0] Đang xử lý nhóm: [ ほんしき, ほんしょ, ほんすう, ほんぜん, ほんたいせいこうけつあつ ]...

   ⚠ [Worker 0] Chạm giới hạn TPM. Tạm nghỉ 25 giây...

   ⚠ [Worker 0] Chạm giới hạn TPM. Tạm nghỉ 25 giây...

   ⚠ [Worker 0] Chạm giới hạn TPM. Tạm nghỉ 25 giây...

   ⚠ [Worker 0] Chạm giới hạn TPM. Tạm nghỉ 25 giây...

   ⚠ [Worker 0] Chạm giới hạn TPM. Tạm nghỉ 25 giây...

   ⚠ [Worker 0] Chạm giới hạn TPM. Tạm nghỉ 25 giây...

   ⚠ [Worker 0] Chạm giới hạn TPM. Tạm nghỉ 25 giây...
   ✓ [Worker 0] Đã hoàn thành 5/5 từ.
👉 [Worker 0] Đang xử lý nhóm: [ ほんだい, ほんてい, ほんととけいをかえる, ほんにしおりをはさむ, ほんのな ]...

   ⚠ [Worker 0] Chạm giới hạn TPM. Tạm nghỉ 25 giây...

   ⚠ [Worker 0] Chạm giới hạn TPM. Tạm nghỉ 25 giây...

   ⚠ [Worker 0] Chạm giới hạn TPM. Tạm nghỉ 25 giây...
   ✓ [Worker 0] Đã hoàn thành 5/5 từ.
👉 [Worker 0] Đang xử lý nhóm: [ ほんばしょ, ほんぶたい, ほんぽうふき, ほんまに, ほんむすび ]...

   ⚠ [Worker 0] Chạm giới hạn TPM. Tạm nghỉ 25 giây...

   ⚠ [Worker 0] Chạm giới hạn TPM. Tạm nghỉ 25 giây...

   ⚠ [Worker 0] Chạm giới hạn TPM. Tạm nghỉ 25 giây...

   ⚠ [Worker 0] Chạm giới hạn TPM. Tạm nghỉ 25 giây...
   ✓ [Worker 0] Đã hoàn thành 5/5 từ.
👉 [Worker 0] Đang xử lý nhóm: [ ほんもんひひょう, ほんやくしょ, ほんよう ]...

   ⚠ [Worker 0] Chạm giới hạn TPM. Tạm nghỉ 57.4688 giây...

   ⚠ [Worker 0] Chạm giới hạn TPM. Tạm nghỉ 25 giây...

   ⚠ [Worker 0] Chạm giới hạn TPM. Tạm nghỉ 25 giây...

   ⚠ [Worker 0] Chạm giới hạn TPM. Tạm nghỉ 25 giây...

   ⚠ [Worker 0] Chạm giới hạn TPM. Tạm nghỉ 25 giây...

   ⚠ [Worker 0] Chạm giới hạn TPM. Tạm nghỉ 30.1664 giây...

   ⚠ [Worker 0] Chạm giới hạn TPM. Tạm nghỉ 47.1008 giây...
   ✓ [Worker 0] Đã hoàn thành 3/3 từ.
[33m▲ [43;33m[[43;30mWARNING[43;33m][0m [1m⚠️ This process may take some time, during which your D1 database will be unavailable to serve queries.[0m


📦 [Worker 0] Đã đồng bộ thành công thêm 48 từ.

[Worker 0] Lấy dữ liệu cho mẻ gồm 50 từ...
⏳ [Worker 0] Phát hiện 49 từ khuyết ví dụ.
👉 [Worker 0] Đang xử lý nhóm: [ ほんりゅう, ほんわか, ほんをさがす, ぼうあつ, ぼうえいしせつちょう ]...

   ⚠ [Worker 0] Chạm giới hạn TPM. Tạm nghỉ 25 giây...
   ✓ [Worker 0] Đã hoàn thành 5/5 từ.
👉 [Worker 0] Đang xử lý nhóm: [ ぼうえいひ, ぼうえきぎょう, ぼうえきふう, ぼうえん, ぼうおんしつ ]...

   ⚠ [Worker 0] Chạm giới hạn TPM. Tạm nghỉ 25 giây...

   ⚠ [Worker 0] Chạm giới hạn TPM. Tạm nghỉ 25 giây...

   ⚠ [Worker 0] Chạm giới hạn TPM. Tạm nghỉ 25 giây...
   ✓ [Worker 0] Đã hoàn thành 5/5 từ.
👉 [Worker 0] Đang xử lý nhóm: [ ぼうかずくり, ぼうかど, ぼうかんしゃ, ぼうがいこうさく, ぼうきょ ]...

   ⚠ [Worker 0] Chạm giới hạn TPM. Tạm nghỉ 25 giây...

   ⚠ [Worker 0] Chạm giới hạn TPM. Tạm nghỉ 25 giây...

   ⚠ [Worker 0] Chạm giới hạn TPM. Tạm nghỉ 25 giây...

   ⚠ [Worker 0] Chạm giới hạn TPM. Tạm nghỉ 25 giây...

   ⚠ [Worker 0] Chạm giới hạn TPM. Tạm nghỉ 25 giây...

   ⚠ [Worker 0] Chạm giới hạn TPM. Tạm nghỉ 25 giây...

   ⚠ [Worker 0] Chạm giới hạn TPM. Tạm nghỉ 25 giây...

   ⚠ [Worker 0] Chạm giới hạn TPM. Tạm nghỉ 57.8144 giây...
   ✓ [Worker 0] Đã hoàn thành 5/5 từ.
👉 [Worker 0] Đang xử lý nhóm: [ ぼうぎゃくをきわめる, ぼうぎょりつ, ぼうぐみ, ぼうけんしん, ぼうこうけっせき ]...

   ⚠ [Worker 0] Chạm giới hạn TPM. Tạm nghỉ 44.681599999 giây...

   ⚠ [Worker 0] Chạm giới hạn TPM. Tạm nghỉ 25 giây...
   ✓ [Worker 0] Đã hoàn thành 5/5 từ.
👉 [Worker 0] Đang xử lý nhóm: [ ぼうご, ぼうさつ, ぼうしつ, ぼうしや, ぼうしゅくかこう ]...

   ⚠ [Worker 0] Chạm giới hạn TPM. Tạm nghỉ 25 giây...

   ⚠ [Worker 0] Chạm giới hạn TPM. Tạm nghỉ 25 giây...

   ⚠ [Worker 0] Chạm giới hạn TPM. Tạm nghỉ 25 giây...

   ⚠ [Worker 0] Chạm giới hạn TPM. Tạm nghỉ 25 giây...

   ⚠ [Worker 0] Chạm giới hạn TPM. Tạm nghỉ 25 giây...

   ⚠ [Worker 0] Chạm giới hạn TPM. Tạm nghỉ 25 giây...
   ✓ [Worker 0] Đã hoàn thành 5/5 từ.
👉 [Worker 0] Đang xử lý nhóm: [ ぼうじしゃく, ぼうじゅ, ぼうじん, ぼうすいけい, ぼうずがり ]...

   ⚠ [Worker 0] Chạm giới hạn TPM. Tạm nghỉ 25 giây...

   ⚠ [Worker 0] Chạm giới hạn TPM. Tạm nghỉ 25 giây...

   ⚠ [Worker 0] Chạm giới hạn TPM. Tạm nghỉ 25 giây...

   ⚠ [Worker 0] Chạm giới hạn TPM. Tạm nghỉ 25 giây...

   ⚠ [Worker 0] Chạm giới hạn TPM. Tạm nghỉ 25 giây...
   ✓ [Worker 0] Đã hoàn thành 5/5 từ.
👉 [Worker 0] Đang xử lý nhóm: [ ぼうせきこう, ぼうそううんてん, ぼうちゅう, ぼうちょうてい, ぼうちょうりつ ]...

   ⚠ [Worker 0] Chạm giới hạn TPM. Tạm nghỉ 25 giây...

   ⚠ [Worker 0] Chạm giới hạn TPM. Tạm nghỉ 25 giây...

   ⚠ [Worker 0] Chạm giới hạn TPM. Tạm nghỉ 29.648 giây...
   ✓ [Worker 0] Đã hoàn thành 5/5 từ.
👉 [Worker 0] Đang xử lý nhóm: [ ぼうにふる, ぼうのうち, ぼうばくたる, ぼうふういき, ぼうぼ ]...

   ⚠ [Worker 0] Chạm giới hạn TPM. Tạm nghỉ 25 giây...

   ⚠ [Worker 0] Chạm giới hạn TPM. Tạm nghỉ 25 giây...

   ⚠ [Worker 0] Chạm giới hạn TPM. Tạm nghỉ 25 giây...

   ⚠ [Worker 0] Chạm giới hạn TPM. Tạm nghỉ 25 giây...

   ⚠ [Worker 0] Chạm giới hạn TPM. Tạm nghỉ 25 giây...
   ✓ [Worker 0] Đã hoàn thành 5/5 từ.
👉 [Worker 0] Đang xử lý nhóm: [ ぼうめいきぼうしゃ, ぼうもう, ぼうよう, ぼうりゅう, ぼうりょくだんこうそう ]...

   ⚠ [Worker 0] Chạm giới hạn TPM. Tạm nghỉ 25 giây...

   ⚠ [Worker 0] Chạm giới hạn TPM. Tạm nghỉ 25 giây...

   ⚠ [Worker 0] Chạm giới hạn TPM. Tạm nghỉ 25 giây...

   ⚠ [Worker 0] Chạm giới hạn TPM. Tạm nghỉ 25 giây...

   ⚠ [Worker 0] Chạm giới hạn TPM. Tạm nghỉ 25 giây...

   ⚠ [Worker 0] Chạm giới hạn TPM. Tạm nghỉ 25 giây...
   ✓ [Worker 0] Đã hoàn thành 5/5 từ.
👉 [Worker 0] Đang xử lý nhóm: [ ぼうをいとわず, ぼかし, ぼきんばこ, ぼくさつ ]...

   ⚠ [Worker 0] Chạm giới hạn TPM. Tạm nghỉ 60.4064 giây...

   ⚠ [Worker 0] Chạm giới hạn TPM. Tạm nghỉ 25 giây...

   ⚠ [Worker 0] Chạm giới hạn TPM. Tạm nghỉ 25 giây...

   ⚠ [Worker 0] Chạm giới hạn TPM. Tạm nghỉ 25 giây...

   ⚠ [Worker 0] Chạm giới hạn TPM. Tạm nghỉ 51.4208 giây...

   ⚠ [Worker 0] Chạm giới hạn TPM. Tạm nghỉ 30.512 giây...
   ✓ [Worker 0] Đã hoàn thành 4/4 từ.
[33m▲ [43;33m[[43;30mWARNING[43;33m][0m [1m⚠️ This process may take some time, during which your D1 database will be unavailable to serve queries.[0m


📦 [Worker 0] Đã đồng bộ thành công thêm 49 từ.

[Worker 0] Lấy dữ liệu cho mẻ gồm 50 từ...
⏳ [Worker 0] Phát hiện 50 từ khuyết ví dụ.
👉 [Worker 0] Đang xử lý nhóm: [ ぼくしん, ぼくせん, ぼくち, ぼくとつ, ぼくはきみに世話をさせたいんです ]...

   ⚠ [Worker 0] Chạm giới hạn TPM. Tạm nghỉ 25 giây...

   ⚠ [Worker 0] Chạm giới hạn TPM. Tạm nghỉ 25 giây...

   ⚠ [Worker 0] Chạm giới hạn TPM. Tạm nghỉ 45.7184 giây...
   ✓ [Worker 0] Đã hoàn thành 5/5 từ.
👉 [Worker 0] Đang xử lý nhóm: [ ぼくみん, ぼくようち, ぼけつをほる, ぼごわしゃ, ぼさん ]...

   ⚠ [Worker 0] Chạm giới hạn TPM. Tạm nghỉ 25 giây...

   ⚠ [Worker 0] Chạm giới hạn TPM. Tạm nghỉ 25 giây...

   ⚠ [Worker 0] Chạm giới hạn TPM. Tạm nghỉ 25 giây...

   ⚠ [Worker 0] Chạm giới hạn TPM. Tạm nghỉ 25 giây...
   ✓ [Worker 0] Đã hoàn thành 5/5 từ.
👉 [Worker 0] Đang xử lý nhóm: [ ぼしとも, ぼしゅうじんいん, ぼしょ, ぼしん, ぼせつ ]...

   ⚠ [Worker 0] Chạm giới hạn TPM. Tạm nghỉ 25 giây...

   ⚠ [Worker 0] Chạm giới hạn TPM. Tạm nghỉ 25 giây...

   ⚠ [Worker 0] Chạm giới hạn TPM. Tạm nghỉ 25 giây...

   ⚠ [Worker 0] Chạm giới hạn TPM. Tạm nghỉ 25 giây...

   ⚠ [Worker 0] Chạm giới hạn TPM. Tạm nghỉ 25 giây...

   ⚠ [Worker 0] Chạm giới hạn TPM. Tạm nghỉ 25 giây...

   ⚠ [Worker 0] Chạm giới hạn TPM. Tạm nghỉ 25 giây...
   ✓ [Worker 0] Đã hoàn thành 5/5 từ.
👉 [Worker 0] Đang xử lý nhóm: [ ぼそぼそ, ぼたんいんこ, ぼたんゆき, ぼちぼち, ぼっかてき ]...

   ⚠ [Worker 0] Chạm giới hạn TPM. Tạm nghỉ 25 giây...

   ⚠ [Worker 0] Chạm giới hạn TPM. Tạm nghỉ 25 giây...

   ⚠ [Worker 0] Chạm giới hạn TPM. Tạm nghỉ 25 giây...

   ⚠ [Worker 0] Chạm giới hạn TPM. Tạm nghỉ 25 giây...

   ⚠ [Worker 0] Chạm giới hạn TPM. Tạm nghỉ 25 giây...

   ⚠ [Worker 0] Chạm giới hạn TPM. Tạm nghỉ 25 giây...
   ✓ [Worker 0] Đã hoàn thành 5/5 từ.
👉 [Worker 0] Đang xử lý nhóm: [ ぼっきょ, ぼっこう, ぼっしょくし, ぼったくる, ぼってり ]...

   ⚠ [Worker 0] Chạm giới hạn TPM. Tạm nghỉ 25 giây...

   ⚠ [Worker 0] Chạm giới hạn TPM. Tạm nghỉ 25 giây...

   ⚠ [Worker 0] Chạm giới hạn TPM. Tạm nghỉ 25 giây...

   ⚠ [Worker 0] Chạm giới hạn TPM. Tạm nghỉ 25 giây...
   ✓ [Worker 0] Đã hoàn thành 5/5 từ.
👉 [Worker 0] Đang xử lý nhóm: [ ぼつこうしょう, ぼつしゅみ, ぼつにする, ぼつりそう, ぼひめい ]...

   ⚠ [Worker 0] Chạm giới hạn TPM. Tạm nghỉ 25 giây...

   ⚠ [Worker 0] Chạm giới hạn TPM. Tạm nghỉ 25 giây...

   ⚠ [Worker 0] Chạm giới hạn TPM. Tạm nghỉ 25 giây...

   ⚠ [Worker 0] Chạm giới hạn TPM. Tạm nghỉ 5.9744 giây...

   ⚠ [Worker 0] Chạm giới hạn TPM. Tạm nghỉ 25 giây...

   ⚠ [Worker 0] Chạm giới hạn TPM. Tạm nghỉ 25 giây...

   ⚠ [Worker 0] Chạm giới hạn TPM. Tạm nghỉ 25 giây...

   ⚠ [Worker 0] Chạm giới hạn TPM. Tạm nghỉ 25 giây...

   ⚠ [Worker 0] Chạm giới hạn TPM. Tạm nghỉ 45.8912 giây...
   ✓ [Worker 0] Đã hoàn thành 5/5 từ.
👉 [Worker 0] Đang xử lý nhóm: [ ぼやき, ぼやぼや, ぼりぼりたべる, ぼろい, ぼろぼろ ]...

   ⚠ [Worker 0] Chạm giới hạn TPM. Tạm nghỉ 55.568 giây...
   ✓ [Worker 0] Đã hoàn thành 5/5 từ.
👉 [Worker 0] Đang xử lý nhóm: [ ぼろや, ぼろ布, ぼろ糞, ぼんき, ぼんこつ ]...

   ⚠ [Worker 0] Chạm giới hạn TPM. Tạm nghỉ 25 giây...

   ⚠ [Worker 0] Chạm giới hạn TPM. Tạm nghỉ 25 giây...

   ⚠ [Worker 0] Chạm giới hạn TPM. Tạm nghỉ 9.776 giây...

   ⚠ [Worker 0] Chạm giới hạn TPM. Tạm nghỉ 25 giây...

   ⚠ [Worker 0] Chạm giới hạn TPM. Tạm nghỉ 25 giây...

   ⚠ [Worker 0] Chạm giới hạn TPM. Tạm nghỉ 25 giây...

   ⚠ [Worker 0] Chạm giới hạn TPM. Tạm nghỉ 25 giây...

   ⚠ [Worker 0] Chạm giới hạn TPM. Tạm nghỉ 33.104 giây...
   ✓ [Worker 0] Đã hoàn thành 5/5 từ.
👉 [Worker 0] Đang xử lý nhóm: [ ぼんしあい, ぼんしょう, ぼんせき, ぼんたい, ぼんてん ]...

   ⚠ [Worker 0] Chạm giới hạn TPM. Tạm nghỉ 25 giây...

   ⚠ [Worker 0] Chạm giới hạn TPM. Tạm nghỉ 25 giây...

   ⚠ [Worker 0] Chạm giới hạn TPM. Tạm nghỉ 25 giây...
   ✓ [Worker 0] Đã hoàn thành 5/5 từ.
👉 [Worker 0] Đang xử lý nhóm: [ ぼんならざるじんぶつ, ぼんのふち, ぼんぶ, ぼんぼん時計, ぼんやりした目付け ]...

   ⚠ [Worker 0] Chạm giới hạn TPM. Tạm nghỉ 61.270399999 giây...

   ⚠ [Worker 0] Chạm giới hạn TPM. Tạm nghỉ 25 giây...
   ✓ [Worker 0] Đã hoàn thành 5/5 từ.
[33m▲ [43;33m[[43;30mWARNING[43;33m][0m [1m⚠️ This process may take some time, during which your D1 database will be unavailable to serve queries.[0m


📦 [Worker 0] Đã đồng bộ thành công thêm 50 từ.

[Worker 0] Lấy dữ liệu cho mẻ gồm 50 từ...
⏳ [Worker 0] Phát hiện 48 từ khuyết ví dụ.
👉 [Worker 0] Đang xử lý nhóm: [ ぼんわじてん, ぼーりんぐき, ぽかぽか, ぽたぽた, ぽちゃ子 ]...

   ⚠ [Worker 0] Chạm giới hạn TPM. Tạm nghỉ 25 giây...

   ⚠ [Worker 0] Chạm giới hạn TPM. Tạm nghỉ 25 giây...

   ⚠ [Worker 0] Chạm giới hạn TPM. Tạm nghỉ 25 giây...

   ⚠ [Worker 0] Chạm giới hạn TPM. Tạm nghỉ 25 giây...

   ⚠ [Worker 0] Chạm giới hạn TPM. Tạm nghỉ 25 giây...

   ⚠ [Worker 0] Chạm giới hạn TPM. Tạm nghỉ 25 giây...

   ⚠ [Worker 0] Chạm giới hạn TPM. Tạm nghỉ 25 giây...

   ⚠ [Worker 0] Chạm giới hạn TPM. Tạm nghỉ 59.024 giây...
   ✓ [Worker 0] Đã hoàn thành 5/5 từ.
👉 [Worker 0] Đang xử lý nhóm: [ ぽっちゃり, ぽとぽと, ぽるとがる, ぽんびき, ぽん引き ]...

   ⚠ [Worker 0] Chạm giới hạn TPM. Tạm nghỉ 25 giây...

   ⚠ [Worker 0] Chạm giới hạn TPM. Tạm nghỉ 46.928 giây...

   ⚠ [Worker 0] Chạm giới hạn TPM. Tạm nghỉ 25 giây...
   ✓ [Worker 0] Đã hoàn thành 5/5 từ.
👉 [Worker 0] Đang xử lý nhóm: [ まあたらしい, まいうー, まいき, まいごう, まいせん ]...

   ⚠ [Worker 0] Chạm giới hạn TPM. Tạm nghỉ 55.7408 giây...
   ✓ [Worker 0] Đã hoàn thành 5/5 từ.
👉 [Worker 0] Đang xử lý nhóm: [ まいぞうりょう, まいった, まいよ, まうしろ, まえかけ ]...

   ⚠ [Worker 0] Chạm giới hạn TPM. Tạm nghỉ 25 giây...

   ⚠ [Worker 0] Chạm giới hạn TPM. Tạm nghỉ 25 giây...

   ⚠ [Worker 0] Chạm giới hạn TPM. Tạm nghỉ 25 giây...

   ⚠ [Worker 0] Chạm giới hạn TPM. Tạm nghỉ 25 giây...

   ⚠ [Worker 0] Chạm giới hạn TPM. Tạm nghỉ 25 giây...

   ⚠ [Worker 0] Chạm giới hạn TPM. Tạm nghỉ 25 giây...

   ⚠ [Worker 0] Chạm giới hạn TPM. Tạm nghỉ 25 giây...

   ⚠ [Worker 0] Chạm giới hạn TPM. Tạm nghỉ 48.4832 giây...
   ✓ [Worker 0] Đã hoàn thành 5/5 từ.
👉 [Worker 0] Đang xử lý nhóm: [ まえこうじょう, まえせんでん, まえのせつ, まえみごろ, まえわたしきん ]...

   ⚠ [Worker 0] Chạm giới hạn TPM. Tạm nghỉ 25 giây...

   ⚠ [Worker 0] Chạm giới hạn TPM. Tạm nghỉ 25 giây...

   ⚠ [Worker 0] Chạm giới hạn TPM. Tạm nghỉ 25 giây...

   ⚠ [Worker 0] Chạm giới hạn TPM. Tạm nghỉ 25 giây...
   ✓ [Worker 0] Đã hoàn thành 5/5 từ.
👉 [Worker 0] Đang xử lý nhóm: [ まかない, まかりならぬ, まかり間違う, まがも, まきあみ ]...

   ⚠ [Worker 0] Chạm giới hạn TPM. Tạm nghỉ 25 giây...

   ⚠ [Worker 0] Chạm giới hạn TPM. Tạm nghỉ 25 giây...

   ⚠ [Worker 0] Chạm giới hạn TPM. Tạm nghỉ 25 giây...

   ⚠ [Worker 0] Chạm giới hạn TPM. Tạm nghỉ 25 giây...

   ⚠ [Worker 0] Chạm giới hạn TPM. Tạm nghỉ 13.4048 giây...

   ⚠ [Worker 0] Chạm giới hạn TPM. Tạm nghỉ 25 giây...

   ⚠ [Worker 0] Chạm giới hạn TPM. Tạm nghỉ 25 giây...

   ⚠ [Worker 0] Chạm giới hạn TPM. Tạm nghỉ 25 giây...

   ⚠ [Worker 0] Chạm giới hạn TPM. Tạm nghỉ 25 giây...
   ✓ [Worker 0] Đã hoàn thành 5/5 từ.
👉 [Worker 0] Đang xử lý nhóm: [ まきかえしさくせん, まきずし, まきひげ, まきょう, まぎれこむ ]...

   ⚠ [Worker 0] Chạm giới hạn TPM. Tạm nghỉ 25 giây...

   ⚠ [Worker 0] Chạm giới hạn TPM. Tạm nghỉ 25 giây...

   ⚠ [Worker 0] Chạm giới hạn TPM. Tạm nghỉ 25 giây...
   ✓ [Worker 0] Đã hoàn thành 5/5 từ.
👉 [Worker 0] Đang xử lý nhóm: [ まくした, まくじょう, まくらえ, まくらさがし, まくらやみ ]...

   ⚠ [Worker 0] Chạm giới hạn TPM. Tạm nghỉ 25 giây...

   ⚠ [Worker 0] Chạm giới hạn TPM. Tạm nghỉ 25 giây...

   ⚠ [Worker 0] Chạm giới hạn TPM. Tạm nghỉ 25 giây...

   ⚠ [Worker 0] Chạm giới hạn TPM. Tạm nghỉ 25 giây...

   ⚠ [Worker 0] Chạm giới hạn TPM. Tạm nghỉ 25 giây...

   ⚠ [Worker 0] Chạm giới hạn TPM. Tạm nghỉ 25 giây...

   ⚠ [Worker 0] Chạm giới hạn TPM. Tạm nghỉ 25 giây...

   ⚠ [Worker 0] Chạm giới hạn TPM. Tạm nghỉ 48.1376 giây...
   ✓ [Worker 0] Đã hoàn thành 5/5 từ.
👉 [Worker 0] Đang xử lý nhóm: [ まくわうり, まぐれあたり, まぐわう, まけずおとらず, まことしやかに ]...

   ⚠ [Worker 0] Chạm giới hạn TPM. Tạm nghỉ 25 giây...

   ⚠ [Worker 0] Chạm giới hạn TPM. Tạm nghỉ 25 giây...

   ⚠ [Worker 0] Chạm giới hạn TPM. Tạm nghỉ 25 giây...

   ⚠ [Worker 0] Chạm giới hạn TPM. Tạm nghỉ 25 giây...

   ⚠ [Worker 0] Chạm giới hạn TPM. Tạm nghỉ 25 giây...
   ✓ [Worker 0] Đã hoàn thành 5/5 từ.
👉 [Worker 0] Đang xử lý nhóm: [ まごい, まごつく, まごまご ]...

   ⚠ [Worker 0] Chạm giới hạn TPM. Tạm nghỉ 58.8512 giây...

   ⚠ [Worker 0] Chạm giới hạn TPM. Tạm nghỉ 25 giây...

   ⚠ [Worker 0] Chạm giới hạn TPM. Tạm nghỉ 25 giây...
   ✓ [Worker 0] Đã hoàn thành 3/3 từ.
[33m▲ [43;33m[[43;30mWARNING[43;33m][0m [1m⚠️ This process may take some time, during which your D1 database will be unavailable to serve queries.[0m


📦 [Worker 0] Đã đồng bộ thành công thêm 48 từ.

[Worker 0] Lấy dữ liệu cho mẻ gồm 50 từ...
⏳ [Worker 0] Phát hiện 50 từ khuyết ví dụ.
👉 [Worker 0] Đang xử lý nhóm: [ まさしく, まさにほろびんとしている, まざりもの, ましたや, ましゅ ]...

   ⚠ [Worker 0] Chạm giới hạn TPM. Tạm nghỉ 25 giây...

   ⚠ [Worker 0] Chạm giới hạn TPM. Tạm nghỉ 25 giây...

   ⚠ [Worker 0] Chạm giới hạn TPM. Tạm nghỉ 25 giây...

   ⚠ [Worker 0] Chạm giới hạn TPM. Tạm nghỉ 25 giây...

   ⚠ [Worker 0] Chạm giới hạn TPM. Tạm nghỉ 51.593599999 giây...
   ✓ [Worker 0] Đã hoàn thành 5/5 từ.
👉 [Worker 0] Đang xử lý nhóm: [ ましろ, まじきり, まじまじと, まじゅつし, まじりあう ]...

   ⚠ [Worker 0] Chạm giới hạn TPM. Tạm nghỉ 25 giây...

   ⚠ [Worker 0] Chạm giới hạn TPM. Tạm nghỉ 25 giây...

   ⚠ [Worker 0] Chạm giới hạn TPM. Tạm nghỉ 25 giây...
   ✓ [Worker 0] Đã hoàn thành 5/5 từ.
👉 [Worker 0] Đang xử lý nhóm: [ まじん, ますいざい, ますがた, ますめ, ます目 ]...

   ⚠ [Worker 0] Chạm giới hạn TPM. Tạm nghỉ 25 giây...

   ⚠ [Worker 0] Chạm giới hạn TPM. Tạm nghỉ 25 giây...

   ⚠ [Worker 0] Chạm giới hạn TPM. Tạm nghỉ 25 giây...

   ⚠ [Worker 0] Chạm giới hạn TPM. Tạm nghỉ 25 giây...

   ⚠ [Worker 0] Chạm giới hạn TPM. Tạm nghỉ 25 giây...

   ⚠ [Worker 0] Chạm giới hạn TPM. Tạm nghỉ 25 giây...

   ⚠ [Worker 0] Chạm giới hạn TPM. Tạm nghỉ 25 giây...

   ⚠ [Worker 0] Chạm giới hạn TPM. Tạm nghỉ 25 giây...

   ⚠ [Worker 0] Chạm giới hạn TPM. Tạm nghỉ 25 giây...

   ⚠ [Worker 0] Chạm giới hạn TPM. Tạm nghỉ 25 giây...

   ⚠ [Worker 0] Chạm giới hạn TPM. Tạm nghỉ 45.8912 giây...
   ✓ [Worker 0] Đã hoàn thành 5/5 từ.
👉 [Worker 0] Đang xử lý nhóm: [ まずしくくらす, まず隗より始めよ, まぜあわせる, またうけ, またがり ]...

   ⚠ [Worker 0] Chạm giới hạn TPM. Tạm nghỉ 25 giây...

   ⚠ [Worker 0] Chạm giới hạn TPM. Tạm nghỉ 25 giây...

   ⚠ [Worker 0] Chạm giới hạn TPM. Tạm nghỉ 23.7728 giây...

   ⚠ [Worker 0] Chạm giới hạn TPM. Tạm nghỉ 25 giây...

   ⚠ [Worker 0] Chạm giới hạn TPM. Tạm nghỉ 25 giây...
   ✓ [Worker 0] Đã hoàn thành 5/5 từ.
👉 [Worker 0] Đang xử lý nhóm: [ またしても, まただのみ, またどなり, また聞き, まだまだこれから ]...

   ⚠ [Worker 0] Chạm giới hạn TPM. Tạm nghỉ 25 giây...

   ⚠ [Worker 0] Chạm giới hạn TPM. Tạm nghỉ 49.0016 giây...

   ⚠ [Worker 0] Chạm giới hạn TPM. Tạm nghỉ 25 giây...

   ⚠ [Worker 0] Chạm giới hạn TPM. Tạm nghỉ 25 giây...
   ✓ [Worker 0] Đã hoàn thành 5/5 từ.
👉 [Worker 0] Đang xử lý nhóm: [ まだら症, まだ子供, まだ送りません, まちあかす, まちきれない ]...

   ⚠ [Worker 0] Chạm giới hạn TPM. Tạm nghỉ 25 giây...

   ⚠ [Worker 0] Chạm giới hạn TPM. Tạm nghỉ 25 giây...

   ⚠ [Worker 0] Chạm giới hạn TPM. Tạm nghỉ 25 giây...

   ⚠ [Worker 0] Chạm giới hạn TPM. Tạm nghỉ 25 giây...

   ⚠ [Worker 0] Chạm giới hạn TPM. Tạm nghỉ 25 giây...

   ⚠ [Worker 0] Chạm giới hạn TPM. Tạm nghỉ 25 giây...
   ✓ [Worker 0] Đã hoàn thành 5/5 từ.
👉 [Worker 0] Đang xử lý nhóm: [ まちこうじょう, まちじゅう, まちばり, まちへいく, まちもうける ]...

   ⚠ [Worker 0] Chạm giới hạn TPM. Tạm nghỉ 25 giây...

   ⚠ [Worker 0] Chạm giới hạn TPM. Tạm nghỉ 25 giây...

   ⚠ [Worker 0] Chạm giới hạn TPM. Tạm nghỉ 33.6224 giây...
   ✓ [Worker 0] Đã hoàn thành 5/5 từ.
👉 [Worker 0] Đang xử lý nhóm: [ まちをつらぬくみち, まっかつ, まっこうくじら, まっし, まっしょうしんけい ]...

   ⚠ [Worker 0] Chạm giới hạn TPM. Tạm nghỉ 25 giây...

   ⚠ [Worker 0] Chạm giới hạn TPM. Tạm nghỉ 25 giây...

   ⚠ [Worker 0] Chạm giới hạn TPM. Tạm nghỉ 25 giây...

   ⚠ [Worker 0] Chạm giới hạn TPM. Tạm nghỉ 25 giây...

   ⚠ [Worker 0] Chạm giới hạn TPM. Tạm nghỉ 25 giây...
   ✓ [Worker 0] Đã hoàn thành 5/5 từ.
👉 [Worker 0] Đang xử lý nhóm: [ まっせ, まっそん, まったくのろうひ, まっただなか, まっとうする ]...

   ⚠ [Worker 0] Chạm giới hạn TPM. Tạm nghỉ 25 giây...

   ⚠ [Worker 0] Chạm giới hạn TPM. Tạm nghỉ 25 giây...

   ⚠ [Worker 0] Chạm giới hạn TPM. Tạm nghỉ 25 giây...

   ⚠ [Worker 0] Chạm giới hạn TPM. Tạm nghỉ 25 giây...

   ⚠ [Worker 0] Chạm giới hạn TPM. Tạm nghỉ 25 giây...

   ⚠ [Worker 0] Chạm giới hạn TPM. Tạm nghỉ 25 giây...
   ✓ [Worker 0] Đã hoàn thành 5/5 từ.
👉 [Worker 0] Đang xử lý nhóm: [ まっぴるま, まっぽうしそう, まつご, まつぜみ, まつだいもの ]...

   ⚠ [Worker 0] Chạm giới hạn TPM. Tạm nghỉ 25 giây...

   ⚠ [Worker 0] Chạm giới hạn TPM. Tạm nghỉ 25 giây...

   ⚠ [Worker 0] Chạm giới hạn TPM. Tạm nghỉ 25 giây...

   ⚠ [Worker 0] Chạm giới hạn TPM. Tạm nghỉ 25 giây...
   ✓ [Worker 0] Đã hoàn thành 5/5 từ.
[33m▲ [43;33m[[43;30mWARNING[43;33m][0m [1m⚠️ This process may take some time, during which your D1 database will be unavailable to serve queries.[0m


📦 [Worker 0] Đã đồng bộ thành công thêm 50 từ.

[Worker 0] Lấy dữ liệu cho mẻ gồm 50 từ...
⏳ [Worker 0] Phát hiện 47 từ khuyết ví dụ.
👉 [Worker 0] Đang xử lý nhóm: [ まつぼっくり, まつりあげる, まつりさわぎ, まつ毛, まとにたっしない ]...

   ⚠ [Worker 0] Chạm giới hạn TPM. Tạm nghỉ 25 giây...

   ⚠ [Worker 0] Chạm giới hạn TPM. Tạm nghỉ 25 giây...

   ⚠ [Worker 0] Chạm giới hạn TPM. Tạm nghỉ 25 giây...

   ⚠ [Worker 0] Chạm giới hạn TPM. Tạm nghỉ 25 giây...

   ⚠ [Worker 0] Chạm giới hạn TPM. Tạm nghỉ 25 giây...
   ✓ [Worker 0] Đã hoàn thành 5/5 từ.
👉 [Worker 0] Đang xử lý nhóm: [ まとめ上げる, まとわりつく, まとをそれる, まどか, まどべ ]...

   ⚠ [Worker 0] Chạm giới hạn TPM. Tạm nghỉ 25 giây...

   ⚠ [Worker 0] Chạm giới hạn TPM. Tạm nghỉ 25 giây...

   ⚠ [Worker 0] Chạm giới hạn TPM. Tạm nghỉ 25 giây...

   ⚠ [Worker 0] Chạm giới hạn TPM. Tạm nghỉ 25 giây...

   ⚠ [Worker 0] Chạm giới hạn TPM. Tạm nghỉ 25 giây...
   ✓ [Worker 0] Đã hoàn thành 5/5 từ.
👉 [Worker 0] Đang xử lý nhóm: [ まどろむ, まなじり, まなづる, まな板の上の鯉, まねき ]...

   ⚠ [Worker 0] Chạm giới hạn TPM. Tạm nghỉ 25 giây...

   ⚠ [Worker 0] Chạm giới hạn TPM. Tạm nghỉ 25 giây...

   ⚠ [Worker 0] Chạm giới hạn TPM. Tạm nghỉ 25 giây...

   ⚠ [Worker 0] Chạm giới hạn TPM. Tạm nghỉ 25 giây...

   ⚠ [Worker 0] Chạm giới hạn TPM. Tạm nghỉ 25 giây...

   ⚠ [Worker 0] Chạm giới hạn TPM. Tạm nghỉ 25 giây...
   ✓ [Worker 0] Đã hoàn thành 5/5 từ.
👉 [Worker 0] Đang xử lý nhóm: [ まのかいきょう, まばらな, まびき, まぶい, まぶしく ]...

   ⚠ [Worker 0] Chạm giới hạn TPM. Tạm nghỉ 25 giây...

   ⚠ [Worker 0] Chạm giới hạn TPM. Tạm nghỉ 25 giây...

   ⚠ [Worker 0] Chạm giới hạn TPM. Tạm nghỉ 33.6224 giây...
   ✓ [Worker 0] Đã hoàn thành 5/5 từ.
👉 [Worker 0] Đang xử lý nhóm: [ まぶ達, まべ貝, まほうてき, ままき, ままならない ]...

   ⚠ [Worker 0] Chạm giới hạn TPM. Tạm nghỉ 25 giây...

   ⚠ [Worker 0] Chạm giới hạn TPM. Tạm nghỉ 25 giây...

   ⚠ [Worker 0] Chạm giới hạn TPM. Tạm nghỉ 25 giây...

   ⚠ [Worker 0] Chạm giới hạn TPM. Tạm nghỉ 25 giây...

   ⚠ [Worker 0] Chạm giới hạn TPM. Tạm nghỉ 25 giây...

   ⚠ [Worker 0] Chạm giới hạn TPM. Tạm nghỉ 25 giây...

   ⚠ [Worker 0] Chạm giới hạn TPM. Tạm nghỉ 25 giây...

   ⚠ [Worker 0] Chạm giới hạn TPM. Tạm nghỉ 25 giây...

   ⚠ [Worker 0] Chạm giới hạn TPM. Tạm nghỉ 41.2256 giây...
   ✓ [Worker 0] Đã hoàn thành 5/5 từ.
👉 [Worker 0] Đang xử lý nhóm: [ まみれる, まむし丼, まめか, まめぞう, まめつぶ ]...

   ⚠ [Worker 0] Chạm giới hạn TPM. Tạm nghỉ 25 giây...

   ⚠ [Worker 0] Chạm giới hạn TPM. Tạm nghỉ 21.6992 giây...
   ✓ [Worker 0] Đã hoàn thành 5/5 từ.
👉 [Worker 0] Đang xử lý nhóm: [ まめぶ汁, まもう, まもりぬく, まやかす, まやくじょうようしゃ ]...

   ⚠ [Worker 0] Chạm giới hạn TPM. Tạm nghỉ 25 giây...

   ⚠ [Worker 0] Chạm giới hạn TPM. Tạm nghỉ 25 giây...

   ⚠ [Worker 0] Chạm giới hạn TPM. Tạm nghỉ 25 giây...

   ⚠ [Worker 0] Chạm giới hạn TPM. Tạm nghỉ 60.4064 giây...

   ⚠ [Worker 0] Chạm giới hạn TPM. Tạm nghỉ 25 giây...

   ⚠ [Worker 0] Chạm giới hạn TPM. Tạm nghỉ 25 giây...

   ⚠ [Worker 0] Chạm giới hạn TPM. Tạm nghỉ 25 giây...

   ⚠ [Worker 0] Chạm giới hạn TPM. Tạm nghỉ 25 giây...

   ⚠ [Worker 0] Chạm giới hạn TPM. Tạm nghỉ 25 giây...

   ⚠ [Worker 0] Chạm giới hạn TPM. Tạm nghỉ 49.3472 giây...
   ✓ [Worker 0] Đã hoàn thành 5/5 từ.
👉 [Worker 0] Đang xử lý nhóm: [ まゆじり, まよいこむ, まりなげ, まるいし, まるいっかげつ ]...

   ⚠ [Worker 0] Chạm giới hạn TPM. Tạm nghỉ 25 giây...

   ⚠ [Worker 0] Chạm giới hạn TPM. Tạm nghỉ 41.2256 giây...
   ✓ [Worker 0] Đã hoàn thành 5/5 từ.
👉 [Worker 0] Đang xử lý nhóm: [ まるおぼえ, まるがた, まるがり, まるきづくり, まるく ]...

   ⚠ [Worker 0] Chạm giới hạn TPM. Tạm nghỉ 25 giây...

   ⚠ [Worker 0] Chạm giới hạn TPM. Tạm nghỉ 25 giây...

   ⚠ [Worker 0] Chạm giới hạn TPM. Tạm nghỉ 25 giây...

   ⚠ [Worker 0] Chạm giới hạn TPM. Tạm nghỉ 25 giây...

   ⚠ [Worker 0] Chạm giới hạn TPM. Tạm nghỉ 25 giây...
   ✓ [Worker 0] Đã hoàn thành 5/5 từ.
👉 [Worker 0] Đang xử lý nhóm: [ まるくび, まるざい ]...

   ⚠ [Worker 0] Chạm giới hạn TPM. Tạm nghỉ 25 giây...

   ⚠ [Worker 0] Chạm giới hạn TPM. Tạm nghỉ 25 giây...

   ⚠ [Worker 0] Chạm giới hạn TPM. Tạm nghỉ 25 giây...

   ⚠ [Worker 0] Chạm giới hạn TPM. Tạm nghỉ 25 giây...

   ⚠ [Worker 0] Chạm giới hạn TPM. Tạm nghỉ 25 giây...

   ⚠ [Worker 0] Chạm giới hạn TPM. Tạm nghỉ 25 giây...

   ⚠ [Worker 0] Chạm giới hạn TPM. Tạm nghỉ 25 giây...

   ⚠ [Worker 0] Chạm giới hạn TPM. Tạm nghỉ 49.52 giây...
   ✓ [Worker 0] Đã hoàn thành 2/2 từ.
[33m▲ [43;33m[[43;30mWARNING[43;33m][0m [1m⚠️ This process may take some time, during which your D1 database will be unavailable to serve queries.[0m


📦 [Worker 0] Đã đồng bộ thành công thêm 47 từ.

[Worker 0] Lấy dữ liệu cho mẻ gồm 50 từ...
⏳ [Worker 0] Phát hiện 48 từ khuyết ví dụ.
👉 [Worker 0] Đang xử lý nhóm: [ まるた, まるだし, まるでなってない, まるのまま, まるはだかになる ]...

   ⚠ [Worker 0] Chạm giới hạn TPM. Tạm nghỉ 25 giây...

   ⚠ [Worker 0] Chạm giới hạn TPM. Tạm nghỉ 50.038399999 giây...
   ✓ [Worker 0] Đã hoàn thành 5/5 từ.
👉 [Worker 0] Đang xử lý nhóm: [ まるほん, まるぼん, まるまると, まるもうけ, まるやけになった ]...

   ⚠ [Worker 0] Chạm giới hạn TPM. Tạm nghỉ 25 giây...

   ⚠ [Worker 0] Chạm giới hạn TPM. Tạm nghỉ 25 giây...

   ⚠ [Worker 0] Chạm giới hạn TPM. Tạm nghỉ 40.879999999 giây...

   ⚠ [Worker 0] Chạm giới hạn TPM. Tạm nghỉ 25 giây...
   ✓ [Worker 0] Đã hoàn thành 5/5 từ.
👉 [Worker 0] Đang xử lý nhóm: [ まれーしあしょうひんきんゆうとりひきじょ, まわりあわせ, まわりばん, まんえん, まんがく ]...

   ⚠ [Worker 0] Chạm giới hạn TPM. Tạm nghỉ 25 giây...

   ⚠ [Worker 0] Chạm giới hạn TPM. Tạm nghỉ 25 giây...

   ⚠ [Worker 0] Chạm giới hạn TPM. Tạm nghỉ 25 giây...

   ⚠ [Worker 0] Chạm giới hạn TPM. Tạm nghỉ 25 giây...

   ⚠ [Worker 0] Chạm giới hạn TPM. Tạm nghỉ 25 giây...
   ✓ [Worker 0] Đã hoàn thành 5/5 từ.
👉 [Worker 0] Đang xử lý nhóm: [ まんが喫茶, まんごすちん, まんしゃ, まんしん, まんじょういっちで ]...

   ⚠ [Worker 0] Chạm giới hạn TPM. Tạm nghỉ 25 giây...

   ⚠ [Worker 0] Chạm giới hạn TPM. Tạm nghỉ 25 giây...

   ⚠ [Worker 0] Chạm giới hạn TPM. Tạm nghỉ 25 giây...

   ⚠ [Worker 0] Chạm giới hạn TPM. Tạm nghỉ 25 giây...
   ✓ [Worker 0] Đã hoàn thành 5/5 từ.
👉 [Worker 0] Đang xử lý nhóm: [ まんせいてき, まんぞくがいく, まんてんをとる, まんねんしんぞう, まんねんれい ]...

   ⚠ [Worker 0] Chạm giới hạn TPM. Tạm nghỉ 25 giây...

   ⚠ [Worker 0] Chạm giới hạn TPM. Tạm nghỉ 25 giây...

   ⚠ [Worker 0] Chạm giới hạn TPM. Tạm nghỉ 25 giây...

   ⚠ [Worker 0] Chạm giới hạn TPM. Tạm nghỉ 25 giây...

   ⚠ [Worker 0] Chạm giới hạn TPM. Tạm nghỉ 25 giây...

   ⚠ [Worker 0] Chạm giới hạn TPM. Tạm nghỉ 25 giây...

   ⚠ [Worker 0] Chạm giới hạn TPM. Tạm nghỉ 25 giây...
   ✓ [Worker 0] Đã hoàn thành 5/5 từ.
👉 [Worker 0] Đang xử lý nhóm: [ まんぶん, まんまえに, まんまん, まんるいホームラン, みいり ]...

   ⚠ [Worker 0] Chạm giới hạn TPM. Tạm nghỉ 25 giây...

   ⚠ [Worker 0] Chạm giới hạn TPM. Tạm nghỉ 25 giây...

   ⚠ [Worker 0] Chạm giới hạn TPM. Tạm nghỉ 25 giây...

   ⚠ [Worker 0] Chạm giới hạn TPM. Tạm nghỉ 30.1664 giây...

   ⚠ [Worker 0] Chạm giới hạn TPM. Tạm nghỉ 25 giây...
   ✓ [Worker 0] Đã hoàn thành 5/5 từ.
👉 [Worker 0] Đang xử lý nhóm: [ みえのうみ, みおぼえる, みかいけつもんだい, みかいち, みかきにしん ]...

   ⚠ [Worker 0] Chạm giới hạn TPM. Tạm nghỉ 25 giây...

   ⚠ [Worker 0] Chạm giới hạn TPM. Tạm nghỉ 25 giây...

   ⚠ [Worker 0] Chạm giới hạn TPM. Tạm nghỉ 32.239999999999995 giây...
