nohup: ignoring input
=== BẮT ĐẦU WORKER 1 ===
📊 Số lượng từ cần xử lý: 58161

[Worker 1] Lấy dữ liệu cho mẻ gồm 50 từ...

[Worker 1] Lấy dữ liệu cho mẻ gồm 50 từ...
⏳ [Worker 1] Phát hiện 7 từ khuyết ví dụ.
👉 [Worker 1] Đang xử lý nhóm: [ しょくぎょうぐんじん, すすける, たちのよい, たねぎれ, たのみすくない ]...
   ✓ [Worker 1] Đã hoàn thành 5/5 từ.
👉 [Worker 1] Đang xử lý nhóm: [ たばこいれ, ちほうばん ]...
   ✓ [Worker 1] Đã hoàn thành 2/2 từ.
[33m▲ [43;33m[[43;30mWARNING[43;33m][0m [1m⚠️ This process may take some time, during which your D1 database will be unavailable to serve queries.[0m


📦 [Worker 1] Đã đồng bộ thành công thêm 7 từ.

[Worker 1] Lấy dữ liệu cho mẻ gồm 50 từ...
⏳ [Worker 1] Phát hiện 19 từ khuyết ví dụ.
👉 [Worker 1] Đang xử lý nhóm: [ ちゃかす, ちゃくりくちたい, ちゃぱつ, ちゃんちゃらおかしい, ちゅういをそらす ]...
   ✓ [Worker 1] Đã hoàn thành 5/5 từ.
👉 [Worker 1] Đang xử lý nhóm: [ ちゅうおん, ちゅうかんそう, ちゅうくう, ちゅうこしゃ, ちゅうさつ ]...
   ✓ [Worker 1] Đã hoàn thành 5/5 từ.
👉 [Worker 1] Đang xử lý nhóm: [ ちゅうしょくかい, ちゅうぜん, ちゅうふ, ちゅうわざい, ちょうちゃく ]...
   ✓ [Worker 1] Đã hoàn thành 5/5 từ.
👉 [Worker 1] Đang xử lý nhóm: [ ていねんせい, ねじ径, ねだんをたかくつける, ねとねと ]...
   ✓ [Worker 1] Đã hoàn thành 4/4 từ.
[33m▲ [43;33m[[43;30mWARNING[43;33m][0m [1m⚠️ This process may take some time, during which your D1 database will be unavailable to serve queries.[0m


📦 [Worker 1] Đã đồng bộ thành công thêm 19 từ.

[Worker 1] Lấy dữ liệu cho mẻ gồm 50 từ...
⏳ [Worker 1] Phát hiện 44 từ khuyết ví dụ.
👉 [Worker 1] Đang xử lý nhóm: [ ぱらり, ふるえごえ, ふるち, ふるわせる, ふれんぞく ]...

   ⚠ [Worker 1] Chạm giới hạn TPM. Tạm nghỉ 25 giây...

   ⚠ [Worker 1] Chạm giới hạn TPM. Tạm nghỉ 25 giây...

   ⚠ [Worker 1] Chạm giới hạn TPM. Tạm nghỉ 25 giây...

   ⚠ [Worker 1] Chạm giới hạn TPM. Tạm nghỉ 25 giây...

   ⚠ [Worker 1] Chạm giới hạn TPM. Tạm nghỉ 25 giây...

   ⚠ [Worker 1] Chạm giới hạn TPM. Tạm nghỉ 25 giây...

   ⚠ [Worker 1] Chạm giới hạn TPM. Tạm nghỉ 25 giây...

   ⚠ [Worker 1] Chạm giới hạn TPM. Tạm nghỉ 25 giây...

   ⚠ [Worker 1] Chạm giới hạn TPM. Tạm nghỉ 41.2256 giây...
   ✓ [Worker 1] Đã hoàn thành 5/5 từ.
👉 [Worker 1] Đang xử lý nhóm: [ ふをよむ, ふんたい, ふんべつざかり, ぶあいそう, ぶきゆしゅつきんし ]...

   ⚠ [Worker 1] Chạm giới hạn TPM. Tạm nghỉ 25 giây...

   ⚠ [Worker 1] Chạm giới hạn TPM. Tạm nghỉ 25 giây...

   ⚠ [Worker 1] Chạm giới hạn TPM. Tạm nghỉ 25 giây...

   ⚠ [Worker 1] Chạm giới hạn TPM. Tạm nghỉ 25 giây...

   ⚠ [Worker 1] Chạm giới hạn TPM. Tạm nghỉ 25 giây...
   ✓ [Worker 1] Đã hoàn thành 5/5 từ.
👉 [Worker 1] Đang xử lý nhóm: [ ぶけせいけん, ぶさほう, ぶしどう, ぶすっ, ぶたいいしょう ]...

   ⚠ [Worker 1] Chạm giới hạn TPM. Tạm nghỉ 25 giây...

   ⚠ [Worker 1] Chạm giới hạn TPM. Tạm nghỉ 25 giây...

   ⚠ [Worker 1] Chạm giới hạn TPM. Tạm nghỉ 25 giây...

   ⚠ [Worker 1] Chạm giới hạn TPM. Tạm nghỉ 25 giây...
   ✓ [Worker 1] Đã hoàn thành 5/5 từ.
👉 [Worker 1] Đang xử lý nhóm: [ ぶたいげいじゅつ, ぶたいはいゆう, ぶちのめす, ぶちょうほう, ぶっかけ飯 ]...

   ⚠ [Worker 1] Chạm giới hạn TPM. Tạm nghỉ 25 giây...

   ⚠ [Worker 1] Chạm giới hạn TPM. Tạm nghỉ 25 giây...

   ⚠ [Worker 1] Chạm giới hạn TPM. Tạm nghỉ 25 giây...

   ⚠ [Worker 1] Chạm giới hạn TPM. Tạm nghỉ 25 giây...

   ⚠ [Worker 1] Chạm giới hạn TPM. Tạm nghỉ 25 giây...
   ✓ [Worker 1] Đã hoàn thành 5/5 từ.
👉 [Worker 1] Đang xử lý nhóm: [ ぶっきょうきゅうえんせんたー, ぶっこう, ぶっしつたいしゃ, ぶっしょく, ぶっそんじこ ]...

   ⚠ [Worker 1] Chạm giới hạn TPM. Tạm nghỉ 25 giây...

   ⚠ [Worker 1] Chạm giới hạn TPM. Tạm nghỉ 25 giây...

   ⚠ [Worker 1] Chạm giới hạn TPM. Tạm nghỉ 25 giây...

   ⚠ [Worker 1] Chạm giới hạn TPM. Tạm nghỉ 25 giây...
   ✓ [Worker 1] Đã hoàn thành 5/5 từ.
👉 [Worker 1] Đang xử lý nhóm: [ ぶっちょうづら, ぶってき, ぶっとばす, ぶっ倒れる, ぶっ壊す ]...

   ⚠ [Worker 1] Chạm giới hạn TPM. Tạm nghỉ 25 giây...

   ⚠ [Worker 1] Chạm giới hạn TPM. Tạm nghỉ 25 giây...

   ⚠ [Worker 1] Chạm giới hạn TPM. Tạm nghỉ 25 giây...

   ⚠ [Worker 1] Chạm giới hạn TPM. Tạm nghỉ 25 giây...

   ⚠ [Worker 1] Chạm giới hạn TPM. Tạm nghỉ 25 giây...

   ⚠ [Worker 1] Chạm giới hạn TPM. Tạm nghỉ 25 giây...

   ⚠ [Worker 1] Chạm giới hạn TPM. Tạm nghỉ 25 giây...

   ⚠ [Worker 1] Chạm giới hạn TPM. Tạm nghỉ 25 giây...

   ⚠ [Worker 1] Chạm giới hạn TPM. Tạm nghỉ 25 giây...

   ⚠ [Worker 1] Chạm giới hạn TPM. Tạm nghỉ 20.8352 giây...

   ⚠ [Worker 1] Chạm giới hạn TPM. Tạm nghỉ 25 giây...
   ✓ [Worker 1] Đã hoàn thành 5/5 từ.
👉 [Worker 1] Đang xử lý nhóm: [ ぶっ潰す, ぶっ飛ばす, ぶつおん, ぶつかる, ぶつけ合う ]...

   ⚠ [Worker 1] Chạm giới hạn TPM. Tạm nghỉ 25 giây...

   ⚠ [Worker 1] Chạm giới hạn TPM. Tạm nghỉ 25 giây...

   ⚠ [Worker 1] Chạm giới hạn TPM. Tạm nghỉ 22.9088 giây...
   ✓ [Worker 1] Đã hoàn thành 5/5 từ.
👉 [Worker 1] Đang xử lý nhóm: [ ぶつぜん, ぶつてきりゅうつう, ぶつぶつ言う, ぶつりりょうほう, ぶとうふく ]...

   ⚠ [Worker 1] Chạm giới hạn TPM. Tạm nghỉ 25 giây...

   ⚠ [Worker 1] Chạm giới hạn TPM. Tạm nghỉ 25 giây...

   ⚠ [Worker 1] Chạm giới hạn TPM. Tạm nghỉ 25 giây...

   ⚠ [Worker 1] Chạm giới hạn TPM. Tạm nghỉ 25 giây...

   ⚠ [Worker 1] Chạm giới hạn TPM. Tạm nghỉ 25 giây...

   ⚠ [Worker 1] Chạm giới hạn TPM. Tạm nghỉ 25 giây...

   ⚠ [Worker 1] Chạm giới hạn TPM. Tạm nghỉ 25 giây...

   ⚠ [Worker 1] Chạm giới hạn TPM. Tạm nghỉ 43.8176 giây...
   ✓ [Worker 1] Đã hoàn thành 5/5 từ.
👉 [Worker 1] Đang xử lý nhóm: [ ぶどうからワインをとる, ぶどう色, ぶのいいしごと, ぶびき ]...

   ⚠ [Worker 1] Chạm giới hạn TPM. Tạm nghỉ 25 giây...

   ⚠ [Worker 1] Chạm giới hạn TPM. Tạm nghỉ 25 giây...

   ⚠ [Worker 1] Chạm giới hạn TPM. Tạm nghỉ 32.7584 giây...
   ✓ [Worker 1] Đã hoàn thành 4/4 từ.
[33m▲ [43;33m[[43;30mWARNING[43;33m][0m [1m⚠️ This process may take some time, during which your D1 database will be unavailable to serve queries.[0m


📦 [Worker 1] Đã đồng bộ thành công thêm 44 từ.

[Worker 1] Lấy dữ liệu cho mẻ gồm 50 từ...
⏳ [Worker 1] Phát hiện 48 từ khuyết ví dụ.
👉 [Worker 1] Đang xử lý nhóm: [ ぶぶんますい, ぶようだん, ぶらじるさっかーきょうかい, ぶらぶらさせる, ぶらりぶらり ]...

   ⚠ [Worker 1] Chạm giới hạn TPM. Tạm nghỉ 25 giây...

   ⚠ [Worker 1] Chạm giới hạn TPM. Tạm nghỉ 27.92 giây...

   ⚠ [Worker 1] Chạm giới hạn TPM. Tạm nghỉ 25 giây...

   ⚠ [Worker 1] Chạm giới hạn TPM. Tạm nghỉ 25 giây...

   ⚠ [Worker 1] Chạm giới hạn TPM. Tạm nghỉ 25 giây...

   ⚠ [Worker 1] Chạm giới hạn TPM. Tạm nghỉ 25 giây...

   ⚠ [Worker 1] Chạm giới hạn TPM. Tạm nghỉ 25 giây...

   ⚠ [Worker 1] Chạm giới hạn TPM. Tạm nghỉ 42.7808 giây...
   ✓ [Worker 1] Đã hoàn thành 5/5 từ.
👉 [Worker 1] Đang xử lý nhóm: [ ぶりっこ, ぶりょくこうげき, ぶり返す, ぶれいこう, ぶんい ]...

   ⚠ [Worker 1] Chạm giới hạn TPM. Tạm nghỉ 25 giây...

   ⚠ [Worker 1] Chạm giới hạn TPM. Tạm nghỉ 35.695999999 giây...
   ✓ [Worker 1] Đã hoàn thành 5/5 từ.
👉 [Worker 1] Đang xử lý nhóm: [ ぶんえきロート, ぶんかいのう, ぶんかこうろうしゃ, ぶんかじんるいがく, ぶんが ]...

   ⚠ [Worker 1] Chạm giới hạn TPM. Tạm nghỉ 25 giây...

   ⚠ [Worker 1] Chạm giới hạn TPM. Tạm nghỉ 25 giây...

   ⚠ [Worker 1] Chạm giới hạn TPM. Tạm nghỉ 22.736 giây...

   ⚠ [Worker 1] Chạm giới hạn TPM. Tạm nghỉ 25 giây...

   ⚠ [Worker 1] Chạm giới hạn TPM. Tạm nghỉ 25 giây...

   ⚠ [Worker 1] Chạm giới hạn TPM. Tạm nghỉ 25 giây...

   ⚠ [Worker 1] Chạm giới hạn TPM. Tạm nghỉ 25 giây...
   ✓ [Worker 1] Đã hoàn thành 5/5 từ.
👉 [Worker 1] Đang xử lý nhóm: [ ぶんがくはかせ, ぶんがく・かんきょうがっかい, ぶんきょく, ぶんけんたい, ぶんげいふっこう ]...

   ⚠ [Worker 1] Chạm giới hạn TPM. Tạm nghỉ 25 giây...

   ⚠ [Worker 1] Chạm giới hạn TPM. Tạm nghỉ 25 giây...

   ⚠ [Worker 1] Chạm giới hạn TPM. Tạm nghỉ 25 giây...

   ⚠ [Worker 1] Chạm giới hạn TPM. Tạm nghỉ 25 giây...

   ⚠ [Worker 1] Chạm giới hạn TPM. Tạm nghỉ 25 giây...

   ⚠ [Worker 1] Chạm giới hạn TPM. Tạm nghỉ 25 giây...

   ⚠ [Worker 1] Chạm giới hạn TPM. Tạm nghỉ 25 giây...
   ✓ [Worker 1] Đã hoàn thành 5/5 từ.
👉 [Worker 1] Đang xử lý nhóm: [ ぶんこか, ぶんさんとうし, ぶんししき, ぶんしょうご, ぶんじ ]...

   ⚠ [Worker 1] Chạm giới hạn TPM. Tạm nghỉ 25 giây...

   ⚠ [Worker 1] Chạm giới hạn TPM. Tạm nghỉ 25 giây...

   ⚠ [Worker 1] Chạm giới hạn TPM. Tạm nghỉ 7.8752 giây...
   ✓ [Worker 1] Đã hoàn thành 5/5 từ.
👉 [Worker 1] Đang xử lý nhóm: [ ぶんじょうち, ぶんすうしき, ぶんせん, ぶんそうき, ぶんちゅう ]...

   ⚠ [Worker 1] Chạm giới hạn TPM. Tạm nghỉ 57.6416 giây...

   ⚠ [Worker 1] Chạm giới hạn TPM. Tạm nghỉ 25 giây...

   ⚠ [Worker 1] Chạm giới hạn TPM. Tạm nghỉ 25 giây...

   ⚠ [Worker 1] Chạm giới hạn TPM. Tạm nghỉ 25 giây...
   ✓ [Worker 1] Đã hoàn thành 5/5 từ.
👉 [Worker 1] Đang xử lý nhóm: [ ぶんのう, ぶんぱいきん, ぶんぶ, ぶんべんがしょう, ぶんぽうきそく ]...

   ⚠ [Worker 1] Chạm giới hạn TPM. Tạm nghỉ 25 giây...

   ⚠ [Worker 1] Chạm giới hạn TPM. Tạm nghỉ 25 giây...

   ⚠ [Worker 1] Chạm giới hạn TPM. Tạm nghỉ 25 giây...

   ⚠ [Worker 1] Chạm giới hạn TPM. Tạm nghỉ 25 giây...

   ⚠ [Worker 1] Chạm giới hạn TPM. Tạm nghỉ 25 giây...

   ⚠ [Worker 1] Chạm giới hạn TPM. Tạm nghỉ 25 giây...

   ⚠ [Worker 1] Chạm giới hạn TPM. Tạm nghỉ 25 giây...

   ⚠ [Worker 1] Chạm giới hạn TPM. Tạm nghỉ 25 giây...

   ⚠ [Worker 1] Chạm giới hạn TPM. Tạm nghỉ 36.3872 giây...
   ✓ [Worker 1] Đã hoàn thành 5/5 từ.
👉 [Worker 1] Đang xử lý nhóm: [ ぶんみんとうせい, ぶんよ, ぶんりき, ぶんるいほう, ぶんをもってたつ ]...

   ⚠ [Worker 1] Chạm giới hạn TPM. Tạm nghỉ 25 giây...

   ⚠ [Worker 1] Chạm giới hạn TPM. Tạm nghỉ 50.2112 giây...

   ⚠ [Worker 1] Chạm giới hạn TPM. Tạm nghỉ 25 giây...

   ⚠ [Worker 1] Chạm giới hạn TPM. Tạm nghỉ 25 giây...
   ✓ [Worker 1] Đã hoàn thành 5/5 từ.
👉 [Worker 1] Đang xử lý nhóm: [ ぷかぷか, ぷっと, ぷりっこ, ぷりぷり怒る, へいえききひ ]...

   ⚠ [Worker 1] Chạm giới hạn TPM. Tạm nghỉ 25 giây...

   ⚠ [Worker 1] Chạm giới hạn TPM. Tạm nghỉ 37.9424 giây...
   ✓ [Worker 1] Đã hoàn thành 5/5 từ.
👉 [Worker 1] Đang xử lý nhóm: [ へいかいろ, へいきかくさん, へいきんたいようじ ]...

   ⚠ [Worker 1] Chạm giới hạn TPM. Tạm nghỉ 25 giây...

   ⚠ [Worker 1] Chạm giới hạn TPM. Tạm nghỉ 25 giây...

   ⚠ [Worker 1] Chạm giới hạn TPM. Tạm nghỉ 25 giây...

   ⚠ [Worker 1] Chạm giới hạn TPM. Tạm nghỉ 25 giây...

   ⚠ [Worker 1] Chạm giới hạn TPM. Tạm nghỉ 25 giây...

   ⚠ [Worker 1] Chạm giới hạn TPM. Tạm nghỉ 25 giây...
   ✓ [Worker 1] Đã hoàn thành 3/3 từ.
[33m▲ [43;33m[[43;30mWARNING[43;33m][0m [1m⚠️ This process may take some time, during which your D1 database will be unavailable to serve queries.[0m


📦 [Worker 1] Đã đồng bộ thành công thêm 48 từ.

[Worker 1] Lấy dữ liệu cho mẻ gồm 50 từ...
⏳ [Worker 1] Phát hiện 48 từ khuyết ví dụ.
👉 [Worker 1] Đang xử lý nhóm: [ へいきんよめい, へいけのすえ, へいこうせん, へいごうざい, へいしょう ]...

   ⚠ [Worker 1] Chạm giới hạn TPM. Tạm nghỉ 51.248 giây...
   ✓ [Worker 1] Đã hoàn thành 5/5 từ.
👉 [Worker 1] Đang xử lý nhóm: [ へいじょうしん, へいじん, へいせん, へいそうちょう, へいたん ]...

   ⚠ [Worker 1] Chạm giới hạn TPM. Tạm nghỉ 60.2336 giây...

   ⚠ [Worker 1] Chạm giới hạn TPM. Tạm nghỉ 25 giây...
   ✗ [Worker 1] Sự cố kết nối API: HTTP 400
👉 [Worker 1] Đang xử lý nhóm: [ へいてい, へいば, へいひ, へいへん, へいほうメートル ]...

   ⚠ [Worker 1] Chạm giới hạn TPM. Tạm nghỉ 49.8656 giây...
   ✓ [Worker 1] Đã hoàn thành 5/5 từ.
👉 [Worker 1] Đang xử lý nhóm: [ へいみんしゅぎ, へいめんど, へいりょくさくげん, へいわいじかつどう, へいわこうせい ]...

   ⚠ [Worker 1] Chạm giới hạn TPM. Tạm nghỉ 25 giây...

   ⚠ [Worker 1] Chạm giới hạn TPM. Tạm nghỉ 39.8432 giây...
   ✓ [Worker 1] Đã hoàn thành 5/5 từ.
👉 [Worker 1] Đang xử lý nhóm: [ へいわてき, へいわろんしゃ, へきえき, へきげん, へきすい ]...

   ⚠ [Worker 1] Chạm giới hạn TPM. Tạm nghỉ 25 giây...

   ⚠ [Worker 1] Chạm giới hạn TPM. Tạm nghỉ 25 giây...

   ⚠ [Worker 1] Chạm giới hạn TPM. Tạm nghỉ 25 giây...

   ⚠ [Worker 1] Chạm giới hạn TPM. Tạm nghỉ 25 giây...

   ⚠ [Worker 1] Chạm giới hạn TPM. Tạm nghỉ 25 giây...

   ⚠ [Worker 1] Chạm giới hạn TPM. Tạm nghỉ 25 giây...

   ⚠ [Worker 1] Chạm giới hạn TPM. Tạm nghỉ 25 giây...

   ⚠ [Worker 1] Chạm giới hạn TPM. Tạm nghỉ 46.236799999 giây...

   ⚠ [Worker 1] Chạm giới hạn TPM. Tạm nghỉ 19.28 giây...
   ✓ [Worker 1] Đã hoàn thành 5/5 từ.
👉 [Worker 1] Đang xử lý nhóm: [ へきれき, へこへこ, へさき, へそくりがね, へたくそ ]...

   ⚠ [Worker 1] Chạm giới hạn TPM. Tạm nghỉ 25 giây...

   ⚠ [Worker 1] Chạm giới hạn TPM. Tạm nghỉ 25 giây...

   ⚠ [Worker 1] Chạm giới hạn TPM. Tạm nghỉ 24.464 giây...
   ✓ [Worker 1] Đã hoàn thành 5/5 từ.
👉 [Worker 1] Đang xử lý nhóm: [ へたへた, へったくれ, へな猪口, へびつかい, へびのよう ]...

   ⚠ [Worker 1] Chạm giới hạn TPM. Tạm nghỉ 25 giây...

   ⚠ [Worker 1] Chạm giới hạn TPM. Tạm nghỉ 25 giây...

   ⚠ [Worker 1] Chạm giới hạn TPM. Tạm nghỉ 25 giây...

   ⚠ [Worker 1] Chạm giới hạn TPM. Tạm nghỉ 25 giây...
   ✓ [Worker 1] Đã hoàn thành 5/5 từ.
👉 [Worker 1] Đang xử lý nhóm: [ へめぐる, へりくだった, へんいき, へんかきゅう, へんかんミス ]...

   ⚠ [Worker 1] Chạm giới hạn TPM. Tạm nghỉ 25 giây...

   ⚠ [Worker 1] Chạm giới hạn TPM. Tạm nghỉ 25 giây...

   ⚠ [Worker 1] Chạm giới hạn TPM. Tạm nghỉ 25 giây...

   ⚠ [Worker 1] Chạm giới hạn TPM. Tạm nghỉ 25 giây...

   ⚠ [Worker 1] Chạm giới hạn TPM. Tạm nghỉ 25 giây...

   ⚠ [Worker 1] Chạm giới hạn TPM. Tạm nghỉ 25 giây...

   ⚠ [Worker 1] Chạm giới hạn TPM. Tạm nghỉ 25 giây...

   ⚠ [Worker 1] Chạm giới hạn TPM. Tạm nghỉ 25 giây...
   ✓ [Worker 1] Đã hoàn thành 5/5 từ.
👉 [Worker 1] Đang xử lý nhóm: [ へんくつ, へんげんじざい, へんこうせい, へんしつきょう, へんしゅうびょう ]...

   ⚠ [Worker 1] Chạm giới hạn TPM. Tạm nghỉ 25 giây...

   ⚠ [Worker 1] Chạm giới hạn TPM. Tạm nghỉ 44.336 giây...

   ⚠ [Worker 1] Chạm giới hạn TPM. Tạm nghỉ 25 giây...

   ⚠ [Worker 1] Chạm giới hạn TPM. Tạm nghỉ 25 giây...
   ✓ [Worker 1] Đã hoàn thành 5/5 từ.
👉 [Worker 1] Đang xử lý nhóm: [ へんしんよう, へんじる, へんせいしっかん ]...

   ⚠ [Worker 1] Chạm giới hạn TPM. Tạm nghỉ 25 giây...

   ⚠ [Worker 1] Chạm giới hạn TPM. Tạm nghỉ 25 giây...

   ⚠ [Worker 1] Chạm giới hạn TPM. Tạm nghỉ 25 giây...
   ✓ [Worker 1] Đã hoàn thành 3/3 từ.
[33m▲ [43;33m[[43;30mWARNING[43;33m][0m [1m⚠️ This process may take some time, during which your D1 database will be unavailable to serve queries.[0m


📦 [Worker 1] Đã đồng bộ thành công thêm 43 từ.

[Worker 1] Lấy dữ liệu cho mẻ gồm 50 từ...
⏳ [Worker 1] Phát hiện 50 từ khuyết ví dụ.
👉 [Worker 1] Đang xử lý nhóm: [ へんそうきょく, へんたいてき, へんてつもない, へんとうつう, へんねんし ]...

   ⚠ [Worker 1] Chạm giới hạn TPM. Tạm nghỉ 25 giây...

   ⚠ [Worker 1] Chạm giới hạn TPM. Tạm nghỉ 25 giây...

   ⚠ [Worker 1] Chạm giới hạn TPM. Tạm nghỉ 25 giây...

   ⚠ [Worker 1] Chạm giới hạn TPM. Tạm nghỉ 25 giây...

   ⚠ [Worker 1] Chạm giới hạn TPM. Tạm nghỉ 25 giây...

   ⚠ [Worker 1] Chạm giới hạn TPM. Tạm nghỉ 46.928 giây...
   ✓ [Worker 1] Đã hoàn thành 5/5 từ.
👉 [Worker 1] Đang xử lý nhóm: [ へんびょうし, へんぶんがく, へんぼうかんきゃく, へんりゅう, へんれい ]...

   ⚠ [Worker 1] Chạm giới hạn TPM. Tạm nghỉ 25 giây...

   ⚠ [Worker 1] Chạm giới hạn TPM. Tạm nghỉ 25 giây...

   ⚠ [Worker 1] Chạm giới hạn TPM. Tạm nghỉ 25 giây...

   ⚠ [Worker 1] Chạm giới hạn TPM. Tạm nghỉ 25 giây...

   ⚠ [Worker 1] Chạm giới hạn TPM. Tạm nghỉ 14.4416 giây...
   ✓ [Worker 1] Đã hoàn thành 5/5 từ.
👉 [Worker 1] Đang xử lý nhóm: [ べいえい, べいぐん, べいこくじん, べいご, べいじゅ ]...

   ⚠ [Worker 1] Chạm giới hạn TPM. Tạm nghỉ 60.752 giây...
   ✓ [Worker 1] Đã hoàn thành 5/5 từ.
👉 [Worker 1] Đang xử lý nhóm: [ べいせん, べいはん, べいれんぽうくうこうきょく, べか船, べき法則 ]...

   ⚠ [Worker 1] Chạm giới hạn TPM. Tạm nghỉ 25 giây...

   ⚠ [Worker 1] Chạm giới hạn TPM. Tạm nghỉ 25 giây...

   ⚠ [Worker 1] Chạm giới hạn TPM. Tạm nghỉ 25 giây...

   ⚠ [Worker 1] Chạm giới hạn TPM. Tạm nghỉ 25 giây...

   ⚠ [Worker 1] Chạm giới hạn TPM. Tạm nghỉ 25 giây...
   ✓ [Worker 1] Đã hoàn thành 5/5 từ.
👉 [Worker 1] Đang xử lý nhóm: [ べこべこ, べたんこ, べた褒め, べっかく, べっさつふろく ]...

   ⚠ [Worker 1] Chạm giới hạn TPM. Tạm nghỉ 25 giây...

   ⚠ [Worker 1] Chạm giới hạn TPM. Tạm nghỉ 25 giây...

   ⚠ [Worker 1] Chạm giới hạn TPM. Tạm nghỉ 25 giây...

   ⚠ [Worker 1] Chạm giới hạn TPM. Tạm nghỉ 25 giây...

   ⚠ [Worker 1] Chạm giới hạn TPM. Tạm nghỉ 25 giây...

   ⚠ [Worker 1] Chạm giới hạn TPM. Tạm nghỉ 25 giây...
   ✓ [Worker 1] Đã hoàn thành 5/5 từ.
👉 [Worker 1] Đang xử lý nhóm: [ べっしゅ, べってい, べっとししゅつ, べっぱ, べっぷう ]...

   ⚠ [Worker 1] Chạm giới hạn TPM. Tạm nghỉ 25 giây...

   ⚠ [Worker 1] Chạm giới hạn TPM. Tạm nghỉ 25 giây...

   ⚠ [Worker 1] Chạm giới hạn TPM. Tạm nghỉ 25 giây...
   ✓ [Worker 1] Đã hoàn thành 5/5 từ.
👉 [Worker 1] Đang xử lý nhóm: [ べつい, べつぎ, べつげんすれば, べつじ, べつぞめ ]...

   ⚠ [Worker 1] Chạm giới hạn TPM. Tạm nghỉ 25 giây...

   ⚠ [Worker 1] Chạm giới hạn TPM. Tạm nghỉ 25 giây...

   ⚠ [Worker 1] Chạm giới hạn TPM. Tạm nghỉ 25 giây...

   ⚠ [Worker 1] Chạm giới hạn TPM. Tạm nghỉ 25 giây...

   ⚠ [Worker 1] Chạm giới hạn TPM. Tạm nghỉ 25 giây...

   ⚠ [Worker 1] Chạm giới hạn TPM. Tạm nghỉ 25 giây...
   ✓ [Worker 1] Đã hoàn thành 5/5 từ.
👉 [Worker 1] Đang xử lý nhóm: [ べつどう, べつのじしょにあたってみる, べつばい, べつみょう, べとつく ]...

   ⚠ [Worker 1] Chạm giới hạn TPM. Tạm nghỉ 25 giây...

   ⚠ [Worker 1] Chạm giới hạn TPM. Tạm nghỉ 25 giây...

   ⚠ [Worker 1] Chạm giới hạn TPM. Tạm nghỉ 25 giây...

   ⚠ [Worker 1] Chạm giới hạn TPM. Tạm nghỉ 25 giây...

   ⚠ [Worker 1] Chạm giới hạn TPM. Tạm nghỉ 25 giây...

   ⚠ [Worker 1] Chạm giới hạn TPM. Tạm nghỉ 25 giây...

   ⚠ [Worker 1] Chạm giới hạn TPM. Tạm nghỉ 25 giây...

   ⚠ [Worker 1] Chạm giới hạn TPM. Tạm nghỉ 25 giây...

   ⚠ [Worker 1] Chạm giới hạn TPM. Tạm nghỉ 41.2256 giây...
   ✓ [Worker 1] Đã hoàn thành 5/5 từ.
👉 [Worker 1] Đang xử lý nhóm: [ べにいろ, べにさしゆび, べにばな, べらべら, べらんめえ ]...

   ⚠ [Worker 1] Chạm giới hạn TPM. Tạm nghỉ 41.0528 giây...
   ✓ [Worker 1] Đã hoàn thành 5/5 từ.
👉 [Worker 1] Đang xử lý nhóm: [ べろべろ, べろべろ舐める, べんきょうしはじめる, べんきょうにねつがはいる, べんけいがに ]...

   ⚠ [Worker 1] Chạm giới hạn TPM. Tạm nghỉ 25 giây...

   ⚠ [Worker 1] Chạm giới hạn TPM. Tạm nghỉ 25 giây...

   ⚠ [Worker 1] Chạm giới hạn TPM. Tạm nghỉ 25 giây...

   ⚠ [Worker 1] Chạm giới hạn TPM. Tạm nghỉ 25 giây...
   ✓ [Worker 1] Đã hoàn thành 5/5 từ.
[33m▲ [43;33m[[43;30mWARNING[43;33m][0m [1m⚠️ This process may take some time, during which your D1 database will be unavailable to serve queries.[0m


📦 [Worker 1] Đã đồng bộ thành công thêm 50 từ.

[Worker 1] Lấy dữ liệu cho mẻ gồm 50 từ...
⏳ [Worker 1] Phát hiện 49 từ khuyết ví dụ.
👉 [Worker 1] Đang xử lý nhóm: [ べんごしじむしょ, べんごにん, べんしょうほうてき, べんつぼ, べんとうばこ ]...

   ⚠ [Worker 1] Chạm giới hạn TPM. Tạm nghỉ 25 giây...

   ⚠ [Worker 1] Chạm giới hạn TPM. Tạm nghỉ 25 giây...

   ⚠ [Worker 1] Chạm giới hạn TPM. Tạm nghỉ 25 giây...

   ⚠ [Worker 1] Chạm giới hạn TPM. Tạm nghỉ 25 giây...

   ⚠ [Worker 1] Chạm giới hạn TPM. Tạm nghỉ 25 giây...

   ⚠ [Worker 1] Chạm giới hạn TPM. Tạm nghỉ 25 giây...
   ✓ [Worker 1] Đã hoàn thành 5/5 từ.
👉 [Worker 1] Đang xử lý nhóm: [ べんぷく, べんもう, べんりちょう, べーるほうそうしょうひん, ぺこん ]...

   ⚠ [Worker 1] Chạm giới hạn TPM. Tạm nghỉ 25 giây...

   ⚠ [Worker 1] Chạm giới hạn TPM. Tạm nghỉ 25 giây...

   ⚠ [Worker 1] Chạm giới hạn TPM. Tạm nghỉ 25 giây...
   ✓ [Worker 1] Đã hoàn thành 5/5 từ.
👉 [Worker 1] Đang xử lý nhóm: [ ぺちゃくちゃ, ぺてん, ぺろりと平らげる, ぺんぺん草, ほあんよういん ]...

   ⚠ [Worker 1] Chạm giới hạn TPM. Tạm nghỉ 25 giây...

   ⚠ [Worker 1] Chạm giới hạn TPM. Tạm nghỉ 25 giây...

   ⚠ [Worker 1] Chạm giới hạn TPM. Tạm nghỉ 25 giây...

   ⚠ [Worker 1] Chạm giới hạn TPM. Tạm nghỉ 25 giây...

   ⚠ [Worker 1] Chạm giới hạn TPM. Tạm nghỉ 25 giây...

   ⚠ [Worker 1] Chạm giới hạn TPM. Tạm nghỉ 25 giây...

   ⚠ [Worker 1] Chạm giới hạn TPM. Tạm nghỉ 25 giây...
   ✓ [Worker 1] Đã hoàn thành 5/5 từ.
👉 [Worker 1] Đang xử lý nhóm: [ ほいっぽ, ほうえい, ほうかきょう, ほうかざい, ほうかんしょう ]...

   ⚠ [Worker 1] Chạm giới hạn TPM. Tạm nghỉ 25 giây...

   ⚠ [Worker 1] Chạm giới hạn TPM. Tạm nghỉ 25 giây...

   ⚠ [Worker 1] Chạm giới hạn TPM. Tạm nghỉ 25 giây...

   ⚠ [Worker 1] Chạm giới hạn TPM. Tạm nghỉ 25 giây...
   ✓ [Worker 1] Đã hoàn thành 5/5 từ.
👉 [Worker 1] Đang xử lý nhóm: [ ほうがくしゃ, ほうがんなげ, ほうきゅうび, ほうき星, ほうけんしき ]...

   ⚠ [Worker 1] Chạm giới hạn TPM. Tạm nghỉ 25 giây...

   ⚠ [Worker 1] Chạm giới hạn TPM. Tạm nghỉ 25 giây...

   ⚠ [Worker 1] Chạm giới hạn TPM. Tạm nghỉ 8.911999999999999 giây...

   ⚠ [Worker 1] Chạm giới hạn TPM. Tạm nghỉ 25 giây...
   ✓ [Worker 1] Đã hoàn thành 5/5 từ.
👉 [Worker 1] Đang xử lý nhóm: [ ほうけんせいど, ほうこうおんち, ほうこうざい, ほうこうてんかん, ほうこうをはなつ ]...

   ⚠ [Worker 1] Chạm giới hạn TPM. Tạm nghỉ 25 giây...

   ⚠ [Worker 1] Chạm giới hạn TPM. Tạm nghỉ 25 giây...

   ⚠ [Worker 1] Chạm giới hạn TPM. Tạm nghỉ 25 giây...

   ⚠ [Worker 1] Chạm giới hạn TPM. Tạm nghỉ 25 giây...

   ⚠ [Worker 1] Chạm giới hạn TPM. Tạm nghỉ 25 giây...

   ⚠ [Worker 1] Chạm giới hạn TPM. Tạm nghỉ 25 giây...

   ⚠ [Worker 1] Chạm giới hạn TPM. Tạm nghỉ 25 giây...

   ⚠ [Worker 1] Chạm giới hạn TPM. Tạm nghỉ 25 giây...

   ⚠ [Worker 1] Chạm giới hạn TPM. Tạm nghỉ 50.9024 giây...
   ✓ [Worker 1] Đã hoàn thành 5/5 từ.
👉 [Worker 1] Đang xử lý nhóm: [ ほうさん, ほうししゃ, ほうしゃうしぇん, ほうしゃせいこうかぶつ, ほうしゃせんいがく ]...

   ⚠ [Worker 1] Chạm giới hạn TPM. Tạm nghỉ 25 giây...

   ⚠ [Worker 1] Chạm giới hạn TPM. Tạm nghỉ 25 giây...
   ✓ [Worker 1] Đã hoàn thành 5/5 từ.
👉 [Worker 1] Đang xử lý nhóm: [ ほうしゃせんがく, ほうしゃせんりょうほう, ほうしゃのうこうげき, ほうしゅつぶっし, ほうしんけってい ]...

   ⚠ [Worker 1] Chạm giới hạn TPM. Tạm nghỉ 59.715199999 giây...

   ⚠ [Worker 1] Chạm giới hạn TPM. Tạm nghỉ 25 giây...
   ✓ [Worker 1] Đã hoàn thành 5/5 từ.
👉 [Worker 1] Đang xử lý nhóm: [ ほうじゅく, ほうじょうえ, ほうじ茶, ほうすいけい, ほうず ]...

   ⚠ [Worker 1] Chạm giới hạn TPM. Tạm nghỉ 25 giây...

   ⚠ [Worker 1] Chạm giới hạn TPM. Tạm nghỉ 25 giây...

   ⚠ [Worker 1] Chạm giới hạn TPM. Tạm nghỉ 25 giây...

   ⚠ [Worker 1] Chạm giới hạn TPM. Tạm nghỉ 25 giây...

   ⚠ [Worker 1] Chạm giới hạn TPM. Tạm nghỉ 25 giây...

   ⚠ [Worker 1] Chạm giới hạn TPM. Tạm nghỉ 25 giây...

   ⚠ [Worker 1] Chạm giới hạn TPM. Tạm nghỉ 25 giây...

   ⚠ [Worker 1] Chạm giới hạn TPM. Tạm nghỉ 52.2848 giây...
   ✓ [Worker 1] Đã hoàn thành 5/5 từ.
👉 [Worker 1] Đang xử lý nhóm: [ ほうせきてん, ほうせんか, ほうそうきんしようご, ほうそうじかん ]...

   ⚠ [Worker 1] Chạm giới hạn TPM. Tạm nghỉ 60.2336 giây...
   ✓ [Worker 1] Đã hoàn thành 4/4 từ.
[33m▲ [43;33m[[43;30mWARNING[43;33m][0m [1m⚠️ This process may take some time, during which your D1 database will be unavailable to serve queries.[0m


📦 [Worker 1] Đã đồng bộ thành công thêm 49 từ.

[Worker 1] Lấy dữ liệu cho mẻ gồm 50 từ...
⏳ [Worker 1] Phát hiện 50 từ khuyết ví dụ.
👉 [Worker 1] Đang xử lý nhóm: [ ほうそうめんきょ, ほうだん, ほうちしゃかい, ほうっておく, ほうていしょうげん ]...

   ⚠ [Worker 1] Chạm giới hạn TPM. Tạm nghỉ 25 giây...

   ⚠ [Worker 1] Chạm giới hạn TPM. Tạm nghỉ 25 giây...

   ⚠ [Worker 1] Chạm giới hạn TPM. Tạm nghỉ 25 giây...

   ⚠ [Worker 1] Chạm giới hạn TPM. Tạm nghỉ 25 giây...

   ⚠ [Worker 1] Chạm giới hạn TPM. Tạm nghỉ 25 giây...

   ⚠ [Worker 1] Chạm giới hạn TPM. Tạm nghỉ 25 giây...

   ⚠ [Worker 1] Chạm giới hạn TPM. Tạm nghỉ 53.84 giây...

   ⚠ [Worker 1] Chạm giới hạn TPM. Tạm nghỉ 50.2112 giây...
   ✓ [Worker 1] Đã hoàn thành 5/5 từ.
👉 [Worker 1] Đang xử lý nhóm: [ ほうていとくひょうすう, ほうてきしゅだん, ほうと, ほうとじつ, ほうどうしゃしん ]...

   ⚠ [Worker 1] Chạm giới hạn TPM. Tạm nghỉ 25 giây...

   ⚠ [Worker 1] Chạm giới hạn TPM. Tạm nghỉ 26.019199999 giây...

   ⚠ [Worker 1] Chạm giới hạn TPM. Tạm nghỉ 25 giây...
   ✓ [Worker 1] Đã hoàn thành 5/5 từ.
👉 [Worker 1] Đang xử lý nhóm: [ ほうなん, ほうにんしゅぎ, ほうのうずもう, ほうばい, ほうふくこうい ]...

   ⚠ [Worker 1] Chạm giới hạn TPM. Tạm nghỉ 25 giây...

   ⚠ [Worker 1] Chạm giới hạn TPM. Tạm nghỉ 39.152 giây...
   ✓ [Worker 1] Đã hoàn thành 5/5 từ.
👉 [Worker 1] Đang xử lý nhóm: [ ほうぶん, ほうべい, ほうまつ, ほうみょう, ほうむりさる ]...

   ⚠ [Worker 1] Chạm giới hạn TPM. Tạm nghỉ 25 giây...

   ⚠ [Worker 1] Chạm giới hạn TPM. Tạm nghỉ 25 giây...

   ⚠ [Worker 1] Chạm giới hạn TPM. Tạm nghỉ 25 giây...

   ⚠ [Worker 1] Chạm giới hạn TPM. Tạm nghỉ 25 giây...

   ⚠ [Worker 1] Chạm giới hạn TPM. Tạm nghỉ 25 giây...

   ⚠ [Worker 1] Chạm giới hạn TPM. Tạm nghỉ 25 giây...

   ⚠ [Worker 1] Chạm giới hạn TPM. Tạm nghỉ 25 giây...

   ⚠ [Worker 1] Chạm giới hạn TPM. Tạm nghỉ 44.8544 giây...

   ⚠ [Worker 1] Chạm giới hạn TPM. Tạm nghỉ 61.616 giây...
   ✓ [Worker 1] Đã hoàn thành 5/5 từ.
👉 [Worker 1] Đang xử lý nhóm: [ ほうもんきゃく, ほうやく, ほうらつ, ほうりがく, ほうりつあん ]...

   ⚠ [Worker 1] Chạm giới hạn TPM. Tạm nghỉ 25 giây...
   ✓ [Worker 1] Đã hoàn thành 5/5 từ.
👉 [Worker 1] Đang xử lý nhóm: [ ほうりつじょう, ほうりつをかえる, ほうれい線, ほうろ, ほうろく ]...

   ⚠ [Worker 1] Chạm giới hạn TPM. Tạm nghỉ 25 giây...

   ⚠ [Worker 1] Chạm giới hạn TPM. Tạm nghỉ 25 giây...

   ⚠ [Worker 1] Chạm giới hạn TPM. Tạm nghỉ 25 giây...

   ⚠ [Worker 1] Chạm giới hạn TPM. Tạm nghỉ 25 giây...

   ⚠ [Worker 1] Chạm giới hạn TPM. Tạm nghỉ 25 giây...
   ✓ [Worker 1] Đã hoàn thành 5/5 từ.
👉 [Worker 1] Đang xử lý nhóm: [ ほうわかごうぶつ, ほうわてん(しじょう), ほうをはむ, ほおえみ, ほおじろ ]...

   ⚠ [Worker 1] Chạm giới hạn TPM. Tạm nghỉ 25 giây...

   ⚠ [Worker 1] Chạm giới hạn TPM. Tạm nghỉ 25 giây...

   ⚠ [Worker 1] Chạm giới hạn TPM. Tạm nghỉ 25 giây...

   ⚠ [Worker 1] Chạm giới hạn TPM. Tạm nghỉ 25 giây...

   ⚠ [Worker 1] Chạm giới hạn TPM. Tạm nghỉ 25 giây...

   ⚠ [Worker 1] Chạm giới hạn TPM. Tạm nghỉ 25 giây...

   ⚠ [Worker 1] Chạm giới hạn TPM. Tạm nghỉ 25 giây...

   ⚠ [Worker 1] Chạm giới hạn TPM. Tạm nghỉ 25 giây...

   ⚠ [Worker 1] Chạm giới hạn TPM. Tạm nghỉ 56.2592 giây...
   ✓ [Worker 1] Đã hoàn thành 5/5 từ.
👉 [Worker 1] Đang xử lý nhóm: [ ほおづえをつく, ほおべに, ほかい, ほかす, ほかほか弁当 ]...

   ⚠ [Worker 1] Chạm giới hạn TPM. Tạm nghỉ 19.4528 giây...
   ✓ [Worker 1] Đã hoàn thành 5/5 từ.
👉 [Worker 1] Đang xử lý nhóm: [ ほかんがいしゃ, ほかんぶつ, ほきゅうかんせん, ほきょうしょうこ, ほくおうしんわ ]...

   ⚠ [Worker 1] Chạm giới hạn TPM. Tạm nghỉ 61.7888 giây...

   ⚠ [Worker 1] Chạm giới hạn TPM. Tạm nghỉ 25 giây...
   ✓ [Worker 1] Đã hoàn thành 5/5 từ.
👉 [Worker 1] Đang xử lý nhóm: [ ほくげん, ほくしんじへん, ほくそく, ほくちょう, ほくひょうよう ]...

   ⚠ [Worker 1] Chạm giới hạn TPM. Tạm nghỉ 59.888 giây...

   ⚠ [Worker 1] Chạm giới hạn TPM. Tạm nghỉ 25 giây...

   ⚠ [Worker 1] Chạm giới hạn TPM. Tạm nghỉ 25 giây...

   ⚠ [Worker 1] Chạm giới hạn TPM. Tạm nghỉ 25 giây...

   ⚠ [Worker 1] Chạm giới hạn TPM. Tạm nghỉ 25 giây...

   ⚠ [Worker 1] Chạm giới hạn TPM. Tạm nghỉ 25 giây...

   ⚠ [Worker 1] Chạm giới hạn TPM. Tạm nghỉ 53.84 giây...

   ⚠ [Worker 1] Chạm giới hạn TPM. Tạm nghỉ 10.2944 giây...
   ✓ [Worker 1] Đã hoàn thành 5/5 từ.
[33m▲ [43;33m[[43;30mWARNING[43;33m][0m [1m⚠️ This process may take some time, during which your D1 database will be unavailable to serve queries.[0m


📦 [Worker 1] Đã đồng bộ thành công thêm 50 từ.

[Worker 1] Lấy dữ liệu cho mẻ gồm 50 từ...
⏳ [Worker 1] Phát hiện 49 từ khuyết ví dụ.
👉 [Worker 1] Đang xử lý nhóm: [ ほくべいがっしゅうこく, ほくまん, ほくりく, ほぐれる, ほけんえいせい ]...

   ⚠ [Worker 1] Chạm giới hạn TPM. Tạm nghỉ 55.568 giây...
   ✓ [Worker 1] Đã hoàn thành 5/5 từ.
👉 [Worker 1] Đang xử lý nhóm: [ ほけんしょう, ほけんづき, ほけんや, ほこうき, ほこりがお ]...

   ⚠ [Worker 1] Chạm giới hạn TPM. Tạm nghỉ 57.4688 giây...

   ⚠ [Worker 1] Chạm giới hạn TPM. Tạm nghỉ 25 giây...

   ⚠ [Worker 1] Chạm giới hạn TPM. Tạm nghỉ 25 giây...

   ⚠ [Worker 1] Chạm giới hạn TPM. Tạm nghỉ 25 giây...

   ⚠ [Worker 1] Chạm giới hạn TPM. Tạm nghỉ 25 giây...

   ⚠ [Worker 1] Chạm giới hạn TPM. Tạm nghỉ 25 giây...

   ⚠ [Worker 1] Chạm giới hạn TPM. Tạm nghỉ 37.0784 giây...
   ✓ [Worker 1] Đã hoàn thành 5/5 từ.
👉 [Worker 1] Đang xử lý nhóm: [ ほこをおさめる, ほごかんぜい, ほごこく, ほごす, ほごちょう ]...

   ⚠ [Worker 1] Chạm giới hạn TPM. Tạm nghỉ 25 giây...

   ⚠ [Worker 1] Chạm giới hạn TPM. Tạm nghỉ 38.4608 giây...
   ✓ [Worker 1] Đã hoàn thành 5/5 từ.
👉 [Worker 1] Đang xử lý nhóm: [ ほごぼうちゃよう, ほさかん, ほざく, ほしうお, ほしくさをかえす ]...

   ⚠ [Worker 1] Chạm giới hạn TPM. Tạm nghỉ 25 giây...

   ⚠ [Worker 1] Chạm giới hạn TPM. Tạm nghỉ 25 giây...

   ⚠ [Worker 1] Chạm giới hạn TPM. Tạm nghỉ 25 giây...

   ⚠ [Worker 1] Chạm giới hạn TPM. Tạm nghỉ 25 giây...
   ✓ [Worker 1] Đã hoàn thành 5/5 từ.
👉 [Worker 1] Đang xử lý nhóm: [ ほしづきよ, ほしば, ほしゅけいむしょぞく, ほしょうをおく, ほじしゃ ]...

   ⚠ [Worker 1] Chạm giới hạn TPM. Tạm nghỉ 25 giây...

   ⚠ [Worker 1] Chạm giới hạn TPM. Tạm nghỉ 25 giây...

   ⚠ [Worker 1] Chạm giới hạn TPM. Tạm nghỉ 25 giây...

   ⚠ [Worker 1] Chạm giới hạn TPM. Tạm nghỉ 25 giây...

   ⚠ [Worker 1] Chạm giới hạn TPM. Tạm nghỉ 25 giây...

   ⚠ [Worker 1] Chạm giới hạn TPM. Tạm nghỉ 25 giây...

   ⚠ [Worker 1] Chạm giới hạn TPM. Tạm nghỉ 25 giây...

   ⚠ [Worker 1] Chạm giới hạn TPM. Tạm nghỉ 37.9424 giây...
   ✓ [Worker 1] Đã hoàn thành 5/5 từ.
👉 [Worker 1] Đang xử lý nhóm: [ ほじょさんかにん, ほせき, ほぜいそうこ, ほそおび, ほそびき ]...

   ⚠ [Worker 1] Chạm giới hạn TPM. Tạm nghỉ 25 giây...

   ⚠ [Worker 1] Chạm giới hạn TPM. Tạm nghỉ 25 giây...

   ⚠ [Worker 1] Chạm giới hạn TPM. Tạm nghỉ 59.3696 giây...
   ✓ [Worker 1] Đã hoàn thành 5/5 từ.
👉 [Worker 1] Đang xử lý nhóm: [ ほそみち, ほたて, ほちご, ほっかい, ほっきり ]...

   ⚠ [Worker 1] Chạm giới hạn TPM. Tạm nghỉ 25 giây...

   ⚠ [Worker 1] Chạm giới hạn TPM. Tạm nghỉ 42.0896 giây...

   ⚠ [Worker 1] Chạm giới hạn TPM. Tạm nghỉ 25 giây...

   ⚠ [Worker 1] Chạm giới hạn TPM. Tạm nghỉ 25 giây...

   ⚠ [Worker 1] Chạm giới hạn TPM. Tạm nghỉ 25 giây...

   ⚠ [Worker 1] Chạm giới hạn TPM. Tạm nghỉ 25 giây...

   ⚠ [Worker 1] Chạm giới hạn TPM. Tạm nghỉ 25 giây...

   ⚠ [Worker 1] Chạm giới hạn TPM. Tạm nghỉ 25 giây...
   ✓ [Worker 1] Đã hoàn thành 5/5 từ.
👉 [Worker 1] Đang xử lý nhóm: [ ほっさてき, ほっそり, ほっとする, ほつれ, ほてい ]...

   ⚠ [Worker 1] Chạm giới hạn TPM. Tạm nghỉ 25 giây...

   ⚠ [Worker 1] Chạm giới hạn TPM. Tạm nghỉ 25 giây...

   ⚠ [Worker 1] Chạm giới hạn TPM. Tạm nghỉ 25 giây...
   ✓ [Worker 1] Đã hoàn thành 5/5 từ.
👉 [Worker 1] Đang xử lý nhóm: [ ほとけくさい, ほとぼり, ほどこし, ほどよく, ほねおりぞん ]...

   ⚠ [Worker 1] Chạm giới hạn TPM. Tạm nghỉ 25 giây...

   ⚠ [Worker 1] Chạm giới hạn TPM. Tạm nghỉ 59.024 giây...

   ⚠ [Worker 1] Chạm giới hạn TPM. Tạm nghỉ 25 giây...
   ✓ [Worker 1] Đã hoàn thành 5/5 từ.
👉 [Worker 1] Đang xử lý nhóm: [ ほねしごと, ほねみ, ほのぼのと, ほの字 ]...

   ⚠ [Worker 1] Chạm giới hạn TPM. Tạm nghỉ 60.060799999 giây...

   ⚠ [Worker 1] Chạm giới hạn TPM. Tạm nghỉ 25 giây...

   ⚠ [Worker 1] Chạm giới hạn TPM. Tạm nghỉ 25 giây...

   ⚠ [Worker 1] Chạm giới hạn TPM. Tạm nghỉ 25 giây...

   ⚠ [Worker 1] Chạm giới hạn TPM. Tạm nghỉ 25 giây...

   ⚠ [Worker 1] Chạm giới hạn TPM. Tạm nghỉ 42.7808 giây...
   ✓ [Worker 1] Đã hoàn thành 4/4 từ.
[33m▲ [43;33m[[43;30mWARNING[43;33m][0m [1m⚠️ This process may take some time, during which your D1 database will be unavailable to serve queries.[0m


📦 [Worker 1] Đã đồng bộ thành công thêm 49 từ.

[Worker 1] Lấy dữ liệu cho mẻ gồm 50 từ...
⏳ [Worker 1] Phát hiện 49 từ khuyết ví dụ.
👉 [Worker 1] Đang xử lý nhóm: [ ほふく, ほへいせんとうしゃりょう, ほほえみかける, ほぼ等しい, ほめうたう ]...

   ⚠ [Worker 1] Chạm giới hạn TPM. Tạm nghỉ 25 giây...

   ⚠ [Worker 1] Chạm giới hạn TPM. Tạm nghỉ 25 giây...

   ⚠ [Worker 1] Chạm giới hạn TPM. Tạm nghỉ 25 giây...

   ⚠ [Worker 1] Chạm giới hạn TPM. Tạm nghỉ 58.16 giây...
   ✓ [Worker 1] Đã hoàn thành 5/5 từ.
👉 [Worker 1] Đang xử lý nhóm: [ ほめそやす, ほゆうまい, ほよく, ほらふき, ほら話 ]...

   ⚠ [Worker 1] Chạm giới hạn TPM. Tạm nghỉ 25 giây...

   ⚠ [Worker 1] Chạm giới hạn TPM. Tạm nghỉ 25 giây...

   ⚠ [Worker 1] Chạm giới hạn TPM. Tạm nghỉ 25 giây...

   ⚠ [Worker 1] Chạm giới hạn TPM. Tạm nghỉ 25 giây...
   ✓ [Worker 1] Đã hoàn thành 5/5 từ.
👉 [Worker 1] Đang xử lý nhóm: [ ほら貝を吹く, ほりあげざいく, ほりえ, ほりさげる, ほりぬく ]...

   ⚠ [Worker 1] Chạm giới hạn TPM. Tạm nghỉ 25 giây...

   ⚠ [Worker 1] Chạm giới hạn TPM. Tạm nghỉ 25 giây...

   ⚠ [Worker 1] Chạm giới hạn TPM. Tạm nghỉ 25 giây...

   ⚠ [Worker 1] Chạm giới hạn TPM. Tạm nghỉ 25 giây...
   ✓ [Worker 1] Đã hoàn thành 5/5 từ.
👉 [Worker 1] Đang xử lý nhóm: [ ほりものし, ほれい, ほれ薬, ほろびていくみんぞく, ほろ子 ]...

   ⚠ [Worker 1] Chạm giới hạn TPM. Tạm nghỉ 25 giây...

   ⚠ [Worker 1] Chạm giới hạn TPM. Tạm nghỉ 25 giây...

   ⚠ [Worker 1] Chạm giới hạn TPM. Tạm nghỉ 25 giây...

   ⚠ [Worker 1] Chạm giới hạn TPM. Tạm nghỉ 25 giây...

   ⚠ [Worker 1] Chạm giới hạn TPM. Tạm nghỉ 25 giây...

   ⚠ [Worker 1] Chạm giới hạn TPM. Tạm nghỉ 25 giây...

   ⚠ [Worker 1] Chạm giới hạn TPM. Tạm nghỉ 25 giây...
   ✓ [Worker 1] Đã hoàn thành 5/5 từ.
👉 [Worker 1] Đang xử lý nhóm: [ ほわんほわん, ほんいきごう, ほんおく, ほんかいどう, ほんかくは ]...

   ⚠ [Worker 1] Chạm giới hạn TPM. Tạm nghỉ 25 giây...

   ⚠ [Worker 1] Chạm giới hạn TPM. Tạm nghỉ 25 giây...

   ⚠ [Worker 1] Chạm giới hạn TPM. Tạm nghỉ 14.96 giây...

   ⚠ [Worker 1] Chạm giới hạn TPM. Tạm nghỉ 25 giây...
   ✓ [Worker 1] Đã hoàn thành 5/5 từ.
👉 [Worker 1] Đang xử lý nhóm: [ ほんきょち, ほんぎょう, ほんぐもり, ほんけほんもと, ほんこう ]...

   ⚠ [Worker 1] Chạm giới hạn TPM. Tạm nghỉ 25 giây...

   ⚠ [Worker 1] Chạm giới hạn TPM. Tạm nghỉ 25 giây...

   ⚠ [Worker 1] Chạm giới hạn TPM. Tạm nghỉ 25 giây...

   ⚠ [Worker 1] Chạm giới hạn TPM. Tạm nghỉ 10.8128 giây...
   ✓ [Worker 1] Đã hoàn thành 5/5 từ.
👉 [Worker 1] Đang xử lý nhóm: [ ほんごしをいれる, ほんしゃいてん, ほんじ, ほんせつ, ほんそく ]...

   ⚠ [Worker 1] Chạm giới hạn TPM. Tạm nghỉ 25 giây...

   ⚠ [Worker 1] Chạm giới hạn TPM. Tạm nghỉ 25 giây...

   ⚠ [Worker 1] Chạm giới hạn TPM. Tạm nghỉ 25 giây...

   ⚠ [Worker 1] Chạm giới hạn TPM. Tạm nghỉ 25 giây...

   ⚠ [Worker 1] Chạm giới hạn TPM. Tạm nghỉ 25 giây...
   ✓ [Worker 1] Đã hoàn thành 5/5 từ.
👉 [Worker 1] Đang xử lý nhóm: [ ほんたく, ほんちょうし, ほんでん, ほんどミサイルぼうえい, ほんねんど ]...

   ⚠ [Worker 1] Chạm giới hạn TPM. Tạm nghỉ 25 giây...

   ⚠ [Worker 1] Chạm giới hạn TPM. Tạm nghỉ 25 giây...

   ⚠ [Worker 1] Chạm giới hạn TPM. Tạm nghỉ 25 giây...

   ⚠ [Worker 1] Chạm giới hạn TPM. Tạm nghỉ 25 giây...

   ⚠ [Worker 1] Chạm giới hạn TPM. Tạm nghỉ 25 giây...

   ⚠ [Worker 1] Chạm giới hạn TPM. Tạm nghỉ 25 giây...
   ✓ [Worker 1] Đã hoàn thành 5/5 từ.
👉 [Worker 1] Đang xử lý nhóm: [ ほんのり, ほんばら, ほんぷく, ほんまつ, ほんまる ]...

   ⚠ [Worker 1] Chạm giới hạn TPM. Tạm nghỉ 25 giây...

   ⚠ [Worker 1] Chạm giới hạn TPM. Tạm nghỉ 38.1152 giây...

   ⚠ [Worker 1] Chạm giới hạn TPM. Tạm nghỉ 25 giây...

   ⚠ [Worker 1] Chạm giới hạn TPM. Tạm nghỉ 25 giây...
   ✓ [Worker 1] Đã hoàn thành 5/5 từ.
👉 [Worker 1] Đang xử lý nhóm: [ ほんもと, ほんやくけん, ほんやくコミュニケーションけんきゅうグループ, ほんよみ ]...

   ⚠ [Worker 1] Chạm giới hạn TPM. Tạm nghỉ 25 giây...

   ⚠ [Worker 1] Chạm giới hạn TPM. Tạm nghỉ 25 giây...

   ⚠ [Worker 1] Chạm giới hạn TPM. Tạm nghỉ 25 giây...

   ⚠ [Worker 1] Chạm giới hạn TPM. Tạm nghỉ 25 giây...

   ⚠ [Worker 1] Chạm giới hạn TPM. Tạm nghỉ 25 giây...

   ⚠ [Worker 1] Chạm giới hạn TPM. Tạm nghỉ 25 giây...
   ✓ [Worker 1] Đã hoàn thành 4/4 từ.
[33m▲ [43;33m[[43;30mWARNING[43;33m][0m [1m⚠️ This process may take some time, during which your D1 database will be unavailable to serve queries.[0m


📦 [Worker 1] Đã đồng bộ thành công thêm 49 từ.

[Worker 1] Lấy dữ liệu cho mẻ gồm 50 từ...
⏳ [Worker 1] Phát hiện 50 từ khuyết ví dụ.
👉 [Worker 1] Đang xử lý nhóm: [ ほんれんそう, ほんをあむ, ほんをひろげる, ぼいんせい, ぼういん ]...

   ⚠ [Worker 1] Chạm giới hạn TPM. Tạm nghỉ 25 giây...

   ⚠ [Worker 1] Chạm giới hạn TPM. Tạm nghỉ 25 giây...

   ⚠ [Worker 1] Chạm giới hạn TPM. Tạm nghỉ 25 giây...

   ⚠ [Worker 1] Chạm giới hạn TPM. Tạm nghỉ 25 giây...
   ✓ [Worker 1] Đã hoàn thành 5/5 từ.
👉 [Worker 1] Đang xử lý nhóm: [ ぼうえいちょうちょうかん, ぼうえきあかじ, ぼうえきじゆうか, ぼうえきほけん, ぼうえんざい ]...

   ⚠ [Worker 1] Chạm giới hạn TPM. Tạm nghỉ 25 giây...

   ⚠ [Worker 1] Chạm giới hạn TPM. Tạm nghỉ 25 giây...

   ⚠ [Worker 1] Chạm giới hạn TPM. Tạm nghỉ 25 giây...

   ⚠ [Worker 1] Chạm giới hạn TPM. Tạm nghỉ 25 giây...

   ⚠ [Worker 1] Chạm giới hạn TPM. Tạm nghỉ 25 giây...

   ⚠ [Worker 1] Chạm giới hạn TPM. Tạm nghỉ 25 giây...

   ⚠ [Worker 1] Chạm giới hạn TPM. Tạm nghỉ 25 giây...

   ⚠ [Worker 1] Chạm giới hạn TPM. Tạm nghỉ 47.2736 giây...
   ✓ [Worker 1] Đã hoàn thành 5/5 từ.
👉 [Worker 1] Đang xử lý nhóm: [ ぼうおんどけい, ぼうかとびら, ぼうかんぐ, ぼうが, ぼうがいほうそう ]...

   ⚠ [Worker 1] Chạm giới hạn TPM. Tạm nghỉ 25 giây...

   ⚠ [Worker 1] Chạm giới hạn TPM. Tạm nghỉ 25 giây...

   ⚠ [Worker 1] Chạm giới hạn TPM. Tạm nghỉ 21.008 giây...
   ✓ [Worker 1] Đã hoàn thành 5/5 từ.
👉 [Worker 1] Đang xử lý nhóm: [ ぼうきれ, ぼうぎょういん, ぼうぐ, ぼうけんか, ぼうげつ ]...

   ⚠ [Worker 1] Chạm giới hạn TPM. Tạm nghỉ 25 giây...

   ⚠ [Worker 1] Chạm giới hạn TPM. Tạm nghỉ 25 giây...

   ⚠ [Worker 1] Chạm giới hạn TPM. Tạm nghỉ 25 giây...

   ⚠ [Worker 1] Chạm giới hạn TPM. Tạm nghỉ 25 giây...

   ⚠ [Worker 1] Chạm giới hạn TPM. Tạm nghỉ 25 giây...

   ⚠ [Worker 1] Chạm giới hạn TPM. Tạm nghỉ 25 giây...

   ⚠ [Worker 1] Chạm giới hạn TPM. Tạm nghỉ 25 giây...

   ⚠ [Worker 1] Chạm giới hạn TPM. Tạm nghỉ 25 giây...
   ✓ [Worker 1] Đã hoàn thành 5/5 từ.
👉 [Worker 1] Đang xử lý nhóm: [ ぼうこひょうが, ぼうごマスク, ぼうさりん, ぼうしほう, ぼうしゅうざい ]...

   ⚠ [Worker 1] Chạm giới hạn TPM. Tạm nghỉ 25 giây...

   ⚠ [Worker 1] Chạm giới hạn TPM. Tạm nghỉ 25 giây...

   ⚠ [Worker 1] Chạm giới hạn TPM. Tạm nghỉ 25 giây...

   ⚠ [Worker 1] Chạm giới hạn TPM. Tạm nghỉ 25 giây...
   ✓ [Worker 1] Đã hoàn thành 5/5 từ.
👉 [Worker 1] Đang xử lý nhóm: [ ぼうしょくざい, ぼうじま, ぼうじょ, ぼうじんしつ, ぼうすいふ ]...

   ⚠ [Worker 1] Chạm giới hạn TPM. Tạm nghỉ 25 giây...

   ⚠ [Worker 1] Chạm giới hạn TPM. Tạm nghỉ 25 giây...

   ⚠ [Worker 1] Chạm giới hạn TPM. Tạm nghỉ 25 giây...

   ⚠ [Worker 1] Chạm giới hạn TPM. Tạm nghỉ 25 giây...
   ✓ [Worker 1] Đã hoàn thành 5/5 từ.
👉 [Worker 1] Đang xử lý nhóm: [ ぼうず頭, ぼうせつりん, ぼうだん, ぼうちゅうかんあり, ぼうちょうにん ]...

   ⚠ [Worker 1] Chạm giới hạn TPM. Tạm nghỉ 25 giây...

   ⚠ [Worker 1] Chạm giới hạn TPM. Tạm nghỉ 25 giây...

   ⚠ [Worker 1] Chạm giới hạn TPM. Tạm nghỉ 25 giây...

   ⚠ [Worker 1] Chạm giới hạn TPM. Tạm nghỉ 25 giây...
   ✓ [Worker 1] Đã hoàn thành 5/5 từ.
👉 [Worker 1] Đang xử lý nhóm: [ ぼうどうをおさめる, ぼうねん, ぼうはく, ぼうび, ぼうふり ]...

   ⚠ [Worker 1] Chạm giới hạn TPM. Tạm nghỉ 25 giây...

   ⚠ [Worker 1] Chạm giới hạn TPM. Tạm nghỉ 25 giây...

   ⚠ [Worker 1] Chạm giới hạn TPM. Tạm nghỉ 25 giây...

   ⚠ [Worker 1] Chạm giới hạn TPM. Tạm nghỉ 25 giây...

   ⚠ [Worker 1] Chạm giới hạn TPM. Tạm nghỉ 25 giây...

   ⚠ [Worker 1] Chạm giới hạn TPM. Tạm nghỉ 25 giây...
   ✓ [Worker 1] Đã hoàn thành 5/5 từ.
👉 [Worker 1] Đang xử lý nhóm: [ ぼうまん, ぼうめいせいけん, ぼうや, ぼうよみ, ぼうりょくだんいん ]...

   ⚠ [Worker 1] Chạm giới hạn TPM. Tạm nghỉ 25 giây...

   ⚠ [Worker 1] Chạm giới hạn TPM. Tạm nghỉ 25 giây...

   ⚠ [Worker 1] Chạm giới hạn TPM. Tạm nghỉ 25 giây...

   ⚠ [Worker 1] Chạm giới hạn TPM. Tạm nghỉ 25 giây...
   ✓ [Worker 1] Đã hoàn thành 5/5 từ.
👉 [Worker 1] Đang xử lý nhóm: [ ぼうろう, ぼうん, ぼがい, ぼくぎゅう, ぼくしゃ ]...

   ⚠ [Worker 1] Chạm giới hạn TPM. Tạm nghỉ 25 giây...

   ⚠ [Worker 1] Chạm giới hạn TPM. Tạm nghỉ 25 giây...

   ⚠ [Worker 1] Chạm giới hạn TPM. Tạm nghỉ 25 giây...

   ⚠ [Worker 1] Chạm giới hạn TPM. Tạm nghỉ 25 giây...

   ⚠ [Worker 1] Chạm giới hạn TPM. Tạm nghỉ 25 giây...
   ✓ [Worker 1] Đã hoàn thành 5/5 từ.
[33m▲ [43;33m[[43;30mWARNING[43;33m][0m [1m⚠️ This process may take some time, during which your D1 database will be unavailable to serve queries.[0m


📦 [Worker 1] Đã đồng bộ thành công thêm 50 từ.

[Worker 1] Lấy dữ liệu cho mẻ gồm 50 từ...
⏳ [Worker 1] Phát hiện 48 từ khuyết ví dụ.
👉 [Worker 1] Đang xử lý nhóm: [ ぼくする, ぼくたく, ぼくてき, ぼくなかま, ぼくふ ]...

   ⚠ [Worker 1] Chạm giới hạn TPM. Tạm nghỉ 25 giây...

   ⚠ [Worker 1] Chạm giới hạn TPM. Tạm nghỉ 25 giây...

   ⚠ [Worker 1] Chạm giới hạn TPM. Tạm nghỉ 25 giây...

   ⚠ [Worker 1] Chạm giới hạn TPM. Tạm nghỉ 25 giây...

   ⚠ [Worker 1] Chạm giới hạn TPM. Tạm nghỉ 25 giây...

   ⚠ [Worker 1] Chạm giới hạn TPM. Tạm nghỉ 25 giây...
   ✓ [Worker 1] Đã hoàn thành 5/5 từ.
👉 [Worker 1] Đang xử lý nhóm: [ ぼくよう, ぼけいかぞく, ぼけん, ぼさいぼう, ぼしかてい ]...

   ⚠ [Worker 1] Chạm giới hạn TPM. Tạm nghỉ 25 giây...

   ⚠ [Worker 1] Chạm giới hạn TPM. Tạm nghỉ 25 giây...

   ⚠ [Worker 1] Chạm giới hạn TPM. Tạm nghỉ 25 giây...

   ⚠ [Worker 1] Chạm giới hạn TPM. Tạm nghỉ 25 giây...

   ⚠ [Worker 1] Chạm giới hạn TPM. Tạm nghỉ 25 giây...
   ✓ [Worker 1] Đã hoàn thành 5/5 từ.
👉 [Worker 1] Đang xử lý nhóm: [ ぼしめい, ぼしゅうひ, ぼしょく, ぼせい, ぼぜん ]...

   ⚠ [Worker 1] Chạm giới hạn TPM. Tạm nghỉ 25 giây...

   ⚠ [Worker 1] Chạm giới hạn TPM. Tạm nghỉ 25 giây...

   ⚠ [Worker 1] Chạm giới hạn TPM. Tạm nghỉ 25 giây...

   ⚠ [Worker 1] Chạm giới hạn TPM. Tạm nghỉ 25 giây...

   ⚠ [Worker 1] Chạm giới hạn TPM. Tạm nghỉ 25 giây...

   ⚠ [Worker 1] Chạm giới hạn TPM. Tạm nghỉ 25 giây...

   ⚠ [Worker 1] Chạm giới hạn TPM. Tạm nghỉ 25 giây...

   ⚠ [Worker 1] Chạm giới hạn TPM. Tạm nghỉ 52.976 giây...
   ✓ [Worker 1] Đã hoàn thành 5/5 từ.
👉 [Worker 1] Đang xử lý nhóm: [ ぼたもち, ぼたんきょう, ぼだいしん, ぼっか, ぼっきしょうがい ]...

   ⚠ [Worker 1] Chạm giới hạn TPM. Tạm nghỉ 25 giây...

   ⚠ [Worker 1] Chạm giới hạn TPM. Tạm nghỉ 25 giây...

   ⚠ [Worker 1] Chạm giới hạn TPM. Tạm nghỉ 25 giây...
   ✓ [Worker 1] Đã hoàn thành 5/5 từ.
👉 [Worker 1] Đang xử lý nhóm: [ ぼっけい, ぼっこん, ぼったい, ぼっちゃま, ぼつが ]...

   ⚠ [Worker 1] Chạm giới hạn TPM. Tạm nghỉ 59.1968 giây...
   ✓ [Worker 1] Đã hoàn thành 5/5 từ.
👉 [Worker 1] Đang xử lý nhóm: [ ぼつこせいてき, ぼつぜん, ぼつぼつ, ぼどう, ぼやける ]...

   ⚠ [Worker 1] Chạm giới hạn TPM. Tạm nghỉ 25 giây...

   ⚠ [Worker 1] Chạm giới hạn TPM. Tạm nghỉ 25 giây...

   ⚠ [Worker 1] Chạm giới hạn TPM. Tạm nghỉ 25 giây...

   ⚠ [Worker 1] Chạm giới hạn TPM. Tạm nghỉ 25 giây...

   ⚠ [Worker 1] Chạm giới hạn TPM. Tạm nghỉ 25 giây...

   ⚠ [Worker 1] Chạm giới hạn TPM. Tạm nghỉ 25 giây...

   ⚠ [Worker 1] Chạm giới hạn TPM. Tạm nghỉ 25 giây...

   ⚠ [Worker 1] Chạm giới hạn TPM. Tạm nghỉ 25 giây...

   ⚠ [Worker 1] Chạm giới hạn TPM. Tạm nghỉ 42.7808 giây...
   ✓ [Worker 1] Đã hoàn thành 5/5 từ.
👉 [Worker 1] Đang xử lý nhóm: [ ぼらぼら, ぼろっちい, ぼろぼろに引き破る, ぼろを着いている, ぼろ布 ]...

   ⚠ [Worker 1] Chạm giới hạn TPM. Tạm nghỉ 30.1664 giây...

   ⚠ [Worker 1] Chạm giới hạn TPM. Tạm nghỉ 25 giây...

   ⚠ [Worker 1] Chạm giới hạn TPM. Tạm nghỉ 25 giây...

   ⚠ [Worker 1] Chạm giới hạn TPM. Tạm nghỉ 25 giây...
   ✓ [Worker 1] Đã hoàn thành 5/5 từ.
👉 [Worker 1] Đang xử lý nhóm: [ ぼんが, ぼんくれ, ぼんさく, ぼんしゅ, ぼんじょう ]...

   ⚠ [Worker 1] Chạm giới hạn TPM. Tạm nghỉ 25 giây...

   ⚠ [Worker 1] Chạm giới hạn TPM. Tạm nghỉ 60.2336 giây...
   ✓ [Worker 1] Đã hoàn thành 5/5 từ.
👉 [Worker 1] Đang xử lý nhóm: [ ぼんせん, ぼんだ, ぼんとうろう, ぼんにん, ぼんひゃく ]...

   ⚠ [Worker 1] Chạm giới hạn TPM. Tạm nghỉ 25 giây...

   ⚠ [Worker 1] Chạm giới hạn TPM. Tạm nghỉ 25 giây...

   ⚠ [Worker 1] Chạm giới hạn TPM. Tạm nghỉ 25 giây...

   ⚠ [Worker 1] Chạm giới hạn TPM. Tạm nghỉ 25 giây...

   ⚠ [Worker 1] Chạm giới hạn TPM. Tạm nghỉ 25 giây...

   ⚠ [Worker 1] Chạm giới hạn TPM. Tạm nghỉ 25 giây...

   ⚠ [Worker 1] Chạm giới hạn TPM. Tạm nghỉ 25 giây...

   ⚠ [Worker 1] Chạm giới hạn TPM. Tạm nghỉ 25 giây...

   ⚠ [Worker 1] Chạm giới hạn TPM. Tạm nghỉ 31.2032 giây...
   ✓ [Worker 1] Đã hoàn thành 5/5 từ.
👉 [Worker 1] Đang xử lý nhóm: [ ぼんぼん, ぼんやり, ぼんりゅう ]...

   ⚠ [Worker 1] Chạm giới hạn TPM. Tạm nghỉ 30.1664 giây...

   ⚠ [Worker 1] Chạm giới hạn TPM. Tạm nghỉ 25 giây...
   ✓ [Worker 1] Đã hoàn thành 3/3 từ.
[33m▲ [43;33m[[43;30mWARNING[43;33m][0m [1m⚠️ This process may take some time, during which your D1 database will be unavailable to serve queries.[0m


📦 [Worker 1] Đã đồng bộ thành công thêm 48 từ.

[Worker 1] Lấy dữ liệu cho mẻ gồm 50 từ...
⏳ [Worker 1] Phát hiện 48 từ khuyết ví dụ.
👉 [Worker 1] Đang xử lý nhóm: [ ぼん地, ぽいする, ぽくぽく, ぽたぽた落ちる, ぽっきり ]...

   ⚠ [Worker 1] Chạm giới hạn TPM. Tạm nghỉ 61.0976 giây...

   ⚠ [Worker 1] Chạm giới hạn TPM. Tạm nghỉ 25 giây...

   ⚠ [Worker 1] Chạm giới hạn TPM. Tạm nghỉ 25 giây...

   ⚠ [Worker 1] Chạm giới hạn TPM. Tạm nghỉ 25 giây...

   ⚠ [Worker 1] Chạm giới hạn TPM. Tạm nghỉ 32.5856 giây...
   ✓ [Worker 1] Đã hoàn thành 5/5 từ.
👉 [Worker 1] Đang xử lý nhóm: [ ぽってり, ぽつぽつ, ぽとりと落ちる, ぽんぽこ, まあい ]...

   ⚠ [Worker 1] Chạm giới hạn TPM. Tạm nghỉ 25 giây...

   ⚠ [Worker 1] Chạm giới hạn TPM. Tạm nghỉ 42.4352 giây...

   ⚠ [Worker 1] Chạm giới hạn TPM. Tạm nghỉ 25 giây...

   ⚠ [Worker 1] Chạm giới hạn TPM. Tạm nghỉ 25 giây...
   ✓ [Worker 1] Đã hoàn thành 5/5 từ.
👉 [Worker 1] Đang xử lý nhóm: [ まいおどる, まいこつ, まいしん, まいぞうきん, まいちもんじ ]...

   ⚠ [Worker 1] Chạm giới hạn TPM. Tạm nghỉ 25 giây...

   ⚠ [Worker 1] Chạm giới hạn TPM. Tạm nghỉ 25 giây...

   ⚠ [Worker 1] Chạm giới hạn TPM. Tạm nghỉ 25 giây...

   ⚠ [Worker 1] Chạm giới hạn TPM. Tạm nghỉ 25 giây...

   ⚠ [Worker 1] Chạm giới hạn TPM. Tạm nghỉ 25 giây...

   ⚠ [Worker 1] Chạm giới hạn TPM. Tạm nghỉ 25 giây...
   ✓ [Worker 1] Đã hoàn thành 5/5 từ.
👉 [Worker 1] Đang xử lý nhóm: [ まいびょう, まいをまう, まえうで, まえかんじょう, まえじらせ ]...

   ⚠ [Worker 1] Chạm giới hạn TPM. Tạm nghỉ 25 giây...

   ⚠ [Worker 1] Chạm giới hạn TPM. Tạm nghỉ 25 giây...

   ⚠ [Worker 1] Chạm giới hạn TPM. Tạm nghỉ 47.1008 giây...

   ⚠ [Worker 1] Chạm giới hạn TPM. Tạm nghỉ 25 giây...
   ✓ [Worker 1] Đã hoàn thành 5/5 từ.
👉 [Worker 1] Đang xử lý nhóm: [ まえにのべたように, まえはなお, まえわ, まかず, まかないふ ]...

   ⚠ [Worker 1] Chạm giới hạn TPM. Tạm nghỉ 25 giây...

   ⚠ [Worker 1] Chạm giới hạn TPM. Tạm nghỉ 25 giây...

   ⚠ [Worker 1] Chạm giới hạn TPM. Tạm nghỉ 25 giây...

   ⚠ [Worker 1] Chạm giới hạn TPM. Tạm nghỉ 25 giây...

   ⚠ [Worker 1] Chạm giới hạn TPM. Tạm nghỉ 25 giây...

   ⚠ [Worker 1] Chạm giới hạn TPM. Tạm nghỉ 25 giây...

   ⚠ [Worker 1] Chạm giới hạn TPM. Tạm nghỉ 25 giây...
   ✓ [Worker 1] Đã hoàn thành 5/5 từ.
👉 [Worker 1] Đang xử lý nhóm: [ まかりまちがえば, まがし, まがりじゃく, まきおこす, まきじく ]...

   ⚠ [Worker 1] Chạm giới hạn TPM. Tạm nghỉ 25 giây...

   ⚠ [Worker 1] Chạm giới hạn TPM. Tạm nghỉ 25 giây...

   ⚠ [Worker 1] Chạm giới hạn TPM. Tạm nghỉ 25 giây...
   ✓ [Worker 1] Đã hoàn thành 5/5 từ.
👉 [Worker 1] Đang xử lý nhóm: [ まきたばこ, まきもどす, まぎる, まくあい, まくしつ ]...

   ⚠ [Worker 1] Chạm giới hạn TPM. Tạm nghỉ 25 giây...

   ⚠ [Worker 1] Chạm giới hạn TPM. Tạm nghỉ 25 giây...

   ⚠ [Worker 1] Chạm giới hạn TPM. Tạm nghỉ 25 giây...

   ⚠ [Worker 1] Chạm giới hạn TPM. Tạm nghỉ 25 giây...

   ⚠ [Worker 1] Chạm giới hạn TPM. Tạm nghỉ 25 giây...

   ⚠ [Worker 1] Chạm giới hạn TPM. Tạm nghỉ 25 giây...
   ✓ [Worker 1] Đã hoàn thành 5/5 từ.
👉 [Worker 1] Đang xử lý nhóm: [ まくもうぞう, まくらぎ, まくらべ, まくり上げる, まくをひく ]...

   ⚠ [Worker 1] Chạm giới hạn TPM. Tạm nghỉ 25 giây...

   ⚠ [Worker 1] Chạm giới hạn TPM. Tạm nghỉ 25 giây...

   ⚠ [Worker 1] Chạm giới hạn TPM. Tạm nghỉ 25 giây...

   ⚠ [Worker 1] Chạm giới hạn TPM. Tạm nghỉ 25 giây...

   ⚠ [Worker 1] Chạm giới hạn TPM. Tạm nghỉ 25 giây...

   ⚠ [Worker 1] Chạm giới hạn TPM. Tạm nghỉ 25 giây...

   ⚠ [Worker 1] Chạm giới hạn TPM. Tạm nghỉ 25 giây...

   ⚠ [Worker 1] Chạm giới hạn TPM. Tạm nghỉ 25 giây...
   ✓ [Worker 1] Đã hoàn thành 5/5 từ.
👉 [Worker 1] Đang xử lý nhóm: [ まぐろつり, まけいろ, まけぼし, まげやすい, まことをつくす ]...

   ⚠ [Worker 1] Chạm giới hạn TPM. Tạm nghỉ 25 giây...

   ⚠ [Worker 1] Chạm giới hạn TPM. Tạm nghỉ 52.2848 giây...
   ✓ [Worker 1] Đã hoàn thành 5/5 từ.
👉 [Worker 1] Đang xử lý nhóm: [ まごこ, まごのて, まさかさまに ]...

   ⚠ [Worker 1] Chạm giới hạn TPM. Tạm nghỉ 25 giây...

   ⚠ [Worker 1] Chạm giới hạn TPM. Tạm nghỉ 25 giây...

   ⚠ [Worker 1] Chạm giới hạn TPM. Tạm nghỉ 25 giây...
   ✓ [Worker 1] Đã hoàn thành 3/3 từ.
[33m▲ [43;33m[[43;30mWARNING[43;33m][0m [1m⚠️ This process may take some time, during which your D1 database will be unavailable to serve queries.[0m


📦 [Worker 1] Đã đồng bộ thành công thêm 48 từ.

[Worker 1] Lấy dữ liệu cho mẻ gồm 50 từ...
⏳ [Worker 1] Phát hiện 50 từ khuyết ví dụ.
👉 [Worker 1] Đang xử lý nhóm: [ まさつでおこったねつ, まさるともおとらぬ, ましずり, ましみず, ましょうとうろくしょうめいしょ ]...

   ⚠ [Worker 1] Chạm giới hạn TPM. Tạm nghỉ 25 giây...

   ⚠ [Worker 1] Chạm giới hạn TPM. Tạm nghỉ 25 giây...

   ⚠ [Worker 1] Chạm giới hạn TPM. Tạm nghỉ 25 giây...

   ⚠ [Worker 1] Chạm giới hạn TPM. Tạm nghỉ 25 giây...

   ⚠ [Worker 1] Chạm giới hạn TPM. Tạm nghỉ 25 giây...

   ⚠ [Worker 1] Chạm giới hạn TPM. Tạm nghỉ 25 giây...

   ⚠ [Worker 1] Chạm giới hạn TPM. Tạm nghỉ 23.0816 giây...

   ⚠ [Worker 1] Chạm giới hạn TPM. Tạm nghỉ 25 giây...
   ✓ [Worker 1] Đã hoàn thành 5/5 từ.
👉 [Worker 1] Đang xử lý nhóm: [ まじい, まじない, まじまじと見る, まじょがり, まじりもの ]...

   ⚠ [Worker 1] Chạm giới hạn TPM. Tạm nghỉ 25 giây...

   ⚠ [Worker 1] Chạm giới hạn TPM. Tạm nghỉ 25 giây...

   ⚠ [Worker 1] Chạm giới hạn TPM. Tạm nghỉ 25 giây...

   ⚠ [Worker 1] Chạm giới hạn TPM. Tạm nghỉ 43.6448 giây...

   ⚠ [Worker 1] Chạm giới hạn TPM. Tạm nghỉ 25 giây...
   ✓ [Worker 1] Đã hoàn thành 5/5 từ.
👉 [Worker 1] Đang xử lý nhóm: [ まじ卍, ますいちゅうしゃ, ますせき, まする, まずかいよりはじめよ ]...

   ⚠ [Worker 1] Chạm giới hạn TPM. Tạm nghỉ 25 giây...

   ⚠ [Worker 1] Chạm giới hạn TPM. Tạm nghỉ 25 giây...

   ⚠ [Worker 1] Chạm giới hạn TPM. Tạm nghỉ 25 giây...

   ⚠ [Worker 1] Chạm giới hạn TPM. Tạm nghỉ 25 giây...

   ⚠ [Worker 1] Chạm giới hạn TPM. Tạm nghỉ 25 giây...

   ⚠ [Worker 1] Chạm giới hạn TPM. Tạm nghỉ 25 giây...

   ⚠ [Worker 1] Chạm giới hạn TPM. Tạm nghỉ 43.1264 giây...
   ✓ [Worker 1] Đã hoàn thành 5/5 từ.
👉 [Worker 1] Đang xử lý nhóm: [ まずまず, ませいせっき, まぜかえす, またうつし, またこさく ]...

   ⚠ [Worker 1] Chạm giới hạn TPM. Tạm nghỉ 25 giây...

   ⚠ [Worker 1] Chạm giới hạn TPM. Tạm nghỉ 25 giây...

   ⚠ [Worker 1] Chạm giới hạn TPM. Tạm nghỉ 16.169600000000003 giây...

   ⚠ [Worker 1] Chạm giới hạn TPM. Tạm nghỉ 25 giây...

   ⚠ [Worker 1] Chạm giới hạn TPM. Tạm nghỉ 25 giây...
   ✓ [Worker 1] Đã hoàn thành 5/5 từ.
👉 [Worker 1] Đang xử lý nhóm: [ またずれ, またと, またの名, まだです, まだらうし ]...

   ⚠ [Worker 1] Chạm giới hạn TPM. Tạm nghỉ 25 giây...

   ⚠ [Worker 1] Chạm giới hạn TPM. Tạm nghỉ 25 giây...

   ⚠ [Worker 1] Chạm giới hạn TPM. Tạm nghỉ 11.6768 giây...
   ✓ [Worker 1] Đã hoàn thành 5/5 từ.
👉 [Worker 1] Đang xử lý nhóm: [ まだ出来ません, まだ行きません, まちあい, まちいしゃ, まちくたびれる ]...

   ⚠ [Worker 1] Chạm giới hạn TPM. Tạm nghỉ 25 giây...

   ⚠ [Worker 1] Chạm giới hạn TPM. Tạm nghỉ 25 giây...

   ⚠ [Worker 1] Chạm giới hạn TPM. Tạm nghỉ 25 giây...

   ⚠ [Worker 1] Chạm giới hạn TPM. Tạm nghỉ 25 giây...

   ⚠ [Worker 1] Chạm giới hạn TPM. Tạm nghỉ 25 giây...

   ⚠ [Worker 1] Chạm giới hạn TPM. Tạm nghỉ 25 giây...

   ⚠ [Worker 1] Chạm giới hạn TPM. Tạm nghỉ 25 giây...
   ✓ [Worker 1] Đã hoàn thành 5/5 từ.
👉 [Worker 1] Đang xử lý nhóm: [ まちこがれる, まちどうじょう, まちぶぎょう, まちぼうける, まちやくば ]...

   ⚠ [Worker 1] Chạm giới hạn TPM. Tạm nghỉ 25 giây...

   ⚠ [Worker 1] Chạm giới hạn TPM. Tạm nghỉ 25 giây...

   ⚠ [Worker 1] Chạm giới hạn TPM. Tạm nghỉ 25 giây...

   ⚠ [Worker 1] Chạm giới hạn TPM. Tạm nghỉ 25 giây...

   ⚠ [Worker 1] Chạm giới hạn TPM. Tạm nghỉ 25 giây...

   ⚠ [Worker 1] Chạm giới hạn TPM. Tạm nghỉ 25 giây...
   ✓ [Worker 1] Đã hoàn thành 5/5 từ.
👉 [Worker 1] Đang xử lý nhóm: [ まち針, まっくらやみ, まっさかさま, まっしぐら, まっしょうてき ]...

   ⚠ [Worker 1] Chạm giới hạn TPM. Tạm nghỉ 25 giây...

   ⚠ [Worker 1] Chạm giới hạn TPM. Tạm nghỉ 25 giây...

   ⚠ [Worker 1] Chạm giới hạn TPM. Tạm nghỉ 26.191999999 giây...

   ⚠ [Worker 1] Chạm giới hạn TPM. Tạm nghỉ 25 giây...
   ✓ [Worker 1] Đã hoàn thành 5/5 từ.
👉 [Worker 1] Đang xử lý nhóm: [ まっせきをけがす, まったき, まったく気にかけない, まったり, まっぱい ]...

   ⚠ [Worker 1] Chạm giới hạn TPM. Tạm nghỉ 25 giây...

   ⚠ [Worker 1] Chạm giới hạn TPM. Tạm nghỉ 25 giây...

   ⚠ [Worker 1] Chạm giới hạn TPM. Tạm nghỉ 25 giây...

   ⚠ [Worker 1] Chạm giới hạn TPM. Tạm nghỉ 25 giây...

   ⚠ [Worker 1] Chạm giới hạn TPM. Tạm nghỉ 25 giây...

   ⚠ [Worker 1] Chạm giới hạn TPM. Tạm nghỉ 11.3312 giây...

   ⚠ [Worker 1] Chạm giới hạn TPM. Tạm nghỉ 25 giây...

   ⚠ [Worker 1] Chạm giới hạn TPM. Tạm nghỉ 25 giây...

   ⚠ [Worker 1] Chạm giới hạn TPM. Tạm nghỉ 25 giây...

   ⚠ [Worker 1] Chạm giới hạn TPM. Tạm nghỉ 25 giây...

   ⚠ [Worker 1] Chạm giới hạn TPM. Tạm nghỉ 25 giây...
   ✓ [Worker 1] Đã hoàn thành 5/5 từ.
👉 [Worker 1] Đang xử lý nhóm: [ まっぷたつに, まつぎ, まつざ, まつたけがり, まつふぐり ]...

   ⚠ [Worker 1] Chạm giới hạn TPM. Tạm nghỉ 57.4688 giây...
   ✓ [Worker 1] Đã hoàn thành 5/5 từ.
[33m▲ [43;33m[[43;30mWARNING[43;33m][0m [1m⚠️ This process may take some time, during which your D1 database will be unavailable to serve queries.[0m


📦 [Worker 1] Đã đồng bộ thành công thêm 50 từ.

[Worker 1] Lấy dữ liệu cho mẻ gồm 50 từ...
⏳ [Worker 1] Phát hiện 48 từ khuyết ví dụ.
👉 [Worker 1] Đang xử lý nhóm: [ まつまえずけ, まつりこむ, まつわる, まつ毛エクステンション, まとまらず ]...

   ⚠ [Worker 1] Chạm giới hạn TPM. Tạm nghỉ 25 giây...

   ⚠ [Worker 1] Chạm giới hạn TPM. Tạm nghỉ 49.1744 giây...

   ⚠ [Worker 1] Chạm giới hạn TPM. Tạm nghỉ 25 giây...

   ⚠ [Worker 1] Chạm giới hạn TPM. Tạm nghỉ 25 giây...

   ⚠ [Worker 1] Chạm giới hạn TPM. Tạm nghỉ 25 giây...

   ⚠ [Worker 1] Chạm giới hạn TPM. Tạm nghỉ 25 giây...
   ✓ [Worker 1] Đã hoàn thành 5/5 từ.
👉 [Worker 1] Đang xử lý nhóm: [ まとめ買い, まとわり付く, まどい, まどくち, まどろっこしい ]...

   ⚠ [Worker 1] Chạm giới hạn TPM. Tạm nghỉ 25 giây...

   ⚠ [Worker 1] Chạm giới hạn TPM. Tạm nghỉ 25 giây...

   ⚠ [Worker 1] Chạm giới hạn TPM. Tạm nghỉ 25 giây...

   ⚠ [Worker 1] Chạm giới hạn TPM. Tạm nghỉ 25 giây...

   ⚠ [Worker 1] Chạm giới hạn TPM. Tạm nghỉ 25 giây...

   ⚠ [Worker 1] Chạm giới hạn TPM. Tạm nghỉ 25 giây...

   ⚠ [Worker 1] Chạm giới hạn TPM. Tạm nghỉ 25 giây...
   ✓ [Worker 1] Đã hoàn thành 5/5 từ.
👉 [Worker 1] Đang xử lý nhóm: [ まなつのあつさ, まなむすめ, まぬがれる, まねし, まばたき ]...

   ⚠ [Worker 1] Chạm giới hạn TPM. Tạm nghỉ 25 giây...

   ⚠ [Worker 1] Chạm giới hạn TPM. Tạm nghỉ 25 giây...

   ⚠ [Worker 1] Chạm giới hạn TPM. Tạm nghỉ 25 giây...

   ⚠ [Worker 1] Chạm giới hạn TPM. Tạm nghỉ 11.6768 giây...

   ⚠ [Worker 1] Chạm giới hạn TPM. Tạm nghỉ 25 giây...

   ⚠ [Worker 1] Chạm giới hạn TPM. Tạm nghỉ 25 giây...
   ✓ [Worker 1] Đã hoàn thành 5/5 từ.
👉 [Worker 1] Đang xử lý nhóm: [ まひがし, まびく, まふゆび, まぶしいような白さ, まぶす ]...

   ⚠ [Worker 1] Chạm giới hạn TPM. Tạm nghỉ 25 giây...

   ⚠ [Worker 1] Chạm giới hạn TPM. Tạm nghỉ 25 giây...

   ⚠ [Worker 1] Chạm giới hạn TPM. Tạm nghỉ 12.7136 giây...

   ⚠ [Worker 1] Chạm giới hạn TPM. Tạm nghỉ 25 giây...

   ⚠ [Worker 1] Chạm giới hạn TPM. Tạm nghỉ 25 giây...

   ⚠ [Worker 1] Chạm giới hạn TPM. Tạm nghỉ 25 giây...
   ✓ [Worker 1] Đã hoàn thành 5/5 từ.
👉 [Worker 1] Đang xử lý nhóm: [ まぶ達, まぼろしをおう, ままごとをする, まま娘, まみなみ ]...

   ⚠ [Worker 1] Chạm giới hạn TPM. Tạm nghỉ 25 giây...

   ⚠ [Worker 1] Chạm giới hạn TPM. Tạm nghỉ 25 giây...

   ⚠ [Worker 1] Chạm giới hạn TPM. Tạm nghỉ 25 giây...

   ⚠ [Worker 1] Chạm giới hạn TPM. Tạm nghỉ 25 giây...
   ✓ [Worker 1] Đã hoàn thành 5/5 từ.
👉 [Worker 1] Đang xử lý nhóm: [ まむき, まめいた, まめがら, まめたん, まめでんきゅう ]...

   ⚠ [Worker 1] Chạm giới hạn TPM. Tạm nghỉ 25 giây...

   ⚠ [Worker 1] Chạm giới hạn TPM. Tạm nghỉ 25 giây...

   ⚠ [Worker 1] Chạm giới hạn TPM. Tạm nghỉ 25 giây...

   ⚠ [Worker 1] Chạm giới hạn TPM. Tạm nghỉ 25 giây...

   ⚠ [Worker 1] Chạm giới hạn TPM. Tạm nghỉ 25 giây...
   ✓ [Worker 1] Đã hoàn thành 5/5 từ.
👉 [Worker 1] Đang xử lý nhóm: [ まめりょう, まもりがたな, まもりほんぞん, まやくじょうしゅう, まやくとりしまりほう ]...

   ⚠ [Worker 1] Chạm giới hạn TPM. Tạm nghỉ 25 giây...

   ⚠ [Worker 1] Chạm giới hạn TPM. Tạm nghỉ 25 giây...

   ⚠ [Worker 1] Chạm giới hạn TPM. Tạm nghỉ 25 giây...

   ⚠ [Worker 1] Chạm giới hạn TPM. Tạm nghỉ 25 giây...

   ⚠ [Worker 1] Chạm giới hạn TPM. Tạm nghỉ 25 giây...

   ⚠ [Worker 1] Chạm giới hạn TPM. Tạm nghỉ 25 giây...
   ✓ [Worker 1] Đã hoàn thành 5/5 từ.
👉 [Worker 1] Đang xử lý nhóm: [ まゆをかける, まよこ, まりし, まるあらい, まるいちにち ]...

   ⚠ [Worker 1] Chạm giới hạn TPM. Tạm nghỉ 25 giây...

   ⚠ [Worker 1] Chạm giới hạn TPM. Tạm nghỉ 25 giây...

   ⚠ [Worker 1] Chạm giới hạn TPM. Tạm nghỉ 25 giây...
   ✓ [Worker 1] Đã hoàn thành 5/5 từ.
👉 [Worker 1] Đang xử lý nhóm: [ まるうつし, まるがお, まるがっこ, まるがんな, まるきぶね ]...

   ⚠ [Worker 1] Chạm giới hạn TPM. Tạm nghỉ 25 giây...

   ⚠ [Worker 1] Chạm giới hạn TPM. Tạm nghỉ 25 giây...

   ⚠ [Worker 1] Chạm giới hạn TPM. Tạm nghỉ 25 giây...

   ⚠ [Worker 1] Chạm giới hạn TPM. Tạm nghỉ 25 giây...

   ⚠ [Worker 1] Chạm giới hạn TPM. Tạm nghỉ 25 giây...

   ⚠ [Worker 1] Chạm giới hạn TPM. Tạm nghỉ 25 giây...
   ✓ [Worker 1] Đã hoàn thành 5/5 từ.
👉 [Worker 1] Đang xử lý nhóm: [ まるくす.れーにんしゅぎ, まるごし, まるぞこ ]...

   ⚠ [Worker 1] Chạm giới hạn TPM. Tạm nghỉ 25 giây...

   ⚠ [Worker 1] Chạm giới hạn TPM. Tạm nghỉ 25 giây...

   ⚠ [Worker 1] Chạm giới hạn TPM. Tạm nghỉ 25 giây...

   ⚠ [Worker 1] Chạm giới hạn TPM. Tạm nghỉ 25 giây...

   ⚠ [Worker 1] Chạm giới hạn TPM. Tạm nghỉ 25 giây...

   ⚠ [Worker 1] Chạm giới hạn TPM. Tạm nghỉ 25 giây...
   ✓ [Worker 1] Đã hoàn thành 3/3 từ.
[33m▲ [43;33m[[43;30mWARNING[43;33m][0m [1m⚠️ This process may take some time, during which your D1 database will be unavailable to serve queries.[0m


📦 [Worker 1] Đã đồng bộ thành công thêm 48 từ.

[Worker 1] Lấy dữ liệu cho mẻ gồm 50 từ...
⏳ [Worker 1] Phát hiện 46 từ khuyết ví dụ.
👉 [Worker 1] Đang xử lý nhóm: [ まるたざい, まるつぶれ, まるどり, まるはげ, まるひ ]...

   ⚠ [Worker 1] Chạm giới hạn TPM. Tạm nghỉ 25 giây...

   ⚠ [Worker 1] Chạm giới hạn TPM. Tạm nghỉ 25 giây...

   ⚠ [Worker 1] Chạm giới hạn TPM. Tạm nghỉ 23.6 giây...

   ⚠ [Worker 1] Chạm giới hạn TPM. Tạm nghỉ 25 giây...

   ⚠ [Worker 1] Chạm giới hạn TPM. Tạm nghỉ 25 giây...

   ⚠ [Worker 1] Chạm giới hạn TPM. Tạm nghỉ 25 giây...

   ⚠ [Worker 1] Chạm giới hạn TPM. Tạm nghỉ 25 giây...

   ⚠ [Worker 1] Chạm giới hạn TPM. Tạm nghỉ 25 giây...
   ✓ [Worker 1] Đã hoàn thành 5/5 từ.
👉 [Worker 1] Đang xử lý nhóm: [ まるぼし, まるまげ, まるみえ, まるやき, まる覚え ]...

   ⚠ [Worker 1] Chạm giới hạn TPM. Tạm nghỉ 25 giây...

   ⚠ [Worker 1] Chạm giới hạn TPM. Tạm nghỉ 48.1376 giây...

   ⚠ [Worker 1] Chạm giới hạn TPM. Tạm nghỉ 25 giây...

   ⚠ [Worker 1] Chạm giới hạn TPM. Tạm nghỉ 25 giây...

   ⚠ [Worker 1] Chạm giới hạn TPM. Tạm nghỉ 45.3728 giây...
   ✓ [Worker 1] Đã hoàn thành 5/5 từ.
👉 [Worker 1] Đang xử lý nhóm: [ まろぶ, まわりくどい, まんいちねん, まんかぶ, まんがほん ]...

   ⚠ [Worker 1] Chạm giới hạn TPM. Tạm nghỉ 25 giây...

   ⚠ [Worker 1] Chạm giới hạn TPM. Tạm nghỉ 25 giây...

   ⚠ [Worker 1] Chạm giới hạn TPM. Tạm nghỉ 25 giây...

   ⚠ [Worker 1] Chạm giới hạn TPM. Tạm nghỉ 25 giây...

   ⚠ [Worker 1] Chạm giới hạn TPM. Tạm nghỉ 25 giây...
   ✓ [Worker 1] Đã hoàn thành 5/5 từ.
👉 [Worker 1] Đang xử lý nhóm: [ まんこする, まんざ, まんしゅうこく, まんじょう いっち, まんじりともしない ]...

   ⚠ [Worker 1] Chạm giới hạn TPM. Tạm nghỉ 25 giây...

   ⚠ [Worker 1] Chạm giới hạn TPM. Tạm nghỉ 25 giây...

   ⚠ [Worker 1] Chạm giới hạn TPM. Tạm nghỉ 25 giây...

   ⚠ [Worker 1] Chạm giới hạn TPM. Tạm nghỉ 25 giây...

   ⚠ [Worker 1] Chạm giới hạn TPM. Tạm nghỉ 25 giây...
   ✓ [Worker 1] Đã hoàn thành 5/5 từ.
👉 [Worker 1] Đang xử lý nhóm: [ まんぜんたる, まんづり, まんどうえ, まんねんどこ, まんぴつ ]...

   ⚠ [Worker 1] Chạm giới hạn TPM. Tạm nghỉ 25 giây...

   ⚠ [Worker 1] Chạm giới hạn TPM. Tạm nghỉ 25 giây...

   ⚠ [Worker 1] Chạm giới hạn TPM. Tạm nghỉ 25 giây...

   ⚠ [Worker 1] Chạm giới hạn TPM. Tạm nghỉ 25 giây...

   ⚠ [Worker 1] Chạm giới hạn TPM. Tạm nghỉ 25 giây...

   ⚠ [Worker 1] Chạm giới hạn TPM. Tạm nghỉ 25 giây...

   ⚠ [Worker 1] Chạm giới hạn TPM. Tạm nghỉ 25 giây...

   ⚠ [Worker 1] Chạm giới hạn TPM. Tạm nghỉ 39.6704 giây...
   ✓ [Worker 1] Đã hoàn thành 5/5 từ.
👉 [Worker 1] Đang xử lý nhóm: [ まんぷく, まんまと, まんゆうきゃく, まんタン, みいちゃんはあちゃん ]...

   ⚠ [Worker 1] Chạm giới hạn TPM. Tạm nghỉ 25 giây...
